ARM GAS  /tmp/ccOsR67S.s 			page 1


   1              		.cpu cortex-m33
   2              		.arch armv8-m.main
   3              		.fpu fpv4-sp-d16
   4              		.arch_extension dsp
   5              		.eabi_attribute 27, 1
   6              		.eabi_attribute 28, 1
   7              		.eabi_attribute 20, 1
   8              		.eabi_attribute 21, 1
   9              		.eabi_attribute 23, 3
  10              		.eabi_attribute 24, 1
  11              		.eabi_attribute 25, 1
  12              		.eabi_attribute 26, 1
  13              		.eabi_attribute 30, 1
  14              		.eabi_attribute 34, 1
  15              		.eabi_attribute 18, 4
  16              		.file	"1jiygqdm_for_cortex_m4.bin.c"
  17              		.text
  18              	.Ltext0:
  19              		.cfi_sections	.debug_frame
  20              		.file 1 "/mnt/c/Users/31740/Documents/codes/newcore-rp2350/user/rootfs_file_out/1jiygqdm_for_corte
  21              		.section	.rodata.str1.4,"aMS",%progbits,1
  22              		.align	2
  23              	.LC0:
  24 0000 2F62696E 		.ascii	"/bin/for_cortex_m4.bin\000"
  24      2F666F72 
  24      5F636F72 
  24      7465785F 
  24      6D342E62 
  25              		.section	.init_ramfs_files,"aw"
  26              		.align	2
  29              	register_file_file_data:
  30 0000 00000000 		.word	.LC0
  31 0004 E00F0000 		.word	4064
  32 0008 00000000 		.word	filedata
  33 000c 00       		.byte	0
  34 000d 000000   		.space	3
  35              		.section	.rodata.filedata,"a"
  36              		.align	2
  39              	filedata:
  40 0000 4E61BC00 		.ascii	"Na\274\000\000\000\000\000\001\000\000\000\007\000\000"
  40      00000000 
  40      01000000 
  40      070000
  41 000f 00002000 		.ascii	"\000\000 \000\0009\001\000\000$\000\000\000$\000\000"
  41      00390100 
  41      00240000 
  41      00240000 
  42 001f 00D82900 		.ascii	"\000\330)\000\000\000\000\000\000\000\000\000\000\000"
  42      00000000 
  42      00000000 
  42      0000
  43 002d 00000000 		.ascii	"\000\000\000\000\000\000\000\000\000\000\000\000\000"
  43      00000000 
  43      00000000 
  43      00
  44 003a 00000000 		.ascii	"\000\000\000\000\000\000\003H\004K\203B\002\320\003"
  44      00000348 
ARM GAS  /tmp/ccOsR67S.s 			page 2


  44      044B8342 
  44      02D003
  45 0049 4B03B118 		.ascii	"K\003\261\030GpG\340\017\000\000\340\017\000\000\000"
  45      477047E0 
  45      0F0000E0 
  45      0F000000 
  46 0059 00000005 		.ascii	"\000\000\000\005H\006K\033\032\331\017\001\353\243\001"
  46      48064B1B 
  46      1AD90F01 
  46      EBA301
  47 0068 491002D0 		.ascii	"I\020\002\320\003K\003\261\030GpG\340\017\000\000\340"
  47      034B03B1 
  47      18477047 
  47      E00F0000 
  47      E0
  48 0079 0F000000 		.ascii	"\017\000\000\000\000\000\000\020\265\006L#xC\271\377"
  48      00000010 
  48      B5064C23 
  48      7843B9FF 
  49 0089 F7DAFF04 		.ascii	"\367\332\377\004K\023\261\004H\257\363\000\200\001#"
  49      4B13B104 
  49      48AFF300 
  49      800123
  50 0098 237010BD 		.ascii	"#p\020\275\340\017\000\000\000\000\000\000T\017\000"
  50      E00F0000 
  50      00000000 
  50      540F00
  51 00a7 0008B504 		.ascii	"\000\010\265\004K\033\261\004I\004H\257\363\000\200"
  51      4B1BB104 
  51      490448AF 
  51      F30080
  52 00b6 BDE80840 		.ascii	"\275\350\010@\317\347\000\000\000\000\344\017\000\000"
  52      CFE70000 
  52      0000E40F 
  52      0000
  53 00c4 540F0000 		.ascii	"T\017\000\000\243\365\200:pG\000\277\025K\000+\010\277"
  53      A3F5803A 
  53      704700BF 
  53      154B002B 
  53      08BF
  54 00d6 114B9D46 		.ascii	"\021K\235F\377\367\365\377\000!\213F\017F\021H\022J"
  54      FFF7F5FF 
  54      00218B46 
  54      0F461148 
  54      124A
  55 00e8 121A00F0 		.ascii	"\022\032\000\3605\371\014K\000+\000\320\230G\013K\000"
  55      35F90C4B 
  55      002B00D0 
  55      98470B4B 
  55      00
  56 00f9 2B00D098 		.ascii	"+\000\320\230G\000 \000!\004\000\015\000\013H\000\360"
  56      47002000 
  56      2104000D 
  56      000B4800 
  56      F0
  57 010a B4F900F0 		.ascii	"\264\371\000\360\200\370 \000)\000\000\360\346\376\000"
  57      80F82000 
ARM GAS  /tmp/ccOsR67S.s 			page 3


  57      290000F0 
  57      E6FE00
  58 0119 F09AF900 		.ascii	"\360\232\371\000\000\010\000\000\000\000\000\000\000"
  58      00080000 
  58      00000000 
  58      00
  59 0126 00000000 		.ascii	"\000\000\000\000\000\000\340\017\000\000\324\021\000"
  59      0000E00F 
  59      0000D411 
  59      00
  60 0133 00AD0400 		.ascii	"\000\255\004\000\000\001F\000 Q\370 0\013\271\000\360"
  60      00014600 
  60      2051F820 
  60      300BB900 
  60      F0
  61 0144 CFBE0130 		.ascii	"\317\276\0010\370\347\037\265\000$\023F\315\351\001"
  61      F8E71FB5 
  61      00241346 
  61      CDE901
  62 0153 440A4600 		.ascii	"D\012F\000\224\001F\005 \000\360H\370\004\260\020\275"
  62      94014605 
  62      2000F048 
  62      F804B010 
  62      BD
  63 0164 1FB50024 		.ascii	"\037\265\000$\023F\315\351\001D\012F\000\224\001F\004"
  63      1346CDE9 
  63      01440A46 
  63      00940146 
  63      04
  64 0175 2000F03B 		.ascii	" \000\360;\370\004\260\020\275\037\265\000$\023F\315"
  64      F804B010 
  64      BD1FB500 
  64      241346CD 
  65 0185 E901440A 		.ascii	"\351\001D\012F\000\224\001F\003 \000\360.\370\004\260"
  65      46009401 
  65      46032000 
  65      F02EF804 
  65      B0
  66 0196 10BD1FB5 		.ascii	"\020\275\037\265\000#\001F\315\351\0013\000\223\032"
  66      00230146 
  66      CDE90133 
  66      00931A
  67 01a5 46062000 		.ascii	"F\006 \000\360\"\370\005\260]\370\004\373\037\265\000"
  67      F022F805 
  67      B05DF804 
  67      FB1FB500 
  68 01b5 241346CD 		.ascii	"$\023F\315\351\001D\012F\000\224\001FN \000\360\024"
  68      E901440A 
  68      46009401 
  68      464E2000 
  68      F014
  69 01c7 F804B010 		.ascii	"\370\004\260\020\275\037\265\000#\315\351\0013\000\223"
  69      BD1FB500 
  69      23CDE901 
  69      330093
  70 01d6 1A461946 		.ascii	"\032F\031F\001 \000\360\010\370\005\260]\370\004\373"
  70      012000F0 
ARM GAS  /tmp/ccOsR67S.s 			page 4


  70      08F805B0 
  70      5DF804FB 
  71 01e6 00207047 		.ascii	"\000 pGO\360\3770pG\037\265\004F\010F\021F\032F\006"
  71      4FF0FF30 
  71      70471FB5 
  71      04460846 
  71      11461A46 
  72 01fb 9B009307 		.ascii	"\233\000\223\007\233\001\223\010\233\315\351\0024kF"
  72      9B019308 
  72      9BCDE902 
  72      346B46
  73 020a 00DF04B0 		.ascii	"\000\337\004\260\020\275p\265\017K\017M\253B\243\353"
  73      10BD70B5 
  73      0F4B0F4D 
  73      AB42A3EB 
  74 021a 050607D0 		.ascii	"\005\006\007\320\266\020\000$U\370\004;\0014\230G\246"
  74      B6100024 
  74      55F8043B 
  74      01349847 
  74      A6
  75 022b 42F9D800 		.ascii	"B\371\330\000\360U\376\011M\011K^\033\253BO\352\246"
  75      F055FE09 
  75      4D094B5E 
  75      1BAB424F 
  75      EAA6
  76 023d 0606D000 		.ascii	"\006\006\320\000$U\370\004;\0014\230G\246B\371\330p"
  76      2455F804 
  76      3B013498 
  76      47A642F9 
  76      D870
  77 024f BD730F00 		.ascii	"\275s\017\000\000s\017\000\000t\017\000\000x\017\000"
  77      00730F00 
  77      00740F00 
  77      00780F00 
  78 025f 00000000 		.ascii	"\000\000\000\000\000\000\000\000\000\000\000\000\000"
  78      00000000 
  78      00000000 
  78      00
  79 026c 00000000 		.ascii	"\000\000\000\000\000\000\000\000\000\000\000\000\000"
  79      00000000 
  79      00000000 
  79      00
  80 0279 00000000 		.ascii	"\000\000\000\000\000\000\0000\264\220\370\000\360 \360"
  80      00000030 
  80      B490F800 
  80      F020F0
  81 0288 07016FF0 		.ascii	"\007\001o\360\000\014\020\360\007\004\221\370 \360@"
  81      000C10F0 
  81      070491F8 
  81      20F040
  82 0297 F048804F 		.ascii	"\360H\200O\360\000\004o\360\007\000\321\351\000#\221"
  82      F000046F 
  82      F00700D1 
  82      E9002391 
  83 02a7 F840F000 		.ascii	"\370@\360\000\361\010\000\202\372L\362\244\372\214\362"
  83      F1080082 
  83      FA4CF2A4 
ARM GAS  /tmp/ccOsR67S.s 			page 5


  83      FA8CF2
  84 02b6 83FA4CF3 		.ascii	"\203\372L\363\242\372\214\363K\273\321\351\002#\202"
  84      A2FA8CF3 
  84      4BBBD1E9 
  84      022382
  85 02c5 FA4CF200 		.ascii	"\372L\362\000\361\010\000\244\372\214\362\203\372L\363"
  85      F10800A4 
  85      FA8CF283 
  85      FA4CF3
  86 02d4 A2FA8CF3 		.ascii	"\242\372\214\363\343\271\321\351\004#\202\372L\362\000"
  86      E3B9D1E9 
  86      042382FA 
  86      4CF200
  87 02e3 F10800A4 		.ascii	"\361\010\000\244\372\214\362\203\372L\363\242\372\214"
  87      FA8CF283 
  87      FA4CF3A2 
  87      FA8C
  88 02f1 F37BB9D1 		.ascii	"\363{\271\321\351\006#\001\361 \001\202\372L\362\000"
  88      E9062301 
  88      F1200182 
  88      FA4CF200 
  89 0301 F10800A4 		.ascii	"\361\010\000\244\372\214\362\203\372L\363\242\372\214"
  89      FA8CF283 
  89      FA4CF3A2 
  89      FA8C
  90 030f F3002BC6 		.ascii	"\363\000+\306\320\000*\004\277\0040\032F\022\272\262"
  90      D0002A04 
  90      BF04301A 
  90      4612BAB2 
  91 031f FA82F200 		.ascii	"\372\202\362\000\353\322\0000\274pG\321\351\000#\004"
  91      EBD20030 
  91      BC7047D1 
  91      E9002304 
  92 032f F00305C4 		.ascii	"\360\003\005\304\361\000\000O\352\305\005\024\360\004"
  92      F100004F 
  92      EAC50514 
  92      F004
  93 033d 0F91F840 		.ascii	"\017\221\370@\360\014\372\005\365b\352\005\002\034\277"
  93      F00CFA05 
  93      F562EA05 
  93      021CBF
  94 034c 63EA0503 		.ascii	"c\352\005\003bFO\360\000\004\252\347\203\0070\265G\320"
  94      62464FF0 
  94      0004AAE7 
  94      830730B5 
  94      47D0
  95 035e 541E002A 		.ascii	"T\036\000*>\320\312\262\003F\001\340\001<9\323\003\370"
  95      3ED0CAB2 
  95      034601E0 
  95      013C39D3 
  95      03F8
  96 0370 012B9D07 		.ascii	"\001+\235\007\371\321\003,,\331\315\262\005\353\005"
  96      F9D1032C 
  96      2CD9CDB2 
  96      05EB05
  97 037f 250F2C05 		.ascii	"%\017,\005\353\005E5\331\244\361\020\002\"\360\017\014"
  97      EB054535 
ARM GAS  /tmp/ccOsR67S.s 			page 6


  97      D9A4F110 
  97      0222F00F 
  97      0C
  98 0390 03F1100E 		.ascii	"\003\361\020\016\346DO\352\022\034\032F\302\351\000"
  98      E6444FEA 
  98      121C1A46 
  98      C2E900
  99 039f 55C2E902 		.ascii	"U\302\351\002U\0202rE\370\321\014\361\001\002\024\360"
  99      55103272 
  99      45F8D10C 
  99      F1010214 
  99      F0
 100 03b0 0C0F03EB 		.ascii	"\014\017\003\353\002\022\004\360\017\014\023\320\254"
 100      021204F0 
 100      0F0C13D0 
 100      AC
 101 03bd F1040323 		.ascii	"\361\004\003#\360\003\003\0043\023DB\370\004[\223B\373"
 101      F0030304 
 101      33134442 
 101      F8045B93 
 101      42FB
 102 03cf D10CF003 		.ascii	"\321\014\360\003\004,\261\311\262\034D\003\370\001\033"
 102      042CB1C9 
 102      B21C4403 
 102      F8011B
 103 03de A342FBD1 		.ascii	"\243B\373\3210\275dF\023F\000,\364\321\371\347\003F"
 103      30BD6446 
 103      1346002C 
 103      F4D1F9E7 
 103      0346
 104 03f0 1446C0E7 		.ascii	"\024F\300\347\032F\244F\340\347\000\277\002K\001F\030"
 104      1A46A446 
 104      E0E700BF 
 104      024B0146 
 104      18
 105 0401 6800F08F 		.ascii	"h\000\360\217\271\000\277\200\017\000\000\016\2640\265"
 105      B900BF80 
 105      0F00000E 
 105      B430B5
 106 0410 82B005AC 		.ascii	"\202\260\005\254\006MT\370\004+\006\233\001\224\001"
 106      064D54F8 
 106      042B069B 
 106      019401
 107 041f 46286800 		.ascii	"F(h\000\360W\370\002\260\275\3500@\003\260pG\200\017"
 107      F057F802 
 107      B0BDE830 
 107      4003B070 
 107      47800F
 108 0432 000010B4 		.ascii	"\000\000\020\264\005L\204F\023F h]\370\004K\012FaF\000"
 108      054C8446 
 108      13462068 
 108      5DF8044B 
 108      0A466146 
 109 0447 F01BB800 		.ascii	"\360\033\270\000\277\200\017\000\000\010\265\006K\004"
 109      BF800F00 
 109      0008B506 
 109      4B04
ARM GAS  /tmp/ccOsR67S.s 			page 7


 110 0455 4613B100 		.ascii	"F\023\261\000!\000\360\215\374\004K\033h\003\261\230"
 110      2100F08D 
 110      FC044B1B 
 110      6803B198 
 111 0465 472046FF 		.ascii	"G F\377\367\260\376y\015\000\0004\021\000\000\000#\001"
 111      F7B0FE79 
 111      0D000034 
 111      11000000 
 111      2301
 112 0477 461A4618 		.ascii	"F\032F\030F\000\360\\\2738\265\014F\010M\204F\021F "
 112      4600F05C 
 112      BB38B50C 
 112      46084D84 
 112      46114620 
 113 048b 461A4600 		.ascii	"F\032F\000#+`dF\377\367f\376C\034\000\3208\275+h\000"
 113      232B6064 
 113      46FFF766 
 113      FE431C00 
 113      D038BD2B 
 114 04a1 2BFBD023 		.ascii	"+\373\320#`8\275\314\021\000\0008\265\007M\007L,\033"
 114      6038BDCC 
 114      11000038 
 114      B5074D07 
 114      4C2C1B
 115 04b4 A41005D0 		.ascii	"\244\020\005\320\001<U\370\004=\230G\000,\371\321\275"
 115      013C55F8 
 115      043D9847 
 115      002CF9D1 
 115      BD
 116 04c5 E8384000 		.ascii	"\3508@\000\360\012\275|\017\000\000x\017\000\0008\265"
 116      F00ABD7C 
 116      0F000078 
 116      0F000038 
 116      B5
 117 04d6 0C46084D 		.ascii	"\014F\010M\204F\021F F\032F\000#+`dF\377\367/\376C\034"
 117      84461146 
 117      20461A46 
 117      00232B60 
 117      6446FFF7 
 118 04ee 00D038BD 		.ascii	"\000\3208\275+h\000+\373\320#`8\275\314\021\000\000"
 118      2B68002B 
 118      FBD02360 
 118      38BDCC11 
 118      0000
 119 0500 00207047 		.ascii	"\000 pG\002J\003I\003H\000\360\363\272\000\277\320\017"
 119      024A0349 
 119      034800F0 
 119      F3BA00BF 
 119      D00F
 120 0512 00006D08 		.ascii	"\000\000m\010\000\000\204\017\000\000\014KAh\231B\020"
 120      0000840F 
 120      00000C4B 
 120      41689942 
 120      10
 121 0523 B5044601 		.ascii	"\265\004F\001\320\000\360\240\371\241h\011K\231B\002"
 121      D000F0A0 
 121      F9A16809 
ARM GAS  /tmp/ccOsR67S.s 			page 8


 121      4B994202 
 122 0533 D0204600 		.ascii	"\320 F\000\360\231\371\341h\006K\231B\004\320 F\275"
 122      F099F9E1 
 122      68064B99 
 122      4204D020 
 122      46BD
 123 0545 E8104000 		.ascii	"\350\020@\000\360\220\271\020\275\000\277\374\017\000"
 123      F090B910 
 123      BD00BFFC 
 123      0F00
 124 0553 00641000 		.ascii	"\000d\020\000\000\314\020\000\000\000 pG-\351\370C*"
 124      00CC1000 
 124      00002070 
 124      472DE9F8 
 124      432A
 125 0565 4C2B49DF 		.ascii	"L+I\337\370\274\220\337\370\274\200)O\304\3708\021\000"
 125      F8BC90DF 
 125      F8BC8029 
 125      4FC4F838 
 125      1100
 126 0577 25042308 		.ascii	"%\004#\010\")F\004\361\\\000&N\343`\304\351\000U\304"
 126      22294604 
 126      F15C0026 
 126      4EE360C4 
 126      E90055C4 
 127 058b E90455A5 		.ascii	"\351\004U\245`ef\245a\377\367\340\376!Kcg\010\")F\004"
 127      606566A5 
 127      61FFF7E0 
 127      FE214B63 
 127      67082229 
 128 05a1 F1C400C4 		.ascii	"\361\304\000\304\351\010I\304\351\012\207\304\351\032"
 128      E90849C4 
 128      E90A87C4 
 128      E91A
 129 05af 55C4E91E 		.ascii	"U\304\351\036U%g\304\370\314P\304\370\200P&c\377\367"
 129      552567C4 
 129      F8CC50C4 
 129      F8805026 
 129      63FFF7
 130 05c2 CAFE174B 		.ascii	"\312\376\027K\304\370\3340)F\004\361h\003\010\"\004"
 130      C4F8DC30 
 130      294604F1 
 130      68030822 
 130      04
 131 05d3 F59670C4 		.ascii	"\365\226p\304\370\2100\304\351#\230\304\351%v\304\351"
 131      F88830C4 
 131      E92398C4 
 131      E92576C4 
 131      E9
 132 05e4 3455C4E9 		.ascii	"4U\304\3518U\304\370\330P\304\3704Q\304\370\350P\377"
 132      3855C4F8 
 132      D850C4F8 
 132      3451C4F8 
 132      E850FF
 133 05f7 F7AFFE04 		.ascii	"\367\257\376\004\361\320\003\304\351=\230\304\351?v"
 133      F1D003C4 
 133      E93D98C4 
ARM GAS  /tmp/ccOsR67S.s 			page 9


 133      E93F76
 134 0606 C4F8F030 		.ascii	"\304\370\3600\275\350\370\203\000\277\374\017\000\000"
 134      BDE8F883 
 134      00BFFC0F 
 134      0000
 135 0614 05050000 		.ascii	"\005\005\000\000M\015\000\000q\015\000\000\011\000\001"
 135      4D0D0000 
 135      710D0000 
 135      090001
 136 0623 00120002 		.ascii	"\000\022\000\002\000\345\014\000\000\015\015\000\000"
 136      00E50C00 
 136      000D0D00 
 136      00
 137 0630 F8B5254B 		.ascii	"\370\265%K\323\37081\006F\000+<\320#O\327\351\0014\001"
 137      D3F83831 
 137      0646002B 
 137      3CD0234F 
 137      D7E90134 
 138 0645 3B04D51D 		.ascii	";\004\325\035\340Z\034\004\361h\004\031\320\264\371"
 138      E05A1C04 
 138      F1680419 
 138      D0B4F9
 139 0654 0C50013B 		.ascii	"\014P\001;\000-\366\321\034K\343`\304\351\001U\304\351"
 139      002DF6D1 
 139      1C4BE360 
 139      C4E90155 
 139      C4E9
 140 0666 04556566 		.ascii	"\004Uef%`\245a\010\")F\004\361\\\000\377\367o\376\304"
 140      2560A561 
 140      08222946 
 140      04F15C00 
 140      FFF76FFE 
 141 067b E90D55C4 		.ascii	"\351\015U\304\351\022U F\370\275=h\015\261/F\330\347"
 141      E9125520 
 141      46F8BD3D 
 141      680DB12F 
 141      46D8E7
 142 068e 4FF4D671 		.ascii	"O\364\326q0F\000\360P\371\004F\200\261\004#\300\351"
 142      304600F0 
 142      50F90446 
 142      80B10423 
 142      C0E9
 143 06a0 00530C30 		.ascii	"\000S\0140)F\240`O\364\320r%F\377\367S\376<`/F\303\347"
 143      2946A060 
 143      4FF4D072 
 143      2546FFF7 
 143      53FE3C60 
 144 06b8 FFF752FF 		.ascii	"\377\367R\377\277\347\014#8`3`\335\347\000\277\374\017"
 144      BFE70C23 
 144      38603360 
 144      DDE700BF 
 144      FC0F
 145 06ca 0000D00F 		.ascii	"\000\000\320\017\000\000\001\000\377\377\003j\003\261"
 145      00000100 
 145      FFFF036A 
 145      03B1
 146 06d8 7047044B 		.ascii	"pG\004K\004J\323\37081\002b\000+\367\321:\347\000\277"
ARM GAS  /tmp/ccOsR67S.s 			page 10


 146      044AD3F8 
 146      38310262 
 146      002BF7D1 
 146      3AE700BF 
 147 06ec FC0F0000 		.ascii	"\374\017\000\000\035\005\000\000pG\000\277pG\000\277"
 147      1D050000 
 147      704700BF 
 147      704700BF 
 148 06fc 024A0349 		.ascii	"\002J\003I\000 \000\360\367\271\000\277\320\017\000"
 148      002000F0 
 148      F7B900BF 
 148      D00F00
 149 070b 00010500 		.ascii	"\000\001\005\000\000\002J\003I\000 \000\360\355\271"
 149      00024A03 
 149      49002000 
 149      F0EDB9
 150 071a 00BFD00F 		.ascii	"\000\277\320\017\000\000]\005\000\0008\265\007M\000"
 150      00005D05 
 150      000038B5 
 150      074D00
 151 0729 22044608 		.ascii	"\"\004F\010F*`\377\3672\375C\034\000\3208\275+h\000"
 151      462A60FF 
 151      F732FD43 
 151      1C00D038 
 151      BD2B6800 
 152 073d 2BFBD023 		.ascii	"+\373\320#`8\275\314\021\000\000\261\371\0140-\351\360"
 152      6038BDCC 
 152      110000B1 
 152      F90C302D 
 152      E9F0
 153 074f 411E070C 		.ascii	"A\036\007\014F\200F=\324Jh\000*V\335\345j\000-4\320"
 153      4680463D 
 153      D44A6800 
 153      2A56DDE5 
 153      6A002D34 
 154 0764 0022D8F8 		.ascii	"\000\"\330\370\000`\310\370\000 \023\364\200R!jW\321"
 154      0060C8F8 
 154      002013F4 
 154      8052216A 
 154      57D1
 155 0776 01234046 		.ascii	"\001#@F\250GE\034\002Ff\320\264\371\0140\345j!jX\007"
 155      A847451C 
 155      024666D0 
 155      B4F90C30 
 155      E56A216A 
 156 078c 05D56368 		.ascii	"\005\325ch\322\032ck\013\261#l\322\032\000#@F\250GC"
 156      D21A636B 
 156      0BB1236C 
 156      D21A0023 
 156      4046A847 
 157 07a1 1C42D000 		.ascii	"\034B\320\000#c`#i#`\243\211\337\004\000\325`eak\310"
 157      23636023 
 157      692360A3 
 157      89DF0400 
 157      D5606561 
 158 07b7 F8006041 		.ascii	"\370\000`A\261\004\361D\003\231B\002\320@F\000\3607"
 158      B104F144 
ARM GAS  /tmp/ccOsR67S.s 			page 11


 158      03994202 
 158      D0404600 
 158      F037
 159 07c9 F9002363 		.ascii	"\371\000#cc\000 "
 159      630020
 160 07d0 BDE8F081 		.ascii	"\275\350\360\201\016i\000.\371\320\233\007\015h\010"
 160      0E69002E 
 160      F9D09B07 
 160      0D6808
 161 07df BF4B690E 		.ascii	"\277Ki\016`\030\277\000#\255\033\213`\013\340+F2F!j"
 161      6018BF00 
 161      23AD1B8B 
 161      600BE02B 
 161      46324621 
 162 07f4 A76A4046 		.ascii	"\247j@F\270G\260\361\000\014\245\353\014\005fD\006\335"
 162      B847B0F1 
 162      000CA5EB 
 162      0C056644 
 162      06DD
 163 0806 002DF1DC 		.ascii	"\000-\361\334\340\347\012l\000*\245\334\334\347\264"
 163      E0E70A6C 
 163      002AA5DC 
 163      DCE7B4
 164 0815 F90C3043 		.ascii	"\371\0140C\360@\003\243\201O\360\3770\275\350\360\201"
 164      F04003A3 
 164      814FF0FF 
 164      30BDE8F0 
 164      81
 165 0826 626DAFE7 		.ascii	"bm\257\347\330\370\000\020\264\371\0140\035)\360\330"
 165      D8F80010 
 165      B4F90C30 
 165      1D29F0D8 
 166 0836 0C4ACA40 		.ascii	"\014J\312@\325\007\354\325\"i\"`\000\"b`\332\004\264"
 166      D507ECD5 
 166      22692260 
 166      00226260 
 166      DA04B4
 167 0849 D50029B1 		.ascii	"\325\000)\261\320\261\347\330\370\0000\000+\224\320"
 167      D0B1E7D8 
 167      F8003000 
 167      2B94D0
 168 0858 1D2B01D0 		.ascii	"\035+\001\320\026+\331\321\310\370\000`\263\347\000"
 168      162BD9D1 
 168      C8F80060 
 168      B3E700
 169 0867 BF010040 		.ascii	"\277\001\000@ \013i\263\261\020\265\004F\202\260\010"
 169      200B69B3 
 169      B110B504 
 169      4682B008 
 170 0877 B1036A5B 		.ascii	"\261\003j[\261\261\371\0140\023\271\000 \002\260\020"
 170      B1B1F90C 
 170      3013B900 
 170      2002B010 
 171 0887 BD204602 		.ascii	"\275 F\002\260\275\350\020@\377\367Z\277\001\221\377"
 171      B0BDE810 
 171      40FFF75A 
 171      BF0191FF 
ARM GAS  /tmp/ccOsR67S.s 			page 12


 172 0897 F71DFF01 		.ascii	"\367\035\377\001\231\356\347\000 pG\000\277\270\261"
 172      99EEE700 
 172      20704700 
 172      BFB8B1
 173 08a6 38B50D4A 		.ascii	"8\265\015J\003i\025h\004F+\261\015\261+jS\261\264\371"
 173      03691568 
 173      04462BB1 
 173      0DB12B6A 
 173      53B1B4F9 
 174 08ba 0C300BB9 		.ascii	"\0140\013\271\000 8\275!F(F\275\3508@\377\367=\277("
 174      002038BD 
 174      21462846 
 174      BDE83840 
 174      FFF73DBF 
 175 08cf 46FFF700 		.ascii	"F\377\367\000\377\360\347\003J\003I\004H\000\360\012"
 175      FFF0E703 
 175      4A034904 
 175      4800F00A 
 176 08df B9800F00 		.ascii	"\271\200\017\000\000\320\017\000\000m\010\000\000\204"
 176      00D00F00 
 176      006D0800 
 176      0084
 177 08ed 0F000070 		.ascii	"\017\000\000p\265\020N3h\005F\014F\263\261!F(F\000\360"
 177      B5104E33 
 177      6805460C 
 177      46B3B121 
 177      46284600 
 178 0902 DEF9431C 		.ascii	"\336\371C\034\014\320\304\034$\360\003\004\240B\005"
 178      0CD0C41C 
 178      24F00304 
 178      A04205
 179 0911 D0211A28 		.ascii	"\320!\032(F\000\360\323\371\0010\001\320 Fp\275O\360"
 179      4600F0D3 
 179      F9013001 
 179      D0204670 
 179      BD4FF0
 180 0924 FF342046 		.ascii	"\3774 Fp\275\031F\000\360\310\3710`\343\3478\021\000"
 180      70BD1946 
 180      00F0C8F9 
 180      3060E3E7 
 180      381100
 181 0937 002DE9F8 		.ascii	"\000-\351\370C\315\034%\360\003\005\0105\014-8\277\014"
 181      43CD1C25 
 181      F0030508 
 181      350C2D38 
 181      BF0C
 182 0949 25002D06 		.ascii	"%\000-\006F\030\333\251B\026\330\337\370\334\200\000"
 182      4618DBA9 
 182      4216D8DF 
 182      F8DC8000 
 183 0959 F0AEF9D8 		.ascii	"\360\256\371\330\370\004 \242\261\024F\003\340ch\"F"
 183      F80420A2 
 183      B1144603 
 183      E0636822 
 183      46
 184 096a 7BB11C46 		.ascii	"{\261\034F#h[\033\370\324\013+\037\330\224BchT\320S"
 184      23685B1B 
ARM GAS  /tmp/ccOsR67S.s 			page 13


 184      F8D40B2B 
 184      1FD89442 
 184      636854D0 
 185 097f 600CE00C 		.ascii	"`\014\340\014#3`\000 \275\350\370\203)F0F\377\367\256"
 185      23336000 
 185      20BDE8F8 
 185      83294630 
 185      46FFF7AE 
 186 0993 FF431C04 		.ascii	"\377C\034\004F\031\320\005`0F\000\360\215\371\004\361"
 186      4619D005 
 186      60304600 
 186      F08DF904 
 186      F1
 187 09a4 0B00231D 		.ascii	"\013\000#\035 \360\007\000\302\032\034\277\033\032\243"
 187      20F00700 
 187      C21A1CBF 
 187      1B1AA3
 188 09b3 50BDE8F8 		.ascii	"P\275\350\370\203a\031\224B%`\024\277Q`\310\370\004"
 188      83611994 
 188      42256014 
 188      BF5160C8 
 188      F804
 189 09c5 10635163 		.ascii	"\020cQchK`\346\347\330\370\004p\037\263<F\177h\000/"
 189      684B60E6 
 189      E7D8F804 
 189      701FB33C 
 189      467F6800 
 190 09da FBD12368 		.ascii	"\373\321#h9F0F\004\353\003\011\000\360k\371\201E\026"
 190      39463046 
 190      04EB0309 
 190      00F06BF9 
 190      814516
 191 09ed D12368ED 		.ascii	"\321#h\355\032)F0F\377\367{\377\0010\016\320#h\330\370"
 191      1A294630 
 191      46FFF77B 
 191      FF01300E 
 191      D02368D8 
 192 0a02 04202B44 		.ascii	"\004 +D#`Sh\203\261\243B\003\320\032F[h\234B\373\321"
 192      23605368 
 192      83B1A342 
 192      03D01A46 
 192      5B689C42 
 193 0a18 0023B0E7 		.ascii	"\000#\260\347\014#3`0F\000\360K\371\256\347\310\370"
 193      0C233360 
 193      304600F0 
 193      4BF9AEE7 
 193      C8F8
 194 0a2a 0430B6E7 		.ascii	"\0040\266\347\310\370\004p\263\3478\021\000\000\000"
 194      C8F80470 
 194      B3E73811 
 194      000000
 195 0a39 2950D038 		.ascii	")P\3208\265Q\370\004<\014\037\000+\270\277\344\030\005"
 195      B551F804 
 195      3C0C1F00 
 195      2BB8BFE4 
 195      1805
 196 0a4b 4600F034 		.ascii	"F\000\3604\371'J\023h+\261\243B\014\331!h`\030\203B"
ARM GAS  /tmp/ccOsR67S.s 			page 14


 196      F9274A13 
 196      682BB1A3 
 196      420CD921 
 196      68601883 
 197 0a60 2CD06360 		.ascii	",\320c`(F\024`\275\3508@\000\360&\271\243B\017\330\032"
 197      28461460 
 197      BDE83840 
 197      00F026B9 
 197      A3420FD8 
 198 0a75 465B6800 		.ascii	"F[h\000+\371\321\021hP\030\204B\027\320,\323c`T`(F\275"
 198      2BF9D111 
 198      68501884 
 198      4217D02C 
 198      D3636054 
 199 0a8d E8384000 		.ascii	"\3508@\000\360\024\271\021hP\030\240B\024\320 \330!"
 199      F014B911 
 199      685018A0 
 199      4214D020 
 199      D821
 200 0a9f 68601883 		.ascii	"h`\030\203B\357\321\030h[h\010D\304\351\000\003T`\352"
 200      42EFD118 
 200      685B6808 
 200      44C4E900 
 200      035460EA 
 201 0ab3 E723680B 		.ascii	"\347#h\013D\023`\346\347\030h[h\010D `\315\347 h\001"
 201      441360E6 
 201      E718685B 
 201      68084420 
 201      60CDE720 
 202 0ac9 44501883 		.ascii	"DP\030\203B\021`\333\321\323\351\000\004\001D\302\351"
 202      421160DB 
 202      D1D3E900 
 202      040144C2 
 202      E9
 203 0ada 0014D5E7 		.ascii	"\000\024\325\347pG\014#+`(F\275\3508@\000\360\347\270"
 203      70470C23 
 203      2B602846 
 203      BDE83840 
 203      00F0E7B8 
 204 0aee 00BF3C11 		.ascii	"\000\277<\021\000\000-\351\370C\007F\210F\026FO\360"
 204      00002DE9 
 204      F8430746 
 204      88461646 
 204      4FF0
 205 0b00 0009D6E9 		.ascii	"\000\011\326\351\001T\001=\020\324\243\211\001+\010"
 205      0154013D 
 205      10D4A389 
 205      012B08
 206 0b0f D9B4F90E 		.ascii	"\331\264\371\0160\0013!F8F\002\320\300GI\352\000\011"
 206      30013321 
 206      46384602 
 206      D0C04749 
 206      EA0009
 207 0b22 013D6B1C 		.ascii	"\001=k\034\004\361h\004\356\3216h\000.\347\321HF\275"
 207      04F16804 
 207      EED13668 
 207      002EE7D1 
ARM GAS  /tmp/ccOsR67S.s 			page 15


 207      4846BD
 208 0b35 E8F883F0 		.ascii	"\350\370\203\360\265&L%h\203\260\006F\017F\005\263l"
 208      B5264C25 
 208      6883B006 
 208      460F4605 
 208      B36C
 209 0b47 681F2C3F 		.ascii	"h\037,?\334\246\261\325\370\210\000H\263\320\370\000"
 209      DCA6B1D5 
 209      F8880048 
 209      B3D0F800 
 210 0b57 1140F824 		.ascii	"\021@\370$ O\360\001\014\014\372\004\374\000\353\204"
 210      204FF001 
 210      0C0CFA04 
 210      FC00EB84 
 211 0b67 024CEA01 		.ascii	"\002L\352\001\001\002.\300\370\000\021\302\370\2000"
 211      01022EC0 
 211      F80011C2 
 211      F88030
 212 0b76 10D0A31C 		.ascii	"\020\320\243\034\0014l`E\370#p\000 \003\260\360\275"
 212      01346C60 
 212      45F82370 
 212      002003B0 
 212      F0BD
 213 0b88 13481449 		.ascii	"\023H\024I!`\020\261\000h\301\370\210\000\021M\325\347"
 213      216010B1 
 213      0068C1F8 
 213      8800114D 
 213      D5E7
 214 0b9a D0F80431 		.ascii	"\320\370\0041C\352\014\003\300\370\0041\347\347\015"
 214      43EA0C03 
 214      C0F80431 
 214      E7E70D
 215 0ba9 49CDE900 		.ascii	"I\315\351\000#i\261O\364\204p\257\363\000\200@\261\000"
 215      2369B14F 
 215      F48470AF 
 215      F3008040 
 215      B100
 216 0bbb 21C0E940 		.ascii	"!\300\351@\021\335\351\000#lh\305\370\210\000\305\347"
 216      11DDE900 
 216      236C68C5 
 216      F88800C5 
 216      E7
 217 0bcc 4FF0FF30 		.ascii	"O\360\3770\330\347\000\277\320\021\000\000\000\000\000"
 217      D8E700BF 
 217      D0110000 
 217      000000
 218 0bdb 00401100 		.ascii	"\000@\021\000\000\000\000\000\0003K\033h\203Ba\320\302"
 218      00000000 
 218      00334B1B 
 218      68834261 
 218      D0C2
 219 0bed 6970B505 		.ascii	"ip\265\005F\000*S\320\321h\221\261\000&\214YD\261!F"
 219      46002A53 
 219      D0D16891 
 219      B100268C 
 219      5944B121 
 220 0c02 24682846 		.ascii	"$h(F\377\367\027\377\000,\370\321\353i\331h\0046\200"
ARM GAS  /tmp/ccOsR67S.s 			page 16


 220      FFF717FF 
 220      002CF8D1 
 220      EB69D968 
 220      043680
 221 0c15 2EF1D128 		.ascii	".\361\321(F\377\367\015\377\352i\021h\031\261(F\377"
 221      46FFF70D 
 221      FFEA6911 
 221      6819B128 
 221      46FF
 222 0c27 F707FFEA 		.ascii	"\367\007\377\352i\224h\000,:\320!F$h(F\377\367\376\376"
 222      69946800 
 222      2C3AD021 
 222      46246828 
 222      46FFF7FE 
 223 0c3c 002CF8D1 		.ascii	"\000,\370\321ii\021\261(F\377\367\367\376\352i\032\261"
 223      696911B1 
 223      2846FFF7 
 223      F7FEEA69 
 223      1AB1
 224 0c4e 11462846 		.ascii	"\021F(F\377\367\361\376)k\021\261(F\377\367\354\376"
 224      FFF7F1FE 
 224      296B11B1 
 224      2846FFF7 
 224      ECFE
 225 0c60 696B11B1 		.ascii	"ik\021\261(F\377\367\347\376\251k\021\261(F\377\367"
 225      2846FFF7 
 225      E7FEA96B 
 225      11B12846 
 225      FFF7
 226 0c72 E2FEA96C 		.ascii	"\342\376\251l\021\261(F\377\367\335\376il\021\261(F"
 226      11B12846 
 226      FFF7DDFE 
 226      696C11B1 
 226      2846
 227 0c84 FFF7D8FE 		.ascii	"\377\367\330\376\351j\021\261(F\377\367\323\376+j;\261"
 227      E96A11B1 
 227      2846FFF7 
 227      D3FE2B6A 
 227      3BB1
 228 0c96 2846BDE8 		.ascii	"(F\275\350p@\030GAi\000)\317\321\327\347p\275ii\000"
 228      70401847 
 228      41690029 
 228      CFD1D7E7 
 228      70BD6969 
 229 0cab 29CAD1CE 		.ascii	")\312\321\316\347pG\000\277\200\017\000\000pG\000\277"
 229      E7704700 
 229      BF800F00 
 229      00704700 
 229      BF
 230 0cbc 704700BF 		.ascii	"pG\000\2778\265\007M\000\"\004F\010F*`\377\367\213\372"
 230      38B5074D 
 230      00220446 
 230      08462A60 
 230      FFF78BFA 
 231 0cd0 431C00D0 		.ascii	"C\034\000\3208\275+h\000+\373\320#`8\275\314\021\000"
 231      38BD2B68 
 231      002BFBD0 
ARM GAS  /tmp/ccOsR67S.s 			page 17


 231      236038BD 
 231      CC1100
 232 0ce3 0010B50C 		.ascii	"\000\020\265\014F\261\371\016\020\000\360\246\370\000"
 232      46B1F90E 
 232      1000F0A6 
 232      F800
 233 0cf1 2803DB63 		.ascii	"(\003\333cm\003Dce\020\275\243\211#\364\200S\243\201"
 233      6D034463 
 233      6510BDA3 
 233      8923F480 
 233      53A381
 234 0d04 10BD00BF 		.ascii	"\020\275\000\277\000 pG-\351\360A\014F\261\371\014\020"
 234      00207047 
 234      2DE9F041 
 234      0C46B1F9 
 234      0C10
 235 0d16 1F46CB05 		.ascii	"\037F\313\005\005F\026F\013\324!\364\200Q\241\201;F"
 235      05461646 
 235      0BD421F4 
 235      8051A181 
 235      3B46
 236 0d28 B4F90E10 		.ascii	"\264\371\016\0202F(F\275\350\360A\377\367\244\273\264"
 236      32462846 
 236      BDE8F041 
 236      FFF7A4BB 
 236      B4
 237 0d39 F90E1002 		.ascii	"\371\016\020\002#\000\"\000\360\222\370\264\371\014"
 237      23002200 
 237      F092F8B4 
 237      F90C
 238 0d47 10EAE700 		.ascii	"\020\352\347\000\277\020\265\014F\261\371\016\020\000"
 238      BF10B50C 
 238      46B1F90E 
 238      1000
 239 0d55 F088F8B4 		.ascii	"\360\210\370\264\371\0140B\034\016\277#\364\200SC\364"
 239      F90C3042 
 239      1C0EBF23 
 239      F4805343 
 239      F4
 240 0d66 80536065 		.ascii	"\200S`e\243\201\020\275\000\277\261\371\016\020\377"
 240      A38110BD 
 240      00BFB1F9 
 240      0E10FF
 241 0d75 F7D6BC2D 		.ascii	"\367\326\274-\351\360O\337\370\270\220\331\370\000`"
 241      E9F04FDF 
 241      F8B890D9 
 241      F80060
 242 0d84 83B0002E 		.ascii	"\203\260\000.4\320\210F\001\220uh\326\370\210pl\036"
 242      34D08846 
 242      01907568 
 242      D6F88870 
 242      6C1E
 243 0d96 2DD40135 		.ascii	"-\324\0015\006\353\205\005\007\361\200\013\270\361\000"
 243      06EB8505 
 243      07F1800B 
 243      B8F100
 244 0da5 0F28D173 		.ascii	"\017(\321sh*h\001;\243B\026\277\000#t`+`\272\261\326"
ARM GAS  /tmp/ccOsR67S.s 			page 18


 244      682A6801 
 244      3BA34216 
 244      BF002374 
 244      602B60BA 
 245 0dbb F804A06F 		.ascii	"\370\004\240o\263\327\370\000\021\001#\243@\013B'\320"
 245      B3D7F800 
 245      110123A3 
 245      400B4227 
 245      D0
 246 0dcc D7F80401 		.ascii	"\327\370\004\001W\370$\020\003B+\321\001\230\220Gsh"
 246      57F82410 
 246      03422BD1 
 246      01989047 
 246      7368
 247 0dde D9F80020 		.ascii	"\331\370\000 SE \321\262B\036\321\001<c\034\245\361"
 247      534520D1 
 247      B2421ED1 
 247      013C631C 
 247      A5F1
 248 0df0 0405D6D1 		.ascii	"\004\005\326\321\003\260\275\350\360\217W\261[\370$"
 248      03B0BDE8 
 248      F08F57B1 
 248      5BF824
 249 0dff 304345D1 		.ascii	"0CE\321\320\001<b\034\245\361\004\005\362\320\000/\364"
 249      D0013C62 
 249      1CA5F104 
 249      05F2D000 
 249      2FF4
 250 0e11 D1013CEE 		.ascii	"\321\001<\356\323\001<\373\322\353\347\220Gsh\331\370"
 250      D3013CFB 
 250      D2EBE790 
 250      477368D9 
 250      F8
 251 0e22 00205345 		.ascii	"\000 SE\336\320\000*\343\320\026F\256\347\010F\220G"
 251      DED0002A 
 251      E3D01646 
 251      AEE70846 
 251      9047
 252 0e34 D2E700BF 		.ascii	"\322\347\000\277\320\021\000\0008\265\014F\010M\204"
 252      D0110000 
 252      38B50C46 
 252      084D84
 253 0e43 46114620 		.ascii	"F\021F F\032F\000#+`dF\377\367\225\371C\034\000\320"
 253      461A4600 
 253      232B6064 
 253      46FFF795 
 253      F9431C00 
 254 0e58 38BD2B68 		.ascii	"8\275+h\000+\373\320#`8\275\314\021\000\0008\265\014"
 254      002BFBD0 
 254      236038BD 
 254      CC110000 
 254      38B50C
 255 0e6b 46084D84 		.ascii	"F\010M\204F\021F F\032F\000#+`dF\377\367\265\371C\034"
 255      46114620 
 255      461A4600 
 255      232B6064 
 255      46FFF7B5 
ARM GAS  /tmp/ccOsR67S.s 			page 19


 256 0e82 00D038BD 		.ascii	"\000\3208\275+h\000+\373\320#`8\275\314\021\000\000"
 256      2B68002B 
 256      FBD02360 
 256      38BDCC11 
 256      0000
 257 0e94 3E410C41 		.ascii	">A\014A\021A'A6A\003A\006A\025A\017A\016A&A\023A)A\002"
 257      11412741 
 257      36410341 
 257      06411541 
 257      0F410E41 
 258 0eaf 4119410A 		.ascii	"A\031A\012A\013A\000\000>A\014A\021A'A6A\003A\006A\025"
 258      410B4100 
 258      003E410C 
 258      41114127 
 258      41364103 
 259 0ec7 410F410E 		.ascii	"A\017A\016A&A\023A)A\002A\031A\012A\013A\000\000\370"
 259      41264113 
 259      41294102 
 259      4119410A 
 259      410B4100 
 260 0edd B500BFF8 		.ascii	"\265\000\277\370\265\000\277-\351\370C\006F\027H\027"
 260      B500BF2D 
 260      E9F84306 
 260      46174817 
 261 0eed 4DDFF860 		.ascii	"M\337\370`\220\017FxD\002!\377\367\210\372}D\004F(F"
 261      900F4678 
 261      440221FF 
 261      F788FA7D 
 261      44044628 
 262 0f02 FFF7BDF9 		.ascii	"\377\367\275\371)F\002F F\377\367\222\372\000%\371D"
 262      29460246 
 262      2046FFF7 
 262      92FA0025 
 262      F944
 263 0f14 B54205DB 		.ascii	"\265B\005\333 F\377\367o\372\000 \275\350\370\203W\370"
 263      2046FFF7 
 263      6FFA0020 
 263      BDE8F883 
 263      57F8
 264 0f26 25804046 		.ascii	"%\200@F\377\367\251\371AF\002F F\377\367~\372\001\""
 264      FFF7A9F9 
 264      41460246 
 264      2046FFF7 
 264      7EFA0122 
 265 0f3a 49462046 		.ascii	"IF F\377\367y\372\0015\346\347\000\277d\000\000\000"
 265      FFF779FA 
 265      0135E6E7 
 265      00BF6400 
 265      0000
 266 0f4c 67000000 		.ascii	"g\000\000\000[\000\000\000t\361\377\177\001\000\000"
 266      5B000000 
 266      74F1FF7F 
 266      010000
 267 0f5b 002F6465 		.ascii	"\000/dev/ttyS0\000helloworld\012\000\000\251\000\000"
 267      762F7474 
 267      79533000 
 267      68656C6C 
ARM GAS  /tmp/ccOsR67S.s 			page 20


 267      6F776F72 
 268 0f77 00810000 		.ascii	"\000\201\000\000\000\000\000\000\000\204\017\000\000"
 268      00000000 
 268      00840F00 
 268      00
 269 0f84 00000000 		.ascii	"\000\000\000\000\374\017\000\000d\020\000\000\314\020"
 269      FC0F0000 
 269      64100000 
 269      CC10
 270 0f92 00000000 		.ascii	"\000\000\000\000\000\000\000\000\000\000\000\000\000"
 270      00000000 
 270      00000000 
 270      00
 271 0f9f 00       		.ascii	"\000"
 272 0fa0 00000000 		.ascii	"\000\000\000\000\000\000\000\000\000\000\000\000\000"
 272      00000000 
 272      00000000 
 272      00
 273 0fad 00000000 		.ascii	"\000\000\000\000\000\000\000\000\000\000\000\000\000"
 273      00000000 
 273      00000000 
 273      00
 274 0fba 00000000 		.ascii	"\000\000\000\000\000\000\000\000\000\000\000\000\000"
 274      00000000 
 274      00000000 
 274      00
 275 0fc7 00000000 		.ascii	"\000\000\000\000\000\000\000\000\000\000\000\000\000"
 275      00000000 
 275      00000000 
 275      00
 276 0fd4 03000000 		.ascii	"\003\000\000\000\374\017\000\000y\015\000\000"
 276      FC0F0000 
 276      790D0000 
 277              		.text
 278              	.Letext0:
 279              		.file 2 "/mnt/c/Users/31740/Documents/codes/newcore-rp2350/include/linux/initramfs.h"
ARM GAS  /tmp/ccOsR67S.s 			page 21


DEFINED SYMBOLS
                            *ABS*:00000000 1jiygqdm_for_cortex_m4.bin.c
     /tmp/ccOsR67S.s:22     .rodata.str1.4:00000000 $d
     /tmp/ccOsR67S.s:26     .init_ramfs_files:00000000 $d
     /tmp/ccOsR67S.s:29     .init_ramfs_files:00000000 register_file_file_data
     /tmp/ccOsR67S.s:39     .rodata.filedata:00000000 filedata
     /tmp/ccOsR67S.s:36     .rodata.filedata:00000000 $d

NO UNDEFINED SYMBOLS
