ARM GAS  /tmp/cc5WVmVg.s 			page 1


   1              		.cpu cortex-m4
   2              		.arch armv7e-m
   3              		.fpu fpv4-sp-d16
   4              		.eabi_attribute 27, 1
   5              		.eabi_attribute 28, 1
   6              		.eabi_attribute 20, 1
   7              		.eabi_attribute 21, 1
   8              		.eabi_attribute 23, 3
   9              		.eabi_attribute 24, 1
  10              		.eabi_attribute 25, 1
  11              		.eabi_attribute 26, 1
  12              		.eabi_attribute 30, 1
  13              		.eabi_attribute 34, 1
  14              		.eabi_attribute 18, 4
  15              		.file	"b4dgkuxb_profile.c"
  16              		.text
  17              	.Ltext0:
  18              		.cfi_sections	.debug_frame
  19              		.file 1 "/mnt/c/Users/31740/Desktop/newcore/user/rootfs_file_out/b4dgkuxb_profile.c"
  20              		.section	.rodata.str1.4,"aMS",%progbits,1
  21              		.align	2
  22              	.LC0:
  23 0000 2F657463 		.ascii	"/etc/profile\000"
  23      2F70726F 
  23      66696C65 
  23      00
  24              		.section	.init_ramfs_files,"aw"
  25              		.align	2
  28              	register_file_file_data:
  29 0000 00000000 		.word	.LC0
  30 0004 00000000 		.word	0
  31 0008 00000000 		.word	filedata
  32 000c 00       		.byte	0
  33 000d 000000   		.space	3
  34              		.section	.rodata.filedata,"a"
  35              		.align	2
  38              	filedata:
  39              		.text
  40              	.Letext0:
  41              		.file 2 "/mnt/c/Users/31740/Desktop/newcore/include/linux/initramfs.h"
ARM GAS  /tmp/cc5WVmVg.s 			page 2


DEFINED SYMBOLS
                            *ABS*:00000000 b4dgkuxb_profile.c
     /tmp/cc5WVmVg.s:21     .rodata.str1.4:00000000 $d
     /tmp/cc5WVmVg.s:25     .init_ramfs_files:00000000 $d
     /tmp/cc5WVmVg.s:28     .init_ramfs_files:00000000 register_file_file_data
     /tmp/cc5WVmVg.s:38     .rodata.filedata:00000000 filedata

NO UNDEFINED SYMBOLS
