ARM GAS  /tmp/ccrF5U41.s 			page 1


   1              		.cpu cortex-m33
   2              		.arch armv8-m.main
   3              		.fpu fpv4-sp-d16
   4              		.arch_extension dsp
   5              		.eabi_attribute 27, 1
   6              		.eabi_attribute 28, 1
   7              		.eabi_attribute 20, 1
   8              		.eabi_attribute 21, 1
   9              		.eabi_attribute 23, 3
  10              		.eabi_attribute 24, 1
  11              		.eabi_attribute 25, 1
  12              		.eabi_attribute 26, 1
  13              		.eabi_attribute 30, 1
  14              		.eabi_attribute 34, 1
  15              		.eabi_attribute 18, 4
  16              		.file	"ei612psm_helloworld.c"
  17              		.text
  18              	.Ltext0:
  19              		.cfi_sections	.debug_frame
  20              		.file 1 "/mnt/c/Users/31740/Documents/codes/newcore-rp2350/user/rootfs_file_out/ei612psm_helloworl
  21              		.section	.rodata.str1.4,"aMS",%progbits,1
  22              		.align	2
  23              	.LC0:
  24 0000 2F62696E 		.ascii	"/bin/helloworld\000"
  24      2F68656C 
  24      6C6F776F 
  24      726C6400 
  25              		.section	.init_ramfs_files,"aw"
  26              		.align	2
  29              	register_file_file_data:
  30 0000 00000000 		.word	.LC0
  31 0004 B40F0000 		.word	4020
  32 0008 00000000 		.word	filedata
  33 000c 00       		.byte	0
  34 000d 000000   		.space	3
  35              		.section	.rodata.filedata,"a"
  36              		.align	2
  39              	filedata:
  40 0000 4E61BC00 		.ascii	"Na\274\000\000\000\000\000\001\000\000\000\007\000\000"
  40      00000000 
  40      01000000 
  40      070000
  41 000f 00002000 		.ascii	"\000\000 \000\0009\001\000\000$\000\000\0004\000\000"
  41      00390100 
  41      00240000 
  41      00340000 
  42 001f 00A82900 		.ascii	"\000\250)\000\000\000\000\000\000\000\000\000\000\000"
  42      00000000 
  42      00000000 
  42      0000
  43 002d 000000B0 		.ascii	"\000\000\000\260\017\000\000\000\000\000\000\000\000"
  43      0F000000 
  43      00000000 
  43      00
  44 003a 00000000 		.ascii	"\000\000\000\000\000\000\003H\004K\203B\002\320\003"
  44      00000348 
  44      044B8342 
ARM GAS  /tmp/ccrF5U41.s 			page 2


  44      02D003
  45 0049 4B03B118 		.ascii	"K\003\261\030GpG\260\017\000\000\260\017\000\000\000"
  45      477047B0 
  45      0F0000B0 
  45      0F000000 
  46 0059 00000005 		.ascii	"\000\000\000\005H\006K\033\032\331\017\001\353\243\001"
  46      48064B1B 
  46      1AD90F01 
  46      EBA301
  47 0068 491002D0 		.ascii	"I\020\002\320\003K\003\261\030GpG\260\017\000\000\260"
  47      034B03B1 
  47      18477047 
  47      B00F0000 
  47      B0
  48 0079 0F000000 		.ascii	"\017\000\000\000\000\000\000\020\265\006L#xC\271\377"
  48      00000010 
  48      B5064C23 
  48      7843B9FF 
  49 0089 F7DAFF04 		.ascii	"\367\332\377\004K\023\261\004H\257\363\000\200\001#"
  49      4B13B104 
  49      48AFF300 
  49      800123
  50 0098 237010BD 		.ascii	"#p\020\275\264\017\000\000\000\000\000\000$\017\000"
  50      B40F0000 
  50      00000000 
  50      240F00
  51 00a7 0008B504 		.ascii	"\000\010\265\004K\033\261\004I\004H\257\363\000\200"
  51      4B1BB104 
  51      490448AF 
  51      F30080
  52 00b6 BDE80840 		.ascii	"\275\350\010@\317\347\000\000\000\000\270\017\000\000"
  52      CFE70000 
  52      0000B80F 
  52      0000
  53 00c4 240F0000 		.ascii	"$\017\000\000\243\365\200:pG\000\277\025K\000+\010\277"
  53      A3F5803A 
  53      704700BF 
  53      154B002B 
  53      08BF
  54 00d6 114B9D46 		.ascii	"\021K\235F\377\367\365\377\000!\213F\017F\021H\022J"
  54      FFF7F5FF 
  54      00218B46 
  54      0F461148 
  54      124A
  55 00e8 121A00F0 		.ascii	"\022\032\000\3605\371\014K\000+\000\320\230G\013K\000"
  55      35F90C4B 
  55      002B00D0 
  55      98470B4B 
  55      00
  56 00f9 2B00D098 		.ascii	"+\000\320\230G\000 \000!\004\000\015\000\013H\000\360"
  56      47002000 
  56      2104000D 
  56      000B4800 
  56      F0
  57 010a B4F900F0 		.ascii	"\264\371\000\360z\370 \000)\000\000\360\346\376\000"
  57      7AF82000 
  57      290000F0 
ARM GAS  /tmp/ccrF5U41.s 			page 3


  57      E6FE00
  58 0119 F09AF900 		.ascii	"\360\232\371\000\000\010\000\000\000\000\000\000\000"
  58      00080000 
  58      00000000 
  58      00
  59 0126 00000000 		.ascii	"\000\000\000\000\000\000\264\017\000\000\250\021\000"
  59      0000B40F 
  59      0000A811 
  59      00
  60 0133 00AD0400 		.ascii	"\000\255\004\000\000\000\360\324\276\037\265\000$\023"
  60      0000F0D4 
  60      BE1FB500 
  60      2413
  61 0141 46CDE901 		.ascii	"F\315\351\001D\012F\000\224\001F\005 \000\360H\370\004"
  61      440A4600 
  61      94014605 
  61      2000F048 
  61      F804
  62 0153 B010BD1F 		.ascii	"\260\020\275\037\265\000$\023F\315\351\001D\012F\000"
  62      B5002413 
  62      46CDE901 
  62      440A4600 
  63 0163 94014604 		.ascii	"\224\001F\004 \000\360;\370\004\260\020\275\037\265"
  63      2000F03B 
  63      F804B010 
  63      BD1FB5
  64 0172 00241346 		.ascii	"\000$\023F\315\351\001D\012F\000\224\001F\003 \000\360"
  64      CDE90144 
  64      0A460094 
  64      01460320 
  64      00F0
  65 0184 2EF804B0 		.ascii	".\370\004\260\020\275\037\265\000#\001F\315\351\001"
  65      10BD1FB5 
  65      00230146 
  65      CDE901
  66 0193 3300931A 		.ascii	"3\000\223\032F\006 \000\360\"\370\005\260]\370\004\373"
  66      46062000 
  66      F022F805 
  66      B05DF804 
  66      FB
  67 01a4 1FB50024 		.ascii	"\037\265\000$\023F\315\351\001D\012F\000\224\001FN "
  67      1346CDE9 
  67      01440A46 
  67      00940146 
  67      4E20
  68 01b6 00F014F8 		.ascii	"\000\360\024\370\004\260\020\275\037\265\000#\315\351"
  68      04B010BD 
  68      1FB50023 
  68      CDE9
  69 01c4 01330093 		.ascii	"\0013\000\223\032F\031F\001 \000\360\010\370\005\260"
  69      1A461946 
  69      012000F0 
  69      08F805B0 
  70 01d4 5DF804FB 		.ascii	"]\370\004\373\000 pGO\360\3770pG\037\265\004F\010F\021"
  70      00207047 
  70      4FF0FF30 
  70      70471FB5 
ARM GAS  /tmp/ccrF5U41.s 			page 4


  70      04460846 
  71 01e9 461A4606 		.ascii	"F\032F\006\233\000\223\007\233\001\223\010\233\315\351"
  71      9B009307 
  71      9B019308 
  71      9BCDE9
  72 01f8 02346B46 		.ascii	"\0024kF\000\337\004\260\020\275\000\000p\265\017K\017"
  72      00DF04B0 
  72      10BD0000 
  72      70B50F4B 
  72      0F
  73 0209 4DAB42A3 		.ascii	"M\253B\243\353\005\006\007\320\266\020\000$U\370\004"
  73      EB050607 
  73      D0B61000 
  73      2455F804 
  74 0219 3B013498 		.ascii	";\0014\230G\246B\371\330\000\360[\376\011M\011K^\033"
  74      47A642F9 
  74      D800F05B 
  74      FE094D09 
  74      4B5E1B
  75 022c AB424FEA 		.ascii	"\253BO\352\246\006\006\320\000$U\370\004;\0014\230G"
  75      A60606D0 
  75      002455F8 
  75      043B0134 
  75      9847
  76 023e A642F9D8 		.ascii	"\246B\371\330p\275D\017\000\000D\017\000\000D\017\000"
  76      70BD440F 
  76      0000440F 
  76      0000440F 
  76      00
  77 024f 00480F00 		.ascii	"\000H\017\000\000\000\000\000\000\000\000\000\000\000"
  77      00000000 
  77      00000000 
  77      0000
  78 025d 00000000 		.ascii	"\000\000\000\000\000\000\000\000\000\000\000\000\000"
  78      00000000 
  78      00000000 
  78      00
  79 026a 00000000 		.ascii	"\000\000\000\000\000\000\000\000\000\000\000\000\000"
  79      00000000 
  79      00000000 
  79      00
  80 0277 00000000 		.ascii	"\000\000\000\000\000\000\000\000\0000\264\220\370\000"
  80      00000000 
  80      0030B490 
  80      F800
  81 0285 F020F007 		.ascii	"\360 \360\007\001o\360\000\014\020\360\007\004\221\370"
  81      016FF000 
  81      0C10F007 
  81      0491F8
  82 0294 20F040F0 		.ascii	" \360@\360H\200O\360\000\004o\360\007\000\321\351\000"
  82      48804FF0 
  82      00046FF0 
  82      0700D1E9 
  82      00
  83 02a5 2391F840 		.ascii	"#\221\370@\360\000\361\010\000\202\372L\362\244\372"
  83      F000F108 
  83      0082FA4C 
ARM GAS  /tmp/ccrF5U41.s 			page 5


  83      F2A4FA
  84 02b4 8CF283FA 		.ascii	"\214\362\203\372L\363\242\372\214\363K\273\321\351\002"
  84      4CF3A2FA 
  84      8CF34BBB 
  84      D1E902
  85 02c3 2382FA4C 		.ascii	"#\202\372L\362\000\361\010\000\244\372\214\362\203\372"
  85      F200F108 
  85      00A4FA8C 
  85      F283FA
  86 02d2 4CF3A2FA 		.ascii	"L\363\242\372\214\363\343\271\321\351\004#\202\372L"
  86      8CF3E3B9 
  86      D1E90423 
  86      82FA4C
  87 02e1 F200F108 		.ascii	"\362\000\361\010\000\244\372\214\362\203\372L\363\242"
  87      00A4FA8C 
  87      F283FA4C 
  87      F3A2
  88 02ef FA8CF37B 		.ascii	"\372\214\363{\271\321\351\006#\001\361 \001\202\372"
  88      B9D1E906 
  88      2301F120 
  88      0182FA
  89 02fe 4CF200F1 		.ascii	"L\362\000\361\010\000\244\372\214\362\203\372L\363\242"
  89      0800A4FA 
  89      8CF283FA 
  89      4CF3A2
  90 030d FA8CF300 		.ascii	"\372\214\363\000+\306\320\000*\004\277\0040\032F\022"
  90      2BC6D000 
  90      2A04BF04 
  90      301A4612 
  91 031d BAB2FA82 		.ascii	"\272\262\372\202\362\000\353\322\0000\274pG\321\351"
  91      F200EBD2 
  91      0030BC70 
  91      47D1E9
  92 032c 002304F0 		.ascii	"\000#\004\360\003\005\304\361\000\000O\352\305\005\024"
  92      0305C4F1 
  92      00004FEA 
  92      C50514
  93 033b F0040F91 		.ascii	"\360\004\017\221\370@\360\014\372\005\365b\352\005\002"
  93      F840F00C 
  93      FA05F562 
  93      EA0502
  94 034a 1CBF63EA 		.ascii	"\034\277c\352\005\003bFO\360\000\004\252\347\203\007"
  94      05036246 
  94      4FF00004 
  94      AAE78307 
  95 035a 30B547D0 		.ascii	"0\265G\320T\036\000*>\320\312\262\003F\001\340\001<"
  95      541E002A 
  95      3ED0CAB2 
  95      034601E0 
  95      013C
  96 036c 39D303F8 		.ascii	"9\323\003\370\001+\235\007\371\321\003,,\331\315\262"
  96      012B9D07 
  96      F9D1032C 
  96      2CD9CDB2 
  97 037c 05EB0525 		.ascii	"\005\353\005%\017,\005\353\005E5\331\244\361\020\002"
  97      0F2C05EB 
  97      054535D9 
ARM GAS  /tmp/ccrF5U41.s 			page 6


  97      A4F11002 
  98 038c 22F00F0C 		.ascii	"\"\360\017\014\003\361\020\016\346DO\352\022\034\032"
  98      03F1100E 
  98      E6444FEA 
  98      121C1A
  99 039b 46C2E900 		.ascii	"F\302\351\000U\302\351\002U\0202rE\370\321\014\361\001"
  99      55C2E902 
  99      55103272 
  99      45F8D10C 
  99      F101
 100 03ad 0214F00C 		.ascii	"\002\024\360\014\017\003\353\002\022\004\360\017\014"
 100      0F03EB02 
 100      1204F00F 
 100      0C
 101 03ba 13D0ACF1 		.ascii	"\023\320\254\361\004\003#\360\003\003\0043\023DB\370"
 101      040323F0 
 101      03030433 
 101      134442F8 
 102 03ca 045B9342 		.ascii	"\004[\223B\373\321\014\360\003\004,\261\311\262\034"
 102      FBD10CF0 
 102      03042CB1 
 102      C9B21C
 103 03d9 4403F801 		.ascii	"D\003\370\001\033\243B\373\3210\275dF\023F\000,\364"
 103      1BA342FB 
 103      D130BD64 
 103      46134600 
 103      2CF4
 104 03eb D1F9E703 		.ascii	"\321\371\347\003F\024F\300\347\032F\244F\340\347\000"
 104      461446C0 
 104      E71A46A4 
 104      46E0E700 
 105 03fb BF024B01 		.ascii	"\277\002K\001F\030h\000\360\217\271\000\277P\017\000"
 105      46186800 
 105      F08FB900 
 105      BF500F00 
 106 040b 000EB430 		.ascii	"\000\016\2640\265\202\260\005\254\006MT\370\004+\006"
 106      B582B005 
 106      AC064D54 
 106      F8042B06 
 107 041b 9B019401 		.ascii	"\233\001\224\001F(h\000\360W\370\002\260\275\3500@\003"
 107      46286800 
 107      F057F802 
 107      B0BDE830 
 107      4003
 108 042d B0704750 		.ascii	"\260pGP\017\000\000\020\264\005L\204F\023F h]\370\004"
 108      0F000010 
 108      B4054C84 
 108      46134620 
 108      685DF804 
 109 0441 4B0A4661 		.ascii	"K\012FaF\000\360\033\270\000\277P\017\000\000\010\265"
 109      4600F01B 
 109      B800BF50 
 109      0F000008 
 109      B5
 110 0452 064B0446 		.ascii	"\006K\004F\023\261\000!\000\360\215\374\004K\033h\003"
 110      13B10021 
 110      00F08DFC 
ARM GAS  /tmp/ccrF5U41.s 			page 7


 110      044B1B68 
 110      03
 111 0463 B1984720 		.ascii	"\261\230G F\377\367\251\376y\015\000\000\010\021\000"
 111      46FFF7A9 
 111      FE790D00 
 111      00081100 
 112 0473 00002301 		.ascii	"\000\000#\001F\032F\030F\000\360\\\2738\265\014F\010"
 112      461A4618 
 112      4600F05C 
 112      BB38B50C 
 112      4608
 113 0485 4D844611 		.ascii	"M\204F\021F F\032F\000#+`dF\377\367_\376C\034\000\320"
 113      4620461A 
 113      4600232B 
 113      606446FF 
 113      F75FFE43 
 114 049c 38BD2B68 		.ascii	"8\275+h\000+\373\320#`8\275\240\021\000\0008\265\007"
 114      002BFBD0 
 114      236038BD 
 114      A0110000 
 114      38B507
 115 04af 4D074C2C 		.ascii	"M\007L,\033\244\020\005\320\001<U\370\004=\230G\000"
 115      1BA41005 
 115      D0013C55 
 115      F8043D98 
 115      4700
 116 04c1 2CF9D1BD 		.ascii	",\371\321\275\3508@\000\360\012\275L\017\000\000H\017"
 116      E8384000 
 116      F00ABD4C 
 116      0F000048 
 116      0F
 117 04d2 000038B5 		.ascii	"\000\0008\265\014F\010M\204F\021F F\032F\000#+`dF\377"
 117      0C46084D 
 117      84461146 
 117      20461A46 
 117      00232B60 
 118 04e9 F728FE43 		.ascii	"\367(\376C\034\000\3208\275+h\000+\373\320#`8\275\240"
 118      1C00D038 
 118      BD2B6800 
 118      2BFBD023 
 118      6038BDA0 
 119 04fd 11000000 		.ascii	"\021\000\000\000 pG\002J\003I\003H\000\360\363\272\000"
 119      20704702 
 119      4A034903 
 119      4800F0F3 
 119      BA00
 120 050f BFA00F00 		.ascii	"\277\240\017\000\000m\010\000\000T\017\000\000\014K"
 120      006D0800 
 120      00540F00 
 120      000C4B
 121 051e 41689942 		.ascii	"Ah\231B\020\265\004F\001\320\000\360\240\371\241h\011"
 121      10B50446 
 121      01D000F0 
 121      A0F9A168 
 121      09
 122 052f 4B994202 		.ascii	"K\231B\002\320 F\000\360\231\371\341h\006K\231B\004"
 122      D0204600 
ARM GAS  /tmp/ccrF5U41.s 			page 8


 122      F099F9E1 
 122      68064B99 
 122      4204
 123 0541 D02046BD 		.ascii	"\320 F\275\350\020@\000\360\220\271\020\275\000\277"
 123      E8104000 
 123      F090B910 
 123      BD00BF
 124 0550 D00F0000 		.ascii	"\320\017\000\0008\020\000\000\240\020\000\000\000 p"
 124      38100000 
 124      A0100000 
 124      002070
 125 055f 472DE9F8 		.ascii	"G-\351\370C*L+I\337\370\274\220\337\370\274\200)O\304"
 125      432A4C2B 
 125      49DFF8BC 
 125      90DFF8BC 
 125      80294FC4 
 126 0573 F8381100 		.ascii	"\3708\021\000%\004#\010\")F\004\361\\\000&N\343`\304"
 126      25042308 
 126      22294604 
 126      F15C0026 
 126      4EE360C4 
 127 0587 E90055C4 		.ascii	"\351\000U\304\351\004U\245`ef\245a\377\367\340\376!"
 127      E90455A5 
 127      606566A5 
 127      61FFF7E0 
 127      FE21
 128 0599 4B636708 		.ascii	"Kcg\010\")F\004\361\304\000\304\351\010I\304\351\012"
 128      22294604 
 128      F1C400C4 
 128      E90849C4 
 128      E90A
 129 05ab 87C4E91A 		.ascii	"\207\304\351\032U\304\351\036U%g\304\370\314P\304\370"
 129      55C4E91E 
 129      552567C4 
 129      F8CC50C4 
 129      F8
 130 05bc 80502663 		.ascii	"\200P&c\377\367\312\376\027K\304\370\3340)F\004\361"
 130      FFF7CAFE 
 130      174BC4F8 
 130      DC302946 
 130      04F1
 131 05ce 68030822 		.ascii	"h\003\010\"\004\365\226p\304\370\2100\304\351#\230\304"
 131      04F59670 
 131      C4F88830 
 131      C4E92398 
 131      C4
 132 05df E92576C4 		.ascii	"\351%v\304\3514U\304\3518U\304\370\330P\304\3704Q\304"
 132      E93455C4 
 132      E93855C4 
 132      F8D850C4 
 132      F83451C4 
 133 05f3 F8E850FF 		.ascii	"\370\350P\377\367\257\376\004\361\320\003\304\351=\230"
 133      F7AFFE04 
 133      F1D003C4 
 133      E93D98
 134 0602 C4E93F76 		.ascii	"\304\351?v\304\370\3600\275\350\370\203\000\277\320"
 134      C4F8F030 
ARM GAS  /tmp/ccrF5U41.s 			page 9


 134      BDE8F883 
 134      00BFD0
 135 0611 0F000005 		.ascii	"\017\000\000\005\005\000\000M\015\000\000q\015\000\000"
 135      0500004D 
 135      0D000071 
 135      0D0000
 136 0620 09000100 		.ascii	"\011\000\001\000\022\000\002\000\345\014\000\000\015"
 136      12000200 
 136      E50C0000 
 136      0D
 137 062d 0D0000F8 		.ascii	"\015\000\000\370\265%K\323\37081\006F\000+<\320#O\327"
 137      B5254BD3 
 137      F8383106 
 137      46002B3C 
 137      D0234FD7 
 138 0641 E9013401 		.ascii	"\351\0014\001;\004\325\035\340Z\034\004\361h\004\031"
 138      3B04D51D 
 138      E05A1C04 
 138      F1680419 
 139 0651 D0B4F90C 		.ascii	"\320\264\371\014P\001;\000-\366\321\034K\343`\304\351"
 139      50013B00 
 139      2DF6D11C 
 139      4BE360C4 
 139      E9
 140 0662 0155C4E9 		.ascii	"\001U\304\351\004Uef%`\245a\010\")F\004\361\\\000\377"
 140      04556566 
 140      2560A561 
 140      08222946 
 140      04F15C00 
 141 0677 F76FFEC4 		.ascii	"\367o\376\304\351\015U\304\351\022U F\370\275=h\015"
 141      E90D55C4 
 141      E9125520 
 141      46F8BD3D 
 141      680D
 142 0689 B12F46D8 		.ascii	"\261/F\330\347O\364\326q0F\000\360P\371\004F\200\261"
 142      E74FF4D6 
 142      71304600 
 142      F050F904 
 142      4680B1
 143 069c 0423C0E9 		.ascii	"\004#\300\351\000S\0140)F\240`O\364\320r%F\377\367S"
 143      00530C30 
 143      2946A060 
 143      4FF4D072 
 143      2546FFF7 
 144 06b1 FE3C602F 		.ascii	"\376<`/F\303\347\377\367R\377\277\347\014#8`3`\335\347"
 144      46C3E7FF 
 144      F752FFBF 
 144      E70C2338 
 144      603360DD 
 145 06c6 00BFD00F 		.ascii	"\000\277\320\017\000\000\240\017\000\000\001\000\377"
 145      0000A00F 
 145      00000100 
 145      FF
 146 06d3 FF036A03 		.ascii	"\377\003j\003\261pG\004K\004J\323\37081\002b\000+\367"
 146      B1704704 
 146      4B044AD3 
 146      F8383102 
ARM GAS  /tmp/ccrF5U41.s 			page 10


 146      62002BF7 
 147 06e7 D13AE700 		.ascii	"\321:\347\000\277\320\017\000\000\035\005\000\000pG"
 147      BFD00F00 
 147      001D0500 
 147      007047
 148 06f6 00BF7047 		.ascii	"\000\277pG\000\277\002J\003I\000 \000\360\367\271\000"
 148      00BF024A 
 148      03490020 
 148      00F0F7B9 
 148      00
 149 0707 BFA00F00 		.ascii	"\277\240\017\000\000\001\005\000\000\002J\003I\000 "
 149      00010500 
 149      00024A03 
 149      490020
 150 0716 00F0EDB9 		.ascii	"\000\360\355\271\000\277\240\017\000\000]\005\000\000"
 150      00BFA00F 
 150      00005D05 
 150      0000
 151 0724 38B5074D 		.ascii	"8\265\007M\000\"\004F\010F*`\377\367+\375C\034\000\320"
 151      00220446 
 151      08462A60 
 151      FFF72BFD 
 151      431C00D0 
 152 0738 38BD2B68 		.ascii	"8\275+h\000+\373\320#`8\275\240\021\000\000\261\371"
 152      002BFBD0 
 152      236038BD 
 152      A0110000 
 152      B1F9
 153 074a 0C302DE9 		.ascii	"\0140-\351\360A\036\007\014F\200F=\324Jh\000*V\335\345"
 153      F0411E07 
 153      0C468046 
 153      3DD44A68 
 153      002A56DD 
 154 075f 6A002D34 		.ascii	"j\000-4\320\000\"\330\370\000`\310\370\000 \023\364"
 154      D00022D8 
 154      F80060C8 
 154      F8002013 
 154      F4
 155 0770 8052216A 		.ascii	"\200R!jW\321\001#@F\250GE\034\002Ff\320\264\371\014"
 155      57D10123 
 155      4046A847 
 155      451C0246 
 155      66D0B4F9 
 156 0785 30E56A21 		.ascii	"0\345j!jX\007\005\325ch\322\032ck\013\261#l\322\032"
 156      6A580705 
 156      D56368D2 
 156      1A636B0B 
 156      B1236CD2 
 157 079a 00234046 		.ascii	"\000#@F\250GC\034B\320\000#c`#i#`\243\211\337\004\000"
 157      A847431C 
 157      42D00023 
 157      63602369 
 157      2360A389 
 158 07b1 D5606561 		.ascii	"\325`eak\310\370\000`A\261\004\361D\003\231B\002\320"
 158      6BC8F800 
 158      6041B104 
 158      F1440399 
ARM GAS  /tmp/ccrF5U41.s 			page 11


 158      4202D0
 159 07c4 404600F0 		.ascii	"@F\000\3607\371\000#cc\000 "
 159      37F90023 
 159      63630020 
 160 07d0 BDE8F081 		.ascii	"\275\350\360\201\016i\000.\371\320\233\007\015h\010"
 160      0E69002E 
 160      F9D09B07 
 160      0D6808
 161 07df BF4B690E 		.ascii	"\277Ki\016`\030\277\000#\255\033\213`\013\340+F2F!j"
 161      6018BF00 
 161      23AD1B8B 
 161      600BE02B 
 161      46324621 
 162 07f4 A76A4046 		.ascii	"\247j@F\270G\260\361\000\014\245\353\014\005fD\006\335"
 162      B847B0F1 
 162      000CA5EB 
 162      0C056644 
 162      06DD
 163 0806 002DF1DC 		.ascii	"\000-\361\334\340\347\012l\000*\245\334\334\347\264"
 163      E0E70A6C 
 163      002AA5DC 
 163      DCE7B4
 164 0815 F90C3043 		.ascii	"\371\0140C\360@\003\243\201O\360\3770\275\350\360\201"
 164      F04003A3 
 164      814FF0FF 
 164      30BDE8F0 
 164      81
 165 0826 626DAFE7 		.ascii	"bm\257\347\330\370\000\020\264\371\0140\035)\360\330"
 165      D8F80010 
 165      B4F90C30 
 165      1D29F0D8 
 166 0836 0C4ACA40 		.ascii	"\014J\312@\325\007\354\325\"i\"`\000\"b`\332\004\264"
 166      D507ECD5 
 166      22692260 
 166      00226260 
 166      DA04B4
 167 0849 D50029B1 		.ascii	"\325\000)\261\320\261\347\330\370\0000\000+\224\320"
 167      D0B1E7D8 
 167      F8003000 
 167      2B94D0
 168 0858 1D2B01D0 		.ascii	"\035+\001\320\026+\331\321\310\370\000`\263\347\000"
 168      162BD9D1 
 168      C8F80060 
 168      B3E700
 169 0867 BF010040 		.ascii	"\277\001\000@ \013i\263\261\020\265\004F\202\260\010"
 169      200B69B3 
 169      B110B504 
 169      4682B008 
 170 0877 B1036A5B 		.ascii	"\261\003j[\261\261\371\0140\023\271\000 \002\260\020"
 170      B1B1F90C 
 170      3013B900 
 170      2002B010 
 171 0887 BD204602 		.ascii	"\275 F\002\260\275\350\020@\377\367Z\277\001\221\377"
 171      B0BDE810 
 171      40FFF75A 
 171      BF0191FF 
 172 0897 F71DFF01 		.ascii	"\367\035\377\001\231\356\347\000 pG\000\277\270\261"
ARM GAS  /tmp/ccrF5U41.s 			page 12


 172      99EEE700 
 172      20704700 
 172      BFB8B1
 173 08a6 38B50D4A 		.ascii	"8\265\015J\003i\025h\004F+\261\015\261+jS\261\264\371"
 173      03691568 
 173      04462BB1 
 173      0DB12B6A 
 173      53B1B4F9 
 174 08ba 0C300BB9 		.ascii	"\0140\013\271\000 8\275!F(F\275\3508@\377\367=\277("
 174      002038BD 
 174      21462846 
 174      BDE83840 
 174      FFF73DBF 
 175 08cf 46FFF700 		.ascii	"F\377\367\000\377\360\347\003J\003I\004H\000\360\012"
 175      FFF0E703 
 175      4A034904 
 175      4800F00A 
 176 08df B9500F00 		.ascii	"\271P\017\000\000\240\017\000\000m\010\000\000T\017"
 176      00A00F00 
 176      006D0800 
 176      00540F
 177 08ee 000070B5 		.ascii	"\000\000p\265\020N3h\005F\014F\263\261!F(F\000\360\336"
 177      104E3368 
 177      05460C46 
 177      B3B12146 
 177      284600F0 
 178 0903 F9431C0C 		.ascii	"\371C\034\014\320\304\034$\360\003\004\240B\005\320"
 178      D0C41C24 
 178      F00304A0 
 178      4205D0
 179 0912 211A2846 		.ascii	"!\032(F\000\360\323\371\0010\001\320 Fp\275O\360\377"
 179      00F0D3F9 
 179      013001D0 
 179      204670BD 
 179      4FF0FF
 180 0925 34204670 		.ascii	"4 Fp\275\031F\000\360\310\3710`\343\347\014\021\000"
 180      BD194600 
 180      F0C8F930 
 180      60E3E70C 
 180      1100
 181 0937 002DE9F8 		.ascii	"\000-\351\370C\315\034%\360\003\005\0105\014-8\277\014"
 181      43CD1C25 
 181      F0030508 
 181      350C2D38 
 181      BF0C
 182 0949 25002D06 		.ascii	"%\000-\006F\030\333\251B\026\330\337\370\334\200\000"
 182      4618DBA9 
 182      4216D8DF 
 182      F8DC8000 
 183 0959 F0AEF9D8 		.ascii	"\360\256\371\330\370\004 \242\261\024F\003\340ch\"F"
 183      F80420A2 
 183      B1144603 
 183      E0636822 
 183      46
 184 096a 7BB11C46 		.ascii	"{\261\034F#h[\033\370\324\013+\037\330\224BchT\320S"
 184      23685B1B 
 184      F8D40B2B 
ARM GAS  /tmp/ccrF5U41.s 			page 13


 184      1FD89442 
 184      636854D0 
 185 097f 600CE00C 		.ascii	"`\014\340\014#3`\000 \275\350\370\203)F0F\377\367\256"
 185      23336000 
 185      20BDE8F8 
 185      83294630 
 185      46FFF7AE 
 186 0993 FF431C04 		.ascii	"\377C\034\004F\031\320\005`0F\000\360\215\371\004\361"
 186      4619D005 
 186      60304600 
 186      F08DF904 
 186      F1
 187 09a4 0B00231D 		.ascii	"\013\000#\035 \360\007\000\302\032\034\277\033\032\243"
 187      20F00700 
 187      C21A1CBF 
 187      1B1AA3
 188 09b3 50BDE8F8 		.ascii	"P\275\350\370\203a\031\224B%`\024\277Q`\310\370\004"
 188      83611994 
 188      42256014 
 188      BF5160C8 
 188      F804
 189 09c5 10635163 		.ascii	"\020cQchK`\346\347\330\370\004p\037\263<F\177h\000/"
 189      684B60E6 
 189      E7D8F804 
 189      701FB33C 
 189      467F6800 
 190 09da FBD12368 		.ascii	"\373\321#h9F0F\004\353\003\011\000\360k\371\201E\026"
 190      39463046 
 190      04EB0309 
 190      00F06BF9 
 190      814516
 191 09ed D12368ED 		.ascii	"\321#h\355\032)F0F\377\367{\377\0010\016\320#h\330\370"
 191      1A294630 
 191      46FFF77B 
 191      FF01300E 
 191      D02368D8 
 192 0a02 04202B44 		.ascii	"\004 +D#`Sh\203\261\243B\003\320\032F[h\234B\373\321"
 192      23605368 
 192      83B1A342 
 192      03D01A46 
 192      5B689C42 
 193 0a18 0023B0E7 		.ascii	"\000#\260\347\014#3`0F\000\360K\371\256\347\310\370"
 193      0C233360 
 193      304600F0 
 193      4BF9AEE7 
 193      C8F8
 194 0a2a 0430B6E7 		.ascii	"\0040\266\347\310\370\004p\263\347\014\021\000\000\000"
 194      C8F80470 
 194      B3E70C11 
 194      000000
 195 0a39 2950D038 		.ascii	")P\3208\265Q\370\004<\014\037\000+\270\277\344\030\005"
 195      B551F804 
 195      3C0C1F00 
 195      2BB8BFE4 
 195      1805
 196 0a4b 4600F034 		.ascii	"F\000\3604\371'J\023h+\261\243B\014\331!h`\030\203B"
 196      F9274A13 
ARM GAS  /tmp/ccrF5U41.s 			page 14


 196      682BB1A3 
 196      420CD921 
 196      68601883 
 197 0a60 2CD06360 		.ascii	",\320c`(F\024`\275\3508@\000\360&\271\243B\017\330\032"
 197      28461460 
 197      BDE83840 
 197      00F026B9 
 197      A3420FD8 
 198 0a75 465B6800 		.ascii	"F[h\000+\371\321\021hP\030\204B\027\320,\323c`T`(F\275"
 198      2BF9D111 
 198      68501884 
 198      4217D02C 
 198      D3636054 
 199 0a8d E8384000 		.ascii	"\3508@\000\360\024\271\021hP\030\240B\024\320 \330!"
 199      F014B911 
 199      685018A0 
 199      4214D020 
 199      D821
 200 0a9f 68601883 		.ascii	"h`\030\203B\357\321\030h[h\010D\304\351\000\003T`\352"
 200      42EFD118 
 200      685B6808 
 200      44C4E900 
 200      035460EA 
 201 0ab3 E723680B 		.ascii	"\347#h\013D\023`\346\347\030h[h\010D `\315\347 h\001"
 201      441360E6 
 201      E718685B 
 201      68084420 
 201      60CDE720 
 202 0ac9 44501883 		.ascii	"DP\030\203B\021`\333\321\323\351\000\004\001D\302\351"
 202      421160DB 
 202      D1D3E900 
 202      040144C2 
 202      E9
 203 0ada 0014D5E7 		.ascii	"\000\024\325\347pG\014#+`(F\275\3508@\000\360\347\270"
 203      70470C23 
 203      2B602846 
 203      BDE83840 
 203      00F0E7B8 
 204 0aee 00BF1011 		.ascii	"\000\277\020\021\000\000-\351\370C\007F\210F\026FO\360"
 204      00002DE9 
 204      F8430746 
 204      88461646 
 204      4FF0
 205 0b00 0009D6E9 		.ascii	"\000\011\326\351\001T\001=\020\324\243\211\001+\010"
 205      0154013D 
 205      10D4A389 
 205      012B08
 206 0b0f D9B4F90E 		.ascii	"\331\264\371\0160\0013!F8F\002\320\300GI\352\000\011"
 206      30013321 
 206      46384602 
 206      D0C04749 
 206      EA0009
 207 0b22 013D6B1C 		.ascii	"\001=k\034\004\361h\004\356\3216h\000.\347\321HF\275"
 207      04F16804 
 207      EED13668 
 207      002EE7D1 
 207      4846BD
ARM GAS  /tmp/ccrF5U41.s 			page 15


 208 0b35 E8F883F0 		.ascii	"\350\370\203\360\265&L%h\203\260\006F\017F\005\263l"
 208      B5264C25 
 208      6883B006 
 208      460F4605 
 208      B36C
 209 0b47 681F2C3F 		.ascii	"h\037,?\334\246\261\325\370\210\000H\263\320\370\000"
 209      DCA6B1D5 
 209      F8880048 
 209      B3D0F800 
 210 0b57 1140F824 		.ascii	"\021@\370$ O\360\001\014\014\372\004\374\000\353\204"
 210      204FF001 
 210      0C0CFA04 
 210      FC00EB84 
 211 0b67 024CEA01 		.ascii	"\002L\352\001\001\002.\300\370\000\021\302\370\2000"
 211      01022EC0 
 211      F80011C2 
 211      F88030
 212 0b76 10D0A31C 		.ascii	"\020\320\243\034\0014l`E\370#p\000 \003\260\360\275"
 212      01346C60 
 212      45F82370 
 212      002003B0 
 212      F0BD
 213 0b88 13481449 		.ascii	"\023H\024I!`\020\261\000h\301\370\210\000\021M\325\347"
 213      216010B1 
 213      0068C1F8 
 213      8800114D 
 213      D5E7
 214 0b9a D0F80431 		.ascii	"\320\370\0041C\352\014\003\300\370\0041\347\347\015"
 214      43EA0C03 
 214      C0F80431 
 214      E7E70D
 215 0ba9 49CDE900 		.ascii	"I\315\351\000#i\261O\364\204p\257\363\000\200@\261\000"
 215      2369B14F 
 215      F48470AF 
 215      F3008040 
 215      B100
 216 0bbb 21C0E940 		.ascii	"!\300\351@\021\335\351\000#lh\305\370\210\000\305\347"
 216      11DDE900 
 216      236C68C5 
 216      F88800C5 
 216      E7
 217 0bcc 4FF0FF30 		.ascii	"O\360\3770\330\347\000\277\244\021\000\000\000\000\000"
 217      D8E700BF 
 217      A4110000 
 217      000000
 218 0bdb 00141100 		.ascii	"\000\024\021\000\000\000\000\000\0003K\033h\203Ba\320"
 218      00000000 
 218      00334B1B 
 218      68834261 
 218      D0
 219 0bec C26970B5 		.ascii	"\302ip\265\005F\000*S\320\321h\221\261\000&\214YD\261"
 219      0546002A 
 219      53D0D168 
 219      91B10026 
 219      8C5944B1 
 220 0c00 21462468 		.ascii	"!F$h(F\377\367\027\377\000,\370\321\353i\331h\0046\200"
 220      2846FFF7 
ARM GAS  /tmp/ccrF5U41.s 			page 16


 220      17FF002C 
 220      F8D1EB69 
 220      D9680436 
 221 0c15 2EF1D128 		.ascii	".\361\321(F\377\367\015\377\352i\021h\031\261(F\377"
 221      46FFF70D 
 221      FFEA6911 
 221      6819B128 
 221      46FF
 222 0c27 F707FFEA 		.ascii	"\367\007\377\352i\224h\000,:\320!F$h(F\377\367\376\376"
 222      69946800 
 222      2C3AD021 
 222      46246828 
 222      46FFF7FE 
 223 0c3c 002CF8D1 		.ascii	"\000,\370\321ii\021\261(F\377\367\367\376\352i\032\261"
 223      696911B1 
 223      2846FFF7 
 223      F7FEEA69 
 223      1AB1
 224 0c4e 11462846 		.ascii	"\021F(F\377\367\361\376)k\021\261(F\377\367\354\376"
 224      FFF7F1FE 
 224      296B11B1 
 224      2846FFF7 
 224      ECFE
 225 0c60 696B11B1 		.ascii	"ik\021\261(F\377\367\347\376\251k\021\261(F\377\367"
 225      2846FFF7 
 225      E7FEA96B 
 225      11B12846 
 225      FFF7
 226 0c72 E2FEA96C 		.ascii	"\342\376\251l\021\261(F\377\367\335\376il\021\261(F"
 226      11B12846 
 226      FFF7DDFE 
 226      696C11B1 
 226      2846
 227 0c84 FFF7D8FE 		.ascii	"\377\367\330\376\351j\021\261(F\377\367\323\376+j;\261"
 227      E96A11B1 
 227      2846FFF7 
 227      D3FE2B6A 
 227      3BB1
 228 0c96 2846BDE8 		.ascii	"(F\275\350p@\030GAi\000)\317\321\327\347p\275ii\000"
 228      70401847 
 228      41690029 
 228      CFD1D7E7 
 228      70BD6969 
 229 0cab 29CAD1CE 		.ascii	")\312\321\316\347pG\000\277P\017\000\000pG\000\277p"
 229      E7704700 
 229      BF500F00 
 229      00704700 
 229      BF70
 230 0cbd 4700BF38 		.ascii	"G\000\2778\265\007M\000\"\004F\010F*`\377\367\204\372"
 230      B5074D00 
 230      22044608 
 230      462A60FF 
 230      F784FA
 231 0cd0 431C00D0 		.ascii	"C\034\000\3208\275+h\000+\373\320#`8\275\240\021\000"
 231      38BD2B68 
 231      002BFBD0 
 231      236038BD 
ARM GAS  /tmp/ccrF5U41.s 			page 17


 231      A01100
 232 0ce3 0010B50C 		.ascii	"\000\020\265\014F\261\371\016\020\000\360\246\370\000"
 232      46B1F90E 
 232      1000F0A6 
 232      F800
 233 0cf1 2803DB63 		.ascii	"(\003\333cm\003Dce\020\275\243\211#\364\200S\243\201"
 233      6D034463 
 233      6510BDA3 
 233      8923F480 
 233      53A381
 234 0d04 10BD00BF 		.ascii	"\020\275\000\277\000 pG-\351\360A\014F\261\371\014\020"
 234      00207047 
 234      2DE9F041 
 234      0C46B1F9 
 234      0C10
 235 0d16 1F46CB05 		.ascii	"\037F\313\005\005F\026F\013\324!\364\200Q\241\201;F"
 235      05461646 
 235      0BD421F4 
 235      8051A181 
 235      3B46
 236 0d28 B4F90E10 		.ascii	"\264\371\016\0202F(F\275\350\360A\377\367\244\273\264"
 236      32462846 
 236      BDE8F041 
 236      FFF7A4BB 
 236      B4
 237 0d39 F90E1002 		.ascii	"\371\016\020\002#\000\"\000\360\222\370\264\371\014"
 237      23002200 
 237      F092F8B4 
 237      F90C
 238 0d47 10EAE700 		.ascii	"\020\352\347\000\277\020\265\014F\261\371\016\020\000"
 238      BF10B50C 
 238      46B1F90E 
 238      1000
 239 0d55 F088F8B4 		.ascii	"\360\210\370\264\371\0140B\034\016\277#\364\200SC\364"
 239      F90C3042 
 239      1C0EBF23 
 239      F4805343 
 239      F4
 240 0d66 80536065 		.ascii	"\200S`e\243\201\020\275\000\277\261\371\016\020\377"
 240      A38110BD 
 240      00BFB1F9 
 240      0E10FF
 241 0d75 F7D6BC2D 		.ascii	"\367\326\274-\351\360O\337\370\270\220\331\370\000`"
 241      E9F04FDF 
 241      F8B890D9 
 241      F80060
 242 0d84 83B0002E 		.ascii	"\203\260\000.4\320\210F\001\220uh\326\370\210pl\036"
 242      34D08846 
 242      01907568 
 242      D6F88870 
 242      6C1E
 243 0d96 2DD40135 		.ascii	"-\324\0015\006\353\205\005\007\361\200\013\270\361\000"
 243      06EB8505 
 243      07F1800B 
 243      B8F100
 244 0da5 0F28D173 		.ascii	"\017(\321sh*h\001;\243B\026\277\000#t`+`\272\261\326"
 244      682A6801 
ARM GAS  /tmp/ccrF5U41.s 			page 18


 244      3BA34216 
 244      BF002374 
 244      602B60BA 
 245 0dbb F804A06F 		.ascii	"\370\004\240o\263\327\370\000\021\001#\243@\013B'\320"
 245      B3D7F800 
 245      110123A3 
 245      400B4227 
 245      D0
 246 0dcc D7F80401 		.ascii	"\327\370\004\001W\370$\020\003B+\321\001\230\220Gsh"
 246      57F82410 
 246      03422BD1 
 246      01989047 
 246      7368
 247 0dde D9F80020 		.ascii	"\331\370\000 SE \321\262B\036\321\001<c\034\245\361"
 247      534520D1 
 247      B2421ED1 
 247      013C631C 
 247      A5F1
 248 0df0 0405D6D1 		.ascii	"\004\005\326\321\003\260\275\350\360\217W\261[\370$"
 248      03B0BDE8 
 248      F08F57B1 
 248      5BF824
 249 0dff 304345D1 		.ascii	"0CE\321\320\001<b\034\245\361\004\005\362\320\000/\364"
 249      D0013C62 
 249      1CA5F104 
 249      05F2D000 
 249      2FF4
 250 0e11 D1013CEE 		.ascii	"\321\001<\356\323\001<\373\322\353\347\220Gsh\331\370"
 250      D3013CFB 
 250      D2EBE790 
 250      477368D9 
 250      F8
 251 0e22 00205345 		.ascii	"\000 SE\336\320\000*\343\320\026F\256\347\010F\220G"
 251      DED0002A 
 251      E3D01646 
 251      AEE70846 
 251      9047
 252 0e34 D2E700BF 		.ascii	"\322\347\000\277\244\021\000\0008\265\014F\010M\204"
 252      A4110000 
 252      38B50C46 
 252      084D84
 253 0e43 46114620 		.ascii	"F\021F F\032F\000#+`dF\377\367\216\371C\034\000\320"
 253      461A4600 
 253      232B6064 
 253      46FFF78E 
 253      F9431C00 
 254 0e58 38BD2B68 		.ascii	"8\275+h\000+\373\320#`8\275\240\021\000\0008\265\014"
 254      002BFBD0 
 254      236038BD 
 254      A0110000 
 254      38B50C
 255 0e6b 46084D84 		.ascii	"F\010M\204F\021F F\032F\000#+`dF\377\367\256\371C\034"
 255      46114620 
 255      461A4600 
 255      232B6064 
 255      46FFF7AE 
 256 0e82 00D038BD 		.ascii	"\000\3208\275+h\000+\373\320#`8\275\240\021\000\000"
ARM GAS  /tmp/ccrF5U41.s 			page 19


 256      2B68002B 
 256      FBD02360 
 256      38BDA011 
 256      0000
 257 0e94 3E410C41 		.ascii	">A\014A\021A'A6A\003A\006A\025A\017A\016A&A\023A)A\002"
 257      11412741 
 257      36410341 
 257      06411541 
 257      0F410E41 
 258 0eaf 4119410A 		.ascii	"A\031A\012A\013A\000\000>A\014A\021A'A6A\003A\006A\025"
 258      410B4100 
 258      003E410C 
 258      41114127 
 258      41364103 
 259 0ec7 410F410E 		.ascii	"A\017A\016A&A\023A)A\002A\031A\012A\013A\000\000\370"
 259      41264113 
 259      41294102 
 259      4119410A 
 259      410B4100 
 260 0edd B500BFF8 		.ascii	"\265\000\277\370\265\000\277\014H8\265\014M\002!xD\377"
 260      B500BF0C 
 260      4838B50C 
 260      4D022178 
 260      44FF
 261 0eef F78DFA7D 		.ascii	"\367\215\372}D\012K\353X\035h\004F(F\377\367\277\371"
 261      440A4BEB 
 261      581D6804 
 261      462846FF 
 261      F7BFF9
 262 0f02 29460246 		.ascii	")F\002F F\377\367\224\372 F\377\367u\372\000 8\275\000"
 262      2046FFF7 
 262      94FA2046 
 262      FFF775FA 
 262      002038BD 
 263 0f17 BF3C0000 		.ascii	"\277<\000\000\000.\361\377\377\014\000\000\000\244\361"
 263      002EF1FF 
 263      FF0C0000 
 263      00A4F1
 264 0f26 FF7F0100 		.ascii	"\377\177\001\000\000\000/dev/ttyS0\000hello world\012"
 264      00002F64 
 264      65762F74 
 264      74795330 
 264      0068656C 
 265 0f43 00A90000 		.ascii	"\000\251\000\000\000\201\000\000\000\000\000\000\000"
 265      00810000 
 265      00000000 
 265      00
 266 0f50 540F0000 		.ascii	"T\017\000\000\000\000\000\000\320\017\000\0008\020\000"
 266      00000000 
 266      D00F0000 
 266      381000
 267 0f5f 00A01000 		.ascii	"\000\240\020\000\000\000\000\000\000\000\000\000\000"
 267      00000000 
 267      00000000 
 267      00
 268 0f6c 00000000 		.ascii	"\000\000\000\000\000\000\000\000\000\000\000\000\000"
 268      00000000 
ARM GAS  /tmp/ccrF5U41.s 			page 20


 268      00000000 
 268      00
 269 0f79 00000000 		.ascii	"\000\000\000\000\000\000\000\000\000\000\000\000\000"
 269      00000000 
 269      00000000 
 269      00
 270 0f86 00000000 		.ascii	"\000\000\000\000\000\000\000\000\000\000\000\000\000"
 270      00000000 
 270      00000000 
 270      00
 271 0f93 00000000 		.ascii	"\000\000\000\000\000\000\000\000\000\000\000\000\000"
 271      00000000 
 271      00000000 
 271      00
 272 0fa0 00000000 		.ascii	"\000\000\000\000\003\000\000\000\320\017\000\000y\015"
 272      03000000 
 272      D00F0000 
 272      790D
 273 0fae 0000370F 		.ascii	"\000\0007\017\000\000"
 273      0000
 274              		.text
 275              	.Letext0:
 276              		.file 2 "/mnt/c/Users/31740/Documents/codes/newcore-rp2350/include/linux/initramfs.h"
ARM GAS  /tmp/ccrF5U41.s 			page 21


DEFINED SYMBOLS
                            *ABS*:00000000 ei612psm_helloworld.c
     /tmp/ccrF5U41.s:22     .rodata.str1.4:00000000 $d
     /tmp/ccrF5U41.s:26     .init_ramfs_files:00000000 $d
     /tmp/ccrF5U41.s:29     .init_ramfs_files:00000000 register_file_file_data
     /tmp/ccrF5U41.s:39     .rodata.filedata:00000000 filedata
     /tmp/ccrF5U41.s:36     .rodata.filedata:00000000 $d

NO UNDEFINED SYMBOLS
