ARM GAS  /tmp/cclimlGA.s 			page 1


   1              		.cpu cortex-m33
   2              		.arch armv8-m.main
   3              		.fpu fpv4-sp-d16
   4              		.arch_extension dsp
   5              		.eabi_attribute 27, 1
   6              		.eabi_attribute 28, 1
   7              		.eabi_attribute 20, 1
   8              		.eabi_attribute 21, 1
   9              		.eabi_attribute 23, 3
  10              		.eabi_attribute 24, 1
  11              		.eabi_attribute 25, 1
  12              		.eabi_attribute 26, 1
  13              		.eabi_attribute 30, 1
  14              		.eabi_attribute 34, 1
  15              		.eabi_attribute 18, 4
  16              		.file	"fdt_check.c"
  17              		.text
  18              	.Ltext0:
  19              		.cfi_sections	.debug_frame
  20              		.file 1 "/mnt/c/Users/31740/Documents/codes/newcore-rp2350/lib/fdt/fdt_check.c"
  21              		.section	.text.fdt_check_full,"ax",%progbits
  22              		.align	1
  23              		.global	fdt_check_full
  24              		.syntax unified
  25              		.thumb
  26              		.thumb_func
  28              	fdt_check_full:
  29              	.LVL0:
  30              	.LFB75:
   1:/mnt/c/Users/31740/Documents/codes/newcore-rp2350/lib/fdt/fdt_check.c **** // SPDX-License-Identifier: (GPL-2.0-or-later OR BSD-2-Clause)
   2:/mnt/c/Users/31740/Documents/codes/newcore-rp2350/lib/fdt/fdt_check.c **** /*
   3:/mnt/c/Users/31740/Documents/codes/newcore-rp2350/lib/fdt/fdt_check.c ****  * libfdt - Flat Device Tree manipulation
   4:/mnt/c/Users/31740/Documents/codes/newcore-rp2350/lib/fdt/fdt_check.c ****  * Copyright (C) 2006 David Gibson, IBM Corporation.
   5:/mnt/c/Users/31740/Documents/codes/newcore-rp2350/lib/fdt/fdt_check.c ****  */
   6:/mnt/c/Users/31740/Documents/codes/newcore-rp2350/lib/fdt/fdt_check.c **** #include <linux/libfdt_env.h>
   7:/mnt/c/Users/31740/Documents/codes/newcore-rp2350/lib/fdt/fdt_check.c **** 
   8:/mnt/c/Users/31740/Documents/codes/newcore-rp2350/lib/fdt/fdt_check.c **** #include <linux/fdt.h>
   9:/mnt/c/Users/31740/Documents/codes/newcore-rp2350/lib/fdt/fdt_check.c **** #include <linux/libfdt.h>
  10:/mnt/c/Users/31740/Documents/codes/newcore-rp2350/lib/fdt/fdt_check.c **** 
  11:/mnt/c/Users/31740/Documents/codes/newcore-rp2350/lib/fdt/fdt_check.c **** 
  12:/mnt/c/Users/31740/Documents/codes/newcore-rp2350/lib/fdt/fdt_check.c **** #include "libfdt_internal.h"
  13:/mnt/c/Users/31740/Documents/codes/newcore-rp2350/lib/fdt/fdt_check.c **** 
  14:/mnt/c/Users/31740/Documents/codes/newcore-rp2350/lib/fdt/fdt_check.c **** int fdt_check_full(const void *fdt, size_t bufsize)
  15:/mnt/c/Users/31740/Documents/codes/newcore-rp2350/lib/fdt/fdt_check.c **** {
  31              		.loc 1 15 1 view -0
  32              		.cfi_startproc
  33              		@ args = 0, pretend = 0, frame = 16
  34              		@ frame_needed = 0, uses_anonymous_args = 0
  35              		.loc 1 15 1 is_stmt 0 view .LVU1
  36 0000 2DE9F041 		push	{r4, r5, r6, r7, r8, lr}
  37              	.LCFI0:
  38              		.cfi_def_cfa_offset 24
  39              		.cfi_offset 4, -24
  40              		.cfi_offset 5, -20
  41              		.cfi_offset 6, -16
  42              		.cfi_offset 7, -12
  43              		.cfi_offset 8, -8
ARM GAS  /tmp/cclimlGA.s 			page 2


  44              		.cfi_offset 14, -4
  45 0004 84B0     		sub	sp, sp, #16
  46              	.LCFI1:
  47              		.cfi_def_cfa_offset 40
  16:/mnt/c/Users/31740/Documents/codes/newcore-rp2350/lib/fdt/fdt_check.c **** 	int err;
  48              		.loc 1 16 2 is_stmt 1 view .LVU2
  17:/mnt/c/Users/31740/Documents/codes/newcore-rp2350/lib/fdt/fdt_check.c **** 	int num_memrsv;
  49              		.loc 1 17 2 view .LVU3
  18:/mnt/c/Users/31740/Documents/codes/newcore-rp2350/lib/fdt/fdt_check.c **** 	int offset, nextoffset = 0;
  50              		.loc 1 18 2 view .LVU4
  51              		.loc 1 18 14 is_stmt 0 view .LVU5
  52 0006 0023     		movs	r3, #0
  53 0008 0293     		str	r3, [sp, #8]
  19:/mnt/c/Users/31740/Documents/codes/newcore-rp2350/lib/fdt/fdt_check.c **** 	uint32_t tag;
  54              		.loc 1 19 2 is_stmt 1 view .LVU6
  20:/mnt/c/Users/31740/Documents/codes/newcore-rp2350/lib/fdt/fdt_check.c **** 	unsigned int depth = 0;
  55              		.loc 1 20 2 view .LVU7
  56              	.LVL1:
  21:/mnt/c/Users/31740/Documents/codes/newcore-rp2350/lib/fdt/fdt_check.c **** 	const void *prop;
  57              		.loc 1 21 2 view .LVU8
  22:/mnt/c/Users/31740/Documents/codes/newcore-rp2350/lib/fdt/fdt_check.c **** 	const char *propname;
  58              		.loc 1 22 2 view .LVU9
  23:/mnt/c/Users/31740/Documents/codes/newcore-rp2350/lib/fdt/fdt_check.c **** 	bool expect_end = false;
  59              		.loc 1 23 2 view .LVU10
  24:/mnt/c/Users/31740/Documents/codes/newcore-rp2350/lib/fdt/fdt_check.c **** 
  25:/mnt/c/Users/31740/Documents/codes/newcore-rp2350/lib/fdt/fdt_check.c **** 	if (bufsize < FDT_V1_SIZE)
  60              		.loc 1 25 2 view .LVU11
  61              		.loc 1 25 5 is_stmt 0 view .LVU12
  62 000a 1B29     		cmp	r1, #27
  63 000c 75D9     		bls	.L13
  64 000e 0446     		mov	r4, r0
  65 0010 0D46     		mov	r5, r1
  26:/mnt/c/Users/31740/Documents/codes/newcore-rp2350/lib/fdt/fdt_check.c **** 		return -FDT_ERR_TRUNCATED;
  27:/mnt/c/Users/31740/Documents/codes/newcore-rp2350/lib/fdt/fdt_check.c **** 	if (bufsize < fdt_header_size(fdt))
  66              		.loc 1 27 2 is_stmt 1 view .LVU13
  67              		.loc 1 27 16 is_stmt 0 view .LVU14
  68 0012 FFF7FEFF 		bl	fdt_header_size
  69              	.LVL2:
  70              		.loc 1 27 5 discriminator 1 view .LVU15
  71 0016 A842     		cmp	r0, r5
  72 0018 72D8     		bhi	.L14
  28:/mnt/c/Users/31740/Documents/codes/newcore-rp2350/lib/fdt/fdt_check.c **** 		return -FDT_ERR_TRUNCATED;
  29:/mnt/c/Users/31740/Documents/codes/newcore-rp2350/lib/fdt/fdt_check.c **** 	err = fdt_check_header(fdt);
  73              		.loc 1 29 2 is_stmt 1 view .LVU16
  74              		.loc 1 29 8 is_stmt 0 view .LVU17
  75 001a 2046     		mov	r0, r4
  76 001c FFF7FEFF 		bl	fdt_check_header
  77              	.LVL3:
  78 0020 0646     		mov	r6, r0
  79              		.loc 1 29 6 discriminator 1 view .LVU18
  80 0022 0390     		str	r0, [sp, #12]
  30:/mnt/c/Users/31740/Documents/codes/newcore-rp2350/lib/fdt/fdt_check.c **** 	if (err != 0)
  81              		.loc 1 30 2 is_stmt 1 view .LVU19
  82              		.loc 1 30 5 is_stmt 0 view .LVU20
  83 0024 80B9     		cbnz	r0, .L1
  31:/mnt/c/Users/31740/Documents/codes/newcore-rp2350/lib/fdt/fdt_check.c **** 		return err;
  32:/mnt/c/Users/31740/Documents/codes/newcore-rp2350/lib/fdt/fdt_check.c **** 	if (bufsize < fdt_totalsize(fdt))
ARM GAS  /tmp/cclimlGA.s 			page 3


  84              		.loc 1 32 2 is_stmt 1 view .LVU21
  85              	.LVL4:
  86              	.LBB5:
  87              	.LBI5:
  88              		.file 2 "/mnt/c/Users/31740/Documents/codes/newcore-rp2350/include/linux/libfdt.h"
   1:/mnt/c/Users/31740/Documents/codes/newcore-rp2350/include/linux/libfdt.h **** /* SPDX-License-Identifier: (GPL-2.0-or-later OR BSD-2-Clause) */
   2:/mnt/c/Users/31740/Documents/codes/newcore-rp2350/include/linux/libfdt.h **** #ifndef LIBFDT_H
   3:/mnt/c/Users/31740/Documents/codes/newcore-rp2350/include/linux/libfdt.h **** #define LIBFDT_H
   4:/mnt/c/Users/31740/Documents/codes/newcore-rp2350/include/linux/libfdt.h **** /*
   5:/mnt/c/Users/31740/Documents/codes/newcore-rp2350/include/linux/libfdt.h ****  * libfdt - Flat Device Tree manipulation
   6:/mnt/c/Users/31740/Documents/codes/newcore-rp2350/include/linux/libfdt.h ****  * Copyright (C) 2006 David Gibson, IBM Corporation.
   7:/mnt/c/Users/31740/Documents/codes/newcore-rp2350/include/linux/libfdt.h ****  */
   8:/mnt/c/Users/31740/Documents/codes/newcore-rp2350/include/linux/libfdt.h **** 
   9:/mnt/c/Users/31740/Documents/codes/newcore-rp2350/include/linux/libfdt.h **** #include <linux/libfdt_env.h>
  10:/mnt/c/Users/31740/Documents/codes/newcore-rp2350/include/linux/libfdt.h **** #include <linux/fdt.h>
  11:/mnt/c/Users/31740/Documents/codes/newcore-rp2350/include/linux/libfdt.h **** 
  12:/mnt/c/Users/31740/Documents/codes/newcore-rp2350/include/linux/libfdt.h **** #ifdef __cplusplus
  13:/mnt/c/Users/31740/Documents/codes/newcore-rp2350/include/linux/libfdt.h **** extern "C" {
  14:/mnt/c/Users/31740/Documents/codes/newcore-rp2350/include/linux/libfdt.h **** #endif
  15:/mnt/c/Users/31740/Documents/codes/newcore-rp2350/include/linux/libfdt.h **** 
  16:/mnt/c/Users/31740/Documents/codes/newcore-rp2350/include/linux/libfdt.h **** 
  17:/mnt/c/Users/31740/Documents/codes/newcore-rp2350/include/linux/libfdt.h **** extern const uint8_t __dtb_file_start_address[];
  18:/mnt/c/Users/31740/Documents/codes/newcore-rp2350/include/linux/libfdt.h **** extern const uint8_t __dtb_file_end_address[];
  19:/mnt/c/Users/31740/Documents/codes/newcore-rp2350/include/linux/libfdt.h **** 
  20:/mnt/c/Users/31740/Documents/codes/newcore-rp2350/include/linux/libfdt.h **** #define FDT_FIRST_SUPPORTED_VERSION	0x02
  21:/mnt/c/Users/31740/Documents/codes/newcore-rp2350/include/linux/libfdt.h **** #define FDT_LAST_COMPATIBLE_VERSION	0x10
  22:/mnt/c/Users/31740/Documents/codes/newcore-rp2350/include/linux/libfdt.h **** #define FDT_LAST_SUPPORTED_VERSION	0x11
  23:/mnt/c/Users/31740/Documents/codes/newcore-rp2350/include/linux/libfdt.h **** 
  24:/mnt/c/Users/31740/Documents/codes/newcore-rp2350/include/linux/libfdt.h **** /* Error codes: informative error codes */
  25:/mnt/c/Users/31740/Documents/codes/newcore-rp2350/include/linux/libfdt.h **** #define FDT_ERR_NOTFOUND	1
  26:/mnt/c/Users/31740/Documents/codes/newcore-rp2350/include/linux/libfdt.h **** 	/* FDT_ERR_NOTFOUND: The requested node or property does not exist */
  27:/mnt/c/Users/31740/Documents/codes/newcore-rp2350/include/linux/libfdt.h **** #define FDT_ERR_EXISTS		2
  28:/mnt/c/Users/31740/Documents/codes/newcore-rp2350/include/linux/libfdt.h **** 	/* FDT_ERR_EXISTS: Attempted to create a node or property which
  29:/mnt/c/Users/31740/Documents/codes/newcore-rp2350/include/linux/libfdt.h **** 	 * already exists */
  30:/mnt/c/Users/31740/Documents/codes/newcore-rp2350/include/linux/libfdt.h **** #define FDT_ERR_NOSPACE		3
  31:/mnt/c/Users/31740/Documents/codes/newcore-rp2350/include/linux/libfdt.h **** 	/* FDT_ERR_NOSPACE: Operation needed to expand the device
  32:/mnt/c/Users/31740/Documents/codes/newcore-rp2350/include/linux/libfdt.h **** 	 * tree, but its buffer did not have sufficient space to
  33:/mnt/c/Users/31740/Documents/codes/newcore-rp2350/include/linux/libfdt.h **** 	 * contain the expanded tree. Use fdt_open_into() to move the
  34:/mnt/c/Users/31740/Documents/codes/newcore-rp2350/include/linux/libfdt.h **** 	 * device tree to a buffer with more space. */
  35:/mnt/c/Users/31740/Documents/codes/newcore-rp2350/include/linux/libfdt.h **** 
  36:/mnt/c/Users/31740/Documents/codes/newcore-rp2350/include/linux/libfdt.h **** /* Error codes: codes for bad parameters */
  37:/mnt/c/Users/31740/Documents/codes/newcore-rp2350/include/linux/libfdt.h **** #define FDT_ERR_BADOFFSET	4
  38:/mnt/c/Users/31740/Documents/codes/newcore-rp2350/include/linux/libfdt.h **** 	/* FDT_ERR_BADOFFSET: Function was passed a structure block
  39:/mnt/c/Users/31740/Documents/codes/newcore-rp2350/include/linux/libfdt.h **** 	 * offset which is out-of-bounds, or which points to an
  40:/mnt/c/Users/31740/Documents/codes/newcore-rp2350/include/linux/libfdt.h **** 	 * unsuitable part of the structure for the operation. */
  41:/mnt/c/Users/31740/Documents/codes/newcore-rp2350/include/linux/libfdt.h **** #define FDT_ERR_BADPATH		5
  42:/mnt/c/Users/31740/Documents/codes/newcore-rp2350/include/linux/libfdt.h **** 	/* FDT_ERR_BADPATH: Function was passed a badly formatted path
  43:/mnt/c/Users/31740/Documents/codes/newcore-rp2350/include/linux/libfdt.h **** 	 * (e.g. missing a leading / for a function which requires an
  44:/mnt/c/Users/31740/Documents/codes/newcore-rp2350/include/linux/libfdt.h **** 	 * absolute path) */
  45:/mnt/c/Users/31740/Documents/codes/newcore-rp2350/include/linux/libfdt.h **** #define FDT_ERR_BADPHANDLE	6
  46:/mnt/c/Users/31740/Documents/codes/newcore-rp2350/include/linux/libfdt.h **** 	/* FDT_ERR_BADPHANDLE: Function was passed an invalid phandle.
  47:/mnt/c/Users/31740/Documents/codes/newcore-rp2350/include/linux/libfdt.h **** 	 * This can be caused either by an invalid phandle property
  48:/mnt/c/Users/31740/Documents/codes/newcore-rp2350/include/linux/libfdt.h **** 	 * length, or the phandle value was either 0 or -1, which are
  49:/mnt/c/Users/31740/Documents/codes/newcore-rp2350/include/linux/libfdt.h **** 	 * not permitted. */
  50:/mnt/c/Users/31740/Documents/codes/newcore-rp2350/include/linux/libfdt.h **** #define FDT_ERR_BADSTATE	7
  51:/mnt/c/Users/31740/Documents/codes/newcore-rp2350/include/linux/libfdt.h **** 	/* FDT_ERR_BADSTATE: Function was passed an incomplete device
  52:/mnt/c/Users/31740/Documents/codes/newcore-rp2350/include/linux/libfdt.h **** 	 * tree created by the sequential-write functions, which is
ARM GAS  /tmp/cclimlGA.s 			page 4


  53:/mnt/c/Users/31740/Documents/codes/newcore-rp2350/include/linux/libfdt.h **** 	 * not sufficiently complete for the requested operation. */
  54:/mnt/c/Users/31740/Documents/codes/newcore-rp2350/include/linux/libfdt.h **** 
  55:/mnt/c/Users/31740/Documents/codes/newcore-rp2350/include/linux/libfdt.h **** /* Error codes: codes for bad device tree blobs */
  56:/mnt/c/Users/31740/Documents/codes/newcore-rp2350/include/linux/libfdt.h **** #define FDT_ERR_TRUNCATED	8
  57:/mnt/c/Users/31740/Documents/codes/newcore-rp2350/include/linux/libfdt.h **** 	/* FDT_ERR_TRUNCATED: FDT or a sub-block is improperly
  58:/mnt/c/Users/31740/Documents/codes/newcore-rp2350/include/linux/libfdt.h **** 	 * terminated (overflows, goes outside allowed bounds, or
  59:/mnt/c/Users/31740/Documents/codes/newcore-rp2350/include/linux/libfdt.h **** 	 * isn't properly terminated).  */
  60:/mnt/c/Users/31740/Documents/codes/newcore-rp2350/include/linux/libfdt.h **** #define FDT_ERR_BADMAGIC	9
  61:/mnt/c/Users/31740/Documents/codes/newcore-rp2350/include/linux/libfdt.h **** 	/* FDT_ERR_BADMAGIC: Given "device tree" appears not to be a
  62:/mnt/c/Users/31740/Documents/codes/newcore-rp2350/include/linux/libfdt.h **** 	 * device tree at all - it is missing the flattened device
  63:/mnt/c/Users/31740/Documents/codes/newcore-rp2350/include/linux/libfdt.h **** 	 * tree magic number. */
  64:/mnt/c/Users/31740/Documents/codes/newcore-rp2350/include/linux/libfdt.h **** #define FDT_ERR_BADVERSION	10
  65:/mnt/c/Users/31740/Documents/codes/newcore-rp2350/include/linux/libfdt.h **** 	/* FDT_ERR_BADVERSION: Given device tree has a version which
  66:/mnt/c/Users/31740/Documents/codes/newcore-rp2350/include/linux/libfdt.h **** 	 * can't be handled by the requested operation.  For
  67:/mnt/c/Users/31740/Documents/codes/newcore-rp2350/include/linux/libfdt.h **** 	 * read-write functions, this may mean that fdt_open_into() is
  68:/mnt/c/Users/31740/Documents/codes/newcore-rp2350/include/linux/libfdt.h **** 	 * required to convert the tree to the expected version. */
  69:/mnt/c/Users/31740/Documents/codes/newcore-rp2350/include/linux/libfdt.h **** #define FDT_ERR_BADSTRUCTURE	11
  70:/mnt/c/Users/31740/Documents/codes/newcore-rp2350/include/linux/libfdt.h **** 	/* FDT_ERR_BADSTRUCTURE: Given device tree has a corrupt
  71:/mnt/c/Users/31740/Documents/codes/newcore-rp2350/include/linux/libfdt.h **** 	 * structure block or other serious error (e.g. misnested
  72:/mnt/c/Users/31740/Documents/codes/newcore-rp2350/include/linux/libfdt.h **** 	 * nodes, or subnodes preceding properties). */
  73:/mnt/c/Users/31740/Documents/codes/newcore-rp2350/include/linux/libfdt.h **** #define FDT_ERR_BADLAYOUT	12
  74:/mnt/c/Users/31740/Documents/codes/newcore-rp2350/include/linux/libfdt.h **** 	/* FDT_ERR_BADLAYOUT: For read-write functions, the given
  75:/mnt/c/Users/31740/Documents/codes/newcore-rp2350/include/linux/libfdt.h **** 	 * device tree has it's sub-blocks in an order that the
  76:/mnt/c/Users/31740/Documents/codes/newcore-rp2350/include/linux/libfdt.h **** 	 * function can't handle (memory reserve map, then structure,
  77:/mnt/c/Users/31740/Documents/codes/newcore-rp2350/include/linux/libfdt.h **** 	 * then strings).  Use fdt_open_into() to reorganize the tree
  78:/mnt/c/Users/31740/Documents/codes/newcore-rp2350/include/linux/libfdt.h **** 	 * into a form suitable for the read-write operations. */
  79:/mnt/c/Users/31740/Documents/codes/newcore-rp2350/include/linux/libfdt.h **** 
  80:/mnt/c/Users/31740/Documents/codes/newcore-rp2350/include/linux/libfdt.h **** /* "Can't happen" error indicating a bug in libfdt */
  81:/mnt/c/Users/31740/Documents/codes/newcore-rp2350/include/linux/libfdt.h **** #define FDT_ERR_INTERNAL	13
  82:/mnt/c/Users/31740/Documents/codes/newcore-rp2350/include/linux/libfdt.h **** 	/* FDT_ERR_INTERNAL: libfdt has failed an internal assertion.
  83:/mnt/c/Users/31740/Documents/codes/newcore-rp2350/include/linux/libfdt.h **** 	 * Should never be returned, if it is, it indicates a bug in
  84:/mnt/c/Users/31740/Documents/codes/newcore-rp2350/include/linux/libfdt.h **** 	 * libfdt itself. */
  85:/mnt/c/Users/31740/Documents/codes/newcore-rp2350/include/linux/libfdt.h **** 
  86:/mnt/c/Users/31740/Documents/codes/newcore-rp2350/include/linux/libfdt.h **** /* Errors in device tree content */
  87:/mnt/c/Users/31740/Documents/codes/newcore-rp2350/include/linux/libfdt.h **** #define FDT_ERR_BADNCELLS	14
  88:/mnt/c/Users/31740/Documents/codes/newcore-rp2350/include/linux/libfdt.h **** 	/* FDT_ERR_BADNCELLS: Device tree has a #address-cells, #size-cells
  89:/mnt/c/Users/31740/Documents/codes/newcore-rp2350/include/linux/libfdt.h **** 	 * or similar property with a bad format or value */
  90:/mnt/c/Users/31740/Documents/codes/newcore-rp2350/include/linux/libfdt.h **** 
  91:/mnt/c/Users/31740/Documents/codes/newcore-rp2350/include/linux/libfdt.h **** #define FDT_ERR_BADVALUE	15
  92:/mnt/c/Users/31740/Documents/codes/newcore-rp2350/include/linux/libfdt.h **** 	/* FDT_ERR_BADVALUE: Device tree has a property with an unexpected
  93:/mnt/c/Users/31740/Documents/codes/newcore-rp2350/include/linux/libfdt.h **** 	 * value. For example: a property expected to contain a string list
  94:/mnt/c/Users/31740/Documents/codes/newcore-rp2350/include/linux/libfdt.h **** 	 * is not NUL-terminated within the length of its value. */
  95:/mnt/c/Users/31740/Documents/codes/newcore-rp2350/include/linux/libfdt.h **** 
  96:/mnt/c/Users/31740/Documents/codes/newcore-rp2350/include/linux/libfdt.h **** #define FDT_ERR_BADOVERLAY	16
  97:/mnt/c/Users/31740/Documents/codes/newcore-rp2350/include/linux/libfdt.h **** 	/* FDT_ERR_BADOVERLAY: The device tree overlay, while
  98:/mnt/c/Users/31740/Documents/codes/newcore-rp2350/include/linux/libfdt.h **** 	 * correctly structured, cannot be applied due to some
  99:/mnt/c/Users/31740/Documents/codes/newcore-rp2350/include/linux/libfdt.h **** 	 * unexpected or missing value, property or node. */
 100:/mnt/c/Users/31740/Documents/codes/newcore-rp2350/include/linux/libfdt.h **** 
 101:/mnt/c/Users/31740/Documents/codes/newcore-rp2350/include/linux/libfdt.h **** #define FDT_ERR_NOPHANDLES	17
 102:/mnt/c/Users/31740/Documents/codes/newcore-rp2350/include/linux/libfdt.h **** 	/* FDT_ERR_NOPHANDLES: The device tree doesn't have any
 103:/mnt/c/Users/31740/Documents/codes/newcore-rp2350/include/linux/libfdt.h **** 	 * phandle available anymore without causing an overflow */
 104:/mnt/c/Users/31740/Documents/codes/newcore-rp2350/include/linux/libfdt.h **** 
 105:/mnt/c/Users/31740/Documents/codes/newcore-rp2350/include/linux/libfdt.h **** #define FDT_ERR_BADFLAGS	18
 106:/mnt/c/Users/31740/Documents/codes/newcore-rp2350/include/linux/libfdt.h **** 	/* FDT_ERR_BADFLAGS: The function was passed a flags field that
 107:/mnt/c/Users/31740/Documents/codes/newcore-rp2350/include/linux/libfdt.h **** 	 * contains invalid flags or an invalid combination of flags. */
 108:/mnt/c/Users/31740/Documents/codes/newcore-rp2350/include/linux/libfdt.h **** 
 109:/mnt/c/Users/31740/Documents/codes/newcore-rp2350/include/linux/libfdt.h **** #define FDT_ERR_ALIGNMENT	19
ARM GAS  /tmp/cclimlGA.s 			page 5


 110:/mnt/c/Users/31740/Documents/codes/newcore-rp2350/include/linux/libfdt.h **** 	/* FDT_ERR_ALIGNMENT: The device tree base address is not 8-byte
 111:/mnt/c/Users/31740/Documents/codes/newcore-rp2350/include/linux/libfdt.h **** 	 * aligned. */
 112:/mnt/c/Users/31740/Documents/codes/newcore-rp2350/include/linux/libfdt.h **** 
 113:/mnt/c/Users/31740/Documents/codes/newcore-rp2350/include/linux/libfdt.h **** #define FDT_ERR_MAX		19
 114:/mnt/c/Users/31740/Documents/codes/newcore-rp2350/include/linux/libfdt.h **** 
 115:/mnt/c/Users/31740/Documents/codes/newcore-rp2350/include/linux/libfdt.h **** /* constants */
 116:/mnt/c/Users/31740/Documents/codes/newcore-rp2350/include/linux/libfdt.h **** #define FDT_MAX_PHANDLE 0xfffffffe
 117:/mnt/c/Users/31740/Documents/codes/newcore-rp2350/include/linux/libfdt.h **** 	/* Valid values for phandles range from 1 to 2^32-2. */
 118:/mnt/c/Users/31740/Documents/codes/newcore-rp2350/include/linux/libfdt.h **** 
 119:/mnt/c/Users/31740/Documents/codes/newcore-rp2350/include/linux/libfdt.h **** /**********************************************************************/
 120:/mnt/c/Users/31740/Documents/codes/newcore-rp2350/include/linux/libfdt.h **** /* Low-level functions (you probably don't need these)                */
 121:/mnt/c/Users/31740/Documents/codes/newcore-rp2350/include/linux/libfdt.h **** /**********************************************************************/
 122:/mnt/c/Users/31740/Documents/codes/newcore-rp2350/include/linux/libfdt.h **** 
 123:/mnt/c/Users/31740/Documents/codes/newcore-rp2350/include/linux/libfdt.h **** #ifndef SWIG /* This function is not useful in Python */
 124:/mnt/c/Users/31740/Documents/codes/newcore-rp2350/include/linux/libfdt.h **** const void *fdt_offset_ptr(const void *fdt, int offset, unsigned int checklen);
 125:/mnt/c/Users/31740/Documents/codes/newcore-rp2350/include/linux/libfdt.h **** #endif
 126:/mnt/c/Users/31740/Documents/codes/newcore-rp2350/include/linux/libfdt.h **** static inline void *fdt_offset_ptr_w(void *fdt, int offset, int checklen)
 127:/mnt/c/Users/31740/Documents/codes/newcore-rp2350/include/linux/libfdt.h **** {
 128:/mnt/c/Users/31740/Documents/codes/newcore-rp2350/include/linux/libfdt.h **** 	return (void *)(uintptr_t)fdt_offset_ptr(fdt, offset, checklen);
 129:/mnt/c/Users/31740/Documents/codes/newcore-rp2350/include/linux/libfdt.h **** }
 130:/mnt/c/Users/31740/Documents/codes/newcore-rp2350/include/linux/libfdt.h **** 
 131:/mnt/c/Users/31740/Documents/codes/newcore-rp2350/include/linux/libfdt.h **** uint32_t fdt_next_tag(const void *fdt, int offset, int *nextoffset);
 132:/mnt/c/Users/31740/Documents/codes/newcore-rp2350/include/linux/libfdt.h **** 
 133:/mnt/c/Users/31740/Documents/codes/newcore-rp2350/include/linux/libfdt.h **** /*
 134:/mnt/c/Users/31740/Documents/codes/newcore-rp2350/include/linux/libfdt.h ****  * External helpers to access words from a device tree blob. They're built
 135:/mnt/c/Users/31740/Documents/codes/newcore-rp2350/include/linux/libfdt.h ****  * to work even with unaligned pointers on platforms (such as ARMv5) that don't
 136:/mnt/c/Users/31740/Documents/codes/newcore-rp2350/include/linux/libfdt.h ****  * like unaligned loads and stores.
 137:/mnt/c/Users/31740/Documents/codes/newcore-rp2350/include/linux/libfdt.h ****  */
 138:/mnt/c/Users/31740/Documents/codes/newcore-rp2350/include/linux/libfdt.h **** static inline uint16_t fdt16_ld(const fdt16_t *p)
 139:/mnt/c/Users/31740/Documents/codes/newcore-rp2350/include/linux/libfdt.h **** {
 140:/mnt/c/Users/31740/Documents/codes/newcore-rp2350/include/linux/libfdt.h **** 	const uint8_t *bp = (const uint8_t *)p;
 141:/mnt/c/Users/31740/Documents/codes/newcore-rp2350/include/linux/libfdt.h **** 
 142:/mnt/c/Users/31740/Documents/codes/newcore-rp2350/include/linux/libfdt.h **** 	return ((uint16_t)bp[0] << 8) | bp[1];
 143:/mnt/c/Users/31740/Documents/codes/newcore-rp2350/include/linux/libfdt.h **** }
 144:/mnt/c/Users/31740/Documents/codes/newcore-rp2350/include/linux/libfdt.h **** 
 145:/mnt/c/Users/31740/Documents/codes/newcore-rp2350/include/linux/libfdt.h **** static inline uint32_t fdt32_ld(const fdt32_t *p)
  89              		.loc 2 145 24 view .LVU22
  90              	.LBB6:
 146:/mnt/c/Users/31740/Documents/codes/newcore-rp2350/include/linux/libfdt.h **** {
 147:/mnt/c/Users/31740/Documents/codes/newcore-rp2350/include/linux/libfdt.h **** 	const uint8_t *bp = (const uint8_t *)p;
  91              		.loc 2 147 2 view .LVU23
 148:/mnt/c/Users/31740/Documents/codes/newcore-rp2350/include/linux/libfdt.h **** 
 149:/mnt/c/Users/31740/Documents/codes/newcore-rp2350/include/linux/libfdt.h **** 	return ((uint32_t)bp[0] << 24)
  92              		.loc 2 149 2 view .LVU24
  93              		.loc 2 149 22 is_stmt 0 view .LVU25
  94 0026 2279     		ldrb	r2, [r4, #4]	@ zero_extendqisi2
 150:/mnt/c/Users/31740/Documents/codes/newcore-rp2350/include/linux/libfdt.h **** 		| ((uint32_t)bp[1] << 16)
  95              		.loc 2 150 18 view .LVU26
  96 0028 6379     		ldrb	r3, [r4, #5]	@ zero_extendqisi2
  97              		.loc 2 150 22 view .LVU27
  98 002a 1B04     		lsls	r3, r3, #16
  99              		.loc 2 150 3 view .LVU28
 100 002c 43EA0263 		orr	r3, r3, r2, lsl #24
 151:/mnt/c/Users/31740/Documents/codes/newcore-rp2350/include/linux/libfdt.h **** 		| ((uint32_t)bp[2] << 8)
 101              		.loc 2 151 18 view .LVU29
 102 0030 A279     		ldrb	r2, [r4, #6]	@ zero_extendqisi2
 103              		.loc 2 151 3 view .LVU30
ARM GAS  /tmp/cclimlGA.s 			page 6


 104 0032 43EA0223 		orr	r3, r3, r2, lsl #8
 152:/mnt/c/Users/31740/Documents/codes/newcore-rp2350/include/linux/libfdt.h **** 		| bp[3];
 105              		.loc 2 152 7 view .LVU31
 106 0036 E279     		ldrb	r2, [r4, #7]	@ zero_extendqisi2
 107              		.loc 2 152 3 view .LVU32
 108 0038 1343     		orrs	r3, r3, r2
 109              	.LVL5:
 110              		.loc 2 152 3 view .LVU33
 111              	.LBE6:
 112              	.LBE5:
 113              		.loc 1 32 5 discriminator 1 view .LVU34
 114 003a 9D42     		cmp	r5, r3
 115 003c 63D3     		bcc	.L16
  33:/mnt/c/Users/31740/Documents/codes/newcore-rp2350/lib/fdt/fdt_check.c **** 		return -FDT_ERR_TRUNCATED;
  34:/mnt/c/Users/31740/Documents/codes/newcore-rp2350/lib/fdt/fdt_check.c **** 
  35:/mnt/c/Users/31740/Documents/codes/newcore-rp2350/lib/fdt/fdt_check.c **** 	num_memrsv = fdt_num_mem_rsv(fdt);
 116              		.loc 1 35 2 is_stmt 1 view .LVU35
 117              		.loc 1 35 15 is_stmt 0 view .LVU36
 118 003e 2046     		mov	r0, r4
 119 0040 FFF7FEFF 		bl	fdt_num_mem_rsv
 120              	.LVL6:
  36:/mnt/c/Users/31740/Documents/codes/newcore-rp2350/lib/fdt/fdt_check.c **** 	if (num_memrsv < 0)
 121              		.loc 1 36 2 is_stmt 1 view .LVU37
 122              		.loc 1 36 5 is_stmt 0 view .LVU38
 123 0044 0028     		cmp	r0, #0
 124              		.loc 1 36 5 view .LVU39
 125 0046 02DA     		bge	.L28
 126              	.LVL7:
 127              	.L1:
  37:/mnt/c/Users/31740/Documents/codes/newcore-rp2350/lib/fdt/fdt_check.c **** 		return num_memrsv;
  38:/mnt/c/Users/31740/Documents/codes/newcore-rp2350/lib/fdt/fdt_check.c **** 
  39:/mnt/c/Users/31740/Documents/codes/newcore-rp2350/lib/fdt/fdt_check.c **** 	while (1) {
  40:/mnt/c/Users/31740/Documents/codes/newcore-rp2350/lib/fdt/fdt_check.c **** 		offset = nextoffset;
  41:/mnt/c/Users/31740/Documents/codes/newcore-rp2350/lib/fdt/fdt_check.c **** 		tag = fdt_next_tag(fdt, offset, &nextoffset);
  42:/mnt/c/Users/31740/Documents/codes/newcore-rp2350/lib/fdt/fdt_check.c **** 
  43:/mnt/c/Users/31740/Documents/codes/newcore-rp2350/lib/fdt/fdt_check.c **** 		if (nextoffset < 0)
  44:/mnt/c/Users/31740/Documents/codes/newcore-rp2350/lib/fdt/fdt_check.c **** 			return nextoffset;
  45:/mnt/c/Users/31740/Documents/codes/newcore-rp2350/lib/fdt/fdt_check.c **** 
  46:/mnt/c/Users/31740/Documents/codes/newcore-rp2350/lib/fdt/fdt_check.c **** 		/* If we see two root nodes, something is wrong */
  47:/mnt/c/Users/31740/Documents/codes/newcore-rp2350/lib/fdt/fdt_check.c **** 		if (expect_end && tag != FDT_END)
  48:/mnt/c/Users/31740/Documents/codes/newcore-rp2350/lib/fdt/fdt_check.c **** 			return -FDT_ERR_BADSTRUCTURE;
  49:/mnt/c/Users/31740/Documents/codes/newcore-rp2350/lib/fdt/fdt_check.c **** 
  50:/mnt/c/Users/31740/Documents/codes/newcore-rp2350/lib/fdt/fdt_check.c **** 		switch (tag) {
  51:/mnt/c/Users/31740/Documents/codes/newcore-rp2350/lib/fdt/fdt_check.c **** 		case FDT_NOP:
  52:/mnt/c/Users/31740/Documents/codes/newcore-rp2350/lib/fdt/fdt_check.c **** 			break;
  53:/mnt/c/Users/31740/Documents/codes/newcore-rp2350/lib/fdt/fdt_check.c **** 
  54:/mnt/c/Users/31740/Documents/codes/newcore-rp2350/lib/fdt/fdt_check.c **** 		case FDT_END:
  55:/mnt/c/Users/31740/Documents/codes/newcore-rp2350/lib/fdt/fdt_check.c **** 			if (depth != 0)
  56:/mnt/c/Users/31740/Documents/codes/newcore-rp2350/lib/fdt/fdt_check.c **** 				return -FDT_ERR_BADSTRUCTURE;
  57:/mnt/c/Users/31740/Documents/codes/newcore-rp2350/lib/fdt/fdt_check.c **** 			return 0;
  58:/mnt/c/Users/31740/Documents/codes/newcore-rp2350/lib/fdt/fdt_check.c **** 
  59:/mnt/c/Users/31740/Documents/codes/newcore-rp2350/lib/fdt/fdt_check.c **** 		case FDT_BEGIN_NODE:
  60:/mnt/c/Users/31740/Documents/codes/newcore-rp2350/lib/fdt/fdt_check.c **** 			depth++;
  61:/mnt/c/Users/31740/Documents/codes/newcore-rp2350/lib/fdt/fdt_check.c **** 			if (depth > INT_MAX)
  62:/mnt/c/Users/31740/Documents/codes/newcore-rp2350/lib/fdt/fdt_check.c **** 				return -FDT_ERR_BADSTRUCTURE;
  63:/mnt/c/Users/31740/Documents/codes/newcore-rp2350/lib/fdt/fdt_check.c **** 
  64:/mnt/c/Users/31740/Documents/codes/newcore-rp2350/lib/fdt/fdt_check.c **** 			/* The root node must have an empty name */
ARM GAS  /tmp/cclimlGA.s 			page 7


  65:/mnt/c/Users/31740/Documents/codes/newcore-rp2350/lib/fdt/fdt_check.c **** 			if (depth == 1) {
  66:/mnt/c/Users/31740/Documents/codes/newcore-rp2350/lib/fdt/fdt_check.c **** 				const char *name;
  67:/mnt/c/Users/31740/Documents/codes/newcore-rp2350/lib/fdt/fdt_check.c **** 				int len;
  68:/mnt/c/Users/31740/Documents/codes/newcore-rp2350/lib/fdt/fdt_check.c **** 
  69:/mnt/c/Users/31740/Documents/codes/newcore-rp2350/lib/fdt/fdt_check.c **** 				name = fdt_get_name(fdt, offset, &len);
  70:/mnt/c/Users/31740/Documents/codes/newcore-rp2350/lib/fdt/fdt_check.c **** 				if (!name)
  71:/mnt/c/Users/31740/Documents/codes/newcore-rp2350/lib/fdt/fdt_check.c **** 					return len;
  72:/mnt/c/Users/31740/Documents/codes/newcore-rp2350/lib/fdt/fdt_check.c **** 
  73:/mnt/c/Users/31740/Documents/codes/newcore-rp2350/lib/fdt/fdt_check.c **** 				if (*name || len)
  74:/mnt/c/Users/31740/Documents/codes/newcore-rp2350/lib/fdt/fdt_check.c **** 					return -FDT_ERR_BADSTRUCTURE;
  75:/mnt/c/Users/31740/Documents/codes/newcore-rp2350/lib/fdt/fdt_check.c **** 			}
  76:/mnt/c/Users/31740/Documents/codes/newcore-rp2350/lib/fdt/fdt_check.c **** 			break;
  77:/mnt/c/Users/31740/Documents/codes/newcore-rp2350/lib/fdt/fdt_check.c **** 
  78:/mnt/c/Users/31740/Documents/codes/newcore-rp2350/lib/fdt/fdt_check.c **** 		case FDT_END_NODE:
  79:/mnt/c/Users/31740/Documents/codes/newcore-rp2350/lib/fdt/fdt_check.c **** 			if (depth == 0)
  80:/mnt/c/Users/31740/Documents/codes/newcore-rp2350/lib/fdt/fdt_check.c **** 				return -FDT_ERR_BADSTRUCTURE;
  81:/mnt/c/Users/31740/Documents/codes/newcore-rp2350/lib/fdt/fdt_check.c **** 			depth--;
  82:/mnt/c/Users/31740/Documents/codes/newcore-rp2350/lib/fdt/fdt_check.c **** 			if (depth == 0)
  83:/mnt/c/Users/31740/Documents/codes/newcore-rp2350/lib/fdt/fdt_check.c **** 				expect_end = true;
  84:/mnt/c/Users/31740/Documents/codes/newcore-rp2350/lib/fdt/fdt_check.c **** 			break;
  85:/mnt/c/Users/31740/Documents/codes/newcore-rp2350/lib/fdt/fdt_check.c **** 
  86:/mnt/c/Users/31740/Documents/codes/newcore-rp2350/lib/fdt/fdt_check.c **** 		case FDT_PROP:
  87:/mnt/c/Users/31740/Documents/codes/newcore-rp2350/lib/fdt/fdt_check.c **** 			prop = fdt_getprop_by_offset(fdt, offset, &propname,
  88:/mnt/c/Users/31740/Documents/codes/newcore-rp2350/lib/fdt/fdt_check.c **** 						     &err);
  89:/mnt/c/Users/31740/Documents/codes/newcore-rp2350/lib/fdt/fdt_check.c **** 			if (!prop)
  90:/mnt/c/Users/31740/Documents/codes/newcore-rp2350/lib/fdt/fdt_check.c **** 				return err;
  91:/mnt/c/Users/31740/Documents/codes/newcore-rp2350/lib/fdt/fdt_check.c **** 			break;
  92:/mnt/c/Users/31740/Documents/codes/newcore-rp2350/lib/fdt/fdt_check.c **** 
  93:/mnt/c/Users/31740/Documents/codes/newcore-rp2350/lib/fdt/fdt_check.c **** 		default:
  94:/mnt/c/Users/31740/Documents/codes/newcore-rp2350/lib/fdt/fdt_check.c **** 			return -FDT_ERR_INTERNAL;
  95:/mnt/c/Users/31740/Documents/codes/newcore-rp2350/lib/fdt/fdt_check.c **** 		}
  96:/mnt/c/Users/31740/Documents/codes/newcore-rp2350/lib/fdt/fdt_check.c **** 	}
  97:/mnt/c/Users/31740/Documents/codes/newcore-rp2350/lib/fdt/fdt_check.c **** }
 128              		.loc 1 97 1 view .LVU40
 129 0048 04B0     		add	sp, sp, #16
 130              	.LCFI2:
 131              		.cfi_remember_state
 132              		.cfi_def_cfa_offset 24
 133              		@ sp needed
 134 004a BDE8F081 		pop	{r4, r5, r6, r7, r8, pc}
 135              	.LVL8:
 136              	.L28:
 137              	.LCFI3:
 138              		.cfi_restore_state
  23:/mnt/c/Users/31740/Documents/codes/newcore-rp2350/lib/fdt/fdt_check.c **** 
 139              		.loc 1 23 7 view .LVU41
 140 004e 4FF00008 		mov	r8, #0
  20:/mnt/c/Users/31740/Documents/codes/newcore-rp2350/lib/fdt/fdt_check.c **** 	const void *prop;
 141              		.loc 1 20 15 view .LVU42
 142 0052 4746     		mov	r7, r8
 143              	.LVL9:
 144              	.L3:
  39:/mnt/c/Users/31740/Documents/codes/newcore-rp2350/lib/fdt/fdt_check.c **** 		offset = nextoffset;
 145              		.loc 1 39 2 is_stmt 1 view .LVU43
  40:/mnt/c/Users/31740/Documents/codes/newcore-rp2350/lib/fdt/fdt_check.c **** 		tag = fdt_next_tag(fdt, offset, &nextoffset);
 146              		.loc 1 40 3 view .LVU44
  40:/mnt/c/Users/31740/Documents/codes/newcore-rp2350/lib/fdt/fdt_check.c **** 		tag = fdt_next_tag(fdt, offset, &nextoffset);
ARM GAS  /tmp/cclimlGA.s 			page 8


 147              		.loc 1 40 10 is_stmt 0 view .LVU45
 148 0054 029D     		ldr	r5, [sp, #8]
 149              	.LVL10:
  41:/mnt/c/Users/31740/Documents/codes/newcore-rp2350/lib/fdt/fdt_check.c **** 
 150              		.loc 1 41 3 is_stmt 1 view .LVU46
  41:/mnt/c/Users/31740/Documents/codes/newcore-rp2350/lib/fdt/fdt_check.c **** 
 151              		.loc 1 41 9 is_stmt 0 view .LVU47
 152 0056 02AA     		add	r2, sp, #8
 153 0058 2946     		mov	r1, r5
 154 005a 2046     		mov	r0, r4
 155 005c FFF7FEFF 		bl	fdt_next_tag
 156              	.LVL11:
 157 0060 0346     		mov	r3, r0
 158              	.LVL12:
  43:/mnt/c/Users/31740/Documents/codes/newcore-rp2350/lib/fdt/fdt_check.c **** 			return nextoffset;
 159              		.loc 1 43 3 is_stmt 1 view .LVU48
  43:/mnt/c/Users/31740/Documents/codes/newcore-rp2350/lib/fdt/fdt_check.c **** 			return nextoffset;
 160              		.loc 1 43 18 is_stmt 0 view .LVU49
 161 0062 0298     		ldr	r0, [sp, #8]
 162              	.LVL13:
  43:/mnt/c/Users/31740/Documents/codes/newcore-rp2350/lib/fdt/fdt_check.c **** 			return nextoffset;
 163              		.loc 1 43 6 view .LVU50
 164 0064 0028     		cmp	r0, #0
 165 0066 EFDB     		blt	.L1
  47:/mnt/c/Users/31740/Documents/codes/newcore-rp2350/lib/fdt/fdt_check.c **** 			return -FDT_ERR_BADSTRUCTURE;
 166              		.loc 1 47 3 is_stmt 1 view .LVU51
  47:/mnt/c/Users/31740/Documents/codes/newcore-rp2350/lib/fdt/fdt_check.c **** 			return -FDT_ERR_BADSTRUCTURE;
 167              		.loc 1 47 6 is_stmt 0 view .LVU52
 168 0068 B8F1000F 		cmp	r8, #0
 169 006c 18D1     		bne	.L29
  50:/mnt/c/Users/31740/Documents/codes/newcore-rp2350/lib/fdt/fdt_check.c **** 		case FDT_NOP:
 170              		.loc 1 50 3 is_stmt 1 view .LVU53
 171 006e 581E     		subs	r0, r3, #1
 172 0070 0828     		cmp	r0, #8
 173 0072 4ED8     		bhi	.L18
 174 0074 01A3     		adr	r3, .L7
 175 0076 53F820F0 		ldr	pc, [r3, r0, lsl #2]
 176              	.LVL14:
 177 007a 00BF     		.p2align 2
 178              	.L7:
 179 007c AD000000 		.word	.L10+1
 180 0080 DB000000 		.word	.L9+1
 181 0084 E7000000 		.word	.L8+1
 182 0088 55000000 		.word	.L3+1
 183 008c 13010000 		.word	.L18+1
 184 0090 13010000 		.word	.L18+1
 185 0094 13010000 		.word	.L18+1
 186 0098 13010000 		.word	.L18+1
 187 009c A5000000 		.word	.L6+1
 188              		.p2align 1
 189              	.L29:
  47:/mnt/c/Users/31740/Documents/codes/newcore-rp2350/lib/fdt/fdt_check.c **** 			return -FDT_ERR_BADSTRUCTURE;
 190              		.loc 1 47 18 is_stmt 0 discriminator 1 view .LVU54
 191 00a0 092B     		cmp	r3, #9
 192 00a2 33D1     		bne	.L30
 193              	.LVL15:
 194              	.L6:
ARM GAS  /tmp/cclimlGA.s 			page 9


  55:/mnt/c/Users/31740/Documents/codes/newcore-rp2350/lib/fdt/fdt_check.c **** 				return -FDT_ERR_BADSTRUCTURE;
 195              		.loc 1 55 4 is_stmt 1 view .LVU55
  55:/mnt/c/Users/31740/Documents/codes/newcore-rp2350/lib/fdt/fdt_check.c **** 				return -FDT_ERR_BADSTRUCTURE;
 196              		.loc 1 55 7 is_stmt 0 view .LVU56
 197 00a4 002F     		cmp	r7, #0
 198 00a6 37D1     		bne	.L19
  57:/mnt/c/Users/31740/Documents/codes/newcore-rp2350/lib/fdt/fdt_check.c **** 
 199              		.loc 1 57 11 view .LVU57
 200 00a8 3046     		mov	r0, r6
 201 00aa CDE7     		b	.L1
 202              	.LVL16:
 203              	.L10:
  60:/mnt/c/Users/31740/Documents/codes/newcore-rp2350/lib/fdt/fdt_check.c **** 			if (depth > INT_MAX)
 204              		.loc 1 60 4 is_stmt 1 view .LVU58
  61:/mnt/c/Users/31740/Documents/codes/newcore-rp2350/lib/fdt/fdt_check.c **** 				return -FDT_ERR_BADSTRUCTURE;
 205              		.loc 1 61 4 view .LVU59
  61:/mnt/c/Users/31740/Documents/codes/newcore-rp2350/lib/fdt/fdt_check.c **** 				return -FDT_ERR_BADSTRUCTURE;
 206              		.loc 1 61 7 is_stmt 0 view .LVU60
 207 00ac 0137     		adds	r7, r7, #1
 208              	.LVL17:
  61:/mnt/c/Users/31740/Documents/codes/newcore-rp2350/lib/fdt/fdt_check.c **** 				return -FDT_ERR_BADSTRUCTURE;
 209              		.loc 1 61 7 view .LVU61
 210 00ae 36D4     		bmi	.L20
  65:/mnt/c/Users/31740/Documents/codes/newcore-rp2350/lib/fdt/fdt_check.c **** 				const char *name;
 211              		.loc 1 65 4 is_stmt 1 view .LVU62
  65:/mnt/c/Users/31740/Documents/codes/newcore-rp2350/lib/fdt/fdt_check.c **** 				const char *name;
 212              		.loc 1 65 7 is_stmt 0 view .LVU63
 213 00b0 012F     		cmp	r7, #1
 214 00b2 CFD1     		bne	.L3
 215              	.LBB7:
  66:/mnt/c/Users/31740/Documents/codes/newcore-rp2350/lib/fdt/fdt_check.c **** 				int len;
 216              		.loc 1 66 5 is_stmt 1 view .LVU64
  67:/mnt/c/Users/31740/Documents/codes/newcore-rp2350/lib/fdt/fdt_check.c **** 
 217              		.loc 1 67 5 view .LVU65
  69:/mnt/c/Users/31740/Documents/codes/newcore-rp2350/lib/fdt/fdt_check.c **** 				if (!name)
 218              		.loc 1 69 5 view .LVU66
  69:/mnt/c/Users/31740/Documents/codes/newcore-rp2350/lib/fdt/fdt_check.c **** 				if (!name)
 219              		.loc 1 69 12 is_stmt 0 view .LVU67
 220 00b4 6A46     		mov	r2, sp
 221 00b6 2946     		mov	r1, r5
 222 00b8 2046     		mov	r0, r4
 223              	.LVL18:
  69:/mnt/c/Users/31740/Documents/codes/newcore-rp2350/lib/fdt/fdt_check.c **** 				if (!name)
 224              		.loc 1 69 12 view .LVU68
 225 00ba FFF7FEFF 		bl	fdt_get_name
 226              	.LVL19:
  70:/mnt/c/Users/31740/Documents/codes/newcore-rp2350/lib/fdt/fdt_check.c **** 					return len;
 227              		.loc 1 70 5 is_stmt 1 view .LVU69
  70:/mnt/c/Users/31740/Documents/codes/newcore-rp2350/lib/fdt/fdt_check.c **** 					return len;
 228              		.loc 1 70 8 is_stmt 0 view .LVU70
 229 00be 38B1     		cbz	r0, .L31
  73:/mnt/c/Users/31740/Documents/codes/newcore-rp2350/lib/fdt/fdt_check.c **** 					return -FDT_ERR_BADSTRUCTURE;
 230              		.loc 1 73 5 is_stmt 1 view .LVU71
  73:/mnt/c/Users/31740/Documents/codes/newcore-rp2350/lib/fdt/fdt_check.c **** 					return -FDT_ERR_BADSTRUCTURE;
 231              		.loc 1 73 9 is_stmt 0 view .LVU72
 232 00c0 0378     		ldrb	r3, [r0]	@ zero_extendqisi2
  73:/mnt/c/Users/31740/Documents/codes/newcore-rp2350/lib/fdt/fdt_check.c **** 					return -FDT_ERR_BADSTRUCTURE;
ARM GAS  /tmp/cclimlGA.s 			page 10


 233              		.loc 1 73 8 view .LVU73
 234 00c2 3BB9     		cbnz	r3, .L21
  73:/mnt/c/Users/31740/Documents/codes/newcore-rp2350/lib/fdt/fdt_check.c **** 					return -FDT_ERR_BADSTRUCTURE;
 235              		.loc 1 73 15 discriminator 1 view .LVU74
 236 00c4 009B     		ldr	r3, [sp]
 237 00c6 002B     		cmp	r3, #0
 238 00c8 C4D0     		beq	.L3
  74:/mnt/c/Users/31740/Documents/codes/newcore-rp2350/lib/fdt/fdt_check.c **** 			}
 239              		.loc 1 74 13 view .LVU75
 240 00ca 6FF00A00 		mvn	r0, #10
 241              	.LVL20:
  74:/mnt/c/Users/31740/Documents/codes/newcore-rp2350/lib/fdt/fdt_check.c **** 			}
 242              		.loc 1 74 13 view .LVU76
 243 00ce BBE7     		b	.L1
 244              	.LVL21:
 245              	.L31:
  71:/mnt/c/Users/31740/Documents/codes/newcore-rp2350/lib/fdt/fdt_check.c **** 
 246              		.loc 1 71 6 is_stmt 1 view .LVU77
  71:/mnt/c/Users/31740/Documents/codes/newcore-rp2350/lib/fdt/fdt_check.c **** 
 247              		.loc 1 71 13 is_stmt 0 view .LVU78
 248 00d0 0098     		ldr	r0, [sp]
 249              	.LVL22:
  71:/mnt/c/Users/31740/Documents/codes/newcore-rp2350/lib/fdt/fdt_check.c **** 
 250              		.loc 1 71 13 view .LVU79
 251 00d2 B9E7     		b	.L1
 252              	.LVL23:
 253              	.L21:
  74:/mnt/c/Users/31740/Documents/codes/newcore-rp2350/lib/fdt/fdt_check.c **** 			}
 254              		.loc 1 74 13 view .LVU80
 255 00d4 6FF00A00 		mvn	r0, #10
 256              	.LVL24:
  74:/mnt/c/Users/31740/Documents/codes/newcore-rp2350/lib/fdt/fdt_check.c **** 			}
 257              		.loc 1 74 13 view .LVU81
 258 00d8 B6E7     		b	.L1
 259              	.LVL25:
 260              	.L9:
  74:/mnt/c/Users/31740/Documents/codes/newcore-rp2350/lib/fdt/fdt_check.c **** 			}
 261              		.loc 1 74 13 view .LVU82
 262              	.LBE7:
  79:/mnt/c/Users/31740/Documents/codes/newcore-rp2350/lib/fdt/fdt_check.c **** 				return -FDT_ERR_BADSTRUCTURE;
 263              		.loc 1 79 4 is_stmt 1 view .LVU83
  79:/mnt/c/Users/31740/Documents/codes/newcore-rp2350/lib/fdt/fdt_check.c **** 				return -FDT_ERR_BADSTRUCTURE;
 264              		.loc 1 79 7 is_stmt 0 view .LVU84
 265 00da 1FB3     		cbz	r7, .L23
  81:/mnt/c/Users/31740/Documents/codes/newcore-rp2350/lib/fdt/fdt_check.c **** 			if (depth == 0)
 266              		.loc 1 81 4 is_stmt 1 view .LVU85
 267              	.LVL26:
  82:/mnt/c/Users/31740/Documents/codes/newcore-rp2350/lib/fdt/fdt_check.c **** 				expect_end = true;
 268              		.loc 1 82 4 view .LVU86
  82:/mnt/c/Users/31740/Documents/codes/newcore-rp2350/lib/fdt/fdt_check.c **** 				expect_end = true;
 269              		.loc 1 82 7 is_stmt 0 view .LVU87
 270 00dc 013F     		subs	r7, r7, #1
 271              	.LVL27:
  82:/mnt/c/Users/31740/Documents/codes/newcore-rp2350/lib/fdt/fdt_check.c **** 				expect_end = true;
 272              		.loc 1 82 7 view .LVU88
 273 00de B9D1     		bne	.L3
  83:/mnt/c/Users/31740/Documents/codes/newcore-rp2350/lib/fdt/fdt_check.c **** 			break;
ARM GAS  /tmp/cclimlGA.s 			page 11


 274              		.loc 1 83 16 view .LVU89
 275 00e0 4FF00108 		mov	r8, #1
 276              	.LVL28:
  83:/mnt/c/Users/31740/Documents/codes/newcore-rp2350/lib/fdt/fdt_check.c **** 			break;
 277              		.loc 1 83 16 view .LVU90
 278 00e4 B6E7     		b	.L3
 279              	.LVL29:
 280              	.L8:
  87:/mnt/c/Users/31740/Documents/codes/newcore-rp2350/lib/fdt/fdt_check.c **** 						     &err);
 281              		.loc 1 87 4 is_stmt 1 view .LVU91
  87:/mnt/c/Users/31740/Documents/codes/newcore-rp2350/lib/fdt/fdt_check.c **** 						     &err);
 282              		.loc 1 87 11 is_stmt 0 view .LVU92
 283 00e6 03AB     		add	r3, sp, #12
 284 00e8 01AA     		add	r2, sp, #4
 285 00ea 2946     		mov	r1, r5
 286 00ec 2046     		mov	r0, r4
 287              	.LVL30:
  87:/mnt/c/Users/31740/Documents/codes/newcore-rp2350/lib/fdt/fdt_check.c **** 						     &err);
 288              		.loc 1 87 11 view .LVU93
 289 00ee FFF7FEFF 		bl	fdt_getprop_by_offset
 290              	.LVL31:
  89:/mnt/c/Users/31740/Documents/codes/newcore-rp2350/lib/fdt/fdt_check.c **** 				return err;
 291              		.loc 1 89 4 is_stmt 1 view .LVU94
  89:/mnt/c/Users/31740/Documents/codes/newcore-rp2350/lib/fdt/fdt_check.c **** 				return err;
 292              		.loc 1 89 7 is_stmt 0 view .LVU95
 293 00f2 0028     		cmp	r0, #0
 294 00f4 AED1     		bne	.L3
  90:/mnt/c/Users/31740/Documents/codes/newcore-rp2350/lib/fdt/fdt_check.c **** 			break;
 295              		.loc 1 90 5 is_stmt 1 view .LVU96
  90:/mnt/c/Users/31740/Documents/codes/newcore-rp2350/lib/fdt/fdt_check.c **** 			break;
 296              		.loc 1 90 12 is_stmt 0 view .LVU97
 297 00f6 0398     		ldr	r0, [sp, #12]
 298              	.LVL32:
  90:/mnt/c/Users/31740/Documents/codes/newcore-rp2350/lib/fdt/fdt_check.c **** 			break;
 299              		.loc 1 90 12 view .LVU98
 300 00f8 A6E7     		b	.L1
 301              	.LVL33:
 302              	.L13:
  26:/mnt/c/Users/31740/Documents/codes/newcore-rp2350/lib/fdt/fdt_check.c **** 	if (bufsize < fdt_header_size(fdt))
 303              		.loc 1 26 10 view .LVU99
 304 00fa 6FF00700 		mvn	r0, #7
 305              	.LVL34:
  26:/mnt/c/Users/31740/Documents/codes/newcore-rp2350/lib/fdt/fdt_check.c **** 	if (bufsize < fdt_header_size(fdt))
 306              		.loc 1 26 10 view .LVU100
 307 00fe A3E7     		b	.L1
 308              	.LVL35:
 309              	.L14:
  28:/mnt/c/Users/31740/Documents/codes/newcore-rp2350/lib/fdt/fdt_check.c **** 	err = fdt_check_header(fdt);
 310              		.loc 1 28 10 view .LVU101
 311 0100 6FF00700 		mvn	r0, #7
 312 0104 A0E7     		b	.L1
 313              	.LVL36:
 314              	.L16:
  33:/mnt/c/Users/31740/Documents/codes/newcore-rp2350/lib/fdt/fdt_check.c **** 
 315              		.loc 1 33 10 view .LVU102
 316 0106 6FF00700 		mvn	r0, #7
 317 010a 9DE7     		b	.L1
ARM GAS  /tmp/cclimlGA.s 			page 12


 318              	.LVL37:
 319              	.L30:
  48:/mnt/c/Users/31740/Documents/codes/newcore-rp2350/lib/fdt/fdt_check.c **** 
 320              		.loc 1 48 11 view .LVU103
 321 010c 6FF00A00 		mvn	r0, #10
 322 0110 9AE7     		b	.L1
 323              	.LVL38:
 324              	.L18:
  50:/mnt/c/Users/31740/Documents/codes/newcore-rp2350/lib/fdt/fdt_check.c **** 		case FDT_NOP:
 325              		.loc 1 50 3 view .LVU104
 326 0112 6FF00C00 		mvn	r0, #12
 327              	.LVL39:
  50:/mnt/c/Users/31740/Documents/codes/newcore-rp2350/lib/fdt/fdt_check.c **** 		case FDT_NOP:
 328              		.loc 1 50 3 view .LVU105
 329 0116 97E7     		b	.L1
 330              	.L19:
  56:/mnt/c/Users/31740/Documents/codes/newcore-rp2350/lib/fdt/fdt_check.c **** 			return 0;
 331              		.loc 1 56 12 view .LVU106
 332 0118 6FF00A00 		mvn	r0, #10
 333 011c 94E7     		b	.L1
 334              	.LVL40:
 335              	.L20:
  62:/mnt/c/Users/31740/Documents/codes/newcore-rp2350/lib/fdt/fdt_check.c **** 
 336              		.loc 1 62 12 view .LVU107
 337 011e 6FF00A00 		mvn	r0, #10
 338              	.LVL41:
  62:/mnt/c/Users/31740/Documents/codes/newcore-rp2350/lib/fdt/fdt_check.c **** 
 339              		.loc 1 62 12 view .LVU108
 340 0122 91E7     		b	.L1
 341              	.LVL42:
 342              	.L23:
  80:/mnt/c/Users/31740/Documents/codes/newcore-rp2350/lib/fdt/fdt_check.c **** 			depth--;
 343              		.loc 1 80 12 view .LVU109
 344 0124 6FF00A00 		mvn	r0, #10
 345              	.LVL43:
  80:/mnt/c/Users/31740/Documents/codes/newcore-rp2350/lib/fdt/fdt_check.c **** 			depth--;
 346              		.loc 1 80 12 view .LVU110
 347 0128 8EE7     		b	.L1
 348              		.cfi_endproc
 349              	.LFE75:
 351 012a 00BF     		.text
 352              	.Letext0:
 353              		.file 3 "/mnt/c/Users/31740/Documents/codes/newcore-rp2350/include/asm-generic/int-l64.h"
 354              		.file 4 "/mnt/c/Users/31740/Documents/codes/newcore-rp2350/include/asm-generic/posix_types.h"
 355              		.file 5 "/mnt/c/Users/31740/Documents/codes/newcore-rp2350/include/linux/types.h"
 356              		.file 6 "/mnt/c/Users/31740/Documents/codes/newcore-rp2350/include/linux/libfdt_env.h"
 357              		.file 7 "/mnt/c/Users/31740/Documents/codes/newcore-rp2350/include/linux/fdt.h"
 358              		.file 8 "/mnt/c/Users/31740/Documents/codes/newcore-rp2350/include/linux/stddef.h"
ARM GAS  /tmp/cclimlGA.s 			page 13


DEFINED SYMBOLS
                            *ABS*:00000000 fdt_check.c
     /tmp/cclimlGA.s:22     .text.fdt_check_full:00000000 $t
     /tmp/cclimlGA.s:28     .text.fdt_check_full:00000000 fdt_check_full
     /tmp/cclimlGA.s:179    .text.fdt_check_full:0000007c $d
     /tmp/cclimlGA.s:188    .text.fdt_check_full:000000a0 $t

UNDEFINED SYMBOLS
fdt_header_size
fdt_check_header
fdt_num_mem_rsv
fdt_next_tag
fdt_get_name
fdt_getprop_by_offset
