ARM GAS  /tmp/ccOVFrt8.s 			page 1


   1              		.cpu cortex-m4
   2              		.arch armv7e-m
   3              		.fpu fpv4-sp-d16
   4              		.eabi_attribute 27, 1
   5              		.eabi_attribute 28, 1
   6              		.eabi_attribute 20, 1
   7              		.eabi_attribute 21, 1
   8              		.eabi_attribute 23, 3
   9              		.eabi_attribute 24, 1
  10              		.eabi_attribute 25, 1
  11              		.eabi_attribute 26, 1
  12              		.eabi_attribute 30, 1
  13              		.eabi_attribute 34, 1
  14              		.eabi_attribute 18, 4
  15              		.file	"fs_file.c"
  16              		.text
  17              	.Ltext0:
  18              		.cfi_sections	.debug_frame
  19              		.file 1 "/mnt/c/Users/31740/Desktop/newcore/fs/fs_file.c"
  20              		.section	.text.__spin_init,"ax",%progbits
  21              		.align	1
  22              		.syntax unified
  23              		.thumb
  24              		.thumb_func
  26              	__spin_init:
  27              	.LVL0:
  28              	.LFB850:
  29              		.file 2 "/mnt/c/Users/31740/Desktop/newcore/arch/arm_m/include/asm/spinlock.h"
   1:/mnt/c/Users/31740/Desktop/newcore/arch/arm_m/include/asm/spinlock.h **** #ifndef __SPIN_LOCK_H_
   2:/mnt/c/Users/31740/Desktop/newcore/arch/arm_m/include/asm/spinlock.h **** #define __SPIN_LOCK_H_
   3:/mnt/c/Users/31740/Desktop/newcore/arch/arm_m/include/asm/spinlock.h **** 
   4:/mnt/c/Users/31740/Desktop/newcore/arch/arm_m/include/asm/spinlock.h **** #include <linux/sched.h>
   5:/mnt/c/Users/31740/Desktop/newcore/arch/arm_m/include/asm/spinlock.h **** 
   6:/mnt/c/Users/31740/Desktop/newcore/arch/arm_m/include/asm/spinlock.h **** typedef struct { 
   7:/mnt/c/Users/31740/Desktop/newcore/arch/arm_m/include/asm/spinlock.h ****      int flag; 
   8:/mnt/c/Users/31740/Desktop/newcore/arch/arm_m/include/asm/spinlock.h **** } arch_spinlock_t;
   9:/mnt/c/Users/31740/Desktop/newcore/arch/arm_m/include/asm/spinlock.h **** 
  10:/mnt/c/Users/31740/Desktop/newcore/arch/arm_m/include/asm/spinlock.h **** static int __spin_init(arch_spinlock_t *lock) 
  11:/mnt/c/Users/31740/Desktop/newcore/arch/arm_m/include/asm/spinlock.h **** {
  30              		.loc 2 11 1 view -0
  31              		.cfi_startproc
  32              		@ args = 0, pretend = 0, frame = 0
  33              		@ frame_needed = 0, uses_anonymous_args = 0
  34              		@ link register save eliminated.
  12:/mnt/c/Users/31740/Desktop/newcore/arch/arm_m/include/asm/spinlock.h ****     lock->flag = 0;
  35              		.loc 2 12 5 view .LVU1
  36              		.loc 2 12 16 is_stmt 0 view .LVU2
  37 0000 0023     		movs	r3, #0
  38 0002 0360     		str	r3, [r0]
  39              	.LVL1:
  13:/mnt/c/Users/31740/Desktop/newcore/arch/arm_m/include/asm/spinlock.h **** }
  40              		.loc 2 13 1 view .LVU3
  41 0004 7047     		bx	lr
  42              		.cfi_endproc
  43              	.LFE850:
  45              		.section	.text.__spin_unlock,"ax",%progbits
  46              		.align	1
ARM GAS  /tmp/ccOVFrt8.s 			page 2


  47              		.syntax unified
  48              		.thumb
  49              		.thumb_func
  51              	__spin_unlock:
  52              	.LVL2:
  53              	.LFB852:
  14:/mnt/c/Users/31740/Desktop/newcore/arch/arm_m/include/asm/spinlock.h **** 
  15:/mnt/c/Users/31740/Desktop/newcore/arch/arm_m/include/asm/spinlock.h **** static int __spin_lock(arch_spinlock_t *lock) {
  16:/mnt/c/Users/31740/Desktop/newcore/arch/arm_m/include/asm/spinlock.h **** 
  17:/mnt/c/Users/31740/Desktop/newcore/arch/arm_m/include/asm/spinlock.h ****     stop_all_scheduler();
  18:/mnt/c/Users/31740/Desktop/newcore/arch/arm_m/include/asm/spinlock.h ****     if(lock->flag == 0){
  19:/mnt/c/Users/31740/Desktop/newcore/arch/arm_m/include/asm/spinlock.h ****           lock->flag = 1;  
  20:/mnt/c/Users/31740/Desktop/newcore/arch/arm_m/include/asm/spinlock.h ****           start_all_scheduler();
  21:/mnt/c/Users/31740/Desktop/newcore/arch/arm_m/include/asm/spinlock.h ****         return 1;
  22:/mnt/c/Users/31740/Desktop/newcore/arch/arm_m/include/asm/spinlock.h ****     }
  23:/mnt/c/Users/31740/Desktop/newcore/arch/arm_m/include/asm/spinlock.h ****     else
  24:/mnt/c/Users/31740/Desktop/newcore/arch/arm_m/include/asm/spinlock.h ****     {
  25:/mnt/c/Users/31740/Desktop/newcore/arch/arm_m/include/asm/spinlock.h ****         start_all_scheduler();
  26:/mnt/c/Users/31740/Desktop/newcore/arch/arm_m/include/asm/spinlock.h ****         return 0;
  27:/mnt/c/Users/31740/Desktop/newcore/arch/arm_m/include/asm/spinlock.h ****     }
  28:/mnt/c/Users/31740/Desktop/newcore/arch/arm_m/include/asm/spinlock.h **** }
  29:/mnt/c/Users/31740/Desktop/newcore/arch/arm_m/include/asm/spinlock.h **** 
  30:/mnt/c/Users/31740/Desktop/newcore/arch/arm_m/include/asm/spinlock.h **** static void  __spin_unlock( arch_spinlock_t *lock ){
  54              		.loc 2 30 52 is_stmt 1 view -0
  55              		.cfi_startproc
  56              		@ args = 0, pretend = 0, frame = 0
  57              		@ frame_needed = 0, uses_anonymous_args = 0
  58              		@ link register save eliminated.
  31:/mnt/c/Users/31740/Desktop/newcore/arch/arm_m/include/asm/spinlock.h ****     lock->flag = 0;
  59              		.loc 2 31 5 view .LVU5
  60              		.loc 2 31 16 is_stmt 0 view .LVU6
  61 0000 0023     		movs	r3, #0
  62 0002 0360     		str	r3, [r0]
  32:/mnt/c/Users/31740/Desktop/newcore/arch/arm_m/include/asm/spinlock.h **** }
  63              		.loc 2 32 1 view .LVU7
  64 0004 7047     		bx	lr
  65              		.cfi_endproc
  66              	.LFE852:
  68              		.section	.text.spin_lock_init,"ax",%progbits
  69              		.align	1
  70              		.syntax unified
  71              		.thumb
  72              		.thumb_func
  74              	spin_lock_init:
  75              	.LVL3:
  76              	.LFB853:
  77              		.file 3 "/mnt/c/Users/31740/Desktop/newcore/include/linux/spinlock.h"
   1:/mnt/c/Users/31740/Desktop/newcore/include/linux/spinlock.h **** #ifndef __SPINLOCK_H__
   2:/mnt/c/Users/31740/Desktop/newcore/include/linux/spinlock.h **** #define __SPINLOCK_H__
   3:/mnt/c/Users/31740/Desktop/newcore/include/linux/spinlock.h **** 
   4:/mnt/c/Users/31740/Desktop/newcore/include/linux/spinlock.h **** #include <linux/types.h>
   5:/mnt/c/Users/31740/Desktop/newcore/include/linux/spinlock.h **** #include <linux/spinlock_types.h>
   6:/mnt/c/Users/31740/Desktop/newcore/include/linux/spinlock.h **** #include <linux/sched.h>
   7:/mnt/c/Users/31740/Desktop/newcore/include/linux/spinlock.h **** 
   8:/mnt/c/Users/31740/Desktop/newcore/include/linux/spinlock.h **** 
   9:/mnt/c/Users/31740/Desktop/newcore/include/linux/spinlock.h **** 
  10:/mnt/c/Users/31740/Desktop/newcore/include/linux/spinlock.h **** static void spin_lock_init(spinlock_t* lock){
ARM GAS  /tmp/ccOVFrt8.s 			page 3


  78              		.loc 3 10 45 is_stmt 1 view -0
  79              		.cfi_startproc
  80              		@ args = 0, pretend = 0, frame = 0
  81              		@ frame_needed = 0, uses_anonymous_args = 0
  82              		.loc 3 10 45 is_stmt 0 view .LVU9
  83 0000 08B5     		push	{r3, lr}
  84              	.LCFI0:
  85              		.cfi_def_cfa_offset 8
  86              		.cfi_offset 3, -8
  87              		.cfi_offset 14, -4
  11:/mnt/c/Users/31740/Desktop/newcore/include/linux/spinlock.h ****     __spin_init(&lock->rlock.raw_lock);
  88              		.loc 3 11 5 is_stmt 1 view .LVU10
  89 0002 FFF7FEFF 		bl	__spin_init
  90              	.LVL4:
  12:/mnt/c/Users/31740/Desktop/newcore/include/linux/spinlock.h **** }
  91              		.loc 3 12 1 is_stmt 0 view .LVU11
  92 0006 08BD     		pop	{r3, pc}
  93              		.cfi_endproc
  94              	.LFE853:
  96              		.section	.text.spin_unlock,"ax",%progbits
  97              		.align	1
  98              		.syntax unified
  99              		.thumb
 100              		.thumb_func
 102              	spin_unlock:
 103              	.LVL5:
 104              	.LFB855:
  13:/mnt/c/Users/31740/Desktop/newcore/include/linux/spinlock.h **** 
  14:/mnt/c/Users/31740/Desktop/newcore/include/linux/spinlock.h **** static void spin_lock(spinlock_t* lock)
  15:/mnt/c/Users/31740/Desktop/newcore/include/linux/spinlock.h **** {  
  16:/mnt/c/Users/31740/Desktop/newcore/include/linux/spinlock.h ****     while (1)
  17:/mnt/c/Users/31740/Desktop/newcore/include/linux/spinlock.h ****     {
  18:/mnt/c/Users/31740/Desktop/newcore/include/linux/spinlock.h ****         if(__spin_lock(&lock->rlock.raw_lock) == 1){
  19:/mnt/c/Users/31740/Desktop/newcore/include/linux/spinlock.h ****             lock->owner = get_current_task();
  20:/mnt/c/Users/31740/Desktop/newcore/include/linux/spinlock.h ****             break;
  21:/mnt/c/Users/31740/Desktop/newcore/include/linux/spinlock.h ****         }
  22:/mnt/c/Users/31740/Desktop/newcore/include/linux/spinlock.h ****         else  if(lock->owner == get_current_task()){  //å¦‚æžœå·²ç»è¢«é”ä½ä½†æ˜¯é”æ˜¯è‡ªå·±çš„ï
  23:/mnt/c/Users/31740/Desktop/newcore/include/linux/spinlock.h ****             return;   
  24:/mnt/c/Users/31740/Desktop/newcore/include/linux/spinlock.h ****         }
  25:/mnt/c/Users/31740/Desktop/newcore/include/linux/spinlock.h ****         else{
  26:/mnt/c/Users/31740/Desktop/newcore/include/linux/spinlock.h ****             __delay(5); //ä¸»åŠ¨è®©å‡ºæ—¶é—´ç‰‡
  27:/mnt/c/Users/31740/Desktop/newcore/include/linux/spinlock.h ****         }
  28:/mnt/c/Users/31740/Desktop/newcore/include/linux/spinlock.h ****     }
  29:/mnt/c/Users/31740/Desktop/newcore/include/linux/spinlock.h **** }
  30:/mnt/c/Users/31740/Desktop/newcore/include/linux/spinlock.h **** 
  31:/mnt/c/Users/31740/Desktop/newcore/include/linux/spinlock.h **** static void spin_unlock(spinlock_t* lock)
  32:/mnt/c/Users/31740/Desktop/newcore/include/linux/spinlock.h **** {
 105              		.loc 3 32 1 is_stmt 1 view -0
 106              		.cfi_startproc
 107              		@ args = 0, pretend = 0, frame = 0
 108              		@ frame_needed = 0, uses_anonymous_args = 0
 109              		.loc 3 32 1 is_stmt 0 view .LVU13
 110 0000 08B5     		push	{r3, lr}
 111              	.LCFI1:
 112              		.cfi_def_cfa_offset 8
 113              		.cfi_offset 3, -8
 114              		.cfi_offset 14, -4
ARM GAS  /tmp/ccOVFrt8.s 			page 4


  33:/mnt/c/Users/31740/Desktop/newcore/include/linux/spinlock.h ****     __spin_unlock(&lock->rlock.raw_lock);
 115              		.loc 3 33 5 is_stmt 1 view .LVU14
 116 0002 FFF7FEFF 		bl	__spin_unlock
 117              	.LVL6:
  34:/mnt/c/Users/31740/Desktop/newcore/include/linux/spinlock.h **** }
 118              		.loc 3 34 1 is_stmt 0 view .LVU15
 119 0006 08BD     		pop	{r3, pc}
 120              		.cfi_endproc
 121              	.LFE855:
 123              		.section	.text.__spin_lock,"ax",%progbits
 124              		.align	1
 125              		.syntax unified
 126              		.thumb
 127              		.thumb_func
 129              	__spin_lock:
 130              	.LVL7:
 131              	.LFB851:
  15:/mnt/c/Users/31740/Desktop/newcore/arch/arm_m/include/asm/spinlock.h **** 
 132              		.loc 2 15 47 is_stmt 1 view -0
 133              		.cfi_startproc
 134              		@ args = 0, pretend = 0, frame = 0
 135              		@ frame_needed = 0, uses_anonymous_args = 0
  15:/mnt/c/Users/31740/Desktop/newcore/arch/arm_m/include/asm/spinlock.h **** 
 136              		.loc 2 15 47 is_stmt 0 view .LVU17
 137 0000 38B5     		push	{r3, r4, r5, lr}
 138              	.LCFI2:
 139              		.cfi_def_cfa_offset 16
 140              		.cfi_offset 3, -16
 141              		.cfi_offset 4, -12
 142              		.cfi_offset 5, -8
 143              		.cfi_offset 14, -4
 144 0002 0446     		mov	r4, r0
  17:/mnt/c/Users/31740/Desktop/newcore/arch/arm_m/include/asm/spinlock.h ****     if(lock->flag == 0){
 145              		.loc 2 17 5 is_stmt 1 view .LVU18
 146 0004 FFF7FEFF 		bl	stop_all_scheduler
 147              	.LVL8:
  18:/mnt/c/Users/31740/Desktop/newcore/arch/arm_m/include/asm/spinlock.h ****           lock->flag = 1;  
 148              		.loc 2 18 5 view .LVU19
  18:/mnt/c/Users/31740/Desktop/newcore/arch/arm_m/include/asm/spinlock.h ****           lock->flag = 1;  
 149              		.loc 2 18 12 is_stmt 0 view .LVU20
 150 0008 2368     		ldr	r3, [r4]
  18:/mnt/c/Users/31740/Desktop/newcore/arch/arm_m/include/asm/spinlock.h ****           lock->flag = 1;  
 151              		.loc 2 18 7 view .LVU21
 152 000a 2BB9     		cbnz	r3, .L8
  19:/mnt/c/Users/31740/Desktop/newcore/arch/arm_m/include/asm/spinlock.h ****           start_all_scheduler();
 153              		.loc 2 19 11 is_stmt 1 view .LVU22
  19:/mnt/c/Users/31740/Desktop/newcore/arch/arm_m/include/asm/spinlock.h ****           start_all_scheduler();
 154              		.loc 2 19 22 is_stmt 0 view .LVU23
 155 000c 0125     		movs	r5, #1
 156 000e 2560     		str	r5, [r4]
  20:/mnt/c/Users/31740/Desktop/newcore/arch/arm_m/include/asm/spinlock.h ****         return 1;
 157              		.loc 2 20 11 is_stmt 1 view .LVU24
 158 0010 FFF7FEFF 		bl	start_all_scheduler
 159              	.LVL9:
  21:/mnt/c/Users/31740/Desktop/newcore/arch/arm_m/include/asm/spinlock.h ****     }
 160              		.loc 2 21 9 view .LVU25
  21:/mnt/c/Users/31740/Desktop/newcore/arch/arm_m/include/asm/spinlock.h ****     }
ARM GAS  /tmp/ccOVFrt8.s 			page 5


 161              		.loc 2 21 16 is_stmt 0 view .LVU26
 162 0014 2846     		mov	r0, r5
 163              	.L7:
  28:/mnt/c/Users/31740/Desktop/newcore/arch/arm_m/include/asm/spinlock.h **** 
 164              		.loc 2 28 1 view .LVU27
 165 0016 38BD     		pop	{r3, r4, r5, pc}
 166              	.LVL10:
 167              	.L8:
  25:/mnt/c/Users/31740/Desktop/newcore/arch/arm_m/include/asm/spinlock.h ****         return 0;
 168              		.loc 2 25 9 is_stmt 1 view .LVU28
 169 0018 FFF7FEFF 		bl	start_all_scheduler
 170              	.LVL11:
  26:/mnt/c/Users/31740/Desktop/newcore/arch/arm_m/include/asm/spinlock.h ****     }
 171              		.loc 2 26 9 view .LVU29
  26:/mnt/c/Users/31740/Desktop/newcore/arch/arm_m/include/asm/spinlock.h ****     }
 172              		.loc 2 26 16 is_stmt 0 view .LVU30
 173 001c 0020     		movs	r0, #0
 174 001e FAE7     		b	.L7
 175              		.cfi_endproc
 176              	.LFE851:
 178              		.section	.text.spin_lock,"ax",%progbits
 179              		.align	1
 180              		.syntax unified
 181              		.thumb
 182              		.thumb_func
 184              	spin_lock:
 185              	.LVL12:
 186              	.LFB854:
  15:/mnt/c/Users/31740/Desktop/newcore/include/linux/spinlock.h ****     while (1)
 187              		.loc 3 15 1 is_stmt 1 view -0
 188              		.cfi_startproc
 189              		@ args = 0, pretend = 0, frame = 0
 190              		@ frame_needed = 0, uses_anonymous_args = 0
  15:/mnt/c/Users/31740/Desktop/newcore/include/linux/spinlock.h ****     while (1)
 191              		.loc 3 15 1 is_stmt 0 view .LVU32
 192 0000 38B5     		push	{r3, r4, r5, lr}
 193              	.LCFI3:
 194              		.cfi_def_cfa_offset 16
 195              		.cfi_offset 3, -16
 196              		.cfi_offset 4, -12
 197              		.cfi_offset 5, -8
 198              		.cfi_offset 14, -4
 199 0002 0446     		mov	r4, r0
 200 0004 06E0     		b	.L14
 201              	.LVL13:
 202              	.L16:
  19:/mnt/c/Users/31740/Desktop/newcore/include/linux/spinlock.h ****             break;
 203              		.loc 3 19 13 is_stmt 1 view .LVU33
  19:/mnt/c/Users/31740/Desktop/newcore/include/linux/spinlock.h ****             break;
 204              		.loc 3 19 27 is_stmt 0 view .LVU34
 205 0006 FFF7FEFF 		bl	get_current_task
 206              	.LVL14:
  19:/mnt/c/Users/31740/Desktop/newcore/include/linux/spinlock.h ****             break;
 207              		.loc 3 19 25 discriminator 1 view .LVU35
 208 000a 2060     		str	r0, [r4]
  20:/mnt/c/Users/31740/Desktop/newcore/include/linux/spinlock.h ****         }
 209              		.loc 3 20 13 is_stmt 1 view .LVU36
ARM GAS  /tmp/ccOVFrt8.s 			page 6


 210              	.L11:
  29:/mnt/c/Users/31740/Desktop/newcore/include/linux/spinlock.h **** 
 211              		.loc 3 29 1 is_stmt 0 view .LVU37
 212 000c 38BD     		pop	{r3, r4, r5, pc}
 213              	.LVL15:
 214              	.L17:
  26:/mnt/c/Users/31740/Desktop/newcore/include/linux/spinlock.h ****         }
 215              		.loc 3 26 13 is_stmt 1 view .LVU38
 216 000e 0520     		movs	r0, #5
 217 0010 FFF7FEFF 		bl	__delay
 218              	.LVL16:
  16:/mnt/c/Users/31740/Desktop/newcore/include/linux/spinlock.h ****     {
 219              		.loc 3 16 11 view .LVU39
 220              	.L14:
  16:/mnt/c/Users/31740/Desktop/newcore/include/linux/spinlock.h ****     {
 221              		.loc 3 16 5 view .LVU40
  18:/mnt/c/Users/31740/Desktop/newcore/include/linux/spinlock.h ****             lock->owner = get_current_task();
 222              		.loc 3 18 9 view .LVU41
  18:/mnt/c/Users/31740/Desktop/newcore/include/linux/spinlock.h ****             lock->owner = get_current_task();
 223              		.loc 3 18 12 is_stmt 0 view .LVU42
 224 0014 2046     		mov	r0, r4
 225 0016 FFF7FEFF 		bl	__spin_lock
 226              	.LVL17:
  18:/mnt/c/Users/31740/Desktop/newcore/include/linux/spinlock.h ****             lock->owner = get_current_task();
 227              		.loc 3 18 11 discriminator 1 view .LVU43
 228 001a 0128     		cmp	r0, #1
 229 001c F3D0     		beq	.L16
  22:/mnt/c/Users/31740/Desktop/newcore/include/linux/spinlock.h ****             return;   
 230              		.loc 3 22 15 is_stmt 1 view .LVU44
  22:/mnt/c/Users/31740/Desktop/newcore/include/linux/spinlock.h ****             return;   
 231              		.loc 3 22 22 is_stmt 0 view .LVU45
 232 001e 2568     		ldr	r5, [r4]
  22:/mnt/c/Users/31740/Desktop/newcore/include/linux/spinlock.h ****             return;   
 233              		.loc 3 22 33 view .LVU46
 234 0020 FFF7FEFF 		bl	get_current_task
 235              	.LVL18:
  22:/mnt/c/Users/31740/Desktop/newcore/include/linux/spinlock.h ****             return;   
 236              		.loc 3 22 17 discriminator 1 view .LVU47
 237 0024 8542     		cmp	r5, r0
 238 0026 F2D1     		bne	.L17
 239 0028 F0E7     		b	.L11
 240              		.cfi_endproc
 241              	.LFE854:
 243              		.section	.text.f_get,"ax",%progbits
 244              		.align	1
 245              		.global	f_get
 246              		.syntax unified
 247              		.thumb
 248              		.thumb_func
 250              	f_get:
 251              	.LVL19:
 252              	.LFB1035:
   1:/mnt/c/Users/31740/Desktop/newcore/fs/fs_file.c **** #include <linux/kernel.h>
   2:/mnt/c/Users/31740/Desktop/newcore/fs/fs_file.c **** #include <linux/uaccess.h>
   3:/mnt/c/Users/31740/Desktop/newcore/fs/fs_file.c **** #include <linux/atomic.h>
   4:/mnt/c/Users/31740/Desktop/newcore/fs/fs_file.c **** #include <linux/types.h>
   5:/mnt/c/Users/31740/Desktop/newcore/fs/fs_file.c **** #include <linux/module.h>
ARM GAS  /tmp/ccOVFrt8.s 			page 7


   6:/mnt/c/Users/31740/Desktop/newcore/fs/fs_file.c **** #include <linux/string.h>
   7:/mnt/c/Users/31740/Desktop/newcore/fs/fs_file.c **** #include <linux/fs.h>
   8:/mnt/c/Users/31740/Desktop/newcore/fs/fs_file.c **** #include <linux/slab.h>
   9:/mnt/c/Users/31740/Desktop/newcore/fs/fs_file.c **** #include <linux/init.h>
  10:/mnt/c/Users/31740/Desktop/newcore/fs/fs_file.c **** 
  11:/mnt/c/Users/31740/Desktop/newcore/fs/fs_file.c **** struct file * f_get(struct dentry * dentry)
  12:/mnt/c/Users/31740/Desktop/newcore/fs/fs_file.c **** {
 253              		.loc 1 12 1 is_stmt 1 view -0
 254              		.cfi_startproc
 255              		@ args = 0, pretend = 0, frame = 0
 256              		@ frame_needed = 0, uses_anonymous_args = 0
 257              		.loc 1 12 1 is_stmt 0 view .LVU49
 258 0000 F8B5     		push	{r3, r4, r5, r6, r7, lr}
 259              	.LCFI4:
 260              		.cfi_def_cfa_offset 24
 261              		.cfi_offset 3, -24
 262              		.cfi_offset 4, -20
 263              		.cfi_offset 5, -16
 264              		.cfi_offset 6, -12
 265              		.cfi_offset 7, -8
 266              		.cfi_offset 14, -4
 267 0002 0546     		mov	r5, r0
  13:/mnt/c/Users/31740/Desktop/newcore/fs/fs_file.c ****     struct inode *inode = dentry->d_inode;
 268              		.loc 1 13 5 is_stmt 1 view .LVU50
 269              		.loc 1 13 19 is_stmt 0 view .LVU51
 270 0004 866C     		ldr	r6, [r0, #72]
 271              	.LVL20:
  14:/mnt/c/Users/31740/Desktop/newcore/fs/fs_file.c **** 
  15:/mnt/c/Users/31740/Desktop/newcore/fs/fs_file.c ****     spin_lock(&inode->i_lock);
 272              		.loc 1 15 5 is_stmt 1 view .LVU52
 273 0006 06F15807 		add	r7, r6, #88
 274 000a 3846     		mov	r0, r7
 275              	.LVL21:
 276              		.loc 1 15 5 is_stmt 0 view .LVU53
 277 000c FFF7FEFF 		bl	spin_lock
 278              	.LVL22:
  16:/mnt/c/Users/31740/Desktop/newcore/fs/fs_file.c ****     struct file*file_node = kmalloc(sizeof(struct file),GFP_KERNEL);
 279              		.loc 1 16 5 is_stmt 1 view .LVU54
 280              	.LBB12:
 281              	.LBI12:
 282              		.file 4 "/mnt/c/Users/31740/Desktop/newcore/include/linux/slab.h"
   1:/mnt/c/Users/31740/Desktop/newcore/include/linux/slab.h **** /* SPDX-License-Identifier: GPL-2.0 */
   2:/mnt/c/Users/31740/Desktop/newcore/include/linux/slab.h **** /*
   3:/mnt/c/Users/31740/Desktop/newcore/include/linux/slab.h ****  * Written by Mark Hemment, 1996 (markhe@nextd.demon.co.uk).
   4:/mnt/c/Users/31740/Desktop/newcore/include/linux/slab.h ****  *
   5:/mnt/c/Users/31740/Desktop/newcore/include/linux/slab.h ****  * (C) SGI 2006, Christoph Lameter
   6:/mnt/c/Users/31740/Desktop/newcore/include/linux/slab.h ****  * 	Cleaned up and restructured to ease the addition of alternative
   7:/mnt/c/Users/31740/Desktop/newcore/include/linux/slab.h ****  * 	implementations of SLAB allocators.
   8:/mnt/c/Users/31740/Desktop/newcore/include/linux/slab.h ****  * (C) Linux Foundation 2008-2013
   9:/mnt/c/Users/31740/Desktop/newcore/include/linux/slab.h ****  *      Unified interface for all slab allocators
  10:/mnt/c/Users/31740/Desktop/newcore/include/linux/slab.h ****  */
  11:/mnt/c/Users/31740/Desktop/newcore/include/linux/slab.h **** 
  12:/mnt/c/Users/31740/Desktop/newcore/include/linux/slab.h **** #ifndef _LINUX_SLAB_H
  13:/mnt/c/Users/31740/Desktop/newcore/include/linux/slab.h **** #define	_LINUX_SLAB_H
  14:/mnt/c/Users/31740/Desktop/newcore/include/linux/slab.h **** 
  15:/mnt/c/Users/31740/Desktop/newcore/include/linux/slab.h **** #include <linux/cache.h>
  16:/mnt/c/Users/31740/Desktop/newcore/include/linux/slab.h **** #include <linux/overflow.h>
ARM GAS  /tmp/ccOVFrt8.s 			page 8


  17:/mnt/c/Users/31740/Desktop/newcore/include/linux/slab.h **** #include <linux/types.h>
  18:/mnt/c/Users/31740/Desktop/newcore/include/linux/slab.h **** #include <linux/raid/pq.h>
  19:/mnt/c/Users/31740/Desktop/newcore/include/linux/slab.h **** #include <linux/gfp_types.h>
  20:/mnt/c/Users/31740/Desktop/newcore/include/linux/slab.h **** #include <linux/numa.h>
  21:/mnt/c/Users/31740/Desktop/newcore/include/linux/slab.h **** #include <linux/reciprocal_div.h>
  22:/mnt/c/Users/31740/Desktop/newcore/include/linux/slab.h **** #include <linux/spinlock.h>
  23:/mnt/c/Users/31740/Desktop/newcore/include/linux/slab.h **** 
  24:/mnt/c/Users/31740/Desktop/newcore/include/linux/slab.h **** enum _slab_flag_bits {
  25:/mnt/c/Users/31740/Desktop/newcore/include/linux/slab.h **** 	_SLAB_CONSISTENCY_CHECKS,
  26:/mnt/c/Users/31740/Desktop/newcore/include/linux/slab.h **** 	_SLAB_RED_ZONE,
  27:/mnt/c/Users/31740/Desktop/newcore/include/linux/slab.h **** 	_SLAB_POISON,
  28:/mnt/c/Users/31740/Desktop/newcore/include/linux/slab.h **** 	_SLAB_KMALLOC,
  29:/mnt/c/Users/31740/Desktop/newcore/include/linux/slab.h **** 	_SLAB_HWCACHE_ALIGN,
  30:/mnt/c/Users/31740/Desktop/newcore/include/linux/slab.h **** 	_SLAB_CACHE_DMA,
  31:/mnt/c/Users/31740/Desktop/newcore/include/linux/slab.h **** 	_SLAB_CACHE_DMA32,
  32:/mnt/c/Users/31740/Desktop/newcore/include/linux/slab.h **** 	_SLAB_STORE_USER,
  33:/mnt/c/Users/31740/Desktop/newcore/include/linux/slab.h **** 	_SLAB_PANIC,
  34:/mnt/c/Users/31740/Desktop/newcore/include/linux/slab.h **** 	_SLAB_TYPESAFE_BY_RCU,
  35:/mnt/c/Users/31740/Desktop/newcore/include/linux/slab.h **** 	_SLAB_TRACE,
  36:/mnt/c/Users/31740/Desktop/newcore/include/linux/slab.h **** #ifdef CONFIG_DEBUG_OBJECTS
  37:/mnt/c/Users/31740/Desktop/newcore/include/linux/slab.h **** 	_SLAB_DEBUG_OBJECTS,
  38:/mnt/c/Users/31740/Desktop/newcore/include/linux/slab.h **** #endif
  39:/mnt/c/Users/31740/Desktop/newcore/include/linux/slab.h **** 	_SLAB_NOLEAKTRACE,
  40:/mnt/c/Users/31740/Desktop/newcore/include/linux/slab.h **** 	_SLAB_NO_MERGE,
  41:/mnt/c/Users/31740/Desktop/newcore/include/linux/slab.h **** #ifdef CONFIG_FAILSLAB
  42:/mnt/c/Users/31740/Desktop/newcore/include/linux/slab.h **** 	_SLAB_FAILSLAB,
  43:/mnt/c/Users/31740/Desktop/newcore/include/linux/slab.h **** #endif
  44:/mnt/c/Users/31740/Desktop/newcore/include/linux/slab.h **** #ifdef CONFIG_MEMCG
  45:/mnt/c/Users/31740/Desktop/newcore/include/linux/slab.h **** 	_SLAB_ACCOUNT,
  46:/mnt/c/Users/31740/Desktop/newcore/include/linux/slab.h **** #endif
  47:/mnt/c/Users/31740/Desktop/newcore/include/linux/slab.h **** #ifdef CONFIG_KASAN_GENERIC
  48:/mnt/c/Users/31740/Desktop/newcore/include/linux/slab.h **** 	_SLAB_KASAN,
  49:/mnt/c/Users/31740/Desktop/newcore/include/linux/slab.h **** #endif
  50:/mnt/c/Users/31740/Desktop/newcore/include/linux/slab.h **** 	_SLAB_NO_USER_FLAGS,
  51:/mnt/c/Users/31740/Desktop/newcore/include/linux/slab.h **** #ifdef CONFIG_KFENCE
  52:/mnt/c/Users/31740/Desktop/newcore/include/linux/slab.h **** 	_SLAB_SKIP_KFENCE,
  53:/mnt/c/Users/31740/Desktop/newcore/include/linux/slab.h **** #endif
  54:/mnt/c/Users/31740/Desktop/newcore/include/linux/slab.h **** #ifndef CONFIG_SLUB_TINY
  55:/mnt/c/Users/31740/Desktop/newcore/include/linux/slab.h **** 	_SLAB_RECLAIM_ACCOUNT,
  56:/mnt/c/Users/31740/Desktop/newcore/include/linux/slab.h **** #endif
  57:/mnt/c/Users/31740/Desktop/newcore/include/linux/slab.h **** 	_SLAB_OBJECT_POISON,
  58:/mnt/c/Users/31740/Desktop/newcore/include/linux/slab.h **** 	_SLAB_CMPXCHG_DOUBLE,
  59:/mnt/c/Users/31740/Desktop/newcore/include/linux/slab.h **** #ifdef CONFIG_SLAB_OBJ_EXT
  60:/mnt/c/Users/31740/Desktop/newcore/include/linux/slab.h **** 	_SLAB_NO_OBJ_EXT,
  61:/mnt/c/Users/31740/Desktop/newcore/include/linux/slab.h **** #endif
  62:/mnt/c/Users/31740/Desktop/newcore/include/linux/slab.h **** 	_SLAB_FLAGS_LAST_BIT
  63:/mnt/c/Users/31740/Desktop/newcore/include/linux/slab.h **** };
  64:/mnt/c/Users/31740/Desktop/newcore/include/linux/slab.h **** 
  65:/mnt/c/Users/31740/Desktop/newcore/include/linux/slab.h **** 
  66:/mnt/c/Users/31740/Desktop/newcore/include/linux/slab.h **** 
  67:/mnt/c/Users/31740/Desktop/newcore/include/linux/slab.h **** #define __SLAB_FLAG_BIT(nr)	((slab_flags_t __force)(1U << (nr)))
  68:/mnt/c/Users/31740/Desktop/newcore/include/linux/slab.h **** #define __SLAB_FLAG_UNUSED	((slab_flags_t __force)(0U))
  69:/mnt/c/Users/31740/Desktop/newcore/include/linux/slab.h **** 
  70:/mnt/c/Users/31740/Desktop/newcore/include/linux/slab.h **** /*
  71:/mnt/c/Users/31740/Desktop/newcore/include/linux/slab.h ****  * Flags to pass to kmem_cache_create().
  72:/mnt/c/Users/31740/Desktop/newcore/include/linux/slab.h ****  * The ones marked DEBUG need CONFIG_SLUB_DEBUG enabled, otherwise are no-op
  73:/mnt/c/Users/31740/Desktop/newcore/include/linux/slab.h ****  */
ARM GAS  /tmp/ccOVFrt8.s 			page 9


  74:/mnt/c/Users/31740/Desktop/newcore/include/linux/slab.h **** /* DEBUG: Perform (expensive) checks on alloc/free */
  75:/mnt/c/Users/31740/Desktop/newcore/include/linux/slab.h **** #define SLAB_CONSISTENCY_CHECKS	__SLAB_FLAG_BIT(_SLAB_CONSISTENCY_CHECKS)
  76:/mnt/c/Users/31740/Desktop/newcore/include/linux/slab.h **** /* DEBUG: Red zone objs in a cache */
  77:/mnt/c/Users/31740/Desktop/newcore/include/linux/slab.h **** #define SLAB_RED_ZONE		__SLAB_FLAG_BIT(_SLAB_RED_ZONE)
  78:/mnt/c/Users/31740/Desktop/newcore/include/linux/slab.h **** /* DEBUG: Poison objects */
  79:/mnt/c/Users/31740/Desktop/newcore/include/linux/slab.h **** #define SLAB_POISON		__SLAB_FLAG_BIT(_SLAB_POISON)
  80:/mnt/c/Users/31740/Desktop/newcore/include/linux/slab.h **** /* Indicate a kmalloc slab */
  81:/mnt/c/Users/31740/Desktop/newcore/include/linux/slab.h **** #define SLAB_KMALLOC		__SLAB_FLAG_BIT(_SLAB_KMALLOC)
  82:/mnt/c/Users/31740/Desktop/newcore/include/linux/slab.h **** /**
  83:/mnt/c/Users/31740/Desktop/newcore/include/linux/slab.h ****  * define SLAB_HWCACHE_ALIGN - Align objects on cache line boundaries.
  84:/mnt/c/Users/31740/Desktop/newcore/include/linux/slab.h ****  *
  85:/mnt/c/Users/31740/Desktop/newcore/include/linux/slab.h ****  * Sufficiently large objects are aligned on cache line boundary. For object
  86:/mnt/c/Users/31740/Desktop/newcore/include/linux/slab.h ****  * size smaller than a half of cache line size, the alignment is on the half of
  87:/mnt/c/Users/31740/Desktop/newcore/include/linux/slab.h ****  * cache line size. In general, if object size is smaller than 1/2^n of cache
  88:/mnt/c/Users/31740/Desktop/newcore/include/linux/slab.h ****  * line size, the alignment is adjusted to 1/2^n.
  89:/mnt/c/Users/31740/Desktop/newcore/include/linux/slab.h ****  *
  90:/mnt/c/Users/31740/Desktop/newcore/include/linux/slab.h ****  * If explicit alignment is also requested by the respective
  91:/mnt/c/Users/31740/Desktop/newcore/include/linux/slab.h ****  * &struct kmem_cache_args field, the greater of both is alignments is applied.
  92:/mnt/c/Users/31740/Desktop/newcore/include/linux/slab.h ****  */
  93:/mnt/c/Users/31740/Desktop/newcore/include/linux/slab.h **** #define SLAB_HWCACHE_ALIGN	__SLAB_FLAG_BIT(_SLAB_HWCACHE_ALIGN)
  94:/mnt/c/Users/31740/Desktop/newcore/include/linux/slab.h **** /* Use GFP_DMA memory */
  95:/mnt/c/Users/31740/Desktop/newcore/include/linux/slab.h **** #define SLAB_CACHE_DMA		__SLAB_FLAG_BIT(_SLAB_CACHE_DMA)
  96:/mnt/c/Users/31740/Desktop/newcore/include/linux/slab.h **** /* Use GFP_DMA32 memory */
  97:/mnt/c/Users/31740/Desktop/newcore/include/linux/slab.h **** #define SLAB_CACHE_DMA32	__SLAB_FLAG_BIT(_SLAB_CACHE_DMA32)
  98:/mnt/c/Users/31740/Desktop/newcore/include/linux/slab.h **** /* DEBUG: Store the last owner for bug hunting */
  99:/mnt/c/Users/31740/Desktop/newcore/include/linux/slab.h **** #define SLAB_STORE_USER		__SLAB_FLAG_BIT(_SLAB_STORE_USER)
 100:/mnt/c/Users/31740/Desktop/newcore/include/linux/slab.h **** /* Panic if kmem_cache_create() fails */
 101:/mnt/c/Users/31740/Desktop/newcore/include/linux/slab.h **** #define SLAB_PANIC		__SLAB_FLAG_BIT(_SLAB_PANIC)
 102:/mnt/c/Users/31740/Desktop/newcore/include/linux/slab.h **** /**
 103:/mnt/c/Users/31740/Desktop/newcore/include/linux/slab.h ****  * define SLAB_TYPESAFE_BY_RCU - **WARNING** READ THIS!
 104:/mnt/c/Users/31740/Desktop/newcore/include/linux/slab.h ****  *
 105:/mnt/c/Users/31740/Desktop/newcore/include/linux/slab.h ****  * This delays freeing the SLAB page by a grace period, it does _NOT_
 106:/mnt/c/Users/31740/Desktop/newcore/include/linux/slab.h ****  * delay object freeing. This means that if you do kmem_cache_free()
 107:/mnt/c/Users/31740/Desktop/newcore/include/linux/slab.h ****  * that memory location is free to be reused at any time. Thus it may
 108:/mnt/c/Users/31740/Desktop/newcore/include/linux/slab.h ****  * be possible to see another object there in the same RCU grace period.
 109:/mnt/c/Users/31740/Desktop/newcore/include/linux/slab.h ****  *
 110:/mnt/c/Users/31740/Desktop/newcore/include/linux/slab.h ****  * This feature only ensures the memory location backing the object
 111:/mnt/c/Users/31740/Desktop/newcore/include/linux/slab.h ****  * stays valid, the trick to using this is relying on an independent
 112:/mnt/c/Users/31740/Desktop/newcore/include/linux/slab.h ****  * object validation pass. Something like:
 113:/mnt/c/Users/31740/Desktop/newcore/include/linux/slab.h ****  *
 114:/mnt/c/Users/31740/Desktop/newcore/include/linux/slab.h ****  * ::
 115:/mnt/c/Users/31740/Desktop/newcore/include/linux/slab.h ****  *
 116:/mnt/c/Users/31740/Desktop/newcore/include/linux/slab.h ****  *  begin:
 117:/mnt/c/Users/31740/Desktop/newcore/include/linux/slab.h ****  *   rcu_read_lock();
 118:/mnt/c/Users/31740/Desktop/newcore/include/linux/slab.h ****  *   obj = lockless_lookup(key);
 119:/mnt/c/Users/31740/Desktop/newcore/include/linux/slab.h ****  *   if (obj) {
 120:/mnt/c/Users/31740/Desktop/newcore/include/linux/slab.h ****  *     if (!try_get_ref(obj)) // might fail for free objects
 121:/mnt/c/Users/31740/Desktop/newcore/include/linux/slab.h ****  *       rcu_read_unlock();
 122:/mnt/c/Users/31740/Desktop/newcore/include/linux/slab.h ****  *       goto begin;
 123:/mnt/c/Users/31740/Desktop/newcore/include/linux/slab.h ****  *
 124:/mnt/c/Users/31740/Desktop/newcore/include/linux/slab.h ****  *     if (obj->key != key) { // not the object we expected
 125:/mnt/c/Users/31740/Desktop/newcore/include/linux/slab.h ****  *       put_ref(obj);
 126:/mnt/c/Users/31740/Desktop/newcore/include/linux/slab.h ****  *       rcu_read_unlock();
 127:/mnt/c/Users/31740/Desktop/newcore/include/linux/slab.h ****  *       goto begin;
 128:/mnt/c/Users/31740/Desktop/newcore/include/linux/slab.h ****  *     }
 129:/mnt/c/Users/31740/Desktop/newcore/include/linux/slab.h ****  *   }
 130:/mnt/c/Users/31740/Desktop/newcore/include/linux/slab.h ****  *  rcu_read_unlock();
ARM GAS  /tmp/ccOVFrt8.s 			page 10


 131:/mnt/c/Users/31740/Desktop/newcore/include/linux/slab.h ****  *
 132:/mnt/c/Users/31740/Desktop/newcore/include/linux/slab.h ****  * This is useful if we need to approach a kernel structure obliquely,
 133:/mnt/c/Users/31740/Desktop/newcore/include/linux/slab.h ****  * from its address obtained without the usual locking. We can lock
 134:/mnt/c/Users/31740/Desktop/newcore/include/linux/slab.h ****  * the structure to stabilize it and check it's still at the given address,
 135:/mnt/c/Users/31740/Desktop/newcore/include/linux/slab.h ****  * only if we can be sure that the memory has not been meanwhile reused
 136:/mnt/c/Users/31740/Desktop/newcore/include/linux/slab.h ****  * for some other kind of object (which our subsystem's lock might corrupt).
 137:/mnt/c/Users/31740/Desktop/newcore/include/linux/slab.h ****  *
 138:/mnt/c/Users/31740/Desktop/newcore/include/linux/slab.h ****  * rcu_read_lock before reading the address, then rcu_read_unlock after
 139:/mnt/c/Users/31740/Desktop/newcore/include/linux/slab.h ****  * taking the spinlock within the structure expected at that address.
 140:/mnt/c/Users/31740/Desktop/newcore/include/linux/slab.h ****  *
 141:/mnt/c/Users/31740/Desktop/newcore/include/linux/slab.h ****  * Note that it is not possible to acquire a lock within a structure
 142:/mnt/c/Users/31740/Desktop/newcore/include/linux/slab.h ****  * allocated with SLAB_TYPESAFE_BY_RCU without first acquiring a reference
 143:/mnt/c/Users/31740/Desktop/newcore/include/linux/slab.h ****  * as described above.  The reason is that SLAB_TYPESAFE_BY_RCU pages
 144:/mnt/c/Users/31740/Desktop/newcore/include/linux/slab.h ****  * are not zeroed before being given to the slab, which means that any
 145:/mnt/c/Users/31740/Desktop/newcore/include/linux/slab.h ****  * locks must be initialized after each and every kmem_struct_alloc().
 146:/mnt/c/Users/31740/Desktop/newcore/include/linux/slab.h ****  * Alternatively, make the ctor passed to kmem_cache_create() initialize
 147:/mnt/c/Users/31740/Desktop/newcore/include/linux/slab.h ****  * the locks at page-allocation time, as is done in __i915_request_ctor(),
 148:/mnt/c/Users/31740/Desktop/newcore/include/linux/slab.h ****  * sighand_ctor(), and anon_vma_ctor().  Such a ctor permits readers
 149:/mnt/c/Users/31740/Desktop/newcore/include/linux/slab.h ****  * to safely acquire those ctor-initialized locks under rcu_read_lock()
 150:/mnt/c/Users/31740/Desktop/newcore/include/linux/slab.h ****  * protection.
 151:/mnt/c/Users/31740/Desktop/newcore/include/linux/slab.h ****  *
 152:/mnt/c/Users/31740/Desktop/newcore/include/linux/slab.h ****  * Note that SLAB_TYPESAFE_BY_RCU was originally named SLAB_DESTROY_BY_RCU.
 153:/mnt/c/Users/31740/Desktop/newcore/include/linux/slab.h ****  */
 154:/mnt/c/Users/31740/Desktop/newcore/include/linux/slab.h **** #define SLAB_TYPESAFE_BY_RCU	__SLAB_FLAG_BIT(_SLAB_TYPESAFE_BY_RCU)
 155:/mnt/c/Users/31740/Desktop/newcore/include/linux/slab.h **** /* Trace allocations and frees */
 156:/mnt/c/Users/31740/Desktop/newcore/include/linux/slab.h **** #define SLAB_TRACE		__SLAB_FLAG_BIT(_SLAB_TRACE)
 157:/mnt/c/Users/31740/Desktop/newcore/include/linux/slab.h **** 
 158:/mnt/c/Users/31740/Desktop/newcore/include/linux/slab.h **** /* Flag to prevent checks on free */
 159:/mnt/c/Users/31740/Desktop/newcore/include/linux/slab.h **** #ifdef CONFIG_DEBUG_OBJECTS
 160:/mnt/c/Users/31740/Desktop/newcore/include/linux/slab.h **** # define SLAB_DEBUG_OBJECTS	__SLAB_FLAG_BIT(_SLAB_DEBUG_OBJECTS)
 161:/mnt/c/Users/31740/Desktop/newcore/include/linux/slab.h **** #else
 162:/mnt/c/Users/31740/Desktop/newcore/include/linux/slab.h **** # define SLAB_DEBUG_OBJECTS	__SLAB_FLAG_UNUSED
 163:/mnt/c/Users/31740/Desktop/newcore/include/linux/slab.h **** #endif
 164:/mnt/c/Users/31740/Desktop/newcore/include/linux/slab.h **** 
 165:/mnt/c/Users/31740/Desktop/newcore/include/linux/slab.h **** /* Avoid kmemleak tracing */
 166:/mnt/c/Users/31740/Desktop/newcore/include/linux/slab.h **** #define SLAB_NOLEAKTRACE	__SLAB_FLAG_BIT(_SLAB_NOLEAKTRACE)
 167:/mnt/c/Users/31740/Desktop/newcore/include/linux/slab.h **** 
 168:/mnt/c/Users/31740/Desktop/newcore/include/linux/slab.h **** /*
 169:/mnt/c/Users/31740/Desktop/newcore/include/linux/slab.h ****  * Prevent merging with compatible kmem caches. This flag should be used
 170:/mnt/c/Users/31740/Desktop/newcore/include/linux/slab.h ****  * cautiously. Valid use cases:
 171:/mnt/c/Users/31740/Desktop/newcore/include/linux/slab.h ****  *
 172:/mnt/c/Users/31740/Desktop/newcore/include/linux/slab.h ****  * - caches created for self-tests (e.g. kunit)
 173:/mnt/c/Users/31740/Desktop/newcore/include/linux/slab.h ****  * - general caches created and used by a subsystem, only when a
 174:/mnt/c/Users/31740/Desktop/newcore/include/linux/slab.h ****  *   (subsystem-specific) debug option is enabled
 175:/mnt/c/Users/31740/Desktop/newcore/include/linux/slab.h ****  * - performance critical caches, should be very rare and consulted with slab
 176:/mnt/c/Users/31740/Desktop/newcore/include/linux/slab.h ****  *   maintainers, and not used together with CONFIG_SLUB_TINY
 177:/mnt/c/Users/31740/Desktop/newcore/include/linux/slab.h ****  */
 178:/mnt/c/Users/31740/Desktop/newcore/include/linux/slab.h **** #define SLAB_NO_MERGE		__SLAB_FLAG_BIT(_SLAB_NO_MERGE)
 179:/mnt/c/Users/31740/Desktop/newcore/include/linux/slab.h **** 
 180:/mnt/c/Users/31740/Desktop/newcore/include/linux/slab.h **** /* Fault injection mark */
 181:/mnt/c/Users/31740/Desktop/newcore/include/linux/slab.h **** #ifdef CONFIG_FAILSLAB
 182:/mnt/c/Users/31740/Desktop/newcore/include/linux/slab.h **** # define SLAB_FAILSLAB		__SLAB_FLAG_BIT(_SLAB_FAILSLAB)
 183:/mnt/c/Users/31740/Desktop/newcore/include/linux/slab.h **** #else
 184:/mnt/c/Users/31740/Desktop/newcore/include/linux/slab.h **** # define SLAB_FAILSLAB		__SLAB_FLAG_UNUSED
 185:/mnt/c/Users/31740/Desktop/newcore/include/linux/slab.h **** #endif
 186:/mnt/c/Users/31740/Desktop/newcore/include/linux/slab.h **** /**
 187:/mnt/c/Users/31740/Desktop/newcore/include/linux/slab.h ****  * define SLAB_ACCOUNT - Account allocations to memcg.
ARM GAS  /tmp/ccOVFrt8.s 			page 11


 188:/mnt/c/Users/31740/Desktop/newcore/include/linux/slab.h ****  *
 189:/mnt/c/Users/31740/Desktop/newcore/include/linux/slab.h ****  * All object allocations from this cache will be memcg accounted, regardless of
 190:/mnt/c/Users/31740/Desktop/newcore/include/linux/slab.h ****  * __GFP_ACCOUNT being or not being passed to individual allocations.
 191:/mnt/c/Users/31740/Desktop/newcore/include/linux/slab.h ****  */
 192:/mnt/c/Users/31740/Desktop/newcore/include/linux/slab.h **** #ifdef CONFIG_MEMCG
 193:/mnt/c/Users/31740/Desktop/newcore/include/linux/slab.h **** # define SLAB_ACCOUNT		__SLAB_FLAG_BIT(_SLAB_ACCOUNT)
 194:/mnt/c/Users/31740/Desktop/newcore/include/linux/slab.h **** #else
 195:/mnt/c/Users/31740/Desktop/newcore/include/linux/slab.h **** # define SLAB_ACCOUNT		__SLAB_FLAG_UNUSED
 196:/mnt/c/Users/31740/Desktop/newcore/include/linux/slab.h **** #endif
 197:/mnt/c/Users/31740/Desktop/newcore/include/linux/slab.h **** 
 198:/mnt/c/Users/31740/Desktop/newcore/include/linux/slab.h **** #ifdef CONFIG_KASAN_GENERIC
 199:/mnt/c/Users/31740/Desktop/newcore/include/linux/slab.h **** #define SLAB_KASAN		__SLAB_FLAG_BIT(_SLAB_KASAN)
 200:/mnt/c/Users/31740/Desktop/newcore/include/linux/slab.h **** #else
 201:/mnt/c/Users/31740/Desktop/newcore/include/linux/slab.h **** #define SLAB_KASAN		__SLAB_FLAG_UNUSED
 202:/mnt/c/Users/31740/Desktop/newcore/include/linux/slab.h **** #endif
 203:/mnt/c/Users/31740/Desktop/newcore/include/linux/slab.h **** 
 204:/mnt/c/Users/31740/Desktop/newcore/include/linux/slab.h **** /*
 205:/mnt/c/Users/31740/Desktop/newcore/include/linux/slab.h ****  * Ignore user specified debugging flags.
 206:/mnt/c/Users/31740/Desktop/newcore/include/linux/slab.h ****  * Intended for caches created for self-tests so they have only flags
 207:/mnt/c/Users/31740/Desktop/newcore/include/linux/slab.h ****  * specified in the code and other flags are ignored.
 208:/mnt/c/Users/31740/Desktop/newcore/include/linux/slab.h ****  */
 209:/mnt/c/Users/31740/Desktop/newcore/include/linux/slab.h **** #define SLAB_NO_USER_FLAGS	__SLAB_FLAG_BIT(_SLAB_NO_USER_FLAGS)
 210:/mnt/c/Users/31740/Desktop/newcore/include/linux/slab.h **** 
 211:/mnt/c/Users/31740/Desktop/newcore/include/linux/slab.h **** #ifdef CONFIG_KFENCE
 212:/mnt/c/Users/31740/Desktop/newcore/include/linux/slab.h **** #define SLAB_SKIP_KFENCE	__SLAB_FLAG_BIT(_SLAB_SKIP_KFENCE)
 213:/mnt/c/Users/31740/Desktop/newcore/include/linux/slab.h **** #else
 214:/mnt/c/Users/31740/Desktop/newcore/include/linux/slab.h **** #define SLAB_SKIP_KFENCE	__SLAB_FLAG_UNUSED
 215:/mnt/c/Users/31740/Desktop/newcore/include/linux/slab.h **** #endif
 216:/mnt/c/Users/31740/Desktop/newcore/include/linux/slab.h **** 
 217:/mnt/c/Users/31740/Desktop/newcore/include/linux/slab.h **** /* The following flags affect the page allocator grouping pages by mobility */
 218:/mnt/c/Users/31740/Desktop/newcore/include/linux/slab.h **** /**
 219:/mnt/c/Users/31740/Desktop/newcore/include/linux/slab.h ****  * define SLAB_RECLAIM_ACCOUNT - Objects are reclaimable.
 220:/mnt/c/Users/31740/Desktop/newcore/include/linux/slab.h ****  *
 221:/mnt/c/Users/31740/Desktop/newcore/include/linux/slab.h ****  * Use this flag for caches that have an associated shrinker. As a result, slab
 222:/mnt/c/Users/31740/Desktop/newcore/include/linux/slab.h ****  * pages are allocated with __GFP_RECLAIMABLE, which affects grouping pages by
 223:/mnt/c/Users/31740/Desktop/newcore/include/linux/slab.h ****  * mobility, and are accounted in SReclaimable counter in /proc/meminfo
 224:/mnt/c/Users/31740/Desktop/newcore/include/linux/slab.h ****  */
 225:/mnt/c/Users/31740/Desktop/newcore/include/linux/slab.h **** #ifndef CONFIG_SLUB_TINY
 226:/mnt/c/Users/31740/Desktop/newcore/include/linux/slab.h **** #define SLAB_RECLAIM_ACCOUNT	__SLAB_FLAG_BIT(_SLAB_RECLAIM_ACCOUNT)
 227:/mnt/c/Users/31740/Desktop/newcore/include/linux/slab.h **** #else
 228:/mnt/c/Users/31740/Desktop/newcore/include/linux/slab.h **** #define SLAB_RECLAIM_ACCOUNT	__SLAB_FLAG_UNUSED
 229:/mnt/c/Users/31740/Desktop/newcore/include/linux/slab.h **** #endif
 230:/mnt/c/Users/31740/Desktop/newcore/include/linux/slab.h **** #define SLAB_TEMPORARY		SLAB_RECLAIM_ACCOUNT	/* Objects are short-lived */
 231:/mnt/c/Users/31740/Desktop/newcore/include/linux/slab.h **** 
 232:/mnt/c/Users/31740/Desktop/newcore/include/linux/slab.h **** /* Slab created using create_boot_cache */
 233:/mnt/c/Users/31740/Desktop/newcore/include/linux/slab.h **** #ifdef CONFIG_SLAB_OBJ_EXT
 234:/mnt/c/Users/31740/Desktop/newcore/include/linux/slab.h **** #define SLAB_NO_OBJ_EXT		__SLAB_FLAG_BIT(_SLAB_NO_OBJ_EXT)
 235:/mnt/c/Users/31740/Desktop/newcore/include/linux/slab.h **** #else
 236:/mnt/c/Users/31740/Desktop/newcore/include/linux/slab.h **** #define SLAB_NO_OBJ_EXT		__SLAB_FLAG_UNUSED
 237:/mnt/c/Users/31740/Desktop/newcore/include/linux/slab.h **** #endif
 238:/mnt/c/Users/31740/Desktop/newcore/include/linux/slab.h **** 
 239:/mnt/c/Users/31740/Desktop/newcore/include/linux/slab.h **** /*
 240:/mnt/c/Users/31740/Desktop/newcore/include/linux/slab.h ****  * freeptr_t represents a SLUB freelist pointer, which might be encoded
 241:/mnt/c/Users/31740/Desktop/newcore/include/linux/slab.h ****  * and not dereferenceable if CONFIG_SLAB_FREELIST_HARDENED is enabled.
 242:/mnt/c/Users/31740/Desktop/newcore/include/linux/slab.h ****  */
 243:/mnt/c/Users/31740/Desktop/newcore/include/linux/slab.h **** typedef struct { unsigned long v; } freeptr_t;
 244:/mnt/c/Users/31740/Desktop/newcore/include/linux/slab.h **** 
ARM GAS  /tmp/ccOVFrt8.s 			page 12


 245:/mnt/c/Users/31740/Desktop/newcore/include/linux/slab.h **** /*
 246:/mnt/c/Users/31740/Desktop/newcore/include/linux/slab.h ****  * ZERO_SIZE_PTR will be returned for zero sized kmalloc requests.
 247:/mnt/c/Users/31740/Desktop/newcore/include/linux/slab.h ****  *
 248:/mnt/c/Users/31740/Desktop/newcore/include/linux/slab.h ****  * Dereferencing ZERO_SIZE_PTR will lead to a distinct access fault.
 249:/mnt/c/Users/31740/Desktop/newcore/include/linux/slab.h ****  *
 250:/mnt/c/Users/31740/Desktop/newcore/include/linux/slab.h ****  * ZERO_SIZE_PTR can be passed to kfree though in the same way that NULL can.
 251:/mnt/c/Users/31740/Desktop/newcore/include/linux/slab.h ****  * Both make kfree a no-op.
 252:/mnt/c/Users/31740/Desktop/newcore/include/linux/slab.h ****  */
 253:/mnt/c/Users/31740/Desktop/newcore/include/linux/slab.h **** #define ZERO_SIZE_PTR ((void *)16)
 254:/mnt/c/Users/31740/Desktop/newcore/include/linux/slab.h **** 
 255:/mnt/c/Users/31740/Desktop/newcore/include/linux/slab.h **** #define ZERO_OR_NULL_PTR(x) ((unsigned long)(x) <= \
 256:/mnt/c/Users/31740/Desktop/newcore/include/linux/slab.h **** 				(unsigned long)ZERO_SIZE_PTR)
 257:/mnt/c/Users/31740/Desktop/newcore/include/linux/slab.h **** 
 258:/mnt/c/Users/31740/Desktop/newcore/include/linux/slab.h **** 
 259:/mnt/c/Users/31740/Desktop/newcore/include/linux/slab.h **** 
 260:/mnt/c/Users/31740/Desktop/newcore/include/linux/slab.h **** 
 261:/mnt/c/Users/31740/Desktop/newcore/include/linux/slab.h **** 
 262:/mnt/c/Users/31740/Desktop/newcore/include/linux/slab.h **** #ifdef CONFIG_SLUB_CPU_PARTIAL
 263:/mnt/c/Users/31740/Desktop/newcore/include/linux/slab.h **** #define slub_percpu_partial(c)			((c)->partial)
 264:/mnt/c/Users/31740/Desktop/newcore/include/linux/slab.h **** 
 265:/mnt/c/Users/31740/Desktop/newcore/include/linux/slab.h **** #define slub_set_percpu_partial(c, p)		\
 266:/mnt/c/Users/31740/Desktop/newcore/include/linux/slab.h **** ({						\
 267:/mnt/c/Users/31740/Desktop/newcore/include/linux/slab.h **** 	slub_percpu_partial(c) = (p)->next;	\
 268:/mnt/c/Users/31740/Desktop/newcore/include/linux/slab.h **** })
 269:/mnt/c/Users/31740/Desktop/newcore/include/linux/slab.h **** 
 270:/mnt/c/Users/31740/Desktop/newcore/include/linux/slab.h **** #define slub_percpu_partial_read_once(c)	READ_ONCE(slub_percpu_partial(c))
 271:/mnt/c/Users/31740/Desktop/newcore/include/linux/slab.h **** #else
 272:/mnt/c/Users/31740/Desktop/newcore/include/linux/slab.h **** #define slub_percpu_partial(c)			NULL
 273:/mnt/c/Users/31740/Desktop/newcore/include/linux/slab.h **** 
 274:/mnt/c/Users/31740/Desktop/newcore/include/linux/slab.h **** #define slub_set_percpu_partial(c, p)
 275:/mnt/c/Users/31740/Desktop/newcore/include/linux/slab.h **** 
 276:/mnt/c/Users/31740/Desktop/newcore/include/linux/slab.h **** #define slub_percpu_partial_read_once(c)	NULL
 277:/mnt/c/Users/31740/Desktop/newcore/include/linux/slab.h **** 
 278:/mnt/c/Users/31740/Desktop/newcore/include/linux/slab.h **** 
 279:/mnt/c/Users/31740/Desktop/newcore/include/linux/slab.h **** #endif // CONFIG_SLUB_CPU_PARTIAL
 280:/mnt/c/Users/31740/Desktop/newcore/include/linux/slab.h **** 
 281:/mnt/c/Users/31740/Desktop/newcore/include/linux/slab.h **** /*
 282:/mnt/c/Users/31740/Desktop/newcore/include/linux/slab.h **** 	* Word size structure that can be atomically updated or read and that
 283:/mnt/c/Users/31740/Desktop/newcore/include/linux/slab.h **** 	* contains both the order and the number of objects that a slab of the
 284:/mnt/c/Users/31740/Desktop/newcore/include/linux/slab.h **** 	* given order would contain.
 285:/mnt/c/Users/31740/Desktop/newcore/include/linux/slab.h **** 	*/				
 286:/mnt/c/Users/31740/Desktop/newcore/include/linux/slab.h **** struct kmem_cache_order_objects {
 287:/mnt/c/Users/31740/Desktop/newcore/include/linux/slab.h **** 	unsigned int x;
 288:/mnt/c/Users/31740/Desktop/newcore/include/linux/slab.h **** };
 289:/mnt/c/Users/31740/Desktop/newcore/include/linux/slab.h **** 
 290:/mnt/c/Users/31740/Desktop/newcore/include/linux/slab.h **** struct kmem_cache_node {
 291:/mnt/c/Users/31740/Desktop/newcore/include/linux/slab.h **** 	spinlock_t list_lock;
 292:/mnt/c/Users/31740/Desktop/newcore/include/linux/slab.h **** 	unsigned long nr_partial;
 293:/mnt/c/Users/31740/Desktop/newcore/include/linux/slab.h **** 	struct list_head partial;
 294:/mnt/c/Users/31740/Desktop/newcore/include/linux/slab.h **** #ifdef CONFIG_SLUB_DEBUG
 295:/mnt/c/Users/31740/Desktop/newcore/include/linux/slab.h **** 	atomic_long_t nr_slabs;
 296:/mnt/c/Users/31740/Desktop/newcore/include/linux/slab.h **** 	atomic_long_t total_objects;
 297:/mnt/c/Users/31740/Desktop/newcore/include/linux/slab.h **** 	struct list_head full;
 298:/mnt/c/Users/31740/Desktop/newcore/include/linux/slab.h **** #endif
 299:/mnt/c/Users/31740/Desktop/newcore/include/linux/slab.h **** };
 300:/mnt/c/Users/31740/Desktop/newcore/include/linux/slab.h **** 
 301:/mnt/c/Users/31740/Desktop/newcore/include/linux/slab.h **** struct kmem_cache {
ARM GAS  /tmp/ccOVFrt8.s 			page 13


 302:/mnt/c/Users/31740/Desktop/newcore/include/linux/slab.h **** 	#ifndef CONFIG_SLUB_TINY
 303:/mnt/c/Users/31740/Desktop/newcore/include/linux/slab.h **** 	//	struct kmem_cache_cpu __percpu *cpu_slab;
 304:/mnt/c/Users/31740/Desktop/newcore/include/linux/slab.h **** 	#endif
 305:/mnt/c/Users/31740/Desktop/newcore/include/linux/slab.h **** 		/* Used for retrieving partial slabs, etc. */
 306:/mnt/c/Users/31740/Desktop/newcore/include/linux/slab.h **** 		slab_flags_t flags;
 307:/mnt/c/Users/31740/Desktop/newcore/include/linux/slab.h **** 		unsigned long min_partial;
 308:/mnt/c/Users/31740/Desktop/newcore/include/linux/slab.h **** 		unsigned int size;		/* Object size including metadata */
 309:/mnt/c/Users/31740/Desktop/newcore/include/linux/slab.h **** 		unsigned int object_size;	/* Object size without metadata */
 310:/mnt/c/Users/31740/Desktop/newcore/include/linux/slab.h **** 		struct reciprocal_value reciprocal_size;
 311:/mnt/c/Users/31740/Desktop/newcore/include/linux/slab.h **** 		unsigned int offset;		/* Free pointer offset */
 312:/mnt/c/Users/31740/Desktop/newcore/include/linux/slab.h **** 	#ifdef CONFIG_SLUB_CPU_PARTIAL
 313:/mnt/c/Users/31740/Desktop/newcore/include/linux/slab.h **** 		/* Number of per cpu partial objects to keep around */
 314:/mnt/c/Users/31740/Desktop/newcore/include/linux/slab.h **** 		unsigned int cpu_partial;
 315:/mnt/c/Users/31740/Desktop/newcore/include/linux/slab.h **** 		/* Number of per cpu partial slabs to keep around */
 316:/mnt/c/Users/31740/Desktop/newcore/include/linux/slab.h **** 		unsigned int cpu_partial_slabs;
 317:/mnt/c/Users/31740/Desktop/newcore/include/linux/slab.h **** 	#endif
 318:/mnt/c/Users/31740/Desktop/newcore/include/linux/slab.h **** 		struct kmem_cache_order_objects oo;
 319:/mnt/c/Users/31740/Desktop/newcore/include/linux/slab.h **** 	
 320:/mnt/c/Users/31740/Desktop/newcore/include/linux/slab.h **** 		/* Allocation and freeing of slabs */
 321:/mnt/c/Users/31740/Desktop/newcore/include/linux/slab.h **** 		struct kmem_cache_order_objects min;
 322:/mnt/c/Users/31740/Desktop/newcore/include/linux/slab.h **** 		gfp_t allocflags;		/* gfp flags to use on each alloc */
 323:/mnt/c/Users/31740/Desktop/newcore/include/linux/slab.h **** 		int refcount;			/* Refcount for slab cache destroy */
 324:/mnt/c/Users/31740/Desktop/newcore/include/linux/slab.h **** 		void (*ctor)(void *object);	/* Object constructor */
 325:/mnt/c/Users/31740/Desktop/newcore/include/linux/slab.h **** 		unsigned int inuse;		/* Offset to metadata */
 326:/mnt/c/Users/31740/Desktop/newcore/include/linux/slab.h **** 		unsigned int align;		/* Alignment */
 327:/mnt/c/Users/31740/Desktop/newcore/include/linux/slab.h **** 		unsigned int red_left_pad;	/* Left redzone padding size */
 328:/mnt/c/Users/31740/Desktop/newcore/include/linux/slab.h **** 		const char *name;		/* Name (only for display!) */
 329:/mnt/c/Users/31740/Desktop/newcore/include/linux/slab.h **** 		struct list_head list;		/* List of slab caches */
 330:/mnt/c/Users/31740/Desktop/newcore/include/linux/slab.h **** 	#ifdef CONFIG_SYSFS
 331:/mnt/c/Users/31740/Desktop/newcore/include/linux/slab.h **** 		struct kobject kobj;		/* For sysfs */
 332:/mnt/c/Users/31740/Desktop/newcore/include/linux/slab.h **** 	#endif
 333:/mnt/c/Users/31740/Desktop/newcore/include/linux/slab.h **** 	#ifdef CONFIG_SLAB_FREELIST_HARDENED
 334:/mnt/c/Users/31740/Desktop/newcore/include/linux/slab.h **** 		unsigned long random;
 335:/mnt/c/Users/31740/Desktop/newcore/include/linux/slab.h **** 	#endif
 336:/mnt/c/Users/31740/Desktop/newcore/include/linux/slab.h **** 	
 337:/mnt/c/Users/31740/Desktop/newcore/include/linux/slab.h **** 	#ifdef CONFIG_NUMA
 338:/mnt/c/Users/31740/Desktop/newcore/include/linux/slab.h **** 		/*
 339:/mnt/c/Users/31740/Desktop/newcore/include/linux/slab.h **** 			* Defragmentation by allocating from a remote node.
 340:/mnt/c/Users/31740/Desktop/newcore/include/linux/slab.h **** 			*/
 341:/mnt/c/Users/31740/Desktop/newcore/include/linux/slab.h **** 		unsigned int remote_node_defrag_ratio;
 342:/mnt/c/Users/31740/Desktop/newcore/include/linux/slab.h **** 	#endif
 343:/mnt/c/Users/31740/Desktop/newcore/include/linux/slab.h **** 	
 344:/mnt/c/Users/31740/Desktop/newcore/include/linux/slab.h **** 	#ifdef CONFIG_SLAB_FREELIST_RANDOM
 345:/mnt/c/Users/31740/Desktop/newcore/include/linux/slab.h **** 		unsigned int *random_seq;
 346:/mnt/c/Users/31740/Desktop/newcore/include/linux/slab.h **** 	#endif
 347:/mnt/c/Users/31740/Desktop/newcore/include/linux/slab.h **** 	
 348:/mnt/c/Users/31740/Desktop/newcore/include/linux/slab.h **** 	#ifdef CONFIG_KASAN_GENERIC
 349:/mnt/c/Users/31740/Desktop/newcore/include/linux/slab.h **** 		struct kasan_cache kasan_info;
 350:/mnt/c/Users/31740/Desktop/newcore/include/linux/slab.h **** 	#endif
 351:/mnt/c/Users/31740/Desktop/newcore/include/linux/slab.h **** 	
 352:/mnt/c/Users/31740/Desktop/newcore/include/linux/slab.h **** 	#ifdef CONFIG_HARDENED_USERCOPY
 353:/mnt/c/Users/31740/Desktop/newcore/include/linux/slab.h **** 		unsigned int useroffset;	/* Usercopy region offset */
 354:/mnt/c/Users/31740/Desktop/newcore/include/linux/slab.h **** 		unsigned int usersize;		/* Usercopy region size */
 355:/mnt/c/Users/31740/Desktop/newcore/include/linux/slab.h **** 	#endif
 356:/mnt/c/Users/31740/Desktop/newcore/include/linux/slab.h **** 	
 357:/mnt/c/Users/31740/Desktop/newcore/include/linux/slab.h **** 		struct kmem_cache_node *node[MAX_NUMNODES];
 358:/mnt/c/Users/31740/Desktop/newcore/include/linux/slab.h **** 	};
ARM GAS  /tmp/ccOVFrt8.s 			page 14


 359:/mnt/c/Users/31740/Desktop/newcore/include/linux/slab.h **** 					
 360:/mnt/c/Users/31740/Desktop/newcore/include/linux/slab.h **** 
 361:/mnt/c/Users/31740/Desktop/newcore/include/linux/slab.h **** 
 362:/mnt/c/Users/31740/Desktop/newcore/include/linux/slab.h **** 
 363:/mnt/c/Users/31740/Desktop/newcore/include/linux/slab.h **** 
 364:/mnt/c/Users/31740/Desktop/newcore/include/linux/slab.h **** #define KMALLOC_WAIT 1
 365:/mnt/c/Users/31740/Desktop/newcore/include/linux/slab.h **** 
 366:/mnt/c/Users/31740/Desktop/newcore/include/linux/slab.h **** 
 367:/mnt/c/Users/31740/Desktop/newcore/include/linux/slab.h **** extern void* __smalloc__(u32 size, gfp_t flags);
 368:/mnt/c/Users/31740/Desktop/newcore/include/linux/slab.h **** extern void  __sfree__(void* addr);
 369:/mnt/c/Users/31740/Desktop/newcore/include/linux/slab.h **** 
 370:/mnt/c/Users/31740/Desktop/newcore/include/linux/slab.h **** 
 371:/mnt/c/Users/31740/Desktop/newcore/include/linux/slab.h **** static void inline *vmalloc(unsigned long size){
 372:/mnt/c/Users/31740/Desktop/newcore/include/linux/slab.h **** 	return __smalloc__(size,GFP_TRANSHUGE_LIGHT);
 373:/mnt/c/Users/31740/Desktop/newcore/include/linux/slab.h **** }
 374:/mnt/c/Users/31740/Desktop/newcore/include/linux/slab.h **** 
 375:/mnt/c/Users/31740/Desktop/newcore/include/linux/slab.h **** static void inline vfree(void *addr){
 376:/mnt/c/Users/31740/Desktop/newcore/include/linux/slab.h **** 	__sfree__(addr);
 377:/mnt/c/Users/31740/Desktop/newcore/include/linux/slab.h **** }
 378:/mnt/c/Users/31740/Desktop/newcore/include/linux/slab.h **** 
 379:/mnt/c/Users/31740/Desktop/newcore/include/linux/slab.h **** static void inline *kmalloc(size_t size, gfp_t flags){
 283              		.loc 4 379 21 view .LVU55
 284              	.LBB13:
 380:/mnt/c/Users/31740/Desktop/newcore/include/linux/slab.h **** 	return __smalloc__((u32)size,flags);
 285              		.loc 4 380 2 view .LVU56
 286              		.loc 4 380 9 is_stmt 0 view .LVU57
 287 0010 4FF44C61 		mov	r1, #3264
 288 0014 7020     		movs	r0, #112
 289 0016 FFF7FEFF 		bl	__smalloc__
 290              	.LVL23:
 291              		.loc 4 380 9 view .LVU58
 292              	.LBE13:
 293              	.LBE12:
  17:/mnt/c/Users/31740/Desktop/newcore/fs/fs_file.c ****     if(file_node == NULL)
 294              		.loc 1 17 5 is_stmt 1 view .LVU59
 295              		.loc 1 17 7 is_stmt 0 view .LVU60
 296 001a B0B1     		cbz	r0, .L22
 297 001c 0446     		mov	r4, r0
  18:/mnt/c/Users/31740/Desktop/newcore/fs/fs_file.c ****     {
  19:/mnt/c/Users/31740/Desktop/newcore/fs/fs_file.c ****         spin_unlock(&inode->i_lock);
  20:/mnt/c/Users/31740/Desktop/newcore/fs/fs_file.c ****         return ERR_PTR(-ENOMEM);
  21:/mnt/c/Users/31740/Desktop/newcore/fs/fs_file.c ****     }
  22:/mnt/c/Users/31740/Desktop/newcore/fs/fs_file.c ****     inode_get(inode);
 298              		.loc 1 22 5 is_stmt 1 view .LVU61
 299 001e 3046     		mov	r0, r6
 300              	.LVL24:
 301              		.loc 1 22 5 is_stmt 0 view .LVU62
 302 0020 FFF7FEFF 		bl	inode_get
 303              	.LVL25:
  23:/mnt/c/Users/31740/Desktop/newcore/fs/fs_file.c ****     
  24:/mnt/c/Users/31740/Desktop/newcore/fs/fs_file.c ****     spin_unlock(&inode->i_lock);
 304              		.loc 1 24 5 is_stmt 1 view .LVU63
 305 0024 3846     		mov	r0, r7
 306 0026 FFF7FEFF 		bl	spin_unlock
 307              	.LVL26:
  25:/mnt/c/Users/31740/Desktop/newcore/fs/fs_file.c ****     memset(file_node,0,sizeof(struct file));
 308              		.loc 1 25 5 view .LVU64
ARM GAS  /tmp/ccOVFrt8.s 			page 15


 309 002a 7022     		movs	r2, #112
 310 002c 0021     		movs	r1, #0
 311 002e 2046     		mov	r0, r4
 312 0030 FFF7FEFF 		bl	memset
 313              	.LVL27:
  26:/mnt/c/Users/31740/Desktop/newcore/fs/fs_file.c ****     mutex_init(&file_node->f_ref);
 314              		.loc 1 26 5 view .LVU65
  27:/mnt/c/Users/31740/Desktop/newcore/fs/fs_file.c ****     mutex_init(&file_node->f_lock);    
 315              		.loc 1 27 5 view .LVU66
  28:/mnt/c/Users/31740/Desktop/newcore/fs/fs_file.c ****     spin_lock_init(&file_node->f_slock);    
 316              		.loc 1 28 5 view .LVU67
 317 0034 04F15C00 		add	r0, r4, #92
 318 0038 FFF7FEFF 		bl	spin_lock_init
 319              	.LVL28:
  29:/mnt/c/Users/31740/Desktop/newcore/fs/fs_file.c ****     file_node->f_op   = inode->i_fop;
 320              		.loc 1 29 5 view .LVU68
 321              		.loc 1 29 30 is_stmt 0 view .LVU69
 322 003c F36F     		ldr	r3, [r6, #124]
 323              		.loc 1 29 23 view .LVU70
 324 003e 6362     		str	r3, [r4, #36]
  30:/mnt/c/Users/31740/Desktop/newcore/fs/fs_file.c ****     file_node->f_inode = inode;
 325              		.loc 1 30 5 is_stmt 1 view .LVU71
 326              		.loc 1 30 24 is_stmt 0 view .LVU72
 327 0040 E662     		str	r6, [r4, #44]
  31:/mnt/c/Users/31740/Desktop/newcore/fs/fs_file.c ****     file_node->f_path  = dentry->d_name.name; 
 328              		.loc 1 31 5 is_stmt 1 view .LVU73
 329              		.loc 1 31 40 is_stmt 0 view .LVU74
 330 0042 AB69     		ldr	r3, [r5, #24]
 331              		.loc 1 31 24 view .LVU75
 332 0044 A363     		str	r3, [r4, #56]
  32:/mnt/c/Users/31740/Desktop/newcore/fs/fs_file.c ****     return file_node;
 333              		.loc 1 32 5 is_stmt 1 view .LVU76
 334              	.LVL29:
 335              	.L18:
  33:/mnt/c/Users/31740/Desktop/newcore/fs/fs_file.c **** }
 336              		.loc 1 33 1 is_stmt 0 view .LVU77
 337 0046 2046     		mov	r0, r4
 338 0048 F8BD     		pop	{r3, r4, r5, r6, r7, pc}
 339              	.LVL30:
 340              	.L22:
  19:/mnt/c/Users/31740/Desktop/newcore/fs/fs_file.c ****         return ERR_PTR(-ENOMEM);
 341              		.loc 1 19 9 is_stmt 1 view .LVU78
 342 004a 3846     		mov	r0, r7
 343              	.LVL31:
  19:/mnt/c/Users/31740/Desktop/newcore/fs/fs_file.c ****         return ERR_PTR(-ENOMEM);
 344              		.loc 1 19 9 is_stmt 0 view .LVU79
 345 004c FFF7FEFF 		bl	spin_unlock
 346              	.LVL32:
  20:/mnt/c/Users/31740/Desktop/newcore/fs/fs_file.c ****     }
 347              		.loc 1 20 9 is_stmt 1 view .LVU80
  20:/mnt/c/Users/31740/Desktop/newcore/fs/fs_file.c ****     }
 348              		.loc 1 20 16 is_stmt 0 view .LVU81
 349 0050 6FF00B04 		mvn	r4, #11
 350 0054 F7E7     		b	.L18
 351              		.cfi_endproc
 352              	.LFE1035:
 354              		.section	.text.f_put,"ax",%progbits
ARM GAS  /tmp/ccOVFrt8.s 			page 16


 355              		.align	1
 356              		.global	f_put
 357              		.syntax unified
 358              		.thumb
 359              		.thumb_func
 361              	f_put:
 362              	.LVL33:
 363              	.LFB1036:
  34:/mnt/c/Users/31740/Desktop/newcore/fs/fs_file.c **** EXPORT_SYMBOL(f_get);
  35:/mnt/c/Users/31740/Desktop/newcore/fs/fs_file.c **** 
  36:/mnt/c/Users/31740/Desktop/newcore/fs/fs_file.c **** struct file* f_put(struct file * file){
 364              		.loc 1 36 39 is_stmt 1 view -0
 365              		.cfi_startproc
 366              		@ args = 0, pretend = 0, frame = 0
 367              		@ frame_needed = 0, uses_anonymous_args = 0
 368              		.loc 1 36 39 is_stmt 0 view .LVU83
 369 0000 10B5     		push	{r4, lr}
 370              	.LCFI5:
 371              		.cfi_def_cfa_offset 8
 372              		.cfi_offset 4, -8
 373              		.cfi_offset 14, -4
 374 0002 0446     		mov	r4, r0
  37:/mnt/c/Users/31740/Desktop/newcore/fs/fs_file.c ****     inode_put(file->f_inode); //åŽŸå­æ€§æ“ä½œï¼Œä¸éœ€è¦åŠ é”
 375              		.loc 1 37 5 is_stmt 1 view .LVU84
 376 0004 C06A     		ldr	r0, [r0, #44]
 377              	.LVL34:
 378              		.loc 1 37 5 is_stmt 0 view .LVU85
 379 0006 FFF7FEFF 		bl	inode_put
 380              	.LVL35:
  38:/mnt/c/Users/31740/Desktop/newcore/fs/fs_file.c ****     kfree(file);
 381              		.loc 1 38 5 is_stmt 1 view .LVU86
 382              	.LBB14:
 383              	.LBI14:
 381:/mnt/c/Users/31740/Desktop/newcore/include/linux/slab.h **** }
 382:/mnt/c/Users/31740/Desktop/newcore/include/linux/slab.h **** 
 383:/mnt/c/Users/31740/Desktop/newcore/include/linux/slab.h **** static void inline kfree(const void *ptr){
 384              		.loc 4 383 20 view .LVU87
 385              	.LBB15:
 384:/mnt/c/Users/31740/Desktop/newcore/include/linux/slab.h **** 	__sfree__((void*)ptr);
 386              		.loc 4 384 2 view .LVU88
 387 000a 2046     		mov	r0, r4
 388 000c FFF7FEFF 		bl	__sfree__
 389              	.LVL36:
 390              		.loc 4 384 2 is_stmt 0 view .LVU89
 391              	.LBE15:
 392              	.LBE14:
  39:/mnt/c/Users/31740/Desktop/newcore/fs/fs_file.c **** }
 393              		.loc 1 39 1 view .LVU90
 394 0010 10BD     		pop	{r4, pc}
 395              		.loc 1 39 1 view .LVU91
 396              		.cfi_endproc
 397              	.LFE1036:
 399              		.section	.rodata.str1.4,"aMS",%progbits,1
 400              		.align	2
 401              	.LC0:
 402 0000 665F7075 		.ascii	"f_put\000"
 402      7400
ARM GAS  /tmp/ccOVFrt8.s 			page 17


 403 0006 0000     		.align	2
 404              	.LC1:
 405 0008 00       		.ascii	"\000"
 406              		.section	.export_table,"aw"
 407              		.align	2
 410              	f_put_export_struct:
 411 0000 00000000 		.word	.LC0
 412 0004 08000000 		.word	.LC1
 413 0008 00000000 		.word	f_put
 414              		.section	.rodata.str1.4
 415 0009 000000   		.align	2
 416              	.LC2:
 417 000c 665F6765 		.ascii	"f_get\000"
 417      7400
 418              		.section	.export_table
 419              		.align	2
 422              	f_get_export_struct:
 423 000c 0C000000 		.word	.LC2
 424 0010 08000000 		.word	.LC1
 425 0014 00000000 		.word	f_get
 426              		.text
 427              	.Letext0:
 428              		.file 5 "/mnt/c/Users/31740/Desktop/newcore/include/asm-generic/int-l64.h"
 429              		.file 6 "/mnt/c/Users/31740/Desktop/newcore/include/asm-generic/posix_types.h"
 430              		.file 7 "/mnt/c/Users/31740/Desktop/newcore/include/uapi/linux/types.h"
 431              		.file 8 "/mnt/c/Users/31740/Desktop/newcore/include/linux/types.h"
 432              		.file 9 "/mnt/c/Users/31740/Desktop/newcore/include/linux/export.h"
 433              		.file 10 "/mnt/c/Users/31740/Desktop/newcore/include/linux/time64.h"
 434              		.file 11 "/mnt/c/Users/31740/Desktop/newcore/include/linux/uidgid_types.h"
 435              		.file 12 "/mnt/c/Users/31740/Desktop/newcore/include/linux/stat.h"
 436              		.file 13 "/mnt/c/Users/31740/Desktop/newcore/include/linux/errseq.h"
 437              		.file 14 "/mnt/c/Users/31740/Desktop/newcore/arch/arm_m/include/asm/sched.h"
 438              		.file 15 "/mnt/c/Users/31740/Desktop/newcore/include/linux/sched.h"
 439              		.file 16 "/mnt/c/Users/31740/Desktop/newcore/include/linux/spinlock_types_raw.h"
 440              		.file 17 "/mnt/c/Users/31740/Desktop/newcore/include/linux/spinlock_types.h"
 441              		.file 18 "/mnt/c/Users/31740/Desktop/newcore/include/linux/rbtree_types.h"
 442              		.file 19 "/mnt/c/Users/31740/Desktop/newcore/include/linux/projid.h"
 443              		.file 20 "/mnt/c/Users/31740/Desktop/newcore/include/linux/fs.h"
 444              		.file 21 "/mnt/c/Users/31740/Desktop/newcore/include/linux/mnt_idmapping.h"
 445              		.file 22 "/mnt/c/Users/31740/Desktop/newcore/include/linux/mutex.h"
 446              		.file 23 "/mnt/c/Users/31740/Desktop/newcore/include/linux/uio.h"
 447              		.file 24 "/mnt/c/Users/31740/Desktop/newcore/include/linux/migrate_mode.h"
 448              		.file 25 "/mnt/c/Users/31740/Desktop/newcore/include/linux/wait.h"
 449              		.file 26 "/mnt/c/Users/31740/Desktop/newcore/include/linux/xarray.h"
 450              		.file 27 "/mnt/c/Users/31740/Desktop/newcore/include/linux/rw_hint.h"
 451              		.file 28 "/mnt/c/Users/31740/Desktop/newcore/include/linux/reciprocal_div.h"
 452              		.file 29 "/mnt/c/Users/31740/Desktop/newcore/include/linux/mm_type.h"
 453              		.file 30 "/mnt/c/Users/31740/Desktop/newcore/include/linux/bvec.h"
 454              		.file 31 "/mnt/c/Users/31740/Desktop/newcore/include/linux/blk_types.h"
 455              		.file 32 "/mnt/c/Users/31740/Desktop/newcore/include/linux/blkdev.h"
 456              		.file 33 "/mnt/c/Users/31740/Desktop/newcore/include/linux/bio.h"
 457              		.file 34 "/mnt/c/Users/31740/Desktop/newcore/include/linux/mempool_super_haper.h"
 458              		.file 35 "/mnt/c/Users/31740/Desktop/newcore/include/linux/mempool.h"
 459              		.file 36 "/mnt/c/Users/31740/Desktop/newcore/include/linux/lockdep_types.h"
 460              		.file 37 "/mnt/c/Users/31740/Desktop/newcore/include/linux/workqueue_types.h"
 461              		.file 38 "/mnt/c/Users/31740/Desktop/newcore/include/linux/blk-mq.h"
 462              		.file 39 "/mnt/c/Users/31740/Desktop/newcore/include/linux/dcache.h"
ARM GAS  /tmp/ccOVFrt8.s 			page 18


 463              		.file 40 "/mnt/c/Users/31740/Desktop/newcore/include/uapi/linux/pr.h"
 464              		.file 41 "/mnt/c/Users/31740/Desktop/newcore/include/linux/pr.h"
 465              		.file 42 "/mnt/c/Users/31740/Desktop/newcore/include/linux/hdreg.h"
 466              		.file 43 "/mnt/c/Users/31740/Desktop/newcore/include/linux/lockref.h"
 467              		.file 44 "/mnt/c/Users/31740/Desktop/newcore/include/linux/path.h"
 468              		.file 45 "/mnt/c/Users/31740/Desktop/newcore/include/linux/statfs.h"
 469              		.file 46 "/mnt/c/Users/31740/Desktop/newcore/include/linux/gfp_types.h"
 470              		.file 47 "/mnt/c/Users/31740/Desktop/newcore/arch/arm_m/include/asm/string.h"
 471              		.file 48 "/mnt/c/Users/31740/Desktop/newcore/include/linux/err.h"
 472              		.file 49 "<built-in>"
ARM GAS  /tmp/ccOVFrt8.s 			page 19


DEFINED SYMBOLS
                            *ABS*:00000000 fs_file.c
     /tmp/ccOVFrt8.s:21     .text.__spin_init:00000000 $t
     /tmp/ccOVFrt8.s:26     .text.__spin_init:00000000 __spin_init
     /tmp/ccOVFrt8.s:46     .text.__spin_unlock:00000000 $t
     /tmp/ccOVFrt8.s:51     .text.__spin_unlock:00000000 __spin_unlock
     /tmp/ccOVFrt8.s:69     .text.spin_lock_init:00000000 $t
     /tmp/ccOVFrt8.s:74     .text.spin_lock_init:00000000 spin_lock_init
     /tmp/ccOVFrt8.s:97     .text.spin_unlock:00000000 $t
     /tmp/ccOVFrt8.s:102    .text.spin_unlock:00000000 spin_unlock
     /tmp/ccOVFrt8.s:124    .text.__spin_lock:00000000 $t
     /tmp/ccOVFrt8.s:129    .text.__spin_lock:00000000 __spin_lock
     /tmp/ccOVFrt8.s:179    .text.spin_lock:00000000 $t
     /tmp/ccOVFrt8.s:184    .text.spin_lock:00000000 spin_lock
     /tmp/ccOVFrt8.s:244    .text.f_get:00000000 $t
     /tmp/ccOVFrt8.s:250    .text.f_get:00000000 f_get
     /tmp/ccOVFrt8.s:355    .text.f_put:00000000 $t
     /tmp/ccOVFrt8.s:361    .text.f_put:00000000 f_put
     /tmp/ccOVFrt8.s:400    .rodata.str1.4:00000000 $d
     /tmp/ccOVFrt8.s:407    .export_table:00000000 $d
     /tmp/ccOVFrt8.s:410    .export_table:00000000 f_put_export_struct
     /tmp/ccOVFrt8.s:422    .export_table:0000000c f_get_export_struct

UNDEFINED SYMBOLS
stop_all_scheduler
start_all_scheduler
get_current_task
__delay
__smalloc__
inode_get
memset
inode_put
__sfree__
