ARM GAS  /tmp/ccvTIkLr.s 			page 1


   1              		.cpu cortex-m4
   2              		.arch armv7e-m
   3              		.fpu fpv4-sp-d16
   4              		.eabi_attribute 27, 1
   5              		.eabi_attribute 28, 1
   6              		.eabi_attribute 20, 1
   7              		.eabi_attribute 21, 1
   8              		.eabi_attribute 23, 3
   9              		.eabi_attribute 24, 1
  10              		.eabi_attribute 25, 1
  11              		.eabi_attribute 26, 1
  12              		.eabi_attribute 30, 1
  13              		.eabi_attribute 34, 1
  14              		.eabi_attribute 18, 4
  15              		.file	"irq.c"
  16              		.text
  17              	.Ltext0:
  18              		.cfi_sections	.debug_frame
  19              		.file 1 "./kernel/irq.c"
  20              		.section	.text.C_IRQ_Dispatcher,"ax",%progbits
  21              		.align	1
  22              		.global	C_IRQ_Dispatcher
  23              		.syntax unified
  24              		.thumb
  25              		.thumb_func
  27              	C_IRQ_Dispatcher:
  28              	.LVL0:
  29              	.LFB0:
   1:./kernel/irq.c **** void C_IRQ_Dispatcher(int irq_number)
   2:./kernel/irq.c **** {
  30              		.loc 1 2 1 view -0
  31              		.cfi_startproc
  32              		@ args = 0, pretend = 0, frame = 0
  33              		@ frame_needed = 0, uses_anonymous_args = 0
  34              		@ link register save eliminated.
   3:./kernel/irq.c ****     
   4:./kernel/irq.c **** }...
  35              		.loc 1 4 1 view .LVU1
  36 0000 7047     		bx	lr
  37              		.cfi_endproc
  38              	.LFE0:
  40              		.text
  41              	.Letext0:
ARM GAS  /tmp/ccvTIkLr.s 			page 2


DEFINED SYMBOLS
                            *ABS*:00000000 irq.c
     /tmp/ccvTIkLr.s:21     .text.C_IRQ_Dispatcher:00000000 $t
     /tmp/ccvTIkLr.s:27     .text.C_IRQ_Dispatcher:00000000 C_IRQ_Dispatcher

NO UNDEFINED SYMBOLS
