ARM GAS  /tmp/ccmB4NOG.s 			page 1


   1              		.cpu cortex-m4
   2              		.arch armv7e-m
   3              		.fpu fpv4-sp-d16
   4              		.eabi_attribute 27, 1
   5              		.eabi_attribute 28, 1
   6              		.eabi_attribute 20, 1
   7              		.eabi_attribute 21, 1
   8              		.eabi_attribute 23, 3
   9              		.eabi_attribute 24, 1
  10              		.eabi_attribute 25, 1
  11              		.eabi_attribute 26, 1
  12              		.eabi_attribute 30, 1
  13              		.eabi_attribute 34, 1
  14              		.eabi_attribute 18, 4
  15              		.file	"ji4bv6dt_for_cortex_m4.bin.c"
  16              		.text
  17              	.Ltext0:
  18              		.cfi_sections	.debug_frame
  19              		.file 1 "/mnt/c/Users/31740/Desktop/newcore/user/rootfs_file_out/ji4bv6dt_for_cortex_m4.bin.c"
  20              		.section	.rodata.str1.4,"aMS",%progbits,1
  21              		.align	2
  22              	.LC0:
  23 0000 2F62696E 		.ascii	"/bin/for_cortex_m4.bin\000"
  23      2F666F72 
  23      5F636F72 
  23      7465785F 
  23      6D342E62 
  24              		.section	.init_ramfs_files,"aw"
  25              		.align	2
  28              	register_file_file_data:
  29 0000 00000000 		.word	.LC0
  30 0004 EC0F0000 		.word	4076
  31 0008 00000000 		.word	filedata
  32 000c 00       		.byte	0
  33 000d 000000   		.space	3
  34              		.section	.rodata.filedata,"a"
  35              		.align	2
  38              	filedata:
  39 0000 4E61BC00 		.ascii	"Na\274\000\000\000\000\000\001\000\000\000\007\000\000"
  39      00000000 
  39      01000000 
  39      070000
  40 000f 00002000 		.ascii	"\000\000 \000\0009\001\000\000$\000\000\0004\000\000"
  40      00390100 
  40      00240000 
  40      00340000 
  41 001f 00E02900 		.ascii	"\000\340)\000\000\000\000\000\000\000\000\000\000\000"
  41      00000000 
  41      00000000 
  41      0000
  42 002d 000000E8 		.ascii	"\000\000\000\350\017\000\000\000\000\000\000\000\000"
  42      0F000000 
  42      00000000 
  42      00
  43 003a 00000000 		.ascii	"\000\000\000\000\000\000\003H\004K\203B\002\320\003"
  43      00000348 
  43      044B8342 
ARM GAS  /tmp/ccmB4NOG.s 			page 2


  43      02D003
  44 0049 4B03B118 		.ascii	"K\003\261\030GpG\350\017\000\000\350\017\000\000\000"
  44      477047E8 
  44      0F0000E8 
  44      0F000000 
  45 0059 00000005 		.ascii	"\000\000\000\005H\006K\033\032\331\017\001\353\243\001"
  45      48064B1B 
  45      1AD90F01 
  45      EBA301
  46 0068 491002D0 		.ascii	"I\020\002\320\003K\003\261\030GpG\350\017\000\000\350"
  46      034B03B1 
  46      18477047 
  46      E80F0000 
  46      E8
  47 0079 0F000000 		.ascii	"\017\000\000\000\000\000\000\020\265\006L#xC\271\377"
  47      00000010 
  47      B5064C23 
  47      7843B9FF 
  48 0089 F7DAFF04 		.ascii	"\367\332\377\004K\023\261\004H\257\363\000\200\001#"
  48      4B13B104 
  48      48AFF300 
  48      800123
  49 0098 237010BD 		.ascii	"#p\020\275\354\017\000\000\000\000\000\000\\\017\000"
  49      EC0F0000 
  49      00000000 
  49      5C0F00
  50 00a7 0008B504 		.ascii	"\000\010\265\004K\033\261\004I\004H\257\363\000\200"
  50      4B1BB104 
  50      490448AF 
  50      F30080
  51 00b6 BDE80840 		.ascii	"\275\350\010@\317\347\000\000\000\000\360\017\000\000"
  51      CFE70000 
  51      0000F00F 
  51      0000
  52 00c4 5C0F0000 		.ascii	"\\\017\000\000\243\365\200:pG\000\277\025K\000+\010"
  52      A3F5803A 
  52      704700BF 
  52      154B002B 
  52      08
  53 00d5 BF114B9D 		.ascii	"\277\021K\235F\377\367\365\377\000!\213F\017F\021H\022"
  53      46FFF7F5 
  53      FF00218B 
  53      460F4611 
  53      4812
  54 00e7 4A121A00 		.ascii	"J\022\032\000\3605\371\014K\000+\000\320\230G\013K\000"
  54      F035F90C 
  54      4B002B00 
  54      D098470B 
  54      4B00
  55 00f9 2B00D098 		.ascii	"+\000\320\230G\000 \000!\004\000\015\000\013H\000\360"
  55      47002000 
  55      2104000D 
  55      000B4800 
  55      F0
  56 010a B4F900F0 		.ascii	"\264\371\000\360\200\370 \000)\000\000\360\346\376\000"
  56      80F82000 
  56      290000F0 
ARM GAS  /tmp/ccmB4NOG.s 			page 3


  56      E6FE00
  57 0119 F09AF900 		.ascii	"\360\232\371\000\000\010\000\000\000\000\000\000\000"
  57      00080000 
  57      00000000 
  57      00
  58 0126 00000000 		.ascii	"\000\000\000\000\000\000\354\017\000\000\340\021\000"
  58      0000EC0F 
  58      0000E011 
  58      00
  59 0133 00AD0400 		.ascii	"\000\255\004\000\000\001F\000 Q\370 0\013\271\000\360"
  59      00014600 
  59      2051F820 
  59      300BB900 
  59      F0
  60 0144 CFBE0130 		.ascii	"\317\276\0010\370\347\037\265\000$\023F\315\351\001"
  60      F8E71FB5 
  60      00241346 
  60      CDE901
  61 0153 440A4600 		.ascii	"D\012F\000\224\001F\005 \000\360H\370\004\260\020\275"
  61      94014605 
  61      2000F048 
  61      F804B010 
  61      BD
  62 0164 1FB50024 		.ascii	"\037\265\000$\023F\315\351\001D\012F\000\224\001F\004"
  62      1346CDE9 
  62      01440A46 
  62      00940146 
  62      04
  63 0175 2000F03B 		.ascii	" \000\360;\370\004\260\020\275\037\265\000$\023F\315"
  63      F804B010 
  63      BD1FB500 
  63      241346CD 
  64 0185 E901440A 		.ascii	"\351\001D\012F\000\224\001F\003 \000\360.\370\004\260"
  64      46009401 
  64      46032000 
  64      F02EF804 
  64      B0
  65 0196 10BD1FB5 		.ascii	"\020\275\037\265\000#\001F\315\351\0013\000\223\032"
  65      00230146 
  65      CDE90133 
  65      00931A
  66 01a5 46062000 		.ascii	"F\006 \000\360\"\370\005\260]\370\004\373\037\265\000"
  66      F022F805 
  66      B05DF804 
  66      FB1FB500 
  67 01b5 241346CD 		.ascii	"$\023F\315\351\001D\012F\000\224\001FN \000\360\024"
  67      E901440A 
  67      46009401 
  67      464E2000 
  67      F014
  68 01c7 F804B010 		.ascii	"\370\004\260\020\275\037\265\000#\315\351\0013\000\223"
  68      BD1FB500 
  68      23CDE901 
  68      330093
  69 01d6 1A461946 		.ascii	"\032F\031F\001 \000\360\010\370\005\260]\370\004\373"
  69      012000F0 
  69      08F805B0 
ARM GAS  /tmp/ccmB4NOG.s 			page 4


  69      5DF804FB 
  70 01e6 00207047 		.ascii	"\000 pGO\360\3770pG\037\265\004F\010F\021F\032F\006"
  70      4FF0FF30 
  70      70471FB5 
  70      04460846 
  70      11461A46 
  71 01fb 9B009307 		.ascii	"\233\000\223\007\233\001\223\010\233\315\351\0024kF"
  71      9B019308 
  71      9BCDE902 
  71      346B46
  72 020a 00DF04B0 		.ascii	"\000\337\004\260\020\275p\265\017K\017M\253B\243\353"
  72      10BD70B5 
  72      0F4B0F4D 
  72      AB42A3EB 
  73 021a 050607D0 		.ascii	"\005\006\007\320\266\020\000$U\370\004;\0014\230G\246"
  73      B6100024 
  73      55F8043B 
  73      01349847 
  73      A6
  74 022b 42F9D800 		.ascii	"B\371\330\000\360U\376\011M\011K^\033\253BO\352\246"
  74      F055FE09 
  74      4D094B5E 
  74      1BAB424F 
  74      EAA6
  75 023d 0606D000 		.ascii	"\006\006\320\000$U\370\004;\0014\230G\246B\371\330p"
  75      2455F804 
  75      3B013498 
  75      47A642F9 
  75      D870
  76 024f BD7C0F00 		.ascii	"\275|\017\000\000|\017\000\000|\017\000\000\200\017"
  76      007C0F00 
  76      007C0F00 
  76      00800F
  77 025e 00000000 		.ascii	"\000\000\000\000\000\000\000\000\000\000\000\000\000"
  77      00000000 
  77      00000000 
  77      00
  78 026b 00000000 		.ascii	"\000\000\000\000\000\000\000\000\000\000\000\000\000"
  78      00000000 
  78      00000000 
  78      00
  79 0278 00000000 		.ascii	"\000\000\000\000\000\000\000\0000\264\220\370\000\360"
  79      00000000 
  79      30B490F8 
  79      00F0
  80 0286 20F00701 		.ascii	" \360\007\001o\360\000\014\020\360\007\004\221\370 "
  80      6FF0000C 
  80      10F00704 
  80      91F820
  81 0295 F040F048 		.ascii	"\360@\360H\200O\360\000\004o\360\007\000\321\351\000"
  81      804FF000 
  81      046FF007 
  81      00D1E900 
  82 02a5 2391F840 		.ascii	"#\221\370@\360\000\361\010\000\202\372L\362\244\372"
  82      F000F108 
  82      0082FA4C 
  82      F2A4FA
ARM GAS  /tmp/ccmB4NOG.s 			page 5


  83 02b4 8CF283FA 		.ascii	"\214\362\203\372L\363\242\372\214\363K\273\321\351\002"
  83      4CF3A2FA 
  83      8CF34BBB 
  83      D1E902
  84 02c3 2382FA4C 		.ascii	"#\202\372L\362\000\361\010\000\244\372\214\362\203\372"
  84      F200F108 
  84      00A4FA8C 
  84      F283FA
  85 02d2 4CF3A2FA 		.ascii	"L\363\242\372\214\363\343\271\321\351\004#\202\372L"
  85      8CF3E3B9 
  85      D1E90423 
  85      82FA4C
  86 02e1 F200F108 		.ascii	"\362\000\361\010\000\244\372\214\362\203\372L\363\242"
  86      00A4FA8C 
  86      F283FA4C 
  86      F3A2
  87 02ef FA8CF37B 		.ascii	"\372\214\363{\271\321\351\006#\001\361 \001\202\372"
  87      B9D1E906 
  87      2301F120 
  87      0182FA
  88 02fe 4CF200F1 		.ascii	"L\362\000\361\010\000\244\372\214\362\203\372L\363\242"
  88      0800A4FA 
  88      8CF283FA 
  88      4CF3A2
  89 030d FA8CF300 		.ascii	"\372\214\363\000+\306\320\000*\004\277\0040\032F\022"
  89      2BC6D000 
  89      2A04BF04 
  89      301A4612 
  90 031d BAB2FA82 		.ascii	"\272\262\372\202\362\000\353\322\0000\274pG\321\351"
  90      F200EBD2 
  90      0030BC70 
  90      47D1E9
  91 032c 002304F0 		.ascii	"\000#\004\360\003\005\304\361\000\000O\352\305\005\024"
  91      0305C4F1 
  91      00004FEA 
  91      C50514
  92 033b F0040F91 		.ascii	"\360\004\017\221\370@\360\014\372\005\365b\352\005\002"
  92      F840F00C 
  92      FA05F562 
  92      EA0502
  93 034a 1CBF63EA 		.ascii	"\034\277c\352\005\003bFO\360\000\004\252\347\203\007"
  93      05036246 
  93      4FF00004 
  93      AAE78307 
  94 035a 30B547D0 		.ascii	"0\265G\320T\036\000*>\320\312\262\003F\001\340\001<"
  94      541E002A 
  94      3ED0CAB2 
  94      034601E0 
  94      013C
  95 036c 39D303F8 		.ascii	"9\323\003\370\001+\235\007\371\321\003,,\331\315\262"
  95      012B9D07 
  95      F9D1032C 
  95      2CD9CDB2 
  96 037c 05EB0525 		.ascii	"\005\353\005%\017,\005\353\005E5\331\244\361\020\002"
  96      0F2C05EB 
  96      054535D9 
  96      A4F11002 
ARM GAS  /tmp/ccmB4NOG.s 			page 6


  97 038c 22F00F0C 		.ascii	"\"\360\017\014\003\361\020\016\346DO\352\022\034\032"
  97      03F1100E 
  97      E6444FEA 
  97      121C1A
  98 039b 46C2E900 		.ascii	"F\302\351\000U\302\351\002U\0202rE\370\321\014\361\001"
  98      55C2E902 
  98      55103272 
  98      45F8D10C 
  98      F101
  99 03ad 0214F00C 		.ascii	"\002\024\360\014\017\003\353\002\022\004\360\017\014"
  99      0F03EB02 
  99      1204F00F 
  99      0C
 100 03ba 13D0ACF1 		.ascii	"\023\320\254\361\004\003#\360\003\003\0043\023DB\370"
 100      040323F0 
 100      03030433 
 100      134442F8 
 101 03ca 045B9342 		.ascii	"\004[\223B\373\321\014\360\003\004,\261\311\262\034"
 101      FBD10CF0 
 101      03042CB1 
 101      C9B21C
 102 03d9 4403F801 		.ascii	"D\003\370\001\033\243B\373\3210\275dF\023F\000,\364"
 102      1BA342FB 
 102      D130BD64 
 102      46134600 
 102      2CF4
 103 03eb D1F9E703 		.ascii	"\321\371\347\003F\024F\300\347\032F\244F\340\347\000"
 103      461446C0 
 103      E71A46A4 
 103      46E0E700 
 104 03fb BF024B01 		.ascii	"\277\002K\001F\030h\000\360\217\271\000\277\210\017"
 104      46186800 
 104      F08FB900 
 104      BF880F
 105 040a 00000EB4 		.ascii	"\000\000\016\2640\265\202\260\005\254\006MT\370\004"
 105      30B582B0 
 105      05AC064D 
 105      54F804
 106 0419 2B069B01 		.ascii	"+\006\233\001\224\001F(h\000\360W\370\002\260\275\350"
 106      94014628 
 106      6800F057 
 106      F802B0BD 
 106      E8
 107 042a 304003B0 		.ascii	"0@\003\260pG\210\017\000\000\020\264\005L\204F\023F"
 107      7047880F 
 107      000010B4 
 107      054C8446 
 107      1346
 108 043c 20685DF8 		.ascii	" h]\370\004K\012FaF\000\360\033\270\000\277\210\017"
 108      044B0A46 
 108      614600F0 
 108      1BB800BF 
 108      880F
 109 044e 000008B5 		.ascii	"\000\000\010\265\006K\004F\023\261\000!\000\360\215"
 109      064B0446 
 109      13B10021 
 109      00F08D
ARM GAS  /tmp/ccmB4NOG.s 			page 7


 110 045d FC044B1B 		.ascii	"\374\004K\033h\003\261\230G F\377\367\260\376y\015\000"
 110      6803B198 
 110      472046FF 
 110      F7B0FE79 
 110      0D00
 111 046f 00401100 		.ascii	"\000@\021\000\000\000#\001F\032F\030F\000\360\\\273"
 111      00002301 
 111      461A4618 
 111      4600F05C 
 111      BB
 112 0480 38B50C46 		.ascii	"8\265\014F\010M\204F\021F F\032F\000#+`dF\377\367f\376"
 112      084D8446 
 112      11462046 
 112      1A460023 
 112      2B606446 
 113 0498 431C00D0 		.ascii	"C\034\000\3208\275+h\000+\373\320#`8\275\330\021\000"
 113      38BD2B68 
 113      002BFBD0 
 113      236038BD 
 113      D81100
 114 04ab 0038B507 		.ascii	"\0008\265\007M\007L,\033\244\020\005\320\001<U\370\004"
 114      4D074C2C 
 114      1BA41005 
 114      D0013C55 
 114      F804
 115 04bd 3D984700 		.ascii	"=\230G\000,\371\321\275\3508@\000\360\012\275\204\017"
 115      2CF9D1BD 
 115      E8384000 
 115      F00ABD84 
 115      0F
 116 04ce 0000800F 		.ascii	"\000\000\200\017\000\0008\265\014F\010M\204F\021F F"
 116      000038B5 
 116      0C46084D 
 116      84461146 
 116      2046
 117 04e0 1A460023 		.ascii	"\032F\000#+`dF\377\367/\376C\034\000\3208\275+h\000"
 117      2B606446 
 117      FFF72FFE 
 117      431C00D0 
 117      38BD2B68 
 118 04f5 2BFBD023 		.ascii	"+\373\320#`8\275\330\021\000\000\000 pG\002J\003I\003"
 118      6038BDD8 
 118      11000000 
 118      20704702 
 118      4A034903 
 119 0509 4800F0F3 		.ascii	"H\000\360\363\272\000\277\330\017\000\000m\010\000\000"
 119      BA00BFD8 
 119      0F00006D 
 119      080000
 120 0518 8C0F0000 		.ascii	"\214\017\000\000\014KAh\231B\020\265\004F\001\320\000"
 120      0C4B4168 
 120      994210B5 
 120      044601D0 
 120      00
 121 0529 F0A0F9A1 		.ascii	"\360\240\371\241h\011K\231B\002\320 F\000\360\231\371"
 121      68094B99 
 121      4202D020 
ARM GAS  /tmp/ccmB4NOG.s 			page 8


 121      4600F099 
 121      F9
 122 053a E168064B 		.ascii	"\341h\006K\231B\004\320 F\275\350\020@\000\360\220\271"
 122      994204D0 
 122      2046BDE8 
 122      104000F0 
 122      90B9
 123 054c 10BD00BF 		.ascii	"\020\275\000\277\010\020\000\000p\020\000\000\330\020"
 123      08100000 
 123      70100000 
 123      D810
 124 055a 00000020 		.ascii	"\000\000\000 pG-\351\370C*L+I\337\370\274\220\337\370"
 124      70472DE9 
 124      F8432A4C 
 124      2B49DFF8 
 124      BC90DFF8 
 125 056e BC80294F 		.ascii	"\274\200)O\304\3708\021\000%\004#\010\")F\004\361\\"
 125      C4F83811 
 125      00250423 
 125      08222946 
 125      04F15C
 126 0581 00264EE3 		.ascii	"\000&N\343`\304\351\000U\304\351\004U\245`ef\245a\377"
 126      60C4E900 
 126      55C4E904 
 126      55A56065 
 126      66A561FF 
 127 0595 F7E0FE21 		.ascii	"\367\340\376!Kcg\010\")F\004\361\304\000\304\351\010"
 127      4B636708 
 127      22294604 
 127      F1C400C4 
 127      E908
 128 05a7 49C4E90A 		.ascii	"I\304\351\012\207\304\351\032U\304\351\036U%g\304\370"
 128      87C4E91A 
 128      55C4E91E 
 128      552567C4 
 128      F8
 129 05b8 CC50C4F8 		.ascii	"\314P\304\370\200P&c\377\367\312\376\027K\304\370\334"
 129      80502663 
 129      FFF7CAFE 
 129      174BC4F8 
 129      DC
 130 05c9 30294604 		.ascii	"0)F\004\361h\003\010\"\004\365\226p\304\370\2100\304"
 130      F1680308 
 130      2204F596 
 130      70C4F888 
 130      30C4
 131 05db E92398C4 		.ascii	"\351#\230\304\351%v\304\3514U\304\3518U\304\370\330"
 131      E92576C4 
 131      E93455C4 
 131      E93855C4 
 131      F8D8
 132 05ed 50C4F834 		.ascii	"P\304\3704Q\304\370\350P\377\367\257\376\004\361\320"
 132      51C4F8E8 
 132      50FFF7AF 
 132      FE04F1D0 
 133 05fd 03C4E93D 		.ascii	"\003\304\351=\230\304\351?v\304\370\3600\275\350\370"
 133      98C4E93F 
ARM GAS  /tmp/ccmB4NOG.s 			page 9


 133      76C4F8F0 
 133      30BDE8F8 
 134 060d 8300BF08 		.ascii	"\203\000\277\010\020\000\000\005\005\000\000M\015\000"
 134      10000005 
 134      0500004D 
 134      0D00
 135 061b 00710D00 		.ascii	"\000q\015\000\000\011\000\001\000\022\000\002\000\345"
 135      00090001 
 135      00120002 
 135      00E5
 136 0629 0C00000D 		.ascii	"\014\000\000\015\015\000\000\370\265%K\323\37081\006"
 136      0D0000F8 
 136      B5254BD3 
 136      F8383106 
 137 0639 46002B3C 		.ascii	"F\000+<\320#O\327\351\0014\001;\004\325\035\340Z\034"
 137      D0234FD7 
 137      E9013401 
 137      3B04D51D 
 137      E05A1C
 138 064c 04F16804 		.ascii	"\004\361h\004\031\320\264\371\014P\001;\000-\366\321"
 138      19D0B4F9 
 138      0C50013B 
 138      002DF6D1 
 139 065c 1C4BE360 		.ascii	"\034K\343`\304\351\001U\304\351\004Uef%`\245a\010\""
 139      C4E90155 
 139      C4E90455 
 139      65662560 
 139      A5610822 
 140 0670 294604F1 		.ascii	")F\004\361\\\000\377\367o\376\304\351\015U\304\351\022"
 140      5C00FFF7 
 140      6FFEC4E9 
 140      0D55C4E9 
 140      12
 141 0681 552046F8 		.ascii	"U F\370\275=h\015\261/F\330\347O\364\326q0F\000\360"
 141      BD3D680D 
 141      B12F46D8 
 141      E74FF4D6 
 141      71304600 
 142 0696 50F90446 		.ascii	"P\371\004F\200\261\004#\300\351\000S\0140)F\240`O\364"
 142      80B10423 
 142      C0E90053 
 142      0C302946 
 142      A0604FF4 
 143 06aa D0722546 		.ascii	"\320r%F\377\367S\376<`/F\303\347\377\367R\377\277\347"
 143      FFF753FE 
 143      3C602F46 
 143      C3E7FFF7 
 143      52FFBFE7 
 144 06be 0C233860 		.ascii	"\014#8`3`\335\347\000\277\010\020\000\000\330\017\000"
 144      3360DDE7 
 144      00BF0810 
 144      0000D80F 
 144      00
 145 06cf 000100FF 		.ascii	"\000\001\000\377\377\003j\003\261pG\004K\004J\323\370"
 145      FF036A03 
 145      B1704704 
 145      4B044AD3 
ARM GAS  /tmp/ccmB4NOG.s 			page 10


 145      F8
 146 06e0 38310262 		.ascii	"81\002b\000+\367\321:\347\000\277\010\020\000\000\035"
 146      002BF7D1 
 146      3AE700BF 
 146      08100000 
 146      1D
 147 06f1 05000070 		.ascii	"\005\000\000pG\000\277pG\000\277\002J\003I\000 \000"
 147      4700BF70 
 147      4700BF02 
 147      4A034900 
 147      2000
 148 0703 F0F7B900 		.ascii	"\360\367\271\000\277\330\017\000\000\001\005\000\000"
 148      BFD80F00 
 148      00010500 
 148      00
 149 0710 024A0349 		.ascii	"\002J\003I\000 \000\360\355\271\000\277\330\017\000"
 149      002000F0 
 149      EDB900BF 
 149      D80F00
 150 071f 005D0500 		.ascii	"\000]\005\000\0008\265\007M\000\"\004F\010F*`\377\367"
 150      0038B507 
 150      4D002204 
 150      4608462A 
 150      60FFF7
 151 0732 32FD431C 		.ascii	"2\375C\034\000\3208\275+h\000+\373\320#`8\275\330\021"
 151      00D038BD 
 151      2B68002B 
 151      FBD02360 
 151      38BDD811 
 152 0746 0000B1F9 		.ascii	"\000\000\261\371\0140-\351\360A\036\007\014F\200F=\324"
 152      0C302DE9 
 152      F0411E07 
 152      0C468046 
 152      3DD4
 153 0758 4A68002A 		.ascii	"Jh\000*V\335\345j\000-4\320\000\"\330\370\000`\310\370"
 153      56DDE56A 
 153      002D34D0 
 153      0022D8F8 
 153      0060C8F8 
 154 076c 002013F4 		.ascii	"\000 \023\364\200R!jW\321\001#@F\250GE\034\002Ff\320"
 154      8052216A 
 154      57D10123 
 154      4046A847 
 154      451C0246 
 155 0782 B4F90C30 		.ascii	"\264\371\0140\345j!jX\007\005\325ch\322\032ck\013\261"
 155      E56A216A 
 155      580705D5 
 155      6368D21A 
 155      636B0BB1 
 156 0796 236CD21A 		.ascii	"#l\322\032\000#@F\250GC\034B\320\000#c`#i#`\243\211"
 156      00234046 
 156      A847431C 
 156      42D00023 
 156      63602369 
 157 07ae DF0400D5 		.ascii	"\337\004\000\325`eak\310\370\000`A\261\004\361D\003"
 157      6065616B 
 157      C8F80060 
ARM GAS  /tmp/ccmB4NOG.s 			page 11


 157      41B104F1 
 157      4403
 158 07c0 994202D0 		.ascii	"\231B\002\320@F\000\3607\371\000#cc\000 "
 158      404600F0 
 158      37F90023 
 158      63630020 
 159 07d0 BDE8F081 		.ascii	"\275\350\360\201\016i\000.\371\320\233\007\015h\010"
 159      0E69002E 
 159      F9D09B07 
 159      0D6808
 160 07df BF4B690E 		.ascii	"\277Ki\016`\030\277\000#\255\033\213`\013\340+F2F!j"
 160      6018BF00 
 160      23AD1B8B 
 160      600BE02B 
 160      46324621 
 161 07f4 A76A4046 		.ascii	"\247j@F\270G\260\361\000\014\245\353\014\005fD\006\335"
 161      B847B0F1 
 161      000CA5EB 
 161      0C056644 
 161      06DD
 162 0806 002DF1DC 		.ascii	"\000-\361\334\340\347\012l\000*\245\334\334\347\264"
 162      E0E70A6C 
 162      002AA5DC 
 162      DCE7B4
 163 0815 F90C3043 		.ascii	"\371\0140C\360@\003\243\201O\360\3770\275\350\360\201"
 163      F04003A3 
 163      814FF0FF 
 163      30BDE8F0 
 163      81
 164 0826 626DAFE7 		.ascii	"bm\257\347\330\370\000\020\264\371\0140\035)\360\330"
 164      D8F80010 
 164      B4F90C30 
 164      1D29F0D8 
 165 0836 0C4ACA40 		.ascii	"\014J\312@\325\007\354\325\"i\"`\000\"b`\332\004\264"
 165      D507ECD5 
 165      22692260 
 165      00226260 
 165      DA04B4
 166 0849 D50029B1 		.ascii	"\325\000)\261\320\261\347\330\370\0000\000+\224\320"
 166      D0B1E7D8 
 166      F8003000 
 166      2B94D0
 167 0858 1D2B01D0 		.ascii	"\035+\001\320\026+\331\321\310\370\000`\263\347\000"
 167      162BD9D1 
 167      C8F80060 
 167      B3E700
 168 0867 BF010040 		.ascii	"\277\001\000@ \013i\263\261\020\265\004F\202\260\010"
 168      200B69B3 
 168      B110B504 
 168      4682B008 
 169 0877 B1036A5B 		.ascii	"\261\003j[\261\261\371\0140\023\271\000 \002\260\020"
 169      B1B1F90C 
 169      3013B900 
 169      2002B010 
 170 0887 BD204602 		.ascii	"\275 F\002\260\275\350\020@\377\367Z\277\001\221\377"
 170      B0BDE810 
 170      40FFF75A 
ARM GAS  /tmp/ccmB4NOG.s 			page 12


 170      BF0191FF 
 171 0897 F71DFF01 		.ascii	"\367\035\377\001\231\356\347\000 pG\000\277\270\261"
 171      99EEE700 
 171      20704700 
 171      BFB8B1
 172 08a6 38B50D4A 		.ascii	"8\265\015J\003i\025h\004F+\261\015\261+jS\261\264\371"
 172      03691568 
 172      04462BB1 
 172      0DB12B6A 
 172      53B1B4F9 
 173 08ba 0C300BB9 		.ascii	"\0140\013\271\000 8\275!F(F\275\3508@\377\367=\277("
 173      002038BD 
 173      21462846 
 173      BDE83840 
 173      FFF73DBF 
 174 08cf 46FFF700 		.ascii	"F\377\367\000\377\360\347\003J\003I\004H\000\360\012"
 174      FFF0E703 
 174      4A034904 
 174      4800F00A 
 175 08df B9880F00 		.ascii	"\271\210\017\000\000\330\017\000\000m\010\000\000\214"
 175      00D80F00 
 175      006D0800 
 175      008C
 176 08ed 0F000070 		.ascii	"\017\000\000p\265\020N3h\005F\014F\263\261!F(F\000\360"
 176      B5104E33 
 176      6805460C 
 176      46B3B121 
 176      46284600 
 177 0902 DEF9431C 		.ascii	"\336\371C\034\014\320\304\034$\360\003\004\240B\005"
 177      0CD0C41C 
 177      24F00304 
 177      A04205
 178 0911 D0211A28 		.ascii	"\320!\032(F\000\360\323\371\0010\001\320 Fp\275O\360"
 178      4600F0D3 
 178      F9013001 
 178      D0204670 
 178      BD4FF0
 179 0924 FF342046 		.ascii	"\3774 Fp\275\031F\000\360\310\3710`\343\347D\021\000"
 179      70BD1946 
 179      00F0C8F9 
 179      3060E3E7 
 179      441100
 180 0937 002DE9F8 		.ascii	"\000-\351\370C\315\034%\360\003\005\0105\014-8\277\014"
 180      43CD1C25 
 180      F0030508 
 180      350C2D38 
 180      BF0C
 181 0949 25002D06 		.ascii	"%\000-\006F\030\333\251B\026\330\337\370\334\200\000"
 181      4618DBA9 
 181      4216D8DF 
 181      F8DC8000 
 182 0959 F0AEF9D8 		.ascii	"\360\256\371\330\370\004 \242\261\024F\003\340ch\"F"
 182      F80420A2 
 182      B1144603 
 182      E0636822 
 182      46
 183 096a 7BB11C46 		.ascii	"{\261\034F#h[\033\370\324\013+\037\330\224BchT\320S"
ARM GAS  /tmp/ccmB4NOG.s 			page 13


 183      23685B1B 
 183      F8D40B2B 
 183      1FD89442 
 183      636854D0 
 184 097f 600CE00C 		.ascii	"`\014\340\014#3`\000 \275\350\370\203)F0F\377\367\256"
 184      23336000 
 184      20BDE8F8 
 184      83294630 
 184      46FFF7AE 
 185 0993 FF431C04 		.ascii	"\377C\034\004F\031\320\005`0F\000\360\215\371\004\361"
 185      4619D005 
 185      60304600 
 185      F08DF904 
 185      F1
 186 09a4 0B00231D 		.ascii	"\013\000#\035 \360\007\000\302\032\034\277\033\032\243"
 186      20F00700 
 186      C21A1CBF 
 186      1B1AA3
 187 09b3 50BDE8F8 		.ascii	"P\275\350\370\203a\031\224B%`\024\277Q`\310\370\004"
 187      83611994 
 187      42256014 
 187      BF5160C8 
 187      F804
 188 09c5 10635163 		.ascii	"\020cQchK`\346\347\330\370\004p\037\263<F\177h\000/"
 188      684B60E6 
 188      E7D8F804 
 188      701FB33C 
 188      467F6800 
 189 09da FBD12368 		.ascii	"\373\321#h9F0F\004\353\003\011\000\360k\371\201E\026"
 189      39463046 
 189      04EB0309 
 189      00F06BF9 
 189      814516
 190 09ed D12368ED 		.ascii	"\321#h\355\032)F0F\377\367{\377\0010\016\320#h\330\370"
 190      1A294630 
 190      46FFF77B 
 190      FF01300E 
 190      D02368D8 
 191 0a02 04202B44 		.ascii	"\004 +D#`Sh\203\261\243B\003\320\032F[h\234B\373\321"
 191      23605368 
 191      83B1A342 
 191      03D01A46 
 191      5B689C42 
 192 0a18 0023B0E7 		.ascii	"\000#\260\347\014#3`0F\000\360K\371\256\347\310\370"
 192      0C233360 
 192      304600F0 
 192      4BF9AEE7 
 192      C8F8
 193 0a2a 0430B6E7 		.ascii	"\0040\266\347\310\370\004p\263\347D\021\000\000\000"
 193      C8F80470 
 193      B3E74411 
 193      000000
 194 0a39 2950D038 		.ascii	")P\3208\265Q\370\004<\014\037\000+\270\277\344\030\005"
 194      B551F804 
 194      3C0C1F00 
 194      2BB8BFE4 
 194      1805
ARM GAS  /tmp/ccmB4NOG.s 			page 14


 195 0a4b 4600F034 		.ascii	"F\000\3604\371'J\023h+\261\243B\014\331!h`\030\203B"
 195      F9274A13 
 195      682BB1A3 
 195      420CD921 
 195      68601883 
 196 0a60 2CD06360 		.ascii	",\320c`(F\024`\275\3508@\000\360&\271\243B\017\330\032"
 196      28461460 
 196      BDE83840 
 196      00F026B9 
 196      A3420FD8 
 197 0a75 465B6800 		.ascii	"F[h\000+\371\321\021hP\030\204B\027\320,\323c`T`(F\275"
 197      2BF9D111 
 197      68501884 
 197      4217D02C 
 197      D3636054 
 198 0a8d E8384000 		.ascii	"\3508@\000\360\024\271\021hP\030\240B\024\320 \330!"
 198      F014B911 
 198      685018A0 
 198      4214D020 
 198      D821
 199 0a9f 68601883 		.ascii	"h`\030\203B\357\321\030h[h\010D\304\351\000\003T`\352"
 199      42EFD118 
 199      685B6808 
 199      44C4E900 
 199      035460EA 
 200 0ab3 E723680B 		.ascii	"\347#h\013D\023`\346\347\030h[h\010D `\315\347 h\001"
 200      441360E6 
 200      E718685B 
 200      68084420 
 200      60CDE720 
 201 0ac9 44501883 		.ascii	"DP\030\203B\021`\333\321\323\351\000\004\001D\302\351"
 201      421160DB 
 201      D1D3E900 
 201      040144C2 
 201      E9
 202 0ada 0014D5E7 		.ascii	"\000\024\325\347pG\014#+`(F\275\3508@\000\360\347\270"
 202      70470C23 
 202      2B602846 
 202      BDE83840 
 202      00F0E7B8 
 203 0aee 00BF4811 		.ascii	"\000\277H\021\000\000-\351\370C\007F\210F\026FO\360"
 203      00002DE9 
 203      F8430746 
 203      88461646 
 203      4FF0
 204 0b00 0009D6E9 		.ascii	"\000\011\326\351\001T\001=\020\324\243\211\001+\010"
 204      0154013D 
 204      10D4A389 
 204      012B08
 205 0b0f D9B4F90E 		.ascii	"\331\264\371\0160\0013!F8F\002\320\300GI\352\000\011"
 205      30013321 
 205      46384602 
 205      D0C04749 
 205      EA0009
 206 0b22 013D6B1C 		.ascii	"\001=k\034\004\361h\004\356\3216h\000.\347\321HF\275"
 206      04F16804 
 206      EED13668 
ARM GAS  /tmp/ccmB4NOG.s 			page 15


 206      002EE7D1 
 206      4846BD
 207 0b35 E8F883F0 		.ascii	"\350\370\203\360\265&L%h\203\260\006F\017F\005\263l"
 207      B5264C25 
 207      6883B006 
 207      460F4605 
 207      B36C
 208 0b47 681F2C3F 		.ascii	"h\037,?\334\246\261\325\370\210\000H\263\320\370\000"
 208      DCA6B1D5 
 208      F8880048 
 208      B3D0F800 
 209 0b57 1140F824 		.ascii	"\021@\370$ O\360\001\014\014\372\004\374\000\353\204"
 209      204FF001 
 209      0C0CFA04 
 209      FC00EB84 
 210 0b67 024CEA01 		.ascii	"\002L\352\001\001\002.\300\370\000\021\302\370\2000"
 210      01022EC0 
 210      F80011C2 
 210      F88030
 211 0b76 10D0A31C 		.ascii	"\020\320\243\034\0014l`E\370#p\000 \003\260\360\275"
 211      01346C60 
 211      45F82370 
 211      002003B0 
 211      F0BD
 212 0b88 13481449 		.ascii	"\023H\024I!`\020\261\000h\301\370\210\000\021M\325\347"
 212      216010B1 
 212      0068C1F8 
 212      8800114D 
 212      D5E7
 213 0b9a D0F80431 		.ascii	"\320\370\0041C\352\014\003\300\370\0041\347\347\015"
 213      43EA0C03 
 213      C0F80431 
 213      E7E70D
 214 0ba9 49CDE900 		.ascii	"I\315\351\000#i\261O\364\204p\257\363\000\200@\261\000"
 214      2369B14F 
 214      F48470AF 
 214      F3008040 
 214      B100
 215 0bbb 21C0E940 		.ascii	"!\300\351@\021\335\351\000#lh\305\370\210\000\305\347"
 215      11DDE900 
 215      236C68C5 
 215      F88800C5 
 215      E7
 216 0bcc 4FF0FF30 		.ascii	"O\360\3770\330\347\000\277\334\021\000\000\000\000\000"
 216      D8E700BF 
 216      DC110000 
 216      000000
 217 0bdb 004C1100 		.ascii	"\000L\021\000\000\000\000\000\0003K\033h\203Ba\320\302"
 217      00000000 
 217      00334B1B 
 217      68834261 
 217      D0C2
 218 0bed 6970B505 		.ascii	"ip\265\005F\000*S\320\321h\221\261\000&\214YD\261!F"
 218      46002A53 
 218      D0D16891 
 218      B100268C 
 218      5944B121 
ARM GAS  /tmp/ccmB4NOG.s 			page 16


 219 0c02 24682846 		.ascii	"$h(F\377\367\027\377\000,\370\321\353i\331h\0046\200"
 219      FFF717FF 
 219      002CF8D1 
 219      EB69D968 
 219      043680
 220 0c15 2EF1D128 		.ascii	".\361\321(F\377\367\015\377\352i\021h\031\261(F\377"
 220      46FFF70D 
 220      FFEA6911 
 220      6819B128 
 220      46FF
 221 0c27 F707FFEA 		.ascii	"\367\007\377\352i\224h\000,:\320!F$h(F\377\367\376\376"
 221      69946800 
 221      2C3AD021 
 221      46246828 
 221      46FFF7FE 
 222 0c3c 002CF8D1 		.ascii	"\000,\370\321ii\021\261(F\377\367\367\376\352i\032\261"
 222      696911B1 
 222      2846FFF7 
 222      F7FEEA69 
 222      1AB1
 223 0c4e 11462846 		.ascii	"\021F(F\377\367\361\376)k\021\261(F\377\367\354\376"
 223      FFF7F1FE 
 223      296B11B1 
 223      2846FFF7 
 223      ECFE
 224 0c60 696B11B1 		.ascii	"ik\021\261(F\377\367\347\376\251k\021\261(F\377\367"
 224      2846FFF7 
 224      E7FEA96B 
 224      11B12846 
 224      FFF7
 225 0c72 E2FEA96C 		.ascii	"\342\376\251l\021\261(F\377\367\335\376il\021\261(F"
 225      11B12846 
 225      FFF7DDFE 
 225      696C11B1 
 225      2846
 226 0c84 FFF7D8FE 		.ascii	"\377\367\330\376\351j\021\261(F\377\367\323\376+j;\261"
 226      E96A11B1 
 226      2846FFF7 
 226      D3FE2B6A 
 226      3BB1
 227 0c96 2846BDE8 		.ascii	"(F\275\350p@\030GAi\000)\317\321\327\347p\275ii\000"
 227      70401847 
 227      41690029 
 227      CFD1D7E7 
 227      70BD6969 
 228 0cab 29CAD1CE 		.ascii	")\312\321\316\347pG\000\277\210\017\000\000pG\000\277"
 228      E7704700 
 228      BF880F00 
 228      00704700 
 228      BF
 229 0cbc 704700BF 		.ascii	"pG\000\2778\265\007M\000\"\004F\010F*`\377\367\213\372"
 229      38B5074D 
 229      00220446 
 229      08462A60 
 229      FFF78BFA 
 230 0cd0 431C00D0 		.ascii	"C\034\000\3208\275+h\000+\373\320#`8\275\330\021\000"
 230      38BD2B68 
ARM GAS  /tmp/ccmB4NOG.s 			page 17


 230      002BFBD0 
 230      236038BD 
 230      D81100
 231 0ce3 0010B50C 		.ascii	"\000\020\265\014F\261\371\016\020\000\360\246\370\000"
 231      46B1F90E 
 231      1000F0A6 
 231      F800
 232 0cf1 2803DB63 		.ascii	"(\003\333cm\003Dce\020\275\243\211#\364\200S\243\201"
 232      6D034463 
 232      6510BDA3 
 232      8923F480 
 232      53A381
 233 0d04 10BD00BF 		.ascii	"\020\275\000\277\000 pG-\351\360A\014F\261\371\014\020"
 233      00207047 
 233      2DE9F041 
 233      0C46B1F9 
 233      0C10
 234 0d16 1F46CB05 		.ascii	"\037F\313\005\005F\026F\013\324!\364\200Q\241\201;F"
 234      05461646 
 234      0BD421F4 
 234      8051A181 
 234      3B46
 235 0d28 B4F90E10 		.ascii	"\264\371\016\0202F(F\275\350\360A\377\367\244\273\264"
 235      32462846 
 235      BDE8F041 
 235      FFF7A4BB 
 235      B4
 236 0d39 F90E1002 		.ascii	"\371\016\020\002#\000\"\000\360\222\370\264\371\014"
 236      23002200 
 236      F092F8B4 
 236      F90C
 237 0d47 10EAE700 		.ascii	"\020\352\347\000\277\020\265\014F\261\371\016\020\000"
 237      BF10B50C 
 237      46B1F90E 
 237      1000
 238 0d55 F088F8B4 		.ascii	"\360\210\370\264\371\0140B\034\016\277#\364\200SC\364"
 238      F90C3042 
 238      1C0EBF23 
 238      F4805343 
 238      F4
 239 0d66 80536065 		.ascii	"\200S`e\243\201\020\275\000\277\261\371\016\020\377"
 239      A38110BD 
 239      00BFB1F9 
 239      0E10FF
 240 0d75 F7D6BC2D 		.ascii	"\367\326\274-\351\360O\337\370\270\220\331\370\000`"
 240      E9F04FDF 
 240      F8B890D9 
 240      F80060
 241 0d84 83B0002E 		.ascii	"\203\260\000.4\320\210F\001\220uh\326\370\210pl\036"
 241      34D08846 
 241      01907568 
 241      D6F88870 
 241      6C1E
 242 0d96 2DD40135 		.ascii	"-\324\0015\006\353\205\005\007\361\200\013\270\361\000"
 242      06EB8505 
 242      07F1800B 
 242      B8F100
ARM GAS  /tmp/ccmB4NOG.s 			page 18


 243 0da5 0F28D173 		.ascii	"\017(\321sh*h\001;\243B\026\277\000#t`+`\272\261\326"
 243      682A6801 
 243      3BA34216 
 243      BF002374 
 243      602B60BA 
 244 0dbb F804A06F 		.ascii	"\370\004\240o\263\327\370\000\021\001#\243@\013B'\320"
 244      B3D7F800 
 244      110123A3 
 244      400B4227 
 244      D0
 245 0dcc D7F80401 		.ascii	"\327\370\004\001W\370$\020\003B+\321\001\230\220Gsh"
 245      57F82410 
 245      03422BD1 
 245      01989047 
 245      7368
 246 0dde D9F80020 		.ascii	"\331\370\000 SE \321\262B\036\321\001<c\034\245\361"
 246      534520D1 
 246      B2421ED1 
 246      013C631C 
 246      A5F1
 247 0df0 0405D6D1 		.ascii	"\004\005\326\321\003\260\275\350\360\217W\261[\370$"
 247      03B0BDE8 
 247      F08F57B1 
 247      5BF824
 248 0dff 304345D1 		.ascii	"0CE\321\320\001<b\034\245\361\004\005\362\320\000/\364"
 248      D0013C62 
 248      1CA5F104 
 248      05F2D000 
 248      2FF4
 249 0e11 D1013CEE 		.ascii	"\321\001<\356\323\001<\373\322\353\347\220Gsh\331\370"
 249      D3013CFB 
 249      D2EBE790 
 249      477368D9 
 249      F8
 250 0e22 00205345 		.ascii	"\000 SE\336\320\000*\343\320\026F\256\347\010F\220G"
 250      DED0002A 
 250      E3D01646 
 250      AEE70846 
 250      9047
 251 0e34 D2E700BF 		.ascii	"\322\347\000\277\334\021\000\0008\265\014F\010M\204"
 251      DC110000 
 251      38B50C46 
 251      084D84
 252 0e43 46114620 		.ascii	"F\021F F\032F\000#+`dF\377\367\225\371C\034\000\320"
 252      461A4600 
 252      232B6064 
 252      46FFF795 
 252      F9431C00 
 253 0e58 38BD2B68 		.ascii	"8\275+h\000+\373\320#`8\275\330\021\000\0008\265\014"
 253      002BFBD0 
 253      236038BD 
 253      D8110000 
 253      38B50C
 254 0e6b 46084D84 		.ascii	"F\010M\204F\021F F\032F\000#+`dF\377\367\265\371C\034"
 254      46114620 
 254      461A4600 
 254      232B6064 
ARM GAS  /tmp/ccmB4NOG.s 			page 19


 254      46FFF7B5 
 255 0e82 00D038BD 		.ascii	"\000\3208\275+h\000+\373\320#`8\275\330\021\000\000"
 255      2B68002B 
 255      FBD02360 
 255      38BDD811 
 255      0000
 256 0e94 3E410C41 		.ascii	">A\014A\021A'A6A\003A\006A\025A\017A\016A&A\023A)A\002"
 256      11412741 
 256      36410341 
 256      06411541 
 256      0F410E41 
 257 0eaf 4119410A 		.ascii	"A\031A\012A\013A\000\000>A\014A\021A'A6A\003A\006A\025"
 257      410B4100 
 257      003E410C 
 257      41114127 
 257      41364103 
 258 0ec7 410F410E 		.ascii	"A\017A\016A&A\023A)A\002A\031A\012A\013A\000\000\370"
 258      41264113 
 258      41294102 
 258      4119410A 
 258      410B4100 
 259 0edd B500BFF8 		.ascii	"\265\000\277\370\265\000\277-\351\370C\006F\030H\030"
 259      B500BF2D 
 259      E9F84306 
 259      46184818 
 260 0eed 4DDFF864 		.ascii	"M\337\370d\220\017FxD\002!\377\367\210\372}D\026K\353"
 260      900F4678 
 260      440221FF 
 260      F788FA7D 
 260      44164BEB 
 261 0f01 581D6804 		.ascii	"X\035h\004F(F\377\367\272\371)F\002F F\377\367\217\372"
 261      462846FF 
 261      F7BAF929 
 261      46024620 
 261      46FFF78F 
 262 0f16 0025F944 		.ascii	"\000%\371D\265B\005\333 F\377\367l\372\000 \275\350"
 262      B54205DB 
 262      2046FFF7 
 262      6CFA0020 
 262      BDE8
 263 0f28 F88357F8 		.ascii	"\370\203W\370%\200@F\377\367\246\371AF\002F F\377\367"
 263      25804046 
 263      FFF7A6F9 
 263      41460246 
 263      2046FFF7 
 264 0f3c 7BFA0122 		.ascii	"{\372\001\"IF F\377\367v\372\0015\346\347l\000\000\000"
 264      49462046 
 264      FFF776FA 
 264      0135E6E7 
 264      6C000000 
 265 0f50 24F1FFFF 		.ascii	"$\361\377\377^\000\000\000\014\000\000\000l\361\377"
 265      5E000000 
 265      0C000000 
 265      6CF1FF
 266 0f5f 7F010000 		.ascii	"\177\001\000\000\000/dev/ttyS0\000hello world\012\000"
 266      002F6465 
 266      762F7474 
ARM GAS  /tmp/ccmB4NOG.s 			page 20


 266      79533000 
 266      68656C6C 
 267 0f7c A9000000 		.ascii	"\251\000\000\000\201\000\000\000\000\000\000\000\214"
 267      81000000 
 267      00000000 
 267      8C
 268 0f89 0F000000 		.ascii	"\017\000\000\000\000\000\000\010\020\000\000p\020\000"
 268      00000008 
 268      10000070 
 268      1000
 269 0f97 00D81000 		.ascii	"\000\330\020\000\000\000\000\000\000"
 269      00000000 
 269      00
 270 0fa0 00000000 		.ascii	"\000\000\000\000\000\000\000\000\000\000\000\000\000"
 270      00000000 
 270      00000000 
 270      00
 271 0fad 00000000 		.ascii	"\000\000\000\000\000\000\000\000\000\000\000\000\000"
 271      00000000 
 271      00000000 
 271      00
 272 0fba 00000000 		.ascii	"\000\000\000\000\000\000\000\000\000\000\000\000\000"
 272      00000000 
 272      00000000 
 272      00
 273 0fc7 00000000 		.ascii	"\000\000\000\000\000\000\000\000\000\000\000\000\000"
 273      00000000 
 273      00000000 
 273      00
 274 0fd4 00000000 		.ascii	"\000\000\000\000\000\000\000\000\003\000\000\000\010"
 274      00000000 
 274      03000000 
 274      08
 275 0fe1 10000079 		.ascii	"\020\000\000y\015\000\000o\017\000\000"
 275      0D00006F 
 275      0F0000
 276              		.text
 277              	.Letext0:
 278              		.file 2 "/mnt/c/Users/31740/Desktop/newcore/include/linux/initramfs.h"
ARM GAS  /tmp/ccmB4NOG.s 			page 21


DEFINED SYMBOLS
                            *ABS*:00000000 ji4bv6dt_for_cortex_m4.bin.c
     /tmp/ccmB4NOG.s:21     .rodata.str1.4:00000000 $d
     /tmp/ccmB4NOG.s:25     .init_ramfs_files:00000000 $d
     /tmp/ccmB4NOG.s:28     .init_ramfs_files:00000000 register_file_file_data
     /tmp/ccmB4NOG.s:38     .rodata.filedata:00000000 filedata
     /tmp/ccmB4NOG.s:35     .rodata.filedata:00000000 $d

NO UNDEFINED SYMBOLS
