ARM GAS  /tmp/cc1s8yEd.s 			page 1


   1              		.cpu cortex-m4
   2              		.arch armv7e-m
   3              		.fpu fpv4-sp-d16
   4              		.eabi_attribute 27, 1
   5              		.eabi_attribute 28, 1
   6              		.eabi_attribute 20, 1
   7              		.eabi_attribute 21, 1
   8              		.eabi_attribute 23, 3
   9              		.eabi_attribute 24, 1
  10              		.eabi_attribute 25, 1
  11              		.eabi_attribute 26, 1
  12              		.eabi_attribute 30, 1
  13              		.eabi_attribute 34, 1
  14              		.eabi_attribute 18, 4
  15              		.file	"mn4fknf4_for_cortex_m4.bin.c"
  16              		.text
  17              	.Ltext0:
  18              		.cfi_sections	.debug_frame
  19              		.file 1 "/mnt/c/Users/31740/Desktop/newcore/user/rootfs_file_out/mn4fknf4_for_cortex_m4.bin.c"
  20              		.section	.rodata.str1.4,"aMS",%progbits,1
  21              		.align	2
  22              	.LC0:
  23 0000 2F62696E 		.ascii	"/bin/for_cortex_m4.bin\000"
  23      2F666F72 
  23      5F636F72 
  23      7465785F 
  23      6D342E62 
  24              		.section	.init_ramfs_files,"aw"
  25              		.align	2
  28              	register_file_file_data:
  29 0000 00000000 		.word	.LC0
  30 0004 E00F0000 		.word	4064
  31 0008 00000000 		.word	filedata
  32 000c 00       		.byte	0
  33 000d 000000   		.space	3
  34              		.section	.rodata.filedata,"a"
  35              		.align	2
  38              	filedata:
  39 0000 4E61BC00 		.ascii	"Na\274\000\000\000\000\000\001\000\000\000\007\000\000"
  39      00000000 
  39      01000000 
  39      070000
  40 000f 00002000 		.ascii	"\000\000 \000\0009\001\000\000$\000\000\000$\000\000"
  40      00390100 
  40      00240000 
  40      00240000 
  41 001f 00D82900 		.ascii	"\000\330)\000\000\000\000\000\000\000\000\000\000\000"
  41      00000000 
  41      00000000 
  41      0000
  42 002d 00000000 		.ascii	"\000\000\000\000\000\000\000\000\000\000\000\000\000"
  42      00000000 
  42      00000000 
  42      00
  43 003a 00000000 		.ascii	"\000\000\000\000\000\000\003H\004K\203B\002\320\003"
  43      00000348 
  43      044B8342 
ARM GAS  /tmp/cc1s8yEd.s 			page 2


  43      02D003
  44 0049 4B03B118 		.ascii	"K\003\261\030GpG\340\017\000\000\340\017\000\000\000"
  44      477047E0 
  44      0F0000E0 
  44      0F000000 
  45 0059 00000005 		.ascii	"\000\000\000\005H\006K\033\032\331\017\001\353\243\001"
  45      48064B1B 
  45      1AD90F01 
  45      EBA301
  46 0068 491002D0 		.ascii	"I\020\002\320\003K\003\261\030GpG\340\017\000\000\340"
  46      034B03B1 
  46      18477047 
  46      E00F0000 
  46      E0
  47 0079 0F000000 		.ascii	"\017\000\000\000\000\000\000\020\265\006L#xC\271\377"
  47      00000010 
  47      B5064C23 
  47      7843B9FF 
  48 0089 F7DAFF04 		.ascii	"\367\332\377\004K\023\261\004H\257\363\000\200\001#"
  48      4B13B104 
  48      48AFF300 
  48      800123
  49 0098 237010BD 		.ascii	"#p\020\275\340\017\000\000\000\000\000\000T\017\000"
  49      E00F0000 
  49      00000000 
  49      540F00
  50 00a7 0008B504 		.ascii	"\000\010\265\004K\033\261\004I\004H\257\363\000\200"
  50      4B1BB104 
  50      490448AF 
  50      F30080
  51 00b6 BDE80840 		.ascii	"\275\350\010@\317\347\000\000\000\000\344\017\000\000"
  51      CFE70000 
  51      0000E40F 
  51      0000
  52 00c4 540F0000 		.ascii	"T\017\000\000\243\365\200:pG\000\277\025K\000+\010\277"
  52      A3F5803A 
  52      704700BF 
  52      154B002B 
  52      08BF
  53 00d6 114B9D46 		.ascii	"\021K\235F\377\367\365\377\000!\213F\017F\021H\022J"
  53      FFF7F5FF 
  53      00218B46 
  53      0F461148 
  53      124A
  54 00e8 121A00F0 		.ascii	"\022\032\000\3605\371\014K\000+\000\320\230G\013K\000"
  54      35F90C4B 
  54      002B00D0 
  54      98470B4B 
  54      00
  55 00f9 2B00D098 		.ascii	"+\000\320\230G\000 \000!\004\000\015\000\013H\000\360"
  55      47002000 
  55      2104000D 
  55      000B4800 
  55      F0
  56 010a B4F900F0 		.ascii	"\264\371\000\360\200\370 \000)\000\000\360\346\376\000"
  56      80F82000 
  56      290000F0 
ARM GAS  /tmp/cc1s8yEd.s 			page 3


  56      E6FE00
  57 0119 F09AF900 		.ascii	"\360\232\371\000\000\010\000\000\000\000\000\000\000"
  57      00080000 
  57      00000000 
  57      00
  58 0126 00000000 		.ascii	"\000\000\000\000\000\000\340\017\000\000\324\021\000"
  58      0000E00F 
  58      0000D411 
  58      00
  59 0133 00AD0400 		.ascii	"\000\255\004\000\000\001F\000 Q\370 0\013\271\000\360"
  59      00014600 
  59      2051F820 
  59      300BB900 
  59      F0
  60 0144 CFBE0130 		.ascii	"\317\276\0010\370\347\037\265\000$\023F\315\351\001"
  60      F8E71FB5 
  60      00241346 
  60      CDE901
  61 0153 440A4600 		.ascii	"D\012F\000\224\001F\005 \000\360H\370\004\260\020\275"
  61      94014605 
  61      2000F048 
  61      F804B010 
  61      BD
  62 0164 1FB50024 		.ascii	"\037\265\000$\023F\315\351\001D\012F\000\224\001F\004"
  62      1346CDE9 
  62      01440A46 
  62      00940146 
  62      04
  63 0175 2000F03B 		.ascii	" \000\360;\370\004\260\020\275\037\265\000$\023F\315"
  63      F804B010 
  63      BD1FB500 
  63      241346CD 
  64 0185 E901440A 		.ascii	"\351\001D\012F\000\224\001F\003 \000\360.\370\004\260"
  64      46009401 
  64      46032000 
  64      F02EF804 
  64      B0
  65 0196 10BD1FB5 		.ascii	"\020\275\037\265\000#\001F\315\351\0013\000\223\032"
  65      00230146 
  65      CDE90133 
  65      00931A
  66 01a5 46062000 		.ascii	"F\006 \000\360\"\370\005\260]\370\004\373\037\265\000"
  66      F022F805 
  66      B05DF804 
  66      FB1FB500 
  67 01b5 241346CD 		.ascii	"$\023F\315\351\001D\012F\000\224\001FN \000\360\024"
  67      E901440A 
  67      46009401 
  67      464E2000 
  67      F014
  68 01c7 F804B010 		.ascii	"\370\004\260\020\275\037\265\000#\315\351\0013\000\223"
  68      BD1FB500 
  68      23CDE901 
  68      330093
  69 01d6 1A461946 		.ascii	"\032F\031F\001 \000\360\010\370\005\260]\370\004\373"
  69      012000F0 
  69      08F805B0 
ARM GAS  /tmp/cc1s8yEd.s 			page 4


  69      5DF804FB 
  70 01e6 00207047 		.ascii	"\000 pGO\360\3770pG\037\265\004F\010F\021F\032F\006"
  70      4FF0FF30 
  70      70471FB5 
  70      04460846 
  70      11461A46 
  71 01fb 9B009307 		.ascii	"\233\000\223\007\233\001\223\010\233\315\351\0024kF"
  71      9B019308 
  71      9BCDE902 
  71      346B46
  72 020a 00DF04B0 		.ascii	"\000\337\004\260\020\275p\265\017K\017M\253B\243\353"
  72      10BD70B5 
  72      0F4B0F4D 
  72      AB42A3EB 
  73 021a 050607D0 		.ascii	"\005\006\007\320\266\020\000$U\370\004;\0014\230G\246"
  73      B6100024 
  73      55F8043B 
  73      01349847 
  73      A6
  74 022b 42F9D800 		.ascii	"B\371\330\000\360U\376\011M\011K^\033\253BO\352\246"
  74      F055FE09 
  74      4D094B5E 
  74      1BAB424F 
  74      EAA6
  75 023d 0606D000 		.ascii	"\006\006\320\000$U\370\004;\0014\230G\246B\371\330p"
  75      2455F804 
  75      3B013498 
  75      47A642F9 
  75      D870
  76 024f BD730F00 		.ascii	"\275s\017\000\000s\017\000\000t\017\000\000x\017\000"
  76      00730F00 
  76      00740F00 
  76      00780F00 
  77 025f 00000000 		.ascii	"\000\000\000\000\000\000\000\000\000\000\000\000\000"
  77      00000000 
  77      00000000 
  77      00
  78 026c 00000000 		.ascii	"\000\000\000\000\000\000\000\000\000\000\000\000\000"
  78      00000000 
  78      00000000 
  78      00
  79 0279 00000000 		.ascii	"\000\000\000\000\000\000\0000\264\220\370\000\360 \360"
  79      00000030 
  79      B490F800 
  79      F020F0
  80 0288 07016FF0 		.ascii	"\007\001o\360\000\014\020\360\007\004\221\370 \360@"
  80      000C10F0 
  80      070491F8 
  80      20F040
  81 0297 F048804F 		.ascii	"\360H\200O\360\000\004o\360\007\000\321\351\000#\221"
  81      F000046F 
  81      F00700D1 
  81      E9002391 
  82 02a7 F840F000 		.ascii	"\370@\360\000\361\010\000\202\372L\362\244\372\214\362"
  82      F1080082 
  82      FA4CF2A4 
  82      FA8CF2
ARM GAS  /tmp/cc1s8yEd.s 			page 5


  83 02b6 83FA4CF3 		.ascii	"\203\372L\363\242\372\214\363K\273\321\351\002#\202"
  83      A2FA8CF3 
  83      4BBBD1E9 
  83      022382
  84 02c5 FA4CF200 		.ascii	"\372L\362\000\361\010\000\244\372\214\362\203\372L\363"
  84      F10800A4 
  84      FA8CF283 
  84      FA4CF3
  85 02d4 A2FA8CF3 		.ascii	"\242\372\214\363\343\271\321\351\004#\202\372L\362\000"
  85      E3B9D1E9 
  85      042382FA 
  85      4CF200
  86 02e3 F10800A4 		.ascii	"\361\010\000\244\372\214\362\203\372L\363\242\372\214"
  86      FA8CF283 
  86      FA4CF3A2 
  86      FA8C
  87 02f1 F37BB9D1 		.ascii	"\363{\271\321\351\006#\001\361 \001\202\372L\362\000"
  87      E9062301 
  87      F1200182 
  87      FA4CF200 
  88 0301 F10800A4 		.ascii	"\361\010\000\244\372\214\362\203\372L\363\242\372\214"
  88      FA8CF283 
  88      FA4CF3A2 
  88      FA8C
  89 030f F3002BC6 		.ascii	"\363\000+\306\320\000*\004\277\0040\032F\022\272\262"
  89      D0002A04 
  89      BF04301A 
  89      4612BAB2 
  90 031f FA82F200 		.ascii	"\372\202\362\000\353\322\0000\274pG\321\351\000#\004"
  90      EBD20030 
  90      BC7047D1 
  90      E9002304 
  91 032f F00305C4 		.ascii	"\360\003\005\304\361\000\000O\352\305\005\024\360\004"
  91      F100004F 
  91      EAC50514 
  91      F004
  92 033d 0F91F840 		.ascii	"\017\221\370@\360\014\372\005\365b\352\005\002\034\277"
  92      F00CFA05 
  92      F562EA05 
  92      021CBF
  93 034c 63EA0503 		.ascii	"c\352\005\003bFO\360\000\004\252\347\203\0070\265G\320"
  93      62464FF0 
  93      0004AAE7 
  93      830730B5 
  93      47D0
  94 035e 541E002A 		.ascii	"T\036\000*>\320\312\262\003F\001\340\001<9\323\003\370"
  94      3ED0CAB2 
  94      034601E0 
  94      013C39D3 
  94      03F8
  95 0370 012B9D07 		.ascii	"\001+\235\007\371\321\003,,\331\315\262\005\353\005"
  95      F9D1032C 
  95      2CD9CDB2 
  95      05EB05
  96 037f 250F2C05 		.ascii	"%\017,\005\353\005E5\331\244\361\020\002\"\360\017\014"
  96      EB054535 
  96      D9A4F110 
ARM GAS  /tmp/cc1s8yEd.s 			page 6


  96      0222F00F 
  96      0C
  97 0390 03F1100E 		.ascii	"\003\361\020\016\346DO\352\022\034\032F\302\351\000"
  97      E6444FEA 
  97      121C1A46 
  97      C2E900
  98 039f 55C2E902 		.ascii	"U\302\351\002U\0202rE\370\321\014\361\001\002\024\360"
  98      55103272 
  98      45F8D10C 
  98      F1010214 
  98      F0
  99 03b0 0C0F03EB 		.ascii	"\014\017\003\353\002\022\004\360\017\014\023\320\254"
  99      021204F0 
  99      0F0C13D0 
  99      AC
 100 03bd F1040323 		.ascii	"\361\004\003#\360\003\003\0043\023DB\370\004[\223B\373"
 100      F0030304 
 100      33134442 
 100      F8045B93 
 100      42FB
 101 03cf D10CF003 		.ascii	"\321\014\360\003\004,\261\311\262\034D\003\370\001\033"
 101      042CB1C9 
 101      B21C4403 
 101      F8011B
 102 03de A342FBD1 		.ascii	"\243B\373\3210\275dF\023F\000,\364\321\371\347\003F"
 102      30BD6446 
 102      1346002C 
 102      F4D1F9E7 
 102      0346
 103 03f0 1446C0E7 		.ascii	"\024F\300\347\032F\244F\340\347\000\277\002K\001F\030"
 103      1A46A446 
 103      E0E700BF 
 103      024B0146 
 103      18
 104 0401 6800F08F 		.ascii	"h\000\360\217\271\000\277\200\017\000\000\016\2640\265"
 104      B900BF80 
 104      0F00000E 
 104      B430B5
 105 0410 82B005AC 		.ascii	"\202\260\005\254\006MT\370\004+\006\233\001\224\001"
 105      064D54F8 
 105      042B069B 
 105      019401
 106 041f 46286800 		.ascii	"F(h\000\360W\370\002\260\275\3500@\003\260pG\200\017"
 106      F057F802 
 106      B0BDE830 
 106      4003B070 
 106      47800F
 107 0432 000010B4 		.ascii	"\000\000\020\264\005L\204F\023F h]\370\004K\012FaF\000"
 107      054C8446 
 107      13462068 
 107      5DF8044B 
 107      0A466146 
 108 0447 F01BB800 		.ascii	"\360\033\270\000\277\200\017\000\000\010\265\006K\004"
 108      BF800F00 
 108      0008B506 
 108      4B04
 109 0455 4613B100 		.ascii	"F\023\261\000!\000\360\215\374\004K\033h\003\261\230"
ARM GAS  /tmp/cc1s8yEd.s 			page 7


 109      2100F08D 
 109      FC044B1B 
 109      6803B198 
 110 0465 472046FF 		.ascii	"G F\377\367\260\376y\015\000\0004\021\000\000\000#\001"
 110      F7B0FE79 
 110      0D000034 
 110      11000000 
 110      2301
 111 0477 461A4618 		.ascii	"F\032F\030F\000\360\\\2738\265\014F\010M\204F\021F "
 111      4600F05C 
 111      BB38B50C 
 111      46084D84 
 111      46114620 
 112 048b 461A4600 		.ascii	"F\032F\000#+`dF\377\367f\376C\034\000\3208\275+h\000"
 112      232B6064 
 112      46FFF766 
 112      FE431C00 
 112      D038BD2B 
 113 04a1 2BFBD023 		.ascii	"+\373\320#`8\275\314\021\000\0008\265\007M\007L,\033"
 113      6038BDCC 
 113      11000038 
 113      B5074D07 
 113      4C2C1B
 114 04b4 A41005D0 		.ascii	"\244\020\005\320\001<U\370\004=\230G\000,\371\321\275"
 114      013C55F8 
 114      043D9847 
 114      002CF9D1 
 114      BD
 115 04c5 E8384000 		.ascii	"\3508@\000\360\012\275|\017\000\000x\017\000\0008\265"
 115      F00ABD7C 
 115      0F000078 
 115      0F000038 
 115      B5
 116 04d6 0C46084D 		.ascii	"\014F\010M\204F\021F F\032F\000#+`dF\377\367/\376C\034"
 116      84461146 
 116      20461A46 
 116      00232B60 
 116      6446FFF7 
 117 04ee 00D038BD 		.ascii	"\000\3208\275+h\000+\373\320#`8\275\314\021\000\000"
 117      2B68002B 
 117      FBD02360 
 117      38BDCC11 
 117      0000
 118 0500 00207047 		.ascii	"\000 pG\002J\003I\003H\000\360\363\272\000\277\320\017"
 118      024A0349 
 118      034800F0 
 118      F3BA00BF 
 118      D00F
 119 0512 00006D08 		.ascii	"\000\000m\010\000\000\204\017\000\000\014KAh\231B\020"
 119      0000840F 
 119      00000C4B 
 119      41689942 
 119      10
 120 0523 B5044601 		.ascii	"\265\004F\001\320\000\360\240\371\241h\011K\231B\002"
 120      D000F0A0 
 120      F9A16809 
 120      4B994202 
ARM GAS  /tmp/cc1s8yEd.s 			page 8


 121 0533 D0204600 		.ascii	"\320 F\000\360\231\371\341h\006K\231B\004\320 F\275"
 121      F099F9E1 
 121      68064B99 
 121      4204D020 
 121      46BD
 122 0545 E8104000 		.ascii	"\350\020@\000\360\220\271\020\275\000\277\374\017\000"
 122      F090B910 
 122      BD00BFFC 
 122      0F00
 123 0553 00641000 		.ascii	"\000d\020\000\000\314\020\000\000\000 pG-\351\370C*"
 123      00CC1000 
 123      00002070 
 123      472DE9F8 
 123      432A
 124 0565 4C2B49DF 		.ascii	"L+I\337\370\274\220\337\370\274\200)O\304\3708\021\000"
 124      F8BC90DF 
 124      F8BC8029 
 124      4FC4F838 
 124      1100
 125 0577 25042308 		.ascii	"%\004#\010\")F\004\361\\\000&N\343`\304\351\000U\304"
 125      22294604 
 125      F15C0026 
 125      4EE360C4 
 125      E90055C4 
 126 058b E90455A5 		.ascii	"\351\004U\245`ef\245a\377\367\340\376!Kcg\010\")F\004"
 126      606566A5 
 126      61FFF7E0 
 126      FE214B63 
 126      67082229 
 127 05a1 F1C400C4 		.ascii	"\361\304\000\304\351\010I\304\351\012\207\304\351\032"
 127      E90849C4 
 127      E90A87C4 
 127      E91A
 128 05af 55C4E91E 		.ascii	"U\304\351\036U%g\304\370\314P\304\370\200P&c\377\367"
 128      552567C4 
 128      F8CC50C4 
 128      F8805026 
 128      63FFF7
 129 05c2 CAFE174B 		.ascii	"\312\376\027K\304\370\3340)F\004\361h\003\010\"\004"
 129      C4F8DC30 
 129      294604F1 
 129      68030822 
 129      04
 130 05d3 F59670C4 		.ascii	"\365\226p\304\370\2100\304\351#\230\304\351%v\304\351"
 130      F88830C4 
 130      E92398C4 
 130      E92576C4 
 130      E9
 131 05e4 3455C4E9 		.ascii	"4U\304\3518U\304\370\330P\304\3704Q\304\370\350P\377"
 131      3855C4F8 
 131      D850C4F8 
 131      3451C4F8 
 131      E850FF
 132 05f7 F7AFFE04 		.ascii	"\367\257\376\004\361\320\003\304\351=\230\304\351?v"
 132      F1D003C4 
 132      E93D98C4 
 132      E93F76
ARM GAS  /tmp/cc1s8yEd.s 			page 9


 133 0606 C4F8F030 		.ascii	"\304\370\3600\275\350\370\203\000\277\374\017\000\000"
 133      BDE8F883 
 133      00BFFC0F 
 133      0000
 134 0614 05050000 		.ascii	"\005\005\000\000M\015\000\000q\015\000\000\011\000\001"
 134      4D0D0000 
 134      710D0000 
 134      090001
 135 0623 00120002 		.ascii	"\000\022\000\002\000\345\014\000\000\015\015\000\000"
 135      00E50C00 
 135      000D0D00 
 135      00
 136 0630 F8B5254B 		.ascii	"\370\265%K\323\37081\006F\000+<\320#O\327\351\0014\001"
 136      D3F83831 
 136      0646002B 
 136      3CD0234F 
 136      D7E90134 
 137 0645 3B04D51D 		.ascii	";\004\325\035\340Z\034\004\361h\004\031\320\264\371"
 137      E05A1C04 
 137      F1680419 
 137      D0B4F9
 138 0654 0C50013B 		.ascii	"\014P\001;\000-\366\321\034K\343`\304\351\001U\304\351"
 138      002DF6D1 
 138      1C4BE360 
 138      C4E90155 
 138      C4E9
 139 0666 04556566 		.ascii	"\004Uef%`\245a\010\")F\004\361\\\000\377\367o\376\304"
 139      2560A561 
 139      08222946 
 139      04F15C00 
 139      FFF76FFE 
 140 067b E90D55C4 		.ascii	"\351\015U\304\351\022U F\370\275=h\015\261/F\330\347"
 140      E9125520 
 140      46F8BD3D 
 140      680DB12F 
 140      46D8E7
 141 068e 4FF4D671 		.ascii	"O\364\326q0F\000\360P\371\004F\200\261\004#\300\351"
 141      304600F0 
 141      50F90446 
 141      80B10423 
 141      C0E9
 142 06a0 00530C30 		.ascii	"\000S\0140)F\240`O\364\320r%F\377\367S\376<`/F\303\347"
 142      2946A060 
 142      4FF4D072 
 142      2546FFF7 
 142      53FE3C60 
 143 06b8 FFF752FF 		.ascii	"\377\367R\377\277\347\014#8`3`\335\347\000\277\374\017"
 143      BFE70C23 
 143      38603360 
 143      DDE700BF 
 143      FC0F
 144 06ca 0000D00F 		.ascii	"\000\000\320\017\000\000\001\000\377\377\003j\003\261"
 144      00000100 
 144      FFFF036A 
 144      03B1
 145 06d8 7047044B 		.ascii	"pG\004K\004J\323\37081\002b\000+\367\321:\347\000\277"
 145      044AD3F8 
ARM GAS  /tmp/cc1s8yEd.s 			page 10


 145      38310262 
 145      002BF7D1 
 145      3AE700BF 
 146 06ec FC0F0000 		.ascii	"\374\017\000\000\035\005\000\000pG\000\277pG\000\277"
 146      1D050000 
 146      704700BF 
 146      704700BF 
 147 06fc 024A0349 		.ascii	"\002J\003I\000 \000\360\367\271\000\277\320\017\000"
 147      002000F0 
 147      F7B900BF 
 147      D00F00
 148 070b 00010500 		.ascii	"\000\001\005\000\000\002J\003I\000 \000\360\355\271"
 148      00024A03 
 148      49002000 
 148      F0EDB9
 149 071a 00BFD00F 		.ascii	"\000\277\320\017\000\000]\005\000\0008\265\007M\000"
 149      00005D05 
 149      000038B5 
 149      074D00
 150 0729 22044608 		.ascii	"\"\004F\010F*`\377\3672\375C\034\000\3208\275+h\000"
 150      462A60FF 
 150      F732FD43 
 150      1C00D038 
 150      BD2B6800 
 151 073d 2BFBD023 		.ascii	"+\373\320#`8\275\314\021\000\000\261\371\0140-\351\360"
 151      6038BDCC 
 151      110000B1 
 151      F90C302D 
 151      E9F0
 152 074f 411E070C 		.ascii	"A\036\007\014F\200F=\324Jh\000*V\335\345j\000-4\320"
 152      4680463D 
 152      D44A6800 
 152      2A56DDE5 
 152      6A002D34 
 153 0764 0022D8F8 		.ascii	"\000\"\330\370\000`\310\370\000 \023\364\200R!jW\321"
 153      0060C8F8 
 153      002013F4 
 153      8052216A 
 153      57D1
 154 0776 01234046 		.ascii	"\001#@F\250GE\034\002Ff\320\264\371\0140\345j!jX\007"
 154      A847451C 
 154      024666D0 
 154      B4F90C30 
 154      E56A216A 
 155 078c 05D56368 		.ascii	"\005\325ch\322\032ck\013\261#l\322\032\000#@F\250GC"
 155      D21A636B 
 155      0BB1236C 
 155      D21A0023 
 155      4046A847 
 156 07a1 1C42D000 		.ascii	"\034B\320\000#c`#i#`\243\211\337\004\000\325`eak\310"
 156      23636023 
 156      692360A3 
 156      89DF0400 
 156      D5606561 
 157 07b7 F8006041 		.ascii	"\370\000`A\261\004\361D\003\231B\002\320@F\000\3607"
 157      B104F144 
 157      03994202 
ARM GAS  /tmp/cc1s8yEd.s 			page 11


 157      D0404600 
 157      F037
 158 07c9 F9002363 		.ascii	"\371\000#cc\000 "
 158      630020
 159 07d0 BDE8F081 		.ascii	"\275\350\360\201\016i\000.\371\320\233\007\015h\010"
 159      0E69002E 
 159      F9D09B07 
 159      0D6808
 160 07df BF4B690E 		.ascii	"\277Ki\016`\030\277\000#\255\033\213`\013\340+F2F!j"
 160      6018BF00 
 160      23AD1B8B 
 160      600BE02B 
 160      46324621 
 161 07f4 A76A4046 		.ascii	"\247j@F\270G\260\361\000\014\245\353\014\005fD\006\335"
 161      B847B0F1 
 161      000CA5EB 
 161      0C056644 
 161      06DD
 162 0806 002DF1DC 		.ascii	"\000-\361\334\340\347\012l\000*\245\334\334\347\264"
 162      E0E70A6C 
 162      002AA5DC 
 162      DCE7B4
 163 0815 F90C3043 		.ascii	"\371\0140C\360@\003\243\201O\360\3770\275\350\360\201"
 163      F04003A3 
 163      814FF0FF 
 163      30BDE8F0 
 163      81
 164 0826 626DAFE7 		.ascii	"bm\257\347\330\370\000\020\264\371\0140\035)\360\330"
 164      D8F80010 
 164      B4F90C30 
 164      1D29F0D8 
 165 0836 0C4ACA40 		.ascii	"\014J\312@\325\007\354\325\"i\"`\000\"b`\332\004\264"
 165      D507ECD5 
 165      22692260 
 165      00226260 
 165      DA04B4
 166 0849 D50029B1 		.ascii	"\325\000)\261\320\261\347\330\370\0000\000+\224\320"
 166      D0B1E7D8 
 166      F8003000 
 166      2B94D0
 167 0858 1D2B01D0 		.ascii	"\035+\001\320\026+\331\321\310\370\000`\263\347\000"
 167      162BD9D1 
 167      C8F80060 
 167      B3E700
 168 0867 BF010040 		.ascii	"\277\001\000@ \013i\263\261\020\265\004F\202\260\010"
 168      200B69B3 
 168      B110B504 
 168      4682B008 
 169 0877 B1036A5B 		.ascii	"\261\003j[\261\261\371\0140\023\271\000 \002\260\020"
 169      B1B1F90C 
 169      3013B900 
 169      2002B010 
 170 0887 BD204602 		.ascii	"\275 F\002\260\275\350\020@\377\367Z\277\001\221\377"
 170      B0BDE810 
 170      40FFF75A 
 170      BF0191FF 
 171 0897 F71DFF01 		.ascii	"\367\035\377\001\231\356\347\000 pG\000\277\270\261"
ARM GAS  /tmp/cc1s8yEd.s 			page 12


 171      99EEE700 
 171      20704700 
 171      BFB8B1
 172 08a6 38B50D4A 		.ascii	"8\265\015J\003i\025h\004F+\261\015\261+jS\261\264\371"
 172      03691568 
 172      04462BB1 
 172      0DB12B6A 
 172      53B1B4F9 
 173 08ba 0C300BB9 		.ascii	"\0140\013\271\000 8\275!F(F\275\3508@\377\367=\277("
 173      002038BD 
 173      21462846 
 173      BDE83840 
 173      FFF73DBF 
 174 08cf 46FFF700 		.ascii	"F\377\367\000\377\360\347\003J\003I\004H\000\360\012"
 174      FFF0E703 
 174      4A034904 
 174      4800F00A 
 175 08df B9800F00 		.ascii	"\271\200\017\000\000\320\017\000\000m\010\000\000\204"
 175      00D00F00 
 175      006D0800 
 175      0084
 176 08ed 0F000070 		.ascii	"\017\000\000p\265\020N3h\005F\014F\263\261!F(F\000\360"
 176      B5104E33 
 176      6805460C 
 176      46B3B121 
 176      46284600 
 177 0902 DEF9431C 		.ascii	"\336\371C\034\014\320\304\034$\360\003\004\240B\005"
 177      0CD0C41C 
 177      24F00304 
 177      A04205
 178 0911 D0211A28 		.ascii	"\320!\032(F\000\360\323\371\0010\001\320 Fp\275O\360"
 178      4600F0D3 
 178      F9013001 
 178      D0204670 
 178      BD4FF0
 179 0924 FF342046 		.ascii	"\3774 Fp\275\031F\000\360\310\3710`\343\3478\021\000"
 179      70BD1946 
 179      00F0C8F9 
 179      3060E3E7 
 179      381100
 180 0937 002DE9F8 		.ascii	"\000-\351\370C\315\034%\360\003\005\0105\014-8\277\014"
 180      43CD1C25 
 180      F0030508 
 180      350C2D38 
 180      BF0C
 181 0949 25002D06 		.ascii	"%\000-\006F\030\333\251B\026\330\337\370\334\200\000"
 181      4618DBA9 
 181      4216D8DF 
 181      F8DC8000 
 182 0959 F0AEF9D8 		.ascii	"\360\256\371\330\370\004 \242\261\024F\003\340ch\"F"
 182      F80420A2 
 182      B1144603 
 182      E0636822 
 182      46
 183 096a 7BB11C46 		.ascii	"{\261\034F#h[\033\370\324\013+\037\330\224BchT\320S"
 183      23685B1B 
 183      F8D40B2B 
ARM GAS  /tmp/cc1s8yEd.s 			page 13


 183      1FD89442 
 183      636854D0 
 184 097f 600CE00C 		.ascii	"`\014\340\014#3`\000 \275\350\370\203)F0F\377\367\256"
 184      23336000 
 184      20BDE8F8 
 184      83294630 
 184      46FFF7AE 
 185 0993 FF431C04 		.ascii	"\377C\034\004F\031\320\005`0F\000\360\215\371\004\361"
 185      4619D005 
 185      60304600 
 185      F08DF904 
 185      F1
 186 09a4 0B00231D 		.ascii	"\013\000#\035 \360\007\000\302\032\034\277\033\032\243"
 186      20F00700 
 186      C21A1CBF 
 186      1B1AA3
 187 09b3 50BDE8F8 		.ascii	"P\275\350\370\203a\031\224B%`\024\277Q`\310\370\004"
 187      83611994 
 187      42256014 
 187      BF5160C8 
 187      F804
 188 09c5 10635163 		.ascii	"\020cQchK`\346\347\330\370\004p\037\263<F\177h\000/"
 188      684B60E6 
 188      E7D8F804 
 188      701FB33C 
 188      467F6800 
 189 09da FBD12368 		.ascii	"\373\321#h9F0F\004\353\003\011\000\360k\371\201E\026"
 189      39463046 
 189      04EB0309 
 189      00F06BF9 
 189      814516
 190 09ed D12368ED 		.ascii	"\321#h\355\032)F0F\377\367{\377\0010\016\320#h\330\370"
 190      1A294630 
 190      46FFF77B 
 190      FF01300E 
 190      D02368D8 
 191 0a02 04202B44 		.ascii	"\004 +D#`Sh\203\261\243B\003\320\032F[h\234B\373\321"
 191      23605368 
 191      83B1A342 
 191      03D01A46 
 191      5B689C42 
 192 0a18 0023B0E7 		.ascii	"\000#\260\347\014#3`0F\000\360K\371\256\347\310\370"
 192      0C233360 
 192      304600F0 
 192      4BF9AEE7 
 192      C8F8
 193 0a2a 0430B6E7 		.ascii	"\0040\266\347\310\370\004p\263\3478\021\000\000\000"
 193      C8F80470 
 193      B3E73811 
 193      000000
 194 0a39 2950D038 		.ascii	")P\3208\265Q\370\004<\014\037\000+\270\277\344\030\005"
 194      B551F804 
 194      3C0C1F00 
 194      2BB8BFE4 
 194      1805
 195 0a4b 4600F034 		.ascii	"F\000\3604\371'J\023h+\261\243B\014\331!h`\030\203B"
 195      F9274A13 
ARM GAS  /tmp/cc1s8yEd.s 			page 14


 195      682BB1A3 
 195      420CD921 
 195      68601883 
 196 0a60 2CD06360 		.ascii	",\320c`(F\024`\275\3508@\000\360&\271\243B\017\330\032"
 196      28461460 
 196      BDE83840 
 196      00F026B9 
 196      A3420FD8 
 197 0a75 465B6800 		.ascii	"F[h\000+\371\321\021hP\030\204B\027\320,\323c`T`(F\275"
 197      2BF9D111 
 197      68501884 
 197      4217D02C 
 197      D3636054 
 198 0a8d E8384000 		.ascii	"\3508@\000\360\024\271\021hP\030\240B\024\320 \330!"
 198      F014B911 
 198      685018A0 
 198      4214D020 
 198      D821
 199 0a9f 68601883 		.ascii	"h`\030\203B\357\321\030h[h\010D\304\351\000\003T`\352"
 199      42EFD118 
 199      685B6808 
 199      44C4E900 
 199      035460EA 
 200 0ab3 E723680B 		.ascii	"\347#h\013D\023`\346\347\030h[h\010D `\315\347 h\001"
 200      441360E6 
 200      E718685B 
 200      68084420 
 200      60CDE720 
 201 0ac9 44501883 		.ascii	"DP\030\203B\021`\333\321\323\351\000\004\001D\302\351"
 201      421160DB 
 201      D1D3E900 
 201      040144C2 
 201      E9
 202 0ada 0014D5E7 		.ascii	"\000\024\325\347pG\014#+`(F\275\3508@\000\360\347\270"
 202      70470C23 
 202      2B602846 
 202      BDE83840 
 202      00F0E7B8 
 203 0aee 00BF3C11 		.ascii	"\000\277<\021\000\000-\351\370C\007F\210F\026FO\360"
 203      00002DE9 
 203      F8430746 
 203      88461646 
 203      4FF0
 204 0b00 0009D6E9 		.ascii	"\000\011\326\351\001T\001=\020\324\243\211\001+\010"
 204      0154013D 
 204      10D4A389 
 204      012B08
 205 0b0f D9B4F90E 		.ascii	"\331\264\371\0160\0013!F8F\002\320\300GI\352\000\011"
 205      30013321 
 205      46384602 
 205      D0C04749 
 205      EA0009
 206 0b22 013D6B1C 		.ascii	"\001=k\034\004\361h\004\356\3216h\000.\347\321HF\275"
 206      04F16804 
 206      EED13668 
 206      002EE7D1 
 206      4846BD
ARM GAS  /tmp/cc1s8yEd.s 			page 15


 207 0b35 E8F883F0 		.ascii	"\350\370\203\360\265&L%h\203\260\006F\017F\005\263l"
 207      B5264C25 
 207      6883B006 
 207      460F4605 
 207      B36C
 208 0b47 681F2C3F 		.ascii	"h\037,?\334\246\261\325\370\210\000H\263\320\370\000"
 208      DCA6B1D5 
 208      F8880048 
 208      B3D0F800 
 209 0b57 1140F824 		.ascii	"\021@\370$ O\360\001\014\014\372\004\374\000\353\204"
 209      204FF001 
 209      0C0CFA04 
 209      FC00EB84 
 210 0b67 024CEA01 		.ascii	"\002L\352\001\001\002.\300\370\000\021\302\370\2000"
 210      01022EC0 
 210      F80011C2 
 210      F88030
 211 0b76 10D0A31C 		.ascii	"\020\320\243\034\0014l`E\370#p\000 \003\260\360\275"
 211      01346C60 
 211      45F82370 
 211      002003B0 
 211      F0BD
 212 0b88 13481449 		.ascii	"\023H\024I!`\020\261\000h\301\370\210\000\021M\325\347"
 212      216010B1 
 212      0068C1F8 
 212      8800114D 
 212      D5E7
 213 0b9a D0F80431 		.ascii	"\320\370\0041C\352\014\003\300\370\0041\347\347\015"
 213      43EA0C03 
 213      C0F80431 
 213      E7E70D
 214 0ba9 49CDE900 		.ascii	"I\315\351\000#i\261O\364\204p\257\363\000\200@\261\000"
 214      2369B14F 
 214      F48470AF 
 214      F3008040 
 214      B100
 215 0bbb 21C0E940 		.ascii	"!\300\351@\021\335\351\000#lh\305\370\210\000\305\347"
 215      11DDE900 
 215      236C68C5 
 215      F88800C5 
 215      E7
 216 0bcc 4FF0FF30 		.ascii	"O\360\3770\330\347\000\277\320\021\000\000\000\000\000"
 216      D8E700BF 
 216      D0110000 
 216      000000
 217 0bdb 00401100 		.ascii	"\000@\021\000\000\000\000\000\0003K\033h\203Ba\320\302"
 217      00000000 
 217      00334B1B 
 217      68834261 
 217      D0C2
 218 0bed 6970B505 		.ascii	"ip\265\005F\000*S\320\321h\221\261\000&\214YD\261!F"
 218      46002A53 
 218      D0D16891 
 218      B100268C 
 218      5944B121 
 219 0c02 24682846 		.ascii	"$h(F\377\367\027\377\000,\370\321\353i\331h\0046\200"
 219      FFF717FF 
ARM GAS  /tmp/cc1s8yEd.s 			page 16


 219      002CF8D1 
 219      EB69D968 
 219      043680
 220 0c15 2EF1D128 		.ascii	".\361\321(F\377\367\015\377\352i\021h\031\261(F\377"
 220      46FFF70D 
 220      FFEA6911 
 220      6819B128 
 220      46FF
 221 0c27 F707FFEA 		.ascii	"\367\007\377\352i\224h\000,:\320!F$h(F\377\367\376\376"
 221      69946800 
 221      2C3AD021 
 221      46246828 
 221      46FFF7FE 
 222 0c3c 002CF8D1 		.ascii	"\000,\370\321ii\021\261(F\377\367\367\376\352i\032\261"
 222      696911B1 
 222      2846FFF7 
 222      F7FEEA69 
 222      1AB1
 223 0c4e 11462846 		.ascii	"\021F(F\377\367\361\376)k\021\261(F\377\367\354\376"
 223      FFF7F1FE 
 223      296B11B1 
 223      2846FFF7 
 223      ECFE
 224 0c60 696B11B1 		.ascii	"ik\021\261(F\377\367\347\376\251k\021\261(F\377\367"
 224      2846FFF7 
 224      E7FEA96B 
 224      11B12846 
 224      FFF7
 225 0c72 E2FEA96C 		.ascii	"\342\376\251l\021\261(F\377\367\335\376il\021\261(F"
 225      11B12846 
 225      FFF7DDFE 
 225      696C11B1 
 225      2846
 226 0c84 FFF7D8FE 		.ascii	"\377\367\330\376\351j\021\261(F\377\367\323\376+j;\261"
 226      E96A11B1 
 226      2846FFF7 
 226      D3FE2B6A 
 226      3BB1
 227 0c96 2846BDE8 		.ascii	"(F\275\350p@\030GAi\000)\317\321\327\347p\275ii\000"
 227      70401847 
 227      41690029 
 227      CFD1D7E7 
 227      70BD6969 
 228 0cab 29CAD1CE 		.ascii	")\312\321\316\347pG\000\277\200\017\000\000pG\000\277"
 228      E7704700 
 228      BF800F00 
 228      00704700 
 228      BF
 229 0cbc 704700BF 		.ascii	"pG\000\2778\265\007M\000\"\004F\010F*`\377\367\213\372"
 229      38B5074D 
 229      00220446 
 229      08462A60 
 229      FFF78BFA 
 230 0cd0 431C00D0 		.ascii	"C\034\000\3208\275+h\000+\373\320#`8\275\314\021\000"
 230      38BD2B68 
 230      002BFBD0 
 230      236038BD 
ARM GAS  /tmp/cc1s8yEd.s 			page 17


 230      CC1100
 231 0ce3 0010B50C 		.ascii	"\000\020\265\014F\261\371\016\020\000\360\246\370\000"
 231      46B1F90E 
 231      1000F0A6 
 231      F800
 232 0cf1 2803DB63 		.ascii	"(\003\333cm\003Dce\020\275\243\211#\364\200S\243\201"
 232      6D034463 
 232      6510BDA3 
 232      8923F480 
 232      53A381
 233 0d04 10BD00BF 		.ascii	"\020\275\000\277\000 pG-\351\360A\014F\261\371\014\020"
 233      00207047 
 233      2DE9F041 
 233      0C46B1F9 
 233      0C10
 234 0d16 1F46CB05 		.ascii	"\037F\313\005\005F\026F\013\324!\364\200Q\241\201;F"
 234      05461646 
 234      0BD421F4 
 234      8051A181 
 234      3B46
 235 0d28 B4F90E10 		.ascii	"\264\371\016\0202F(F\275\350\360A\377\367\244\273\264"
 235      32462846 
 235      BDE8F041 
 235      FFF7A4BB 
 235      B4
 236 0d39 F90E1002 		.ascii	"\371\016\020\002#\000\"\000\360\222\370\264\371\014"
 236      23002200 
 236      F092F8B4 
 236      F90C
 237 0d47 10EAE700 		.ascii	"\020\352\347\000\277\020\265\014F\261\371\016\020\000"
 237      BF10B50C 
 237      46B1F90E 
 237      1000
 238 0d55 F088F8B4 		.ascii	"\360\210\370\264\371\0140B\034\016\277#\364\200SC\364"
 238      F90C3042 
 238      1C0EBF23 
 238      F4805343 
 238      F4
 239 0d66 80536065 		.ascii	"\200S`e\243\201\020\275\000\277\261\371\016\020\377"
 239      A38110BD 
 239      00BFB1F9 
 239      0E10FF
 240 0d75 F7D6BC2D 		.ascii	"\367\326\274-\351\360O\337\370\270\220\331\370\000`"
 240      E9F04FDF 
 240      F8B890D9 
 240      F80060
 241 0d84 83B0002E 		.ascii	"\203\260\000.4\320\210F\001\220uh\326\370\210pl\036"
 241      34D08846 
 241      01907568 
 241      D6F88870 
 241      6C1E
 242 0d96 2DD40135 		.ascii	"-\324\0015\006\353\205\005\007\361\200\013\270\361\000"
 242      06EB8505 
 242      07F1800B 
 242      B8F100
 243 0da5 0F28D173 		.ascii	"\017(\321sh*h\001;\243B\026\277\000#t`+`\272\261\326"
 243      682A6801 
ARM GAS  /tmp/cc1s8yEd.s 			page 18


 243      3BA34216 
 243      BF002374 
 243      602B60BA 
 244 0dbb F804A06F 		.ascii	"\370\004\240o\263\327\370\000\021\001#\243@\013B'\320"
 244      B3D7F800 
 244      110123A3 
 244      400B4227 
 244      D0
 245 0dcc D7F80401 		.ascii	"\327\370\004\001W\370$\020\003B+\321\001\230\220Gsh"
 245      57F82410 
 245      03422BD1 
 245      01989047 
 245      7368
 246 0dde D9F80020 		.ascii	"\331\370\000 SE \321\262B\036\321\001<c\034\245\361"
 246      534520D1 
 246      B2421ED1 
 246      013C631C 
 246      A5F1
 247 0df0 0405D6D1 		.ascii	"\004\005\326\321\003\260\275\350\360\217W\261[\370$"
 247      03B0BDE8 
 247      F08F57B1 
 247      5BF824
 248 0dff 304345D1 		.ascii	"0CE\321\320\001<b\034\245\361\004\005\362\320\000/\364"
 248      D0013C62 
 248      1CA5F104 
 248      05F2D000 
 248      2FF4
 249 0e11 D1013CEE 		.ascii	"\321\001<\356\323\001<\373\322\353\347\220Gsh\331\370"
 249      D3013CFB 
 249      D2EBE790 
 249      477368D9 
 249      F8
 250 0e22 00205345 		.ascii	"\000 SE\336\320\000*\343\320\026F\256\347\010F\220G"
 250      DED0002A 
 250      E3D01646 
 250      AEE70846 
 250      9047
 251 0e34 D2E700BF 		.ascii	"\322\347\000\277\320\021\000\0008\265\014F\010M\204"
 251      D0110000 
 251      38B50C46 
 251      084D84
 252 0e43 46114620 		.ascii	"F\021F F\032F\000#+`dF\377\367\225\371C\034\000\320"
 252      461A4600 
 252      232B6064 
 252      46FFF795 
 252      F9431C00 
 253 0e58 38BD2B68 		.ascii	"8\275+h\000+\373\320#`8\275\314\021\000\0008\265\014"
 253      002BFBD0 
 253      236038BD 
 253      CC110000 
 253      38B50C
 254 0e6b 46084D84 		.ascii	"F\010M\204F\021F F\032F\000#+`dF\377\367\265\371C\034"
 254      46114620 
 254      461A4600 
 254      232B6064 
 254      46FFF7B5 
 255 0e82 00D038BD 		.ascii	"\000\3208\275+h\000+\373\320#`8\275\314\021\000\000"
ARM GAS  /tmp/cc1s8yEd.s 			page 19


 255      2B68002B 
 255      FBD02360 
 255      38BDCC11 
 255      0000
 256 0e94 3E410C41 		.ascii	">A\014A\021A'A6A\003A\006A\025A\017A\016A&A\023A)A\002"
 256      11412741 
 256      36410341 
 256      06411541 
 256      0F410E41 
 257 0eaf 4119410A 		.ascii	"A\031A\012A\013A\000\000>A\014A\021A'A6A\003A\006A\025"
 257      410B4100 
 257      003E410C 
 257      41114127 
 257      41364103 
 258 0ec7 410F410E 		.ascii	"A\017A\016A&A\023A)A\002A\031A\012A\013A\000\000\370"
 258      41264113 
 258      41294102 
 258      4119410A 
 258      410B4100 
 259 0edd B500BFF8 		.ascii	"\265\000\277\370\265\000\277-\351\370C\006F\027H\027"
 259      B500BF2D 
 259      E9F84306 
 259      46174817 
 260 0eed 4DDFF860 		.ascii	"M\337\370`\220\017FxD\002!\377\367\210\372}D\004F(F"
 260      900F4678 
 260      440221FF 
 260      F788FA7D 
 260      44044628 
 261 0f02 FFF7BDF9 		.ascii	"\377\367\275\371)F\002F F\377\367\222\372\000%\371D"
 261      29460246 
 261      2046FFF7 
 261      92FA0025 
 261      F944
 262 0f14 B54205DB 		.ascii	"\265B\005\333 F\377\367o\372\000 \275\350\370\203W\370"
 262      2046FFF7 
 262      6FFA0020 
 262      BDE8F883 
 262      57F8
 263 0f26 25804046 		.ascii	"%\200@F\377\367\251\371AF\002F F\377\367~\372\001\""
 263      FFF7A9F9 
 263      41460246 
 263      2046FFF7 
 263      7EFA0122 
 264 0f3a 49462046 		.ascii	"IF F\377\367y\372\0015\346\347\000\277d\000\000\000"
 264      FFF779FA 
 264      0135E6E7 
 264      00BF6400 
 264      0000
 265 0f4c 67000000 		.ascii	"g\000\000\000[\000\000\000t\361\377\177\001\000\000"
 265      5B000000 
 265      74F1FF7F 
 265      010000
 266 0f5b 002F6465 		.ascii	"\000/dev/ttyS0\000helloworld\012\000\000\251\000\000"
 266      762F7474 
 266      79533000 
 266      68656C6C 
 266      6F776F72 
ARM GAS  /tmp/cc1s8yEd.s 			page 20


 267 0f77 00810000 		.ascii	"\000\201\000\000\000\000\000\000\000\204\017\000\000"
 267      00000000 
 267      00840F00 
 267      00
 268 0f84 00000000 		.ascii	"\000\000\000\000\374\017\000\000d\020\000\000\314\020"
 268      FC0F0000 
 268      64100000 
 268      CC10
 269 0f92 00000000 		.ascii	"\000\000\000\000\000\000\000\000\000\000\000\000\000"
 269      00000000 
 269      00000000 
 269      00
 270 0f9f 00       		.ascii	"\000"
 271 0fa0 00000000 		.ascii	"\000\000\000\000\000\000\000\000\000\000\000\000\000"
 271      00000000 
 271      00000000 
 271      00
 272 0fad 00000000 		.ascii	"\000\000\000\000\000\000\000\000\000\000\000\000\000"
 272      00000000 
 272      00000000 
 272      00
 273 0fba 00000000 		.ascii	"\000\000\000\000\000\000\000\000\000\000\000\000\000"
 273      00000000 
 273      00000000 
 273      00
 274 0fc7 00000000 		.ascii	"\000\000\000\000\000\000\000\000\000\000\000\000\000"
 274      00000000 
 274      00000000 
 274      00
 275 0fd4 03000000 		.ascii	"\003\000\000\000\374\017\000\000y\015\000\000"
 275      FC0F0000 
 275      790D0000 
 276              		.text
 277              	.Letext0:
 278              		.file 2 "/mnt/c/Users/31740/Desktop/newcore/include/linux/initramfs.h"
ARM GAS  /tmp/cc1s8yEd.s 			page 21


DEFINED SYMBOLS
                            *ABS*:00000000 mn4fknf4_for_cortex_m4.bin.c
     /tmp/cc1s8yEd.s:21     .rodata.str1.4:00000000 $d
     /tmp/cc1s8yEd.s:25     .init_ramfs_files:00000000 $d
     /tmp/cc1s8yEd.s:28     .init_ramfs_files:00000000 register_file_file_data
     /tmp/cc1s8yEd.s:38     .rodata.filedata:00000000 filedata
     /tmp/cc1s8yEd.s:35     .rodata.filedata:00000000 $d

NO UNDEFINED SYMBOLS
