ARM GAS  /tmp/cckYd49D.s 			page 1


   1              		.cpu cortex-m33
   2              		.arch armv8-m.main
   3              		.fpu fpv4-sp-d16
   4              		.arch_extension dsp
   5              		.eabi_attribute 27, 1
   6              		.eabi_attribute 28, 1
   7              		.eabi_attribute 20, 1
   8              		.eabi_attribute 21, 1
   9              		.eabi_attribute 23, 3
  10              		.eabi_attribute 24, 1
  11              		.eabi_attribute 25, 1
  12              		.eabi_attribute 26, 1
  13              		.eabi_attribute 30, 1
  14              		.eabi_attribute 34, 1
  15              		.eabi_attribute 18, 4
  16              		.file	"mount.c"
  17              		.text
  18              	.Ltext0:
  19              		.cfi_sections	.debug_frame
  20              		.file 1 "/mnt/c/Users/31740/Documents/codes/newcore-rp2350/fs/mount.c"
  21              		.section	.text.spin_lock,"ax",%progbits
  22              		.align	1
  23              		.syntax unified
  24              		.thumb
  25              		.thumb_func
  27              	spin_lock:
  28              	.LVL0:
  29              	.LFB229:
  30              		.file 2 "/mnt/c/Users/31740/Documents/codes/newcore-rp2350/include/linux/spinlock.h"
   1:/mnt/c/Users/31740/Documents/codes/newcore-rp2350/include/linux/spinlock.h **** #ifndef __SPINLOCK_H__
   2:/mnt/c/Users/31740/Documents/codes/newcore-rp2350/include/linux/spinlock.h **** #define __SPINLOCK_H__
   3:/mnt/c/Users/31740/Documents/codes/newcore-rp2350/include/linux/spinlock.h **** 
   4:/mnt/c/Users/31740/Documents/codes/newcore-rp2350/include/linux/spinlock.h **** #include <linux/types.h>
   5:/mnt/c/Users/31740/Documents/codes/newcore-rp2350/include/linux/spinlock.h **** #include <linux/spinlock_types.h>
   6:/mnt/c/Users/31740/Documents/codes/newcore-rp2350/include/linux/spinlock.h **** #include <asm/irqflags.h>
   7:/mnt/c/Users/31740/Documents/codes/newcore-rp2350/include/linux/spinlock.h **** 
   8:/mnt/c/Users/31740/Documents/codes/newcore-rp2350/include/linux/spinlock.h **** struct task_struct;
   9:/mnt/c/Users/31740/Documents/codes/newcore-rp2350/include/linux/spinlock.h **** struct task_struct* get_current_task(void);
  10:/mnt/c/Users/31740/Documents/codes/newcore-rp2350/include/linux/spinlock.h **** void __delay(uint32_t time);
  11:/mnt/c/Users/31740/Documents/codes/newcore-rp2350/include/linux/spinlock.h **** 
  12:/mnt/c/Users/31740/Documents/codes/newcore-rp2350/include/linux/spinlock.h **** 
  13:/mnt/c/Users/31740/Documents/codes/newcore-rp2350/include/linux/spinlock.h **** 
  14:/mnt/c/Users/31740/Documents/codes/newcore-rp2350/include/linux/spinlock.h **** void _spin_lock(spinlock_t* lock);
  15:/mnt/c/Users/31740/Documents/codes/newcore-rp2350/include/linux/spinlock.h **** void _spin_unlock(spinlock_t* lock);
  16:/mnt/c/Users/31740/Documents/codes/newcore-rp2350/include/linux/spinlock.h **** 
  17:/mnt/c/Users/31740/Documents/codes/newcore-rp2350/include/linux/spinlock.h **** static void spin_lock_init(spinlock_t* lock){
  18:/mnt/c/Users/31740/Documents/codes/newcore-rp2350/include/linux/spinlock.h ****     lock->flag = 0;
  19:/mnt/c/Users/31740/Documents/codes/newcore-rp2350/include/linux/spinlock.h **** }
  20:/mnt/c/Users/31740/Documents/codes/newcore-rp2350/include/linux/spinlock.h **** 
  21:/mnt/c/Users/31740/Documents/codes/newcore-rp2350/include/linux/spinlock.h **** static void spin_lock(spinlock_t* lock)
  22:/mnt/c/Users/31740/Documents/codes/newcore-rp2350/include/linux/spinlock.h **** {  
  31              		.loc 2 22 1 view -0
  32              		.cfi_startproc
  33              		@ args = 0, pretend = 0, frame = 0
  34              		@ frame_needed = 0, uses_anonymous_args = 0
  35              		.loc 2 22 1 is_stmt 0 view .LVU1
  36 0000 08B5     		push	{r3, lr}
ARM GAS  /tmp/cckYd49D.s 			page 2


  37              	.LCFI0:
  38              		.cfi_def_cfa_offset 8
  39              		.cfi_offset 3, -8
  40              		.cfi_offset 14, -4
  23:/mnt/c/Users/31740/Documents/codes/newcore-rp2350/include/linux/spinlock.h ****     _spin_lock(lock);
  41              		.loc 2 23 5 is_stmt 1 view .LVU2
  42 0002 FFF7FEFF 		bl	_spin_lock
  43              	.LVL1:
  24:/mnt/c/Users/31740/Documents/codes/newcore-rp2350/include/linux/spinlock.h **** }
  44              		.loc 2 24 1 is_stmt 0 view .LVU3
  45 0006 08BD     		pop	{r3, pc}
  46              		.cfi_endproc
  47              	.LFE229:
  49              		.section	.text.spin_unlock,"ax",%progbits
  50              		.align	1
  51              		.syntax unified
  52              		.thumb
  53              		.thumb_func
  55              	spin_unlock:
  56              	.LVL2:
  57              	.LFB230:
  25:/mnt/c/Users/31740/Documents/codes/newcore-rp2350/include/linux/spinlock.h **** static void spin_unlock(spinlock_t* lock)
  26:/mnt/c/Users/31740/Documents/codes/newcore-rp2350/include/linux/spinlock.h **** {
  58              		.loc 2 26 1 is_stmt 1 view -0
  59              		.cfi_startproc
  60              		@ args = 0, pretend = 0, frame = 0
  61              		@ frame_needed = 0, uses_anonymous_args = 0
  62              		.loc 2 26 1 is_stmt 0 view .LVU5
  63 0000 08B5     		push	{r3, lr}
  64              	.LCFI1:
  65              		.cfi_def_cfa_offset 8
  66              		.cfi_offset 3, -8
  67              		.cfi_offset 14, -4
  27:/mnt/c/Users/31740/Documents/codes/newcore-rp2350/include/linux/spinlock.h ****     _spin_unlock(lock);
  68              		.loc 2 27 5 is_stmt 1 view .LVU6
  69 0002 FFF7FEFF 		bl	_spin_unlock
  70              	.LVL3:
  28:/mnt/c/Users/31740/Documents/codes/newcore-rp2350/include/linux/spinlock.h **** }
  71              		.loc 2 28 1 is_stmt 0 view .LVU7
  72 0006 08BD     		pop	{r3, pc}
  73              		.cfi_endproc
  74              	.LFE230:
  76              		.section	.text.sget,"ax",%progbits
  77              		.align	1
  78              		.global	sget
  79              		.syntax unified
  80              		.thumb
  81              		.thumb_func
  83              	sget:
  84              	.LVL4:
  85              	.LFB1034:
   1:/mnt/c/Users/31740/Documents/codes/newcore-rp2350/fs/mount.c **** #include <linux/kernel.h>
   2:/mnt/c/Users/31740/Documents/codes/newcore-rp2350/fs/mount.c **** #include <linux/fs.h>
   3:/mnt/c/Users/31740/Documents/codes/newcore-rp2350/fs/mount.c **** #include <linux/slab.h>
   4:/mnt/c/Users/31740/Documents/codes/newcore-rp2350/fs/mount.c **** #include <linux/stat.h>
   5:/mnt/c/Users/31740/Documents/codes/newcore-rp2350/fs/mount.c **** #include <linux/cache.h>
   6:/mnt/c/Users/31740/Documents/codes/newcore-rp2350/fs/mount.c **** #include <linux/list.h> 
ARM GAS  /tmp/cckYd49D.s 			page 3


   7:/mnt/c/Users/31740/Documents/codes/newcore-rp2350/fs/mount.c **** #include "fs.h"
   8:/mnt/c/Users/31740/Documents/codes/newcore-rp2350/fs/mount.c **** 
   9:/mnt/c/Users/31740/Documents/codes/newcore-rp2350/fs/mount.c **** 
  10:/mnt/c/Users/31740/Documents/codes/newcore-rp2350/fs/mount.c **** extern struct dentry *root_dentry ;
  11:/mnt/c/Users/31740/Documents/codes/newcore-rp2350/fs/mount.c **** struct list_head superblock_list;
  12:/mnt/c/Users/31740/Documents/codes/newcore-rp2350/fs/mount.c **** 
  13:/mnt/c/Users/31740/Documents/codes/newcore-rp2350/fs/mount.c **** 
  14:/mnt/c/Users/31740/Documents/codes/newcore-rp2350/fs/mount.c **** struct super_block * sget(struct file_system_type *type,
  15:/mnt/c/Users/31740/Documents/codes/newcore-rp2350/fs/mount.c ****     int (*test)(struct super_block *,void *),
  16:/mnt/c/Users/31740/Documents/codes/newcore-rp2350/fs/mount.c ****     int (*set)(struct super_block *,void *),
  17:/mnt/c/Users/31740/Documents/codes/newcore-rp2350/fs/mount.c ****     int flags, void *data)
  18:/mnt/c/Users/31740/Documents/codes/newcore-rp2350/fs/mount.c **** {
  86              		.loc 1 18 1 is_stmt 1 view -0
  87              		.cfi_startproc
  88              		@ args = 4, pretend = 0, frame = 0
  89              		@ frame_needed = 0, uses_anonymous_args = 0
  19:/mnt/c/Users/31740/Documents/codes/newcore-rp2350/fs/mount.c ****     if(type == NULL ) 
  90              		.loc 1 19 5 view .LVU9
  91              		.loc 1 19 7 is_stmt 0 view .LVU10
  92 0000 60B1     		cbz	r0, .L7
  18:/mnt/c/Users/31740/Documents/codes/newcore-rp2350/fs/mount.c ****     if(type == NULL ) 
  93              		.loc 1 18 1 view .LVU11
  94 0002 10B5     		push	{r4, lr}
  95              	.LCFI2:
  96              		.cfi_def_cfa_offset 8
  97              		.cfi_offset 4, -8
  98              		.cfi_offset 14, -4
  20:/mnt/c/Users/31740/Documents/codes/newcore-rp2350/fs/mount.c ****         return NULL;
  21:/mnt/c/Users/31740/Documents/codes/newcore-rp2350/fs/mount.c ****     if( type->mount == NULL)
  99              		.loc 1 21 5 is_stmt 1 view .LVU12
 100              		.loc 1 21 13 is_stmt 0 view .LVU13
 101 0004 0469     		ldr	r4, [r0, #16]
 102              		.loc 1 21 7 view .LVU14
 103 0006 54B1     		cbz	r4, .L8
  22:/mnt/c/Users/31740/Documents/codes/newcore-rp2350/fs/mount.c ****         return NULL;
  23:/mnt/c/Users/31740/Documents/codes/newcore-rp2350/fs/mount.c ****     struct dentry * dentry = type->mount(type,0,NULL,data);
 104              		.loc 1 23 5 is_stmt 1 view .LVU15
 105              		.loc 1 23 30 is_stmt 0 view .LVU16
 106 0008 029B     		ldr	r3, [sp, #8]
 107              	.LVL5:
 108              		.loc 1 23 30 view .LVU17
 109 000a 0022     		movs	r2, #0
 110              	.LVL6:
 111              		.loc 1 23 30 view .LVU18
 112 000c 1146     		mov	r1, r2
 113              	.LVL7:
 114              		.loc 1 23 30 view .LVU19
 115 000e A047     		blx	r4
 116              	.LVL8:
  24:/mnt/c/Users/31740/Documents/codes/newcore-rp2350/fs/mount.c ****     if(IS_ERR(dentry))
 117              		.loc 1 24 5 is_stmt 1 view .LVU20
 118              	.LBB33:
 119              	.LBI33:
 120              		.file 3 "/mnt/c/Users/31740/Documents/codes/newcore-rp2350/include/linux/err.h"
   1:/mnt/c/Users/31740/Documents/codes/newcore-rp2350/include/linux/err.h **** /* SPDX-License-Identifier: GPL-2.0 */
   2:/mnt/c/Users/31740/Documents/codes/newcore-rp2350/include/linux/err.h **** #ifndef _LINUX_ERR_H
   3:/mnt/c/Users/31740/Documents/codes/newcore-rp2350/include/linux/err.h **** #define _LINUX_ERR_H
ARM GAS  /tmp/cckYd49D.s 			page 4


   4:/mnt/c/Users/31740/Documents/codes/newcore-rp2350/include/linux/err.h **** 
   5:/mnt/c/Users/31740/Documents/codes/newcore-rp2350/include/linux/err.h **** #include <linux/compiler_attributes.h>
   6:/mnt/c/Users/31740/Documents/codes/newcore-rp2350/include/linux/err.h **** #include <linux/compiler.h>
   7:/mnt/c/Users/31740/Documents/codes/newcore-rp2350/include/linux/err.h **** #include <linux/types.h>
   8:/mnt/c/Users/31740/Documents/codes/newcore-rp2350/include/linux/err.h **** 
   9:/mnt/c/Users/31740/Documents/codes/newcore-rp2350/include/linux/err.h **** #include <asm/errno.h>
  10:/mnt/c/Users/31740/Documents/codes/newcore-rp2350/include/linux/err.h **** 
  11:/mnt/c/Users/31740/Documents/codes/newcore-rp2350/include/linux/err.h **** /*
  12:/mnt/c/Users/31740/Documents/codes/newcore-rp2350/include/linux/err.h ****  * Kernel pointers have redundant information, so we can use a
  13:/mnt/c/Users/31740/Documents/codes/newcore-rp2350/include/linux/err.h ****  * scheme where we can return either an error code or a normal
  14:/mnt/c/Users/31740/Documents/codes/newcore-rp2350/include/linux/err.h ****  * pointer with the same return value.
  15:/mnt/c/Users/31740/Documents/codes/newcore-rp2350/include/linux/err.h ****  *
  16:/mnt/c/Users/31740/Documents/codes/newcore-rp2350/include/linux/err.h ****  * This should be a per-architecture thing, to allow different
  17:/mnt/c/Users/31740/Documents/codes/newcore-rp2350/include/linux/err.h ****  * error and pointer decisions.
  18:/mnt/c/Users/31740/Documents/codes/newcore-rp2350/include/linux/err.h ****  */
  19:/mnt/c/Users/31740/Documents/codes/newcore-rp2350/include/linux/err.h **** #define MAX_ERRNO	4095
  20:/mnt/c/Users/31740/Documents/codes/newcore-rp2350/include/linux/err.h **** 
  21:/mnt/c/Users/31740/Documents/codes/newcore-rp2350/include/linux/err.h **** #ifndef __ASSEMBLY__
  22:/mnt/c/Users/31740/Documents/codes/newcore-rp2350/include/linux/err.h **** 
  23:/mnt/c/Users/31740/Documents/codes/newcore-rp2350/include/linux/err.h **** /**
  24:/mnt/c/Users/31740/Documents/codes/newcore-rp2350/include/linux/err.h ****  * IS_ERR_VALUE - Detect an error pointer.
  25:/mnt/c/Users/31740/Documents/codes/newcore-rp2350/include/linux/err.h ****  * @x: The pointer to check.
  26:/mnt/c/Users/31740/Documents/codes/newcore-rp2350/include/linux/err.h ****  *
  27:/mnt/c/Users/31740/Documents/codes/newcore-rp2350/include/linux/err.h ****  * Like IS_ERR(), but does not generate a compiler warning if result is unused.
  28:/mnt/c/Users/31740/Documents/codes/newcore-rp2350/include/linux/err.h ****  */
  29:/mnt/c/Users/31740/Documents/codes/newcore-rp2350/include/linux/err.h **** 
  30:/mnt/c/Users/31740/Documents/codes/newcore-rp2350/include/linux/err.h **** #ifndef unlikely
  31:/mnt/c/Users/31740/Documents/codes/newcore-rp2350/include/linux/err.h **** #  define unlikely(x) __builtin_expect(!!(x), 0)
  32:/mnt/c/Users/31740/Documents/codes/newcore-rp2350/include/linux/err.h **** #endif
  33:/mnt/c/Users/31740/Documents/codes/newcore-rp2350/include/linux/err.h **** 
  34:/mnt/c/Users/31740/Documents/codes/newcore-rp2350/include/linux/err.h **** #ifndef likely
  35:/mnt/c/Users/31740/Documents/codes/newcore-rp2350/include/linux/err.h **** #  define likely(x) __builtin_expect(!!(x), 1)
  36:/mnt/c/Users/31740/Documents/codes/newcore-rp2350/include/linux/err.h **** #endif
  37:/mnt/c/Users/31740/Documents/codes/newcore-rp2350/include/linux/err.h **** 
  38:/mnt/c/Users/31740/Documents/codes/newcore-rp2350/include/linux/err.h **** #define IS_ERR_VALUE(x) unlikely((unsigned long)(void *)(x) >= (unsigned long)-MAX_ERRNO)
  39:/mnt/c/Users/31740/Documents/codes/newcore-rp2350/include/linux/err.h **** 
  40:/mnt/c/Users/31740/Documents/codes/newcore-rp2350/include/linux/err.h **** /**
  41:/mnt/c/Users/31740/Documents/codes/newcore-rp2350/include/linux/err.h ****  * ERR_PTR - Create an error pointer.
  42:/mnt/c/Users/31740/Documents/codes/newcore-rp2350/include/linux/err.h ****  * @error: A negative error code.
  43:/mnt/c/Users/31740/Documents/codes/newcore-rp2350/include/linux/err.h ****  *
  44:/mnt/c/Users/31740/Documents/codes/newcore-rp2350/include/linux/err.h ****  * Encodes @error into a pointer value. Users should consider the result
  45:/mnt/c/Users/31740/Documents/codes/newcore-rp2350/include/linux/err.h ****  * opaque and not assume anything about how the error is encoded.
  46:/mnt/c/Users/31740/Documents/codes/newcore-rp2350/include/linux/err.h ****  *
  47:/mnt/c/Users/31740/Documents/codes/newcore-rp2350/include/linux/err.h ****  * Return: A pointer with @error encoded within its value.
  48:/mnt/c/Users/31740/Documents/codes/newcore-rp2350/include/linux/err.h ****  */
  49:/mnt/c/Users/31740/Documents/codes/newcore-rp2350/include/linux/err.h **** static inline void * __must_check ERR_PTR(long error)
  50:/mnt/c/Users/31740/Documents/codes/newcore-rp2350/include/linux/err.h **** {
  51:/mnt/c/Users/31740/Documents/codes/newcore-rp2350/include/linux/err.h **** 	return (void *) error;
  52:/mnt/c/Users/31740/Documents/codes/newcore-rp2350/include/linux/err.h **** }
  53:/mnt/c/Users/31740/Documents/codes/newcore-rp2350/include/linux/err.h **** 
  54:/mnt/c/Users/31740/Documents/codes/newcore-rp2350/include/linux/err.h **** /* Return the pointer in the percpu address space. */
  55:/mnt/c/Users/31740/Documents/codes/newcore-rp2350/include/linux/err.h **** #define ERR_PTR_PCPU(error) ((void __percpu *)(unsigned long)ERR_PTR(error))
  56:/mnt/c/Users/31740/Documents/codes/newcore-rp2350/include/linux/err.h **** 
  57:/mnt/c/Users/31740/Documents/codes/newcore-rp2350/include/linux/err.h **** /**
  58:/mnt/c/Users/31740/Documents/codes/newcore-rp2350/include/linux/err.h ****  * PTR_ERR - Extract the error code from an error pointer.
  59:/mnt/c/Users/31740/Documents/codes/newcore-rp2350/include/linux/err.h ****  * @ptr: An error pointer.
  60:/mnt/c/Users/31740/Documents/codes/newcore-rp2350/include/linux/err.h ****  * Return: The error code within @ptr.
ARM GAS  /tmp/cckYd49D.s 			page 5


  61:/mnt/c/Users/31740/Documents/codes/newcore-rp2350/include/linux/err.h ****  */
  62:/mnt/c/Users/31740/Documents/codes/newcore-rp2350/include/linux/err.h **** static inline long __must_check PTR_ERR(__force const void *ptr)
  63:/mnt/c/Users/31740/Documents/codes/newcore-rp2350/include/linux/err.h **** {
  64:/mnt/c/Users/31740/Documents/codes/newcore-rp2350/include/linux/err.h **** 	return (long) ptr;
  65:/mnt/c/Users/31740/Documents/codes/newcore-rp2350/include/linux/err.h **** }
  66:/mnt/c/Users/31740/Documents/codes/newcore-rp2350/include/linux/err.h **** 
  67:/mnt/c/Users/31740/Documents/codes/newcore-rp2350/include/linux/err.h **** /* Read an error pointer from the percpu address space. */
  68:/mnt/c/Users/31740/Documents/codes/newcore-rp2350/include/linux/err.h **** #define PTR_ERR_PCPU(ptr) (PTR_ERR((const void *)(__force const unsigned long)(ptr)))
  69:/mnt/c/Users/31740/Documents/codes/newcore-rp2350/include/linux/err.h **** 
  70:/mnt/c/Users/31740/Documents/codes/newcore-rp2350/include/linux/err.h **** /**
  71:/mnt/c/Users/31740/Documents/codes/newcore-rp2350/include/linux/err.h ****  * IS_ERR - Detect an error pointer.
  72:/mnt/c/Users/31740/Documents/codes/newcore-rp2350/include/linux/err.h ****  * @ptr: The pointer to check.
  73:/mnt/c/Users/31740/Documents/codes/newcore-rp2350/include/linux/err.h ****  * Return: true if @ptr is an error pointer, false otherwise.
  74:/mnt/c/Users/31740/Documents/codes/newcore-rp2350/include/linux/err.h ****  */
  75:/mnt/c/Users/31740/Documents/codes/newcore-rp2350/include/linux/err.h **** static inline bool __must_check IS_ERR(__force const void *ptr)
 121              		.loc 3 75 33 view .LVU21
 122              	.LBB34:
  76:/mnt/c/Users/31740/Documents/codes/newcore-rp2350/include/linux/err.h **** {
  77:/mnt/c/Users/31740/Documents/codes/newcore-rp2350/include/linux/err.h **** 	return IS_ERR_VALUE((unsigned long)ptr);
 123              		.loc 3 77 2 view .LVU22
 124              		.loc 3 77 2 is_stmt 0 view .LVU23
 125              	.LBE34:
 126              	.LBE33:
 127              		.loc 1 24 7 discriminator 1 view .LVU24
 128 0010 10F5805F 		cmn	r0, #4096
 129 0014 05D8     		bhi	.L9
  25:/mnt/c/Users/31740/Documents/codes/newcore-rp2350/fs/mount.c ****         return NULL;
  26:/mnt/c/Users/31740/Documents/codes/newcore-rp2350/fs/mount.c ****     if(dentry == NULL)
 130              		.loc 1 26 5 is_stmt 1 view .LVU25
 131              		.loc 1 26 7 is_stmt 0 view .LVU26
 132 0016 00B1     		cbz	r0, .L5
  27:/mnt/c/Users/31740/Documents/codes/newcore-rp2350/fs/mount.c ****         return NULL;        
  28:/mnt/c/Users/31740/Documents/codes/newcore-rp2350/fs/mount.c ****     if(dentry->d_sb == NULL) 
 133              		.loc 1 28 5 is_stmt 1 view .LVU27
 134              		.loc 1 28 14 is_stmt 0 view .LVU28
 135 0018 006D     		ldr	r0, [r0, #80]
 136              	.LVL9:
 137              	.L5:
  29:/mnt/c/Users/31740/Documents/codes/newcore-rp2350/fs/mount.c ****         return NULL;        
  30:/mnt/c/Users/31740/Documents/codes/newcore-rp2350/fs/mount.c ****     return dentry->d_sb;
  31:/mnt/c/Users/31740/Documents/codes/newcore-rp2350/fs/mount.c **** }
 138              		.loc 1 31 1 view .LVU29
 139 001a 10BD     		pop	{r4, pc}
 140              	.LVL10:
 141              	.L7:
 142              	.LCFI3:
 143              		.cfi_def_cfa_offset 0
 144              		.cfi_restore 4
 145              		.cfi_restore 14
 146              		.loc 1 31 1 view .LVU30
 147 001c 7047     		bx	lr
 148              	.L8:
 149              	.LCFI4:
 150              		.cfi_def_cfa_offset 8
 151              		.cfi_offset 4, -8
 152              		.cfi_offset 14, -4
  22:/mnt/c/Users/31740/Documents/codes/newcore-rp2350/fs/mount.c ****     struct dentry * dentry = type->mount(type,0,NULL,data);
ARM GAS  /tmp/cckYd49D.s 			page 6


 153              		.loc 1 22 16 view .LVU31
 154 001e 0020     		movs	r0, #0
 155              	.LVL11:
  22:/mnt/c/Users/31740/Documents/codes/newcore-rp2350/fs/mount.c ****     struct dentry * dentry = type->mount(type,0,NULL,data);
 156              		.loc 1 22 16 view .LVU32
 157 0020 FBE7     		b	.L5
 158              	.LVL12:
 159              	.L9:
  25:/mnt/c/Users/31740/Documents/codes/newcore-rp2350/fs/mount.c ****     if(dentry == NULL)
 160              		.loc 1 25 16 view .LVU33
 161 0022 0020     		movs	r0, #0
 162              	.LVL13:
  25:/mnt/c/Users/31740/Documents/codes/newcore-rp2350/fs/mount.c ****     if(dentry == NULL)
 163              		.loc 1 25 16 view .LVU34
 164 0024 F9E7     		b	.L5
 165              		.cfi_endproc
 166              	.LFE1034:
 168              		.section	.rodata.mount_root_fs.str1.4,"aMS",%progbits,1
 169              		.align	2
 170              	.LC0:
 171 0000 726F6F74 		.ascii	"root\000"
 171      00
 172 0005 000000   		.align	2
 173              	.LC1:
 174 0008 6D6F756E 		.ascii	"mount root fs:%s \012\000"
 174      7420726F 
 174      6F742066 
 174      733A2573 
 174      200A00
 175              		.section	.text.mount_root_fs,"ax",%progbits
 176              		.align	1
 177              		.global	mount_root_fs
 178              		.syntax unified
 179              		.thumb
 180              		.thumb_func
 182              	mount_root_fs:
 183              	.LVL14:
 184              	.LFB1035:
  32:/mnt/c/Users/31740/Documents/codes/newcore-rp2350/fs/mount.c **** 
  33:/mnt/c/Users/31740/Documents/codes/newcore-rp2350/fs/mount.c **** int mount_root_fs(char *file_system_type)
  34:/mnt/c/Users/31740/Documents/codes/newcore-rp2350/fs/mount.c **** {
 185              		.loc 1 34 1 is_stmt 1 view -0
 186              		.cfi_startproc
 187              		@ args = 0, pretend = 0, frame = 0
 188              		@ frame_needed = 0, uses_anonymous_args = 0
 189              		.loc 1 34 1 is_stmt 0 view .LVU36
 190 0000 70B5     		push	{r4, r5, r6, lr}
 191              	.LCFI5:
 192              		.cfi_def_cfa_offset 16
 193              		.cfi_offset 4, -16
 194              		.cfi_offset 5, -12
 195              		.cfi_offset 6, -8
 196              		.cfi_offset 14, -4
 197 0002 0446     		mov	r4, r0
  35:/mnt/c/Users/31740/Documents/codes/newcore-rp2350/fs/mount.c ****     INIT_LIST_HEAD(&superblock_list);
 198              		.loc 1 35 5 is_stmt 1 view .LVU37
 199              	.LVL15:
ARM GAS  /tmp/cckYd49D.s 			page 7


 200              	.LBB35:
 201              	.LBI35:
 202              		.file 4 "/mnt/c/Users/31740/Documents/codes/newcore-rp2350/include/linux/list.h"
   1:/mnt/c/Users/31740/Documents/codes/newcore-rp2350/include/linux/list.h **** /* SPDX-License-Identifier: GPL-2.0 */
   2:/mnt/c/Users/31740/Documents/codes/newcore-rp2350/include/linux/list.h **** #ifndef _LINUX_LIST_H
   3:/mnt/c/Users/31740/Documents/codes/newcore-rp2350/include/linux/list.h **** #define _LINUX_LIST_H
   4:/mnt/c/Users/31740/Documents/codes/newcore-rp2350/include/linux/list.h **** 
   5:/mnt/c/Users/31740/Documents/codes/newcore-rp2350/include/linux/list.h **** #include <linux/container_of.h>
   6:/mnt/c/Users/31740/Documents/codes/newcore-rp2350/include/linux/list.h **** #include <linux/types.h>
   7:/mnt/c/Users/31740/Documents/codes/newcore-rp2350/include/linux/list.h **** #include <linux/stddef.h>
   8:/mnt/c/Users/31740/Documents/codes/newcore-rp2350/include/linux/list.h **** #include <linux/poison.h>
   9:/mnt/c/Users/31740/Documents/codes/newcore-rp2350/include/linux/list.h **** #include <linux/const.h>
  10:/mnt/c/Users/31740/Documents/codes/newcore-rp2350/include/linux/list.h **** 
  11:/mnt/c/Users/31740/Documents/codes/newcore-rp2350/include/linux/list.h **** #include <asm/barrier.h>
  12:/mnt/c/Users/31740/Documents/codes/newcore-rp2350/include/linux/list.h **** #include <linux/rwonce.h>
  13:/mnt/c/Users/31740/Documents/codes/newcore-rp2350/include/linux/list.h **** /*
  14:/mnt/c/Users/31740/Documents/codes/newcore-rp2350/include/linux/list.h ****  * Circular doubly linked list implementation.
  15:/mnt/c/Users/31740/Documents/codes/newcore-rp2350/include/linux/list.h ****  *
  16:/mnt/c/Users/31740/Documents/codes/newcore-rp2350/include/linux/list.h ****  * Some of the internal functions ("__xxx") are useful when
  17:/mnt/c/Users/31740/Documents/codes/newcore-rp2350/include/linux/list.h ****  * manipulating whole lists rather than single entries, as
  18:/mnt/c/Users/31740/Documents/codes/newcore-rp2350/include/linux/list.h ****  * sometimes we already know the next/prev entries and we can
  19:/mnt/c/Users/31740/Documents/codes/newcore-rp2350/include/linux/list.h ****  * generate better code by using them directly rather than
  20:/mnt/c/Users/31740/Documents/codes/newcore-rp2350/include/linux/list.h ****  * using the generic single-entry routines.
  21:/mnt/c/Users/31740/Documents/codes/newcore-rp2350/include/linux/list.h ****  */
  22:/mnt/c/Users/31740/Documents/codes/newcore-rp2350/include/linux/list.h **** 
  23:/mnt/c/Users/31740/Documents/codes/newcore-rp2350/include/linux/list.h **** #define LIST_HEAD_INIT(name) { &(name), &(name) }
  24:/mnt/c/Users/31740/Documents/codes/newcore-rp2350/include/linux/list.h **** 
  25:/mnt/c/Users/31740/Documents/codes/newcore-rp2350/include/linux/list.h **** #define LIST_HEAD(name) \
  26:/mnt/c/Users/31740/Documents/codes/newcore-rp2350/include/linux/list.h **** 	struct list_head name = LIST_HEAD_INIT(name)
  27:/mnt/c/Users/31740/Documents/codes/newcore-rp2350/include/linux/list.h **** 
  28:/mnt/c/Users/31740/Documents/codes/newcore-rp2350/include/linux/list.h **** /**
  29:/mnt/c/Users/31740/Documents/codes/newcore-rp2350/include/linux/list.h ****  * INIT_LIST_HEAD - Initialize a list_head structure
  30:/mnt/c/Users/31740/Documents/codes/newcore-rp2350/include/linux/list.h ****  * @list: list_head structure to be initialized.
  31:/mnt/c/Users/31740/Documents/codes/newcore-rp2350/include/linux/list.h ****  *
  32:/mnt/c/Users/31740/Documents/codes/newcore-rp2350/include/linux/list.h ****  * Initializes the list_head to point to itself.  If it is a list header,
  33:/mnt/c/Users/31740/Documents/codes/newcore-rp2350/include/linux/list.h ****  * the result is an empty list.
  34:/mnt/c/Users/31740/Documents/codes/newcore-rp2350/include/linux/list.h ****  */
  35:/mnt/c/Users/31740/Documents/codes/newcore-rp2350/include/linux/list.h **** static inline void INIT_LIST_HEAD(struct list_head *list)
 203              		.loc 4 35 20 view .LVU38
 204              	.LBB36:
  36:/mnt/c/Users/31740/Documents/codes/newcore-rp2350/include/linux/list.h **** {
  37:/mnt/c/Users/31740/Documents/codes/newcore-rp2350/include/linux/list.h **** 	WRITE_ONCE(list->next, list);
 205              		.loc 4 37 2 view .LVU39
 206              		.loc 4 37 2 view .LVU40
 207              	.LBB37:
 208              		.loc 4 37 2 view .LVU41
 209              		.loc 4 37 2 view .LVU42
 210              	.LBE37:
 211              		.loc 4 37 2 discriminator 2 view .LVU43
 212              		.loc 4 37 2 discriminator 2 view .LVU44
 213              		.loc 4 37 2 discriminator 2 view .LVU45
 214 0004 204B     		ldr	r3, .L21
 215 0006 1B60     		str	r3, [r3]
 216              		.loc 4 37 2 discriminator 2 view .LVU46
 217              		.loc 4 37 2 discriminator 2 view .LVU47
  38:/mnt/c/Users/31740/Documents/codes/newcore-rp2350/include/linux/list.h **** 	WRITE_ONCE(list->prev, list);
 218              		.loc 4 38 2 view .LVU48
ARM GAS  /tmp/cckYd49D.s 			page 8


 219              		.loc 4 38 2 view .LVU49
 220              	.LBB38:
 221              		.loc 4 38 2 view .LVU50
 222              		.loc 4 38 2 view .LVU51
 223              	.LBE38:
 224              		.loc 4 38 2 discriminator 2 view .LVU52
 225              		.loc 4 38 2 discriminator 2 view .LVU53
 226              		.loc 4 38 2 discriminator 2 view .LVU54
 227 0008 5B60     		str	r3, [r3, #4]
 228              		.loc 4 38 2 discriminator 2 view .LVU55
 229              		.loc 4 38 2 discriminator 2 view .LVU56
 230              	.LVL16:
 231              		.loc 4 38 2 is_stmt 0 discriminator 2 view .LVU57
 232              	.LBE36:
 233              	.LBE35:
  36:/mnt/c/Users/31740/Documents/codes/newcore-rp2350/fs/mount.c ****     struct file_system_type * file_system = lookup_fs_type(file_system_type);
 234              		.loc 1 36 5 is_stmt 1 view .LVU58
 235              		.loc 1 36 45 is_stmt 0 view .LVU59
 236 000a FFF7FEFF 		bl	lookup_fs_type
 237              	.LVL17:
  37:/mnt/c/Users/31740/Documents/codes/newcore-rp2350/fs/mount.c ****     if(file_system == NULL)     return -1;
 238              		.loc 1 37 5 is_stmt 1 view .LVU60
 239              		.loc 1 37 7 is_stmt 0 view .LVU61
 240 000e 0028     		cmp	r0, #0
 241 0010 2FD0     		beq	.L16
 242 0012 0546     		mov	r5, r0
  38:/mnt/c/Users/31740/Documents/codes/newcore-rp2350/fs/mount.c ****     struct super_block* test_sb = (file_system->mount(file_system,0,NULL,NULL))->d_sb; 
 243              		.loc 1 38 5 is_stmt 1 view .LVU62
 244              		.loc 1 38 47 is_stmt 0 view .LVU63
 245 0014 0669     		ldr	r6, [r0, #16]
 246              		.loc 1 38 36 view .LVU64
 247 0016 0023     		movs	r3, #0
 248 0018 1A46     		mov	r2, r3
 249 001a 1946     		mov	r1, r3
 250 001c B047     		blx	r6
 251              	.LVL18:
 252              		.loc 1 38 25 discriminator 1 view .LVU65
 253 001e 036D     		ldr	r3, [r0, #80]
 254              	.LVL19:
  39:/mnt/c/Users/31740/Documents/codes/newcore-rp2350/fs/mount.c ****     if(IS_ERR(test_sb))
 255              		.loc 1 39 5 is_stmt 1 view .LVU66
 256              	.LBB39:
 257              	.LBI39:
  75:/mnt/c/Users/31740/Documents/codes/newcore-rp2350/include/linux/err.h **** {
 258              		.loc 3 75 33 view .LVU67
 259              	.LBB40:
 260              		.loc 3 77 2 view .LVU68
 261              		.loc 3 77 9 is_stmt 0 view .LVU69
 262 0020 13F5805F 		cmn	r3, #4096
 263 0024 94BF     		ite	ls
 264 0026 0025     		movls	r5, #0
 265              	.LVL20:
 266              		.loc 3 77 9 view .LVU70
 267 0028 0125     		movhi	r5, #1
 268              	.LVL21:
 269              		.loc 3 77 9 view .LVU71
 270              	.LBE40:
ARM GAS  /tmp/cckYd49D.s 			page 9


 271              	.LBE39:
 272              		.loc 1 39 7 discriminator 1 view .LVU72
 273 002a 2DBB     		cbnz	r5, .L17
  40:/mnt/c/Users/31740/Documents/codes/newcore-rp2350/fs/mount.c ****         return NULL;
  41:/mnt/c/Users/31740/Documents/codes/newcore-rp2350/fs/mount.c **** 
  42:/mnt/c/Users/31740/Documents/codes/newcore-rp2350/fs/mount.c **** 
  43:/mnt/c/Users/31740/Documents/codes/newcore-rp2350/fs/mount.c ****     if(test_sb == NULL)    return -1;
 274              		.loc 1 43 5 is_stmt 1 view .LVU73
 275              		.loc 1 43 7 is_stmt 0 view .LVU74
 276 002c 33B3     		cbz	r3, .L18
  44:/mnt/c/Users/31740/Documents/codes/newcore-rp2350/fs/mount.c ****     if( test_sb->s_root == NULL)    return -1;
 277              		.loc 1 44 5 is_stmt 1 view .LVU75
 278              		.loc 1 44 16 is_stmt 0 view .LVU76
 279 002e 9A69     		ldr	r2, [r3, #24]
 280              		.loc 1 44 7 view .LVU77
 281 0030 3AB3     		cbz	r2, .L19
  45:/mnt/c/Users/31740/Documents/codes/newcore-rp2350/fs/mount.c ****     strcpy(test_sb->s_sysfs_name,"root");        //实际上这个名字没有任何意义。文件
 282              		.loc 1 45 5 is_stmt 1 view .LVU78
 283 0032 1649     		ldr	r1, .L21+4
 284 0034 0868     		ldr	r0, [r1]
 285 0036 5863     		str	r0, [r3, #52]	@ unaligned
 286 0038 0A79     		ldrb	r2, [r1, #4]	@ zero_extendqisi2
 287 003a 83F83820 		strb	r2, [r3, #56]
  46:/mnt/c/Users/31740/Documents/codes/newcore-rp2350/fs/mount.c ****     list_add(&test_sb->s_mounts,&superblock_list); 
 288              		.loc 1 46 5 view .LVU79
 289 003e 03F12800 		add	r0, r3, #40
 290              	.LVL22:
 291              	.LBB41:
 292              	.LBI41:
  39:/mnt/c/Users/31740/Documents/codes/newcore-rp2350/include/linux/list.h **** }
  40:/mnt/c/Users/31740/Documents/codes/newcore-rp2350/include/linux/list.h **** 
  41:/mnt/c/Users/31740/Documents/codes/newcore-rp2350/include/linux/list.h **** #ifdef CONFIG_LIST_HARDENED
  42:/mnt/c/Users/31740/Documents/codes/newcore-rp2350/include/linux/list.h **** 
  43:/mnt/c/Users/31740/Documents/codes/newcore-rp2350/include/linux/list.h **** #ifdef CONFIG_DEBUG_LIST
  44:/mnt/c/Users/31740/Documents/codes/newcore-rp2350/include/linux/list.h **** # define __list_valid_slowpath
  45:/mnt/c/Users/31740/Documents/codes/newcore-rp2350/include/linux/list.h **** #else
  46:/mnt/c/Users/31740/Documents/codes/newcore-rp2350/include/linux/list.h **** # define __list_valid_slowpath __cold __preserve_most
  47:/mnt/c/Users/31740/Documents/codes/newcore-rp2350/include/linux/list.h **** #endif
  48:/mnt/c/Users/31740/Documents/codes/newcore-rp2350/include/linux/list.h **** 
  49:/mnt/c/Users/31740/Documents/codes/newcore-rp2350/include/linux/list.h **** /*
  50:/mnt/c/Users/31740/Documents/codes/newcore-rp2350/include/linux/list.h ****  * Performs the full set of list corruption checks before __list_add().
  51:/mnt/c/Users/31740/Documents/codes/newcore-rp2350/include/linux/list.h ****  * On list corruption reports a warning, and returns false.
  52:/mnt/c/Users/31740/Documents/codes/newcore-rp2350/include/linux/list.h ****  */
  53:/mnt/c/Users/31740/Documents/codes/newcore-rp2350/include/linux/list.h **** extern bool __list_valid_slowpath __list_add_valid_or_report(struct list_head *new,
  54:/mnt/c/Users/31740/Documents/codes/newcore-rp2350/include/linux/list.h **** 							     struct list_head *prev,
  55:/mnt/c/Users/31740/Documents/codes/newcore-rp2350/include/linux/list.h **** 							     struct list_head *next);
  56:/mnt/c/Users/31740/Documents/codes/newcore-rp2350/include/linux/list.h **** 
  57:/mnt/c/Users/31740/Documents/codes/newcore-rp2350/include/linux/list.h **** /*
  58:/mnt/c/Users/31740/Documents/codes/newcore-rp2350/include/linux/list.h ****  * Performs list corruption checks before __list_add(). Returns false if a
  59:/mnt/c/Users/31740/Documents/codes/newcore-rp2350/include/linux/list.h ****  * corruption is detected, true otherwise.
  60:/mnt/c/Users/31740/Documents/codes/newcore-rp2350/include/linux/list.h ****  *
  61:/mnt/c/Users/31740/Documents/codes/newcore-rp2350/include/linux/list.h ****  * With CONFIG_LIST_HARDENED only, performs minimal list integrity checking
  62:/mnt/c/Users/31740/Documents/codes/newcore-rp2350/include/linux/list.h ****  * inline to catch non-faulting corruptions, and only if a corruption is
  63:/mnt/c/Users/31740/Documents/codes/newcore-rp2350/include/linux/list.h ****  * detected calls the reporting function __list_add_valid_or_report().
  64:/mnt/c/Users/31740/Documents/codes/newcore-rp2350/include/linux/list.h ****  */
  65:/mnt/c/Users/31740/Documents/codes/newcore-rp2350/include/linux/list.h **** static __always_inline bool __list_add_valid(struct list_head *new,
  66:/mnt/c/Users/31740/Documents/codes/newcore-rp2350/include/linux/list.h **** 					     struct list_head *prev,
ARM GAS  /tmp/cckYd49D.s 			page 10


  67:/mnt/c/Users/31740/Documents/codes/newcore-rp2350/include/linux/list.h **** 					     struct list_head *next)
  68:/mnt/c/Users/31740/Documents/codes/newcore-rp2350/include/linux/list.h **** {
  69:/mnt/c/Users/31740/Documents/codes/newcore-rp2350/include/linux/list.h **** 	bool ret = true;
  70:/mnt/c/Users/31740/Documents/codes/newcore-rp2350/include/linux/list.h **** 
  71:/mnt/c/Users/31740/Documents/codes/newcore-rp2350/include/linux/list.h **** 	if (!IS_ENABLED(CONFIG_DEBUG_LIST)) {
  72:/mnt/c/Users/31740/Documents/codes/newcore-rp2350/include/linux/list.h **** 		/*
  73:/mnt/c/Users/31740/Documents/codes/newcore-rp2350/include/linux/list.h **** 		 * With the hardening version, elide checking if next and prev
  74:/mnt/c/Users/31740/Documents/codes/newcore-rp2350/include/linux/list.h **** 		 * are NULL, since the immediate dereference of them below would
  75:/mnt/c/Users/31740/Documents/codes/newcore-rp2350/include/linux/list.h **** 		 * result in a fault if NULL.
  76:/mnt/c/Users/31740/Documents/codes/newcore-rp2350/include/linux/list.h **** 		 *
  77:/mnt/c/Users/31740/Documents/codes/newcore-rp2350/include/linux/list.h **** 		 * With the reduced set of checks, we can afford to inline the
  78:/mnt/c/Users/31740/Documents/codes/newcore-rp2350/include/linux/list.h **** 		 * checks, which also gives the compiler a chance to elide some
  79:/mnt/c/Users/31740/Documents/codes/newcore-rp2350/include/linux/list.h **** 		 * of them completely if they can be proven at compile-time. If
  80:/mnt/c/Users/31740/Documents/codes/newcore-rp2350/include/linux/list.h **** 		 * one of the pre-conditions does not hold, the slow-path will
  81:/mnt/c/Users/31740/Documents/codes/newcore-rp2350/include/linux/list.h **** 		 * show a report which pre-condition failed.
  82:/mnt/c/Users/31740/Documents/codes/newcore-rp2350/include/linux/list.h **** 		 */
  83:/mnt/c/Users/31740/Documents/codes/newcore-rp2350/include/linux/list.h **** 		if (likely(next->prev == prev && prev->next == next && new != prev && new != next))
  84:/mnt/c/Users/31740/Documents/codes/newcore-rp2350/include/linux/list.h **** 			return true;
  85:/mnt/c/Users/31740/Documents/codes/newcore-rp2350/include/linux/list.h **** 		ret = false;
  86:/mnt/c/Users/31740/Documents/codes/newcore-rp2350/include/linux/list.h **** 	}
  87:/mnt/c/Users/31740/Documents/codes/newcore-rp2350/include/linux/list.h **** 
  88:/mnt/c/Users/31740/Documents/codes/newcore-rp2350/include/linux/list.h **** 	ret &= __list_add_valid_or_report(new, prev, next);
  89:/mnt/c/Users/31740/Documents/codes/newcore-rp2350/include/linux/list.h **** 	return ret;
  90:/mnt/c/Users/31740/Documents/codes/newcore-rp2350/include/linux/list.h **** }
  91:/mnt/c/Users/31740/Documents/codes/newcore-rp2350/include/linux/list.h **** 
  92:/mnt/c/Users/31740/Documents/codes/newcore-rp2350/include/linux/list.h **** /*
  93:/mnt/c/Users/31740/Documents/codes/newcore-rp2350/include/linux/list.h ****  * Performs the full set of list corruption checks before __list_del_entry().
  94:/mnt/c/Users/31740/Documents/codes/newcore-rp2350/include/linux/list.h ****  * On list corruption reports a warning, and returns false.
  95:/mnt/c/Users/31740/Documents/codes/newcore-rp2350/include/linux/list.h ****  */
  96:/mnt/c/Users/31740/Documents/codes/newcore-rp2350/include/linux/list.h **** extern bool __list_valid_slowpath __list_del_entry_valid_or_report(struct list_head *entry);
  97:/mnt/c/Users/31740/Documents/codes/newcore-rp2350/include/linux/list.h **** 
  98:/mnt/c/Users/31740/Documents/codes/newcore-rp2350/include/linux/list.h **** /*
  99:/mnt/c/Users/31740/Documents/codes/newcore-rp2350/include/linux/list.h ****  * Performs list corruption checks before __list_del_entry(). Returns false if a
 100:/mnt/c/Users/31740/Documents/codes/newcore-rp2350/include/linux/list.h ****  * corruption is detected, true otherwise.
 101:/mnt/c/Users/31740/Documents/codes/newcore-rp2350/include/linux/list.h ****  *
 102:/mnt/c/Users/31740/Documents/codes/newcore-rp2350/include/linux/list.h ****  * With CONFIG_LIST_HARDENED only, performs minimal list integrity checking
 103:/mnt/c/Users/31740/Documents/codes/newcore-rp2350/include/linux/list.h ****  * inline to catch non-faulting corruptions, and only if a corruption is
 104:/mnt/c/Users/31740/Documents/codes/newcore-rp2350/include/linux/list.h ****  * detected calls the reporting function __list_del_entry_valid_or_report().
 105:/mnt/c/Users/31740/Documents/codes/newcore-rp2350/include/linux/list.h ****  */
 106:/mnt/c/Users/31740/Documents/codes/newcore-rp2350/include/linux/list.h **** static __always_inline bool __list_del_entry_valid(struct list_head *entry)
 107:/mnt/c/Users/31740/Documents/codes/newcore-rp2350/include/linux/list.h **** {
 108:/mnt/c/Users/31740/Documents/codes/newcore-rp2350/include/linux/list.h **** 	bool ret = true;
 109:/mnt/c/Users/31740/Documents/codes/newcore-rp2350/include/linux/list.h **** 
 110:/mnt/c/Users/31740/Documents/codes/newcore-rp2350/include/linux/list.h **** 	if (!IS_ENABLED(CONFIG_DEBUG_LIST)) {
 111:/mnt/c/Users/31740/Documents/codes/newcore-rp2350/include/linux/list.h **** 		struct list_head *prev = entry->prev;
 112:/mnt/c/Users/31740/Documents/codes/newcore-rp2350/include/linux/list.h **** 		struct list_head *next = entry->next;
 113:/mnt/c/Users/31740/Documents/codes/newcore-rp2350/include/linux/list.h **** 
 114:/mnt/c/Users/31740/Documents/codes/newcore-rp2350/include/linux/list.h **** 		/*
 115:/mnt/c/Users/31740/Documents/codes/newcore-rp2350/include/linux/list.h **** 		 * With the hardening version, elide checking if next and prev
 116:/mnt/c/Users/31740/Documents/codes/newcore-rp2350/include/linux/list.h **** 		 * are NULL, LIST_POISON1 or LIST_POISON2, since the immediate
 117:/mnt/c/Users/31740/Documents/codes/newcore-rp2350/include/linux/list.h **** 		 * dereference of them below would result in a fault.
 118:/mnt/c/Users/31740/Documents/codes/newcore-rp2350/include/linux/list.h **** 		 */
 119:/mnt/c/Users/31740/Documents/codes/newcore-rp2350/include/linux/list.h **** 		if (likely(prev->next == entry && next->prev == entry))
 120:/mnt/c/Users/31740/Documents/codes/newcore-rp2350/include/linux/list.h **** 			return true;
 121:/mnt/c/Users/31740/Documents/codes/newcore-rp2350/include/linux/list.h **** 		ret = false;
 122:/mnt/c/Users/31740/Documents/codes/newcore-rp2350/include/linux/list.h **** 	}
 123:/mnt/c/Users/31740/Documents/codes/newcore-rp2350/include/linux/list.h **** 
ARM GAS  /tmp/cckYd49D.s 			page 11


 124:/mnt/c/Users/31740/Documents/codes/newcore-rp2350/include/linux/list.h **** 	ret &= __list_del_entry_valid_or_report(entry);
 125:/mnt/c/Users/31740/Documents/codes/newcore-rp2350/include/linux/list.h **** 	return ret;
 126:/mnt/c/Users/31740/Documents/codes/newcore-rp2350/include/linux/list.h **** }
 127:/mnt/c/Users/31740/Documents/codes/newcore-rp2350/include/linux/list.h **** #else
 128:/mnt/c/Users/31740/Documents/codes/newcore-rp2350/include/linux/list.h **** static inline bool __list_add_valid(struct list_head *new,
 129:/mnt/c/Users/31740/Documents/codes/newcore-rp2350/include/linux/list.h **** 				struct list_head *prev,
 130:/mnt/c/Users/31740/Documents/codes/newcore-rp2350/include/linux/list.h **** 				struct list_head *next)
 131:/mnt/c/Users/31740/Documents/codes/newcore-rp2350/include/linux/list.h **** {
 132:/mnt/c/Users/31740/Documents/codes/newcore-rp2350/include/linux/list.h **** 	return true;
 133:/mnt/c/Users/31740/Documents/codes/newcore-rp2350/include/linux/list.h **** }
 134:/mnt/c/Users/31740/Documents/codes/newcore-rp2350/include/linux/list.h **** static inline bool __list_del_entry_valid(struct list_head *entry)
 135:/mnt/c/Users/31740/Documents/codes/newcore-rp2350/include/linux/list.h **** {
 136:/mnt/c/Users/31740/Documents/codes/newcore-rp2350/include/linux/list.h **** 	return true;
 137:/mnt/c/Users/31740/Documents/codes/newcore-rp2350/include/linux/list.h **** }
 138:/mnt/c/Users/31740/Documents/codes/newcore-rp2350/include/linux/list.h **** #endif
 139:/mnt/c/Users/31740/Documents/codes/newcore-rp2350/include/linux/list.h **** 
 140:/mnt/c/Users/31740/Documents/codes/newcore-rp2350/include/linux/list.h **** /*
 141:/mnt/c/Users/31740/Documents/codes/newcore-rp2350/include/linux/list.h ****  * Insert a new entry between two known consecutive entries.
 142:/mnt/c/Users/31740/Documents/codes/newcore-rp2350/include/linux/list.h ****  *
 143:/mnt/c/Users/31740/Documents/codes/newcore-rp2350/include/linux/list.h ****  * This is only for internal list manipulation where we know
 144:/mnt/c/Users/31740/Documents/codes/newcore-rp2350/include/linux/list.h ****  * the prev/next entries already!
 145:/mnt/c/Users/31740/Documents/codes/newcore-rp2350/include/linux/list.h ****  */
 146:/mnt/c/Users/31740/Documents/codes/newcore-rp2350/include/linux/list.h **** static inline void __list_add(struct list_head *new,
 147:/mnt/c/Users/31740/Documents/codes/newcore-rp2350/include/linux/list.h **** 			      struct list_head *prev,
 148:/mnt/c/Users/31740/Documents/codes/newcore-rp2350/include/linux/list.h **** 			      struct list_head *next)
 149:/mnt/c/Users/31740/Documents/codes/newcore-rp2350/include/linux/list.h **** {
 150:/mnt/c/Users/31740/Documents/codes/newcore-rp2350/include/linux/list.h **** 	if (!__list_add_valid(new, prev, next))
 151:/mnt/c/Users/31740/Documents/codes/newcore-rp2350/include/linux/list.h **** 		return;
 152:/mnt/c/Users/31740/Documents/codes/newcore-rp2350/include/linux/list.h **** 
 153:/mnt/c/Users/31740/Documents/codes/newcore-rp2350/include/linux/list.h **** 	next->prev = new;
 154:/mnt/c/Users/31740/Documents/codes/newcore-rp2350/include/linux/list.h **** 	new->next = next;
 155:/mnt/c/Users/31740/Documents/codes/newcore-rp2350/include/linux/list.h **** 	new->prev = prev;
 156:/mnt/c/Users/31740/Documents/codes/newcore-rp2350/include/linux/list.h **** 	WRITE_ONCE(prev->next, new);
 157:/mnt/c/Users/31740/Documents/codes/newcore-rp2350/include/linux/list.h **** }
 158:/mnt/c/Users/31740/Documents/codes/newcore-rp2350/include/linux/list.h **** 
 159:/mnt/c/Users/31740/Documents/codes/newcore-rp2350/include/linux/list.h **** /**
 160:/mnt/c/Users/31740/Documents/codes/newcore-rp2350/include/linux/list.h ****  * list_add - add a new entry
 161:/mnt/c/Users/31740/Documents/codes/newcore-rp2350/include/linux/list.h ****  * @new: new entry to be added
 162:/mnt/c/Users/31740/Documents/codes/newcore-rp2350/include/linux/list.h ****  * @head: list head to add it after
 163:/mnt/c/Users/31740/Documents/codes/newcore-rp2350/include/linux/list.h ****  *
 164:/mnt/c/Users/31740/Documents/codes/newcore-rp2350/include/linux/list.h ****  * Insert a new entry after the specified head.
 165:/mnt/c/Users/31740/Documents/codes/newcore-rp2350/include/linux/list.h ****  * This is good for implementing stacks.
 166:/mnt/c/Users/31740/Documents/codes/newcore-rp2350/include/linux/list.h ****  */
 167:/mnt/c/Users/31740/Documents/codes/newcore-rp2350/include/linux/list.h **** static inline void list_add(struct list_head *new, struct list_head *head)
 293              		.loc 4 167 20 view .LVU80
 294              	.LBB42:
 168:/mnt/c/Users/31740/Documents/codes/newcore-rp2350/include/linux/list.h **** {
 169:/mnt/c/Users/31740/Documents/codes/newcore-rp2350/include/linux/list.h **** 	__list_add(new, head, head->next);
 295              		.loc 4 169 2 view .LVU81
 296 0042 114A     		ldr	r2, .L21
 297 0044 1668     		ldr	r6, [r2]
 298              	.LVL23:
 299              	.LBB43:
 300              	.LBI43:
 146:/mnt/c/Users/31740/Documents/codes/newcore-rp2350/include/linux/list.h **** 			      struct list_head *prev,
 301              		.loc 4 146 20 view .LVU82
 302              	.LBB44:
ARM GAS  /tmp/cckYd49D.s 			page 12


 150:/mnt/c/Users/31740/Documents/codes/newcore-rp2350/include/linux/list.h **** 		return;
 303              		.loc 4 150 2 view .LVU83
 153:/mnt/c/Users/31740/Documents/codes/newcore-rp2350/include/linux/list.h **** 	new->next = next;
 304              		.loc 4 153 2 view .LVU84
 153:/mnt/c/Users/31740/Documents/codes/newcore-rp2350/include/linux/list.h **** 	new->next = next;
 305              		.loc 4 153 13 is_stmt 0 view .LVU85
 306 0046 7060     		str	r0, [r6, #4]
 154:/mnt/c/Users/31740/Documents/codes/newcore-rp2350/include/linux/list.h **** 	new->prev = prev;
 307              		.loc 4 154 2 is_stmt 1 view .LVU86
 154:/mnt/c/Users/31740/Documents/codes/newcore-rp2350/include/linux/list.h **** 	new->prev = prev;
 308              		.loc 4 154 12 is_stmt 0 view .LVU87
 309 0048 9E62     		str	r6, [r3, #40]
 155:/mnt/c/Users/31740/Documents/codes/newcore-rp2350/include/linux/list.h **** 	WRITE_ONCE(prev->next, new);
 310              		.loc 4 155 2 is_stmt 1 view .LVU88
 155:/mnt/c/Users/31740/Documents/codes/newcore-rp2350/include/linux/list.h **** 	WRITE_ONCE(prev->next, new);
 311              		.loc 4 155 12 is_stmt 0 view .LVU89
 312 004a DA62     		str	r2, [r3, #44]
 156:/mnt/c/Users/31740/Documents/codes/newcore-rp2350/include/linux/list.h **** }
 313              		.loc 4 156 2 is_stmt 1 view .LVU90
 156:/mnt/c/Users/31740/Documents/codes/newcore-rp2350/include/linux/list.h **** }
 314              		.loc 4 156 2 view .LVU91
 315              	.LBB45:
 156:/mnt/c/Users/31740/Documents/codes/newcore-rp2350/include/linux/list.h **** }
 316              		.loc 4 156 2 view .LVU92
 156:/mnt/c/Users/31740/Documents/codes/newcore-rp2350/include/linux/list.h **** }
 317              		.loc 4 156 2 view .LVU93
 318              	.LBE45:
 156:/mnt/c/Users/31740/Documents/codes/newcore-rp2350/include/linux/list.h **** }
 319              		.loc 4 156 2 discriminator 2 view .LVU94
 156:/mnt/c/Users/31740/Documents/codes/newcore-rp2350/include/linux/list.h **** }
 320              		.loc 4 156 2 discriminator 2 view .LVU95
 156:/mnt/c/Users/31740/Documents/codes/newcore-rp2350/include/linux/list.h **** }
 321              		.loc 4 156 2 discriminator 2 view .LVU96
 322 004c 1060     		str	r0, [r2]
 156:/mnt/c/Users/31740/Documents/codes/newcore-rp2350/include/linux/list.h **** }
 323              		.loc 4 156 2 discriminator 3 view .LVU97
 156:/mnt/c/Users/31740/Documents/codes/newcore-rp2350/include/linux/list.h **** }
 324              		.loc 4 156 2 discriminator 3 view .LVU98
 325              	.LVL24:
 156:/mnt/c/Users/31740/Documents/codes/newcore-rp2350/include/linux/list.h **** }
 326              		.loc 4 156 2 is_stmt 0 discriminator 3 view .LVU99
 327              	.LBE44:
 328              	.LBE43:
 329              	.LBE42:
 330              	.LBE41:
  47:/mnt/c/Users/31740/Documents/codes/newcore-rp2350/fs/mount.c ****     root_dentry = test_sb->s_root;
 331              		.loc 1 47 5 is_stmt 1 view .LVU100
 332              		.loc 1 47 26 is_stmt 0 view .LVU101
 333 004e 9A69     		ldr	r2, [r3, #24]
 334              		.loc 1 47 17 view .LVU102
 335 0050 0F48     		ldr	r0, .L21+8
 336 0052 0260     		str	r2, [r0]
  48:/mnt/c/Users/31740/Documents/codes/newcore-rp2350/fs/mount.c ****     root_dentry->d_sb = test_sb;
 337              		.loc 1 48 5 is_stmt 1 view .LVU103
 338              		.loc 1 48 23 is_stmt 0 view .LVU104
 339 0054 1365     		str	r3, [r2, #80]
  49:/mnt/c/Users/31740/Documents/codes/newcore-rp2350/fs/mount.c ****     root_dentry->d_inode->i_mode = S_IFDIR | 0755;
ARM GAS  /tmp/cckYd49D.s 			page 13


 340              		.loc 1 49 5 is_stmt 1 view .LVU105
 341              		.loc 1 49 16 is_stmt 0 view .LVU106
 342 0056 936C     		ldr	r3, [r2, #72]
 343              	.LVL25:
 344              		.loc 1 49 34 view .LVU107
 345 0058 44F2ED12 		movw	r2, #16877
 346              	.LVL26:
 347              		.loc 1 49 34 view .LVU108
 348 005c 1A80     		strh	r2, [r3]	@ movhi
 349              	.LVL27:
  50:/mnt/c/Users/31740/Documents/codes/newcore-rp2350/fs/mount.c ****     dentry_rename(root_dentry,"root");
 350              		.loc 1 50 5 is_stmt 1 view .LVU109
 351 005e 0068     		ldr	r0, [r0]
 352 0060 FFF7FEFF 		bl	dentry_rename
 353              	.LVL28:
  51:/mnt/c/Users/31740/Documents/codes/newcore-rp2350/fs/mount.c ****     pr_info("mount root fs:%s \n",file_system_type);
 354              		.loc 1 51 5 view .LVU110
 355 0064 2246     		mov	r2, r4
 356 0066 0B49     		ldr	r1, .L21+12
 357 0068 0620     		movs	r0, #6
 358 006a FFF7FEFF 		bl	printk
 359              	.LVL29:
  52:/mnt/c/Users/31740/Documents/codes/newcore-rp2350/fs/mount.c **** 
  53:/mnt/c/Users/31740/Documents/codes/newcore-rp2350/fs/mount.c ****     return 0;
 360              		.loc 1 53 5 view .LVU111
 361              	.L14:
  54:/mnt/c/Users/31740/Documents/codes/newcore-rp2350/fs/mount.c **** }
 362              		.loc 1 54 1 is_stmt 0 view .LVU112
 363 006e 2846     		mov	r0, r5
 364 0070 70BD     		pop	{r4, r5, r6, pc}
 365              	.LVL30:
 366              	.L16:
  37:/mnt/c/Users/31740/Documents/codes/newcore-rp2350/fs/mount.c ****     struct super_block* test_sb = (file_system->mount(file_system,0,NULL,NULL))->d_sb; 
 367              		.loc 1 37 40 discriminator 1 view .LVU113
 368 0072 4FF0FF35 		mov	r5, #-1
 369 0076 FAE7     		b	.L14
 370              	.LVL31:
 371              	.L17:
  40:/mnt/c/Users/31740/Documents/codes/newcore-rp2350/fs/mount.c **** 
 372              		.loc 1 40 16 view .LVU114
 373 0078 0025     		movs	r5, #0
 374 007a F8E7     		b	.L14
 375              	.L18:
  43:/mnt/c/Users/31740/Documents/codes/newcore-rp2350/fs/mount.c ****     if( test_sb->s_root == NULL)    return -1;
 376              		.loc 1 43 35 discriminator 1 view .LVU115
 377 007c 4FF0FF35 		mov	r5, #-1
 378 0080 F5E7     		b	.L14
 379              	.L19:
  44:/mnt/c/Users/31740/Documents/codes/newcore-rp2350/fs/mount.c ****     strcpy(test_sb->s_sysfs_name,"root");        //实际上这个名字没有任何意义。文件
 380              		.loc 1 44 44 discriminator 1 view .LVU116
 381 0082 4FF0FF35 		mov	r5, #-1
 382 0086 F2E7     		b	.L14
 383              	.L22:
 384              		.align	2
 385              	.L21:
 386 0088 00000000 		.word	superblock_list
 387 008c 00000000 		.word	.LC0
ARM GAS  /tmp/cckYd49D.s 			page 14


 388 0090 00000000 		.word	root_dentry
 389 0094 08000000 		.word	.LC1
 390              		.cfi_endproc
 391              	.LFE1035:
 393              		.section	.rodata.sys_mount.str1.4,"aMS",%progbits,1
 394              		.align	2
 395              	.LC2:
 396 0000 76667300 		.ascii	"vfs\000"
 397              		.align	2
 398              	.LC3:
 399 0004 6D6F756E 		.ascii	"mount: %s fs: %s to: %s \012\000"
 399      743A2025 
 399      73206673 
 399      3A202573 
 399      20746F3A 
 400              		.section	.text.sys_mount,"ax",%progbits
 401              		.align	1
 402              		.global	sys_mount
 403              		.syntax unified
 404              		.thumb
 405              		.thumb_func
 407              	sys_mount:
 408              	.LVL32:
 409              	.LFB1036:
  55:/mnt/c/Users/31740/Documents/codes/newcore-rp2350/fs/mount.c **** 
  56:/mnt/c/Users/31740/Documents/codes/newcore-rp2350/fs/mount.c **** struct  dentry * select_file(char * path , int offset);
  57:/mnt/c/Users/31740/Documents/codes/newcore-rp2350/fs/mount.c **** 
  58:/mnt/c/Users/31740/Documents/codes/newcore-rp2350/fs/mount.c **** 
  59:/mnt/c/Users/31740/Documents/codes/newcore-rp2350/fs/mount.c **** int sys_mount(const char __user *dev_name, const char __user *dir_name,
  60:/mnt/c/Users/31740/Documents/codes/newcore-rp2350/fs/mount.c ****     const char __user *type, unsigned long flags,
  61:/mnt/c/Users/31740/Documents/codes/newcore-rp2350/fs/mount.c ****     const void __user *data)
  62:/mnt/c/Users/31740/Documents/codes/newcore-rp2350/fs/mount.c **** {
 410              		.loc 1 62 1 is_stmt 1 view -0
 411              		.cfi_startproc
 412              		@ args = 4, pretend = 0, frame = 0
 413              		@ frame_needed = 0, uses_anonymous_args = 0
 414              		.loc 1 62 1 is_stmt 0 view .LVU118
 415 0000 2DE9F04F 		push	{r4, r5, r6, r7, r8, r9, r10, fp, lr}
 416              	.LCFI6:
 417              		.cfi_def_cfa_offset 36
 418              		.cfi_offset 4, -36
 419              		.cfi_offset 5, -32
 420              		.cfi_offset 6, -28
 421              		.cfi_offset 7, -24
 422              		.cfi_offset 8, -20
 423              		.cfi_offset 9, -16
 424              		.cfi_offset 10, -12
 425              		.cfi_offset 11, -8
 426              		.cfi_offset 14, -4
 427 0004 83B0     		sub	sp, sp, #12
 428              	.LCFI7:
 429              		.cfi_def_cfa_offset 48
 430 0006 0546     		mov	r5, r0
 431 0008 0F46     		mov	r7, r1
 432 000a 1646     		mov	r6, r2
  63:/mnt/c/Users/31740/Documents/codes/newcore-rp2350/fs/mount.c ****     struct file_system_type * file_system = lookup_fs_type(type);
 433              		.loc 1 63 5 is_stmt 1 view .LVU119
ARM GAS  /tmp/cckYd49D.s 			page 15


 434              		.loc 1 63 45 is_stmt 0 view .LVU120
 435 000c 1046     		mov	r0, r2
 436              	.LVL33:
 437              		.loc 1 63 45 view .LVU121
 438 000e FFF7FEFF 		bl	lookup_fs_type
 439              	.LVL34:
  64:/mnt/c/Users/31740/Documents/codes/newcore-rp2350/fs/mount.c ****     if(file_system == NULL){
 440              		.loc 1 64 5 is_stmt 1 view .LVU122
 441              		.loc 1 64 7 is_stmt 0 view .LVU123
 442 0012 0028     		cmp	r0, #0
 443 0014 43D0     		beq	.L26
 444 0016 8146     		mov	r9, r0
  65:/mnt/c/Users/31740/Documents/codes/newcore-rp2350/fs/mount.c ****         return ERR_PTR(-ENODEV);
  66:/mnt/c/Users/31740/Documents/codes/newcore-rp2350/fs/mount.c ****     }
  67:/mnt/c/Users/31740/Documents/codes/newcore-rp2350/fs/mount.c ****     struct  dentry *mount_point = select_file(dir_name , 0);
 445              		.loc 1 67 5 is_stmt 1 view .LVU124
 446              		.loc 1 67 35 is_stmt 0 view .LVU125
 447 0018 0021     		movs	r1, #0
 448 001a 3846     		mov	r0, r7
 449              	.LVL35:
 450              		.loc 1 67 35 view .LVU126
 451 001c FFF7FEFF 		bl	select_file
 452              	.LVL36:
 453 0020 0446     		mov	r4, r0
 454              	.LVL37:
  68:/mnt/c/Users/31740/Documents/codes/newcore-rp2350/fs/mount.c ****     if(IS_ERR(mount_point)){
 455              		.loc 1 68 5 is_stmt 1 view .LVU127
 456              	.LBB46:
 457              	.LBI46:
  75:/mnt/c/Users/31740/Documents/codes/newcore-rp2350/include/linux/err.h **** {
 458              		.loc 3 75 33 view .LVU128
 459              	.LBB47:
 460              		.loc 3 77 2 view .LVU129
 461              		.loc 3 77 9 is_stmt 0 view .LVU130
 462 0022 10F5805F 		cmn	r0, #4096
 463 0026 94BF     		ite	ls
 464 0028 4FF00008 		movls	r8, #0
 465 002c 4FF00108 		movhi	r8, #1
 466              	.LVL38:
 467              		.loc 3 77 9 view .LVU131
 468              	.LBE47:
 469              	.LBE46:
 470              		.loc 1 68 7 discriminator 1 view .LVU132
 471 0030 B8F1000F 		cmp	r8, #0
 472 0034 36D1     		bne	.L27
  69:/mnt/c/Users/31740/Documents/codes/newcore-rp2350/fs/mount.c ****         return ERR_PTR(-ENOENT);
  70:/mnt/c/Users/31740/Documents/codes/newcore-rp2350/fs/mount.c ****     }
  71:/mnt/c/Users/31740/Documents/codes/newcore-rp2350/fs/mount.c ****     if((mount_point->d_inode->i_mode & S_IFMT) != S_IFDIR){
 473              		.loc 1 71 5 is_stmt 1 view .LVU133
 474              		.loc 1 71 20 is_stmt 0 view .LVU134
 475 0036 836C     		ldr	r3, [r0, #72]
 476              		.loc 1 71 29 view .LVU135
 477 0038 1B88     		ldrh	r3, [r3]
 478              		.loc 1 71 7 view .LVU136
 479 003a 03F47043 		and	r3, r3, #61440
 480 003e B3F5804F 		cmp	r3, #16384
 481 0042 32D1     		bne	.L28
ARM GAS  /tmp/cckYd49D.s 			page 16


  72:/mnt/c/Users/31740/Documents/codes/newcore-rp2350/fs/mount.c ****         return ERR_PTR(-ENOTDIR);
  73:/mnt/c/Users/31740/Documents/codes/newcore-rp2350/fs/mount.c ****     }
  74:/mnt/c/Users/31740/Documents/codes/newcore-rp2350/fs/mount.c ****     spin_lock(&mount_point->d_lock);
 482              		.loc 1 74 5 is_stmt 1 view .LVU137
 483 0044 00F16C0A 		add	r10, r0, #108
 484 0048 5046     		mov	r0, r10
 485              	.LVL39:
 486              		.loc 1 74 5 is_stmt 0 view .LVU138
 487 004a FFF7FEFF 		bl	spin_lock
 488              	.LVL40:
  75:/mnt/c/Users/31740/Documents/codes/newcore-rp2350/fs/mount.c ****     struct super_block* mount_sb = (file_system->mount(file_system,0,dev_name,data))->d_sb; 
 489              		.loc 1 75 5 is_stmt 1 view .LVU139
 490              		.loc 1 75 48 is_stmt 0 view .LVU140
 491 004e D9F810B0 		ldr	fp, [r9, #16]
 492              		.loc 1 75 37 view .LVU141
 493 0052 0C9B     		ldr	r3, [sp, #48]
 494 0054 2A46     		mov	r2, r5
 495 0056 0021     		movs	r1, #0
 496 0058 4846     		mov	r0, r9
 497 005a D847     		blx	fp
 498              	.LVL41:
 499              		.loc 1 75 25 discriminator 1 view .LVU142
 500 005c 036D     		ldr	r3, [r0, #80]
 501              	.LVL42:
  76:/mnt/c/Users/31740/Documents/codes/newcore-rp2350/fs/mount.c ****     if(IS_ERR(mount_sb))
 502              		.loc 1 76 5 is_stmt 1 view .LVU143
 503              	.LBB48:
 504              	.LBI48:
  75:/mnt/c/Users/31740/Documents/codes/newcore-rp2350/include/linux/err.h **** {
 505              		.loc 3 75 33 view .LVU144
 506              	.LBB49:
 507              		.loc 3 77 2 view .LVU145
 508              		.loc 3 77 9 is_stmt 0 view .LVU146
 509 005e 13F5805F 		cmn	r3, #4096
 510 0062 94BF     		ite	ls
 511 0064 4FF00009 		movls	r9, #0
 512              	.LVL43:
 513              		.loc 3 77 9 view .LVU147
 514 0068 4FF00109 		movhi	r9, #1
 515              	.LVL44:
 516              		.loc 3 77 9 view .LVU148
 517              	.LBE49:
 518              	.LBE48:
 519              		.loc 1 76 7 discriminator 1 view .LVU149
 520 006c B9F1000F 		cmp	r9, #0
 521 0070 1ED1     		bne	.L29
  77:/mnt/c/Users/31740/Documents/codes/newcore-rp2350/fs/mount.c ****     return NULL;
  78:/mnt/c/Users/31740/Documents/codes/newcore-rp2350/fs/mount.c **** 
  79:/mnt/c/Users/31740/Documents/codes/newcore-rp2350/fs/mount.c ****     if(mount_sb == NULL)    
 522              		.loc 1 79 5 is_stmt 1 view .LVU150
 523              		.loc 1 79 7 is_stmt 0 view .LVU151
 524 0072 FBB1     		cbz	r3, .L30
  80:/mnt/c/Users/31740/Documents/codes/newcore-rp2350/fs/mount.c ****         return ERR_PTR(-ENOMEM);
  81:/mnt/c/Users/31740/Documents/codes/newcore-rp2350/fs/mount.c ****     
  82:/mnt/c/Users/31740/Documents/codes/newcore-rp2350/fs/mount.c ****     mount_point->d_sb = mount_sb;
 525              		.loc 1 82 5 is_stmt 1 view .LVU152
 526              		.loc 1 82 23 is_stmt 0 view .LVU153
ARM GAS  /tmp/cckYd49D.s 			page 17


 527 0074 2365     		str	r3, [r4, #80]
  83:/mnt/c/Users/31740/Documents/codes/newcore-rp2350/fs/mount.c ****     mount_point->d_inode = mount_sb->s_root->d_inode;
 528              		.loc 1 83 5 is_stmt 1 view .LVU154
 529              		.loc 1 83 36 is_stmt 0 view .LVU155
 530 0076 9B69     		ldr	r3, [r3, #24]
 531              	.LVL45:
 532              		.loc 1 83 44 view .LVU156
 533 0078 9B6C     		ldr	r3, [r3, #72]
 534              		.loc 1 83 26 view .LVU157
 535 007a A364     		str	r3, [r4, #72]
  84:/mnt/c/Users/31740/Documents/codes/newcore-rp2350/fs/mount.c **** 
  85:/mnt/c/Users/31740/Documents/codes/newcore-rp2350/fs/mount.c ****     spin_unlock(&mount_point->d_lock);
 536              		.loc 1 85 5 is_stmt 1 view .LVU158
 537 007c 5046     		mov	r0, r10
 538 007e FFF7FEFF 		bl	spin_unlock
 539              	.LVL46:
  86:/mnt/c/Users/31740/Documents/codes/newcore-rp2350/fs/mount.c ****     if(dev_name == NULL)
 540              		.loc 1 86 5 view .LVU159
 541              		.loc 1 86 7 is_stmt 0 view .LVU160
 542 0082 55B1     		cbz	r5, .L33
 543              	.LVL47:
 544              	.L25:
  87:/mnt/c/Users/31740/Documents/codes/newcore-rp2350/fs/mount.c ****     dev_name = "vfs";
  88:/mnt/c/Users/31740/Documents/codes/newcore-rp2350/fs/mount.c ****     pr_info("mount: %s fs: %s to: %s \n",dev_name,type,dir_name);
 545              		.loc 1 88 5 is_stmt 1 view .LVU161
 546 0084 0097     		str	r7, [sp]
 547 0086 3346     		mov	r3, r6
 548 0088 2A46     		mov	r2, r5
 549 008a 0C49     		ldr	r1, .L34
 550 008c 0620     		movs	r0, #6
 551 008e FFF7FEFF 		bl	printk
 552              	.LVL48:
  89:/mnt/c/Users/31740/Documents/codes/newcore-rp2350/fs/mount.c ****     return 0;
 553              		.loc 1 89 5 view .LVU162
 554              	.L23:
  90:/mnt/c/Users/31740/Documents/codes/newcore-rp2350/fs/mount.c **** }
 555              		.loc 1 90 1 is_stmt 0 view .LVU163
 556 0092 4846     		mov	r0, r9
 557 0094 03B0     		add	sp, sp, #12
 558              	.LCFI8:
 559              		.cfi_remember_state
 560              		.cfi_def_cfa_offset 36
 561              		@ sp needed
 562 0096 BDE8F08F 		pop	{r4, r5, r6, r7, r8, r9, r10, fp, pc}
 563              	.LVL49:
 564              	.L33:
 565              	.LCFI9:
 566              		.cfi_restore_state
  87:/mnt/c/Users/31740/Documents/codes/newcore-rp2350/fs/mount.c ****     dev_name = "vfs";
 567              		.loc 1 87 14 view .LVU164
 568 009a 094D     		ldr	r5, .L34+4
 569              	.LVL50:
  87:/mnt/c/Users/31740/Documents/codes/newcore-rp2350/fs/mount.c ****     dev_name = "vfs";
 570              		.loc 1 87 14 view .LVU165
 571 009c F2E7     		b	.L25
 572              	.LVL51:
 573              	.L26:
ARM GAS  /tmp/cckYd49D.s 			page 18


  65:/mnt/c/Users/31740/Documents/codes/newcore-rp2350/fs/mount.c ****     }
 574              		.loc 1 65 16 discriminator 1 view .LVU166
 575 009e 6FF01209 		mvn	r9, #18
 576 00a2 F6E7     		b	.L23
 577              	.LVL52:
 578              	.L27:
  69:/mnt/c/Users/31740/Documents/codes/newcore-rp2350/fs/mount.c ****     }
 579              		.loc 1 69 16 discriminator 1 view .LVU167
 580 00a4 6FF00109 		mvn	r9, #1
 581              	.LVL53:
  69:/mnt/c/Users/31740/Documents/codes/newcore-rp2350/fs/mount.c ****     }
 582              		.loc 1 69 16 discriminator 1 view .LVU168
 583 00a8 F3E7     		b	.L23
 584              	.LVL54:
 585              	.L28:
  72:/mnt/c/Users/31740/Documents/codes/newcore-rp2350/fs/mount.c ****     }
 586              		.loc 1 72 16 discriminator 1 view .LVU169
 587 00aa 6FF01309 		mvn	r9, #19
 588              	.LVL55:
  72:/mnt/c/Users/31740/Documents/codes/newcore-rp2350/fs/mount.c ****     }
 589              		.loc 1 72 16 discriminator 1 view .LVU170
 590 00ae F0E7     		b	.L23
 591              	.LVL56:
 592              	.L29:
  77:/mnt/c/Users/31740/Documents/codes/newcore-rp2350/fs/mount.c **** 
 593              		.loc 1 77 12 view .LVU171
 594 00b0 C146     		mov	r9, r8
 595 00b2 EEE7     		b	.L23
 596              	.L30:
  80:/mnt/c/Users/31740/Documents/codes/newcore-rp2350/fs/mount.c ****     
 597              		.loc 1 80 16 discriminator 1 view .LVU172
 598 00b4 6FF00B09 		mvn	r9, #11
 599 00b8 EBE7     		b	.L23
 600              	.L35:
 601 00ba 00BF     		.align	2
 602              	.L34:
 603 00bc 04000000 		.word	.LC3
 604 00c0 00000000 		.word	.LC2
 605              		.cfi_endproc
 606              	.LFE1036:
 608              		.global	superblock_list
 609              		.section	.bss.superblock_list,"aw",%nobits
 610              		.align	2
 613              	superblock_list:
 614 0000 00000000 		.space	8
 614      00000000 
 615              		.text
 616              	.Letext0:
 617              		.file 5 "/mnt/c/Users/31740/Documents/codes/newcore-rp2350/include/asm-generic/int-l64.h"
 618              		.file 6 "/mnt/c/Users/31740/Documents/codes/newcore-rp2350/include/asm-generic/posix_types.h"
 619              		.file 7 "/mnt/c/Users/31740/Documents/codes/newcore-rp2350/include/uapi/linux/types.h"
 620              		.file 8 "/mnt/c/Users/31740/Documents/codes/newcore-rp2350/include/linux/types.h"
 621              		.file 9 "/mnt/c/Users/31740/Documents/codes/newcore-rp2350/include/linux/errseq.h"
 622              		.file 10 "/mnt/c/Users/31740/Documents/codes/newcore-rp2350/include/linux/time64.h"
 623              		.file 11 "/mnt/c/Users/31740/Documents/codes/newcore-rp2350/arch/arm_m/include/asm/spinlock.h"
 624              		.file 12 "/mnt/c/Users/31740/Documents/codes/newcore-rp2350/include/linux/lockdep_types.h"
 625              		.file 13 "/mnt/c/Users/31740/Documents/codes/newcore-rp2350/include/linux/spinlock_types_raw.h"
ARM GAS  /tmp/cckYd49D.s 			page 19


 626              		.file 14 "/mnt/c/Users/31740/Documents/codes/newcore-rp2350/include/linux/spinlock_types.h"
 627              		.file 15 "/mnt/c/Users/31740/Documents/codes/newcore-rp2350/include/linux/rbtree_types.h"
 628              		.file 16 "/mnt/c/Users/31740/Documents/codes/newcore-rp2350/include/linux/uidgid_types.h"
 629              		.file 17 "/mnt/c/Users/31740/Documents/codes/newcore-rp2350/include/linux/projid.h"
 630              		.file 18 "/mnt/c/Users/31740/Documents/codes/newcore-rp2350/include/linux/fs.h"
 631              		.file 19 "/mnt/c/Users/31740/Documents/codes/newcore-rp2350/include/linux/mnt_idmapping.h"
 632              		.file 20 "/mnt/c/Users/31740/Documents/codes/newcore-rp2350/include/linux/mutex.h"
 633              		.file 21 "/mnt/c/Users/31740/Documents/codes/newcore-rp2350/include/linux/uio.h"
 634              		.file 22 "/mnt/c/Users/31740/Documents/codes/newcore-rp2350/include/linux/wait.h"
 635              		.file 23 "/mnt/c/Users/31740/Documents/codes/newcore-rp2350/include/linux/xarray.h"
 636              		.file 24 "/mnt/c/Users/31740/Documents/codes/newcore-rp2350/include/linux/migrate_mode.h"
 637              		.file 25 "/mnt/c/Users/31740/Documents/codes/newcore-rp2350/include/linux/rw_hint.h"
 638              		.file 26 "/mnt/c/Users/31740/Documents/codes/newcore-rp2350/include/linux/reciprocal_div.h"
 639              		.file 27 "/mnt/c/Users/31740/Documents/codes/newcore-rp2350/include/linux/slab.h"
 640              		.file 28 "/mnt/c/Users/31740/Documents/codes/newcore-rp2350/include/linux/mm_type.h"
 641              		.file 29 "/mnt/c/Users/31740/Documents/codes/newcore-rp2350/include/linux/bvec.h"
 642              		.file 30 "/mnt/c/Users/31740/Documents/codes/newcore-rp2350/include/linux/blk_types.h"
 643              		.file 31 "/mnt/c/Users/31740/Documents/codes/newcore-rp2350/include/linux/blkdev.h"
 644              		.file 32 "/mnt/c/Users/31740/Documents/codes/newcore-rp2350/include/linux/bio.h"
 645              		.file 33 "/mnt/c/Users/31740/Documents/codes/newcore-rp2350/include/linux/mempool_super_haper.h"
 646              		.file 34 "/mnt/c/Users/31740/Documents/codes/newcore-rp2350/include/linux/mempool.h"
 647              		.file 35 "/mnt/c/Users/31740/Documents/codes/newcore-rp2350/include/linux/workqueue_types.h"
 648              		.file 36 "/mnt/c/Users/31740/Documents/codes/newcore-rp2350/include/linux/blk-mq.h"
 649              		.file 37 "/mnt/c/Users/31740/Documents/codes/newcore-rp2350/include/linux/dcache.h"
 650              		.file 38 "/mnt/c/Users/31740/Documents/codes/newcore-rp2350/include/uapi/linux/pr.h"
 651              		.file 39 "/mnt/c/Users/31740/Documents/codes/newcore-rp2350/include/linux/pr.h"
 652              		.file 40 "/mnt/c/Users/31740/Documents/codes/newcore-rp2350/include/linux/hdreg.h"
 653              		.file 41 "/mnt/c/Users/31740/Documents/codes/newcore-rp2350/include/linux/lockref.h"
 654              		.file 42 "/mnt/c/Users/31740/Documents/codes/newcore-rp2350/include/linux/path.h"
 655              		.file 43 "/mnt/c/Users/31740/Documents/codes/newcore-rp2350/include/linux/statfs.h"
 656              		.file 44 "/mnt/c/Users/31740/Documents/codes/newcore-rp2350/include/linux/stat.h"
 657              		.file 45 "/mnt/c/Users/31740/Documents/codes/newcore-rp2350/include/linux/stddef.h"
 658              		.file 46 "/mnt/c/Users/31740/Documents/codes/newcore-rp2350/include/linux/printk.h"
ARM GAS  /tmp/cckYd49D.s 			page 20


DEFINED SYMBOLS
                            *ABS*:00000000 mount.c
     /tmp/cckYd49D.s:22     .text.spin_lock:00000000 $t
     /tmp/cckYd49D.s:27     .text.spin_lock:00000000 spin_lock
     /tmp/cckYd49D.s:50     .text.spin_unlock:00000000 $t
     /tmp/cckYd49D.s:55     .text.spin_unlock:00000000 spin_unlock
     /tmp/cckYd49D.s:77     .text.sget:00000000 $t
     /tmp/cckYd49D.s:83     .text.sget:00000000 sget
     /tmp/cckYd49D.s:169    .rodata.mount_root_fs.str1.4:00000000 $d
     /tmp/cckYd49D.s:176    .text.mount_root_fs:00000000 $t
     /tmp/cckYd49D.s:182    .text.mount_root_fs:00000000 mount_root_fs
     /tmp/cckYd49D.s:386    .text.mount_root_fs:00000088 $d
     /tmp/cckYd49D.s:613    .bss.superblock_list:00000000 superblock_list
     /tmp/cckYd49D.s:394    .rodata.sys_mount.str1.4:00000000 $d
     /tmp/cckYd49D.s:401    .text.sys_mount:00000000 $t
     /tmp/cckYd49D.s:407    .text.sys_mount:00000000 sys_mount
     /tmp/cckYd49D.s:603    .text.sys_mount:000000bc $d
     /tmp/cckYd49D.s:610    .bss.superblock_list:00000000 $d

UNDEFINED SYMBOLS
_spin_lock
_spin_unlock
lookup_fs_type
dentry_rename
printk
root_dentry
select_file
