ARM GAS  /tmp/ccul6OL2.s 			page 1


   1              		.cpu cortex-m4
   2              		.arch armv7e-m
   3              		.fpu fpv4-sp-d16
   4              		.eabi_attribute 27, 1
   5              		.eabi_attribute 28, 1
   6              		.eabi_attribute 20, 1
   7              		.eabi_attribute 21, 1
   8              		.eabi_attribute 23, 3
   9              		.eabi_attribute 24, 1
  10              		.eabi_attribute 25, 1
  11              		.eabi_attribute 26, 1
  12              		.eabi_attribute 30, 1
  13              		.eabi_attribute 34, 1
  14              		.eabi_attribute 18, 4
  15              		.file	"printk.c"
  16              		.text
  17              	.Ltext0:
  18              		.cfi_sections	.debug_frame
  19              		.file 1 "/mnt/c/Users/31740/Desktop/newcore/lib/printk.c"
  20              		.section	.text.__spin_init,"ax",%progbits
  21              		.align	1
  22              		.syntax unified
  23              		.thumb
  24              		.thumb_func
  26              	__spin_init:
  27              	.LVL0:
  28              	.LFB226:
  29              		.file 2 "/mnt/c/Users/31740/Desktop/newcore/arch/arm_m/include/asm/spinlock.h"
   1:/mnt/c/Users/31740/Desktop/newcore/arch/arm_m/include/asm/spinlock.h **** #ifndef __SPIN_LOCK_H_
   2:/mnt/c/Users/31740/Desktop/newcore/arch/arm_m/include/asm/spinlock.h **** #define __SPIN_LOCK_H_
   3:/mnt/c/Users/31740/Desktop/newcore/arch/arm_m/include/asm/spinlock.h **** 
   4:/mnt/c/Users/31740/Desktop/newcore/arch/arm_m/include/asm/spinlock.h **** #include <linux/sched.h>
   5:/mnt/c/Users/31740/Desktop/newcore/arch/arm_m/include/asm/spinlock.h **** 
   6:/mnt/c/Users/31740/Desktop/newcore/arch/arm_m/include/asm/spinlock.h **** typedef struct { 
   7:/mnt/c/Users/31740/Desktop/newcore/arch/arm_m/include/asm/spinlock.h ****      int flag; 
   8:/mnt/c/Users/31740/Desktop/newcore/arch/arm_m/include/asm/spinlock.h **** } arch_spinlock_t;
   9:/mnt/c/Users/31740/Desktop/newcore/arch/arm_m/include/asm/spinlock.h **** 
  10:/mnt/c/Users/31740/Desktop/newcore/arch/arm_m/include/asm/spinlock.h **** static int __spin_init(arch_spinlock_t *lock) 
  11:/mnt/c/Users/31740/Desktop/newcore/arch/arm_m/include/asm/spinlock.h **** {
  30              		.loc 2 11 1 view -0
  31              		.cfi_startproc
  32              		@ args = 0, pretend = 0, frame = 0
  33              		@ frame_needed = 0, uses_anonymous_args = 0
  34              		@ link register save eliminated.
  12:/mnt/c/Users/31740/Desktop/newcore/arch/arm_m/include/asm/spinlock.h ****     lock->flag = 0;
  35              		.loc 2 12 5 view .LVU1
  36              		.loc 2 12 16 is_stmt 0 view .LVU2
  37 0000 0023     		movs	r3, #0
  38 0002 0360     		str	r3, [r0]
  39              	.LVL1:
  13:/mnt/c/Users/31740/Desktop/newcore/arch/arm_m/include/asm/spinlock.h **** }
  40              		.loc 2 13 1 view .LVU3
  41 0004 7047     		bx	lr
  42              		.cfi_endproc
  43              	.LFE226:
  45              		.section	.text.__spin_unlock,"ax",%progbits
  46              		.align	1
ARM GAS  /tmp/ccul6OL2.s 			page 2


  47              		.syntax unified
  48              		.thumb
  49              		.thumb_func
  51              	__spin_unlock:
  52              	.LVL2:
  53              	.LFB228:
  14:/mnt/c/Users/31740/Desktop/newcore/arch/arm_m/include/asm/spinlock.h **** 
  15:/mnt/c/Users/31740/Desktop/newcore/arch/arm_m/include/asm/spinlock.h **** static int __spin_lock(arch_spinlock_t *lock) {
  16:/mnt/c/Users/31740/Desktop/newcore/arch/arm_m/include/asm/spinlock.h **** 
  17:/mnt/c/Users/31740/Desktop/newcore/arch/arm_m/include/asm/spinlock.h ****     stop_all_scheduler();
  18:/mnt/c/Users/31740/Desktop/newcore/arch/arm_m/include/asm/spinlock.h ****     if(lock->flag == 0){
  19:/mnt/c/Users/31740/Desktop/newcore/arch/arm_m/include/asm/spinlock.h ****           lock->flag = 1;  
  20:/mnt/c/Users/31740/Desktop/newcore/arch/arm_m/include/asm/spinlock.h ****           start_all_scheduler();
  21:/mnt/c/Users/31740/Desktop/newcore/arch/arm_m/include/asm/spinlock.h ****         return 1;
  22:/mnt/c/Users/31740/Desktop/newcore/arch/arm_m/include/asm/spinlock.h ****     }
  23:/mnt/c/Users/31740/Desktop/newcore/arch/arm_m/include/asm/spinlock.h ****     else
  24:/mnt/c/Users/31740/Desktop/newcore/arch/arm_m/include/asm/spinlock.h ****     {
  25:/mnt/c/Users/31740/Desktop/newcore/arch/arm_m/include/asm/spinlock.h ****         start_all_scheduler();
  26:/mnt/c/Users/31740/Desktop/newcore/arch/arm_m/include/asm/spinlock.h ****         return 0;
  27:/mnt/c/Users/31740/Desktop/newcore/arch/arm_m/include/asm/spinlock.h ****     }
  28:/mnt/c/Users/31740/Desktop/newcore/arch/arm_m/include/asm/spinlock.h **** }
  29:/mnt/c/Users/31740/Desktop/newcore/arch/arm_m/include/asm/spinlock.h **** 
  30:/mnt/c/Users/31740/Desktop/newcore/arch/arm_m/include/asm/spinlock.h **** static void  __spin_unlock( arch_spinlock_t *lock ){
  54              		.loc 2 30 52 is_stmt 1 view -0
  55              		.cfi_startproc
  56              		@ args = 0, pretend = 0, frame = 0
  57              		@ frame_needed = 0, uses_anonymous_args = 0
  58              		@ link register save eliminated.
  31:/mnt/c/Users/31740/Desktop/newcore/arch/arm_m/include/asm/spinlock.h ****     lock->flag = 0;
  59              		.loc 2 31 5 view .LVU5
  60              		.loc 2 31 16 is_stmt 0 view .LVU6
  61 0000 0023     		movs	r3, #0
  62 0002 0360     		str	r3, [r0]
  32:/mnt/c/Users/31740/Desktop/newcore/arch/arm_m/include/asm/spinlock.h **** }
  63              		.loc 2 32 1 view .LVU7
  64 0004 7047     		bx	lr
  65              		.cfi_endproc
  66              	.LFE228:
  68              		.section	.text.spin_lock_init,"ax",%progbits
  69              		.align	1
  70              		.syntax unified
  71              		.thumb
  72              		.thumb_func
  74              	spin_lock_init:
  75              	.LVL3:
  76              	.LFB229:
  77              		.file 3 "/mnt/c/Users/31740/Desktop/newcore/include/linux/spinlock.h"
   1:/mnt/c/Users/31740/Desktop/newcore/include/linux/spinlock.h **** #ifndef __SPINLOCK_H__
   2:/mnt/c/Users/31740/Desktop/newcore/include/linux/spinlock.h **** #define __SPINLOCK_H__
   3:/mnt/c/Users/31740/Desktop/newcore/include/linux/spinlock.h **** 
   4:/mnt/c/Users/31740/Desktop/newcore/include/linux/spinlock.h **** #include <linux/types.h>
   5:/mnt/c/Users/31740/Desktop/newcore/include/linux/spinlock.h **** #include <linux/spinlock_types.h>
   6:/mnt/c/Users/31740/Desktop/newcore/include/linux/spinlock.h **** #include <linux/sched.h>
   7:/mnt/c/Users/31740/Desktop/newcore/include/linux/spinlock.h **** 
   8:/mnt/c/Users/31740/Desktop/newcore/include/linux/spinlock.h **** 
   9:/mnt/c/Users/31740/Desktop/newcore/include/linux/spinlock.h **** 
  10:/mnt/c/Users/31740/Desktop/newcore/include/linux/spinlock.h **** static void spin_lock_init(spinlock_t* lock){
ARM GAS  /tmp/ccul6OL2.s 			page 3


  78              		.loc 3 10 45 is_stmt 1 view -0
  79              		.cfi_startproc
  80              		@ args = 0, pretend = 0, frame = 0
  81              		@ frame_needed = 0, uses_anonymous_args = 0
  82              		.loc 3 10 45 is_stmt 0 view .LVU9
  83 0000 08B5     		push	{r3, lr}
  84              	.LCFI0:
  85              		.cfi_def_cfa_offset 8
  86              		.cfi_offset 3, -8
  87              		.cfi_offset 14, -4
  11:/mnt/c/Users/31740/Desktop/newcore/include/linux/spinlock.h ****     __spin_init(&lock->rlock.raw_lock);
  88              		.loc 3 11 5 is_stmt 1 view .LVU10
  89 0002 FFF7FEFF 		bl	__spin_init
  90              	.LVL4:
  12:/mnt/c/Users/31740/Desktop/newcore/include/linux/spinlock.h **** }
  91              		.loc 3 12 1 is_stmt 0 view .LVU11
  92 0006 08BD     		pop	{r3, pc}
  93              		.cfi_endproc
  94              	.LFE229:
  96              		.section	.text.spin_unlock,"ax",%progbits
  97              		.align	1
  98              		.syntax unified
  99              		.thumb
 100              		.thumb_func
 102              	spin_unlock:
 103              	.LVL5:
 104              	.LFB231:
  13:/mnt/c/Users/31740/Desktop/newcore/include/linux/spinlock.h **** 
  14:/mnt/c/Users/31740/Desktop/newcore/include/linux/spinlock.h **** static void spin_lock(spinlock_t* lock)
  15:/mnt/c/Users/31740/Desktop/newcore/include/linux/spinlock.h **** {  
  16:/mnt/c/Users/31740/Desktop/newcore/include/linux/spinlock.h ****     while (1)
  17:/mnt/c/Users/31740/Desktop/newcore/include/linux/spinlock.h ****     {
  18:/mnt/c/Users/31740/Desktop/newcore/include/linux/spinlock.h ****         if(__spin_lock(&lock->rlock.raw_lock) == 1){
  19:/mnt/c/Users/31740/Desktop/newcore/include/linux/spinlock.h ****             lock->owner = get_current_task();
  20:/mnt/c/Users/31740/Desktop/newcore/include/linux/spinlock.h ****             break;
  21:/mnt/c/Users/31740/Desktop/newcore/include/linux/spinlock.h ****         }
  22:/mnt/c/Users/31740/Desktop/newcore/include/linux/spinlock.h ****         else  if(lock->owner == get_current_task()){  //å¦‚æžœå·²ç»è¢«é”ä½ä½†æ˜¯é”æ˜¯è‡ªå·±çš„ï
  23:/mnt/c/Users/31740/Desktop/newcore/include/linux/spinlock.h ****             return;   
  24:/mnt/c/Users/31740/Desktop/newcore/include/linux/spinlock.h ****         }
  25:/mnt/c/Users/31740/Desktop/newcore/include/linux/spinlock.h ****         else{
  26:/mnt/c/Users/31740/Desktop/newcore/include/linux/spinlock.h ****             __delay(5); //ä¸»åŠ¨è®©å‡ºæ—¶é—´ç‰‡
  27:/mnt/c/Users/31740/Desktop/newcore/include/linux/spinlock.h ****         }
  28:/mnt/c/Users/31740/Desktop/newcore/include/linux/spinlock.h ****     }
  29:/mnt/c/Users/31740/Desktop/newcore/include/linux/spinlock.h **** }
  30:/mnt/c/Users/31740/Desktop/newcore/include/linux/spinlock.h **** 
  31:/mnt/c/Users/31740/Desktop/newcore/include/linux/spinlock.h **** static void spin_unlock(spinlock_t* lock)
  32:/mnt/c/Users/31740/Desktop/newcore/include/linux/spinlock.h **** {
 105              		.loc 3 32 1 is_stmt 1 view -0
 106              		.cfi_startproc
 107              		@ args = 0, pretend = 0, frame = 0
 108              		@ frame_needed = 0, uses_anonymous_args = 0
 109              		.loc 3 32 1 is_stmt 0 view .LVU13
 110 0000 08B5     		push	{r3, lr}
 111              	.LCFI1:
 112              		.cfi_def_cfa_offset 8
 113              		.cfi_offset 3, -8
 114              		.cfi_offset 14, -4
ARM GAS  /tmp/ccul6OL2.s 			page 4


  33:/mnt/c/Users/31740/Desktop/newcore/include/linux/spinlock.h ****     __spin_unlock(&lock->rlock.raw_lock);
 115              		.loc 3 33 5 is_stmt 1 view .LVU14
 116 0002 FFF7FEFF 		bl	__spin_unlock
 117              	.LVL6:
  34:/mnt/c/Users/31740/Desktop/newcore/include/linux/spinlock.h **** }
 118              		.loc 3 34 1 is_stmt 0 view .LVU15
 119 0006 08BD     		pop	{r3, pc}
 120              		.cfi_endproc
 121              	.LFE231:
 123              		.section	.text.__spin_lock,"ax",%progbits
 124              		.align	1
 125              		.syntax unified
 126              		.thumb
 127              		.thumb_func
 129              	__spin_lock:
 130              	.LVL7:
 131              	.LFB227:
  15:/mnt/c/Users/31740/Desktop/newcore/arch/arm_m/include/asm/spinlock.h **** 
 132              		.loc 2 15 47 is_stmt 1 view -0
 133              		.cfi_startproc
 134              		@ args = 0, pretend = 0, frame = 0
 135              		@ frame_needed = 0, uses_anonymous_args = 0
  15:/mnt/c/Users/31740/Desktop/newcore/arch/arm_m/include/asm/spinlock.h **** 
 136              		.loc 2 15 47 is_stmt 0 view .LVU17
 137 0000 38B5     		push	{r3, r4, r5, lr}
 138              	.LCFI2:
 139              		.cfi_def_cfa_offset 16
 140              		.cfi_offset 3, -16
 141              		.cfi_offset 4, -12
 142              		.cfi_offset 5, -8
 143              		.cfi_offset 14, -4
 144 0002 0446     		mov	r4, r0
  17:/mnt/c/Users/31740/Desktop/newcore/arch/arm_m/include/asm/spinlock.h ****     if(lock->flag == 0){
 145              		.loc 2 17 5 is_stmt 1 view .LVU18
 146 0004 FFF7FEFF 		bl	stop_all_scheduler
 147              	.LVL8:
  18:/mnt/c/Users/31740/Desktop/newcore/arch/arm_m/include/asm/spinlock.h ****           lock->flag = 1;  
 148              		.loc 2 18 5 view .LVU19
  18:/mnt/c/Users/31740/Desktop/newcore/arch/arm_m/include/asm/spinlock.h ****           lock->flag = 1;  
 149              		.loc 2 18 12 is_stmt 0 view .LVU20
 150 0008 2368     		ldr	r3, [r4]
  18:/mnt/c/Users/31740/Desktop/newcore/arch/arm_m/include/asm/spinlock.h ****           lock->flag = 1;  
 151              		.loc 2 18 7 view .LVU21
 152 000a 2BB9     		cbnz	r3, .L8
  19:/mnt/c/Users/31740/Desktop/newcore/arch/arm_m/include/asm/spinlock.h ****           start_all_scheduler();
 153              		.loc 2 19 11 is_stmt 1 view .LVU22
  19:/mnt/c/Users/31740/Desktop/newcore/arch/arm_m/include/asm/spinlock.h ****           start_all_scheduler();
 154              		.loc 2 19 22 is_stmt 0 view .LVU23
 155 000c 0125     		movs	r5, #1
 156 000e 2560     		str	r5, [r4]
  20:/mnt/c/Users/31740/Desktop/newcore/arch/arm_m/include/asm/spinlock.h ****         return 1;
 157              		.loc 2 20 11 is_stmt 1 view .LVU24
 158 0010 FFF7FEFF 		bl	start_all_scheduler
 159              	.LVL9:
  21:/mnt/c/Users/31740/Desktop/newcore/arch/arm_m/include/asm/spinlock.h ****     }
 160              		.loc 2 21 9 view .LVU25
  21:/mnt/c/Users/31740/Desktop/newcore/arch/arm_m/include/asm/spinlock.h ****     }
ARM GAS  /tmp/ccul6OL2.s 			page 5


 161              		.loc 2 21 16 is_stmt 0 view .LVU26
 162 0014 2846     		mov	r0, r5
 163              	.L7:
  28:/mnt/c/Users/31740/Desktop/newcore/arch/arm_m/include/asm/spinlock.h **** 
 164              		.loc 2 28 1 view .LVU27
 165 0016 38BD     		pop	{r3, r4, r5, pc}
 166              	.LVL10:
 167              	.L8:
  25:/mnt/c/Users/31740/Desktop/newcore/arch/arm_m/include/asm/spinlock.h ****         return 0;
 168              		.loc 2 25 9 is_stmt 1 view .LVU28
 169 0018 FFF7FEFF 		bl	start_all_scheduler
 170              	.LVL11:
  26:/mnt/c/Users/31740/Desktop/newcore/arch/arm_m/include/asm/spinlock.h ****     }
 171              		.loc 2 26 9 view .LVU29
  26:/mnt/c/Users/31740/Desktop/newcore/arch/arm_m/include/asm/spinlock.h ****     }
 172              		.loc 2 26 16 is_stmt 0 view .LVU30
 173 001c 0020     		movs	r0, #0
 174 001e FAE7     		b	.L7
 175              		.cfi_endproc
 176              	.LFE227:
 178              		.section	.text.spin_lock,"ax",%progbits
 179              		.align	1
 180              		.syntax unified
 181              		.thumb
 182              		.thumb_func
 184              	spin_lock:
 185              	.LVL12:
 186              	.LFB230:
  15:/mnt/c/Users/31740/Desktop/newcore/include/linux/spinlock.h ****     while (1)
 187              		.loc 3 15 1 is_stmt 1 view -0
 188              		.cfi_startproc
 189              		@ args = 0, pretend = 0, frame = 0
 190              		@ frame_needed = 0, uses_anonymous_args = 0
  15:/mnt/c/Users/31740/Desktop/newcore/include/linux/spinlock.h ****     while (1)
 191              		.loc 3 15 1 is_stmt 0 view .LVU32
 192 0000 38B5     		push	{r3, r4, r5, lr}
 193              	.LCFI3:
 194              		.cfi_def_cfa_offset 16
 195              		.cfi_offset 3, -16
 196              		.cfi_offset 4, -12
 197              		.cfi_offset 5, -8
 198              		.cfi_offset 14, -4
 199 0002 0446     		mov	r4, r0
 200 0004 06E0     		b	.L14
 201              	.LVL13:
 202              	.L16:
  19:/mnt/c/Users/31740/Desktop/newcore/include/linux/spinlock.h ****             break;
 203              		.loc 3 19 13 is_stmt 1 view .LVU33
  19:/mnt/c/Users/31740/Desktop/newcore/include/linux/spinlock.h ****             break;
 204              		.loc 3 19 27 is_stmt 0 view .LVU34
 205 0006 FFF7FEFF 		bl	get_current_task
 206              	.LVL14:
  19:/mnt/c/Users/31740/Desktop/newcore/include/linux/spinlock.h ****             break;
 207              		.loc 3 19 25 discriminator 1 view .LVU35
 208 000a 2060     		str	r0, [r4]
  20:/mnt/c/Users/31740/Desktop/newcore/include/linux/spinlock.h ****         }
 209              		.loc 3 20 13 is_stmt 1 view .LVU36
ARM GAS  /tmp/ccul6OL2.s 			page 6


 210              	.L11:
  29:/mnt/c/Users/31740/Desktop/newcore/include/linux/spinlock.h **** 
 211              		.loc 3 29 1 is_stmt 0 view .LVU37
 212 000c 38BD     		pop	{r3, r4, r5, pc}
 213              	.LVL15:
 214              	.L17:
  26:/mnt/c/Users/31740/Desktop/newcore/include/linux/spinlock.h ****         }
 215              		.loc 3 26 13 is_stmt 1 view .LVU38
 216 000e 0520     		movs	r0, #5
 217 0010 FFF7FEFF 		bl	__delay
 218              	.LVL16:
  16:/mnt/c/Users/31740/Desktop/newcore/include/linux/spinlock.h ****     {
 219              		.loc 3 16 11 view .LVU39
 220              	.L14:
  16:/mnt/c/Users/31740/Desktop/newcore/include/linux/spinlock.h ****     {
 221              		.loc 3 16 5 view .LVU40
  18:/mnt/c/Users/31740/Desktop/newcore/include/linux/spinlock.h ****             lock->owner = get_current_task();
 222              		.loc 3 18 9 view .LVU41
  18:/mnt/c/Users/31740/Desktop/newcore/include/linux/spinlock.h ****             lock->owner = get_current_task();
 223              		.loc 3 18 12 is_stmt 0 view .LVU42
 224 0014 2046     		mov	r0, r4
 225 0016 FFF7FEFF 		bl	__spin_lock
 226              	.LVL17:
  18:/mnt/c/Users/31740/Desktop/newcore/include/linux/spinlock.h ****             lock->owner = get_current_task();
 227              		.loc 3 18 11 discriminator 1 view .LVU43
 228 001a 0128     		cmp	r0, #1
 229 001c F3D0     		beq	.L16
  22:/mnt/c/Users/31740/Desktop/newcore/include/linux/spinlock.h ****             return;   
 230              		.loc 3 22 15 is_stmt 1 view .LVU44
  22:/mnt/c/Users/31740/Desktop/newcore/include/linux/spinlock.h ****             return;   
 231              		.loc 3 22 22 is_stmt 0 view .LVU45
 232 001e 2568     		ldr	r5, [r4]
  22:/mnt/c/Users/31740/Desktop/newcore/include/linux/spinlock.h ****             return;   
 233              		.loc 3 22 33 view .LVU46
 234 0020 FFF7FEFF 		bl	get_current_task
 235              	.LVL18:
  22:/mnt/c/Users/31740/Desktop/newcore/include/linux/spinlock.h ****             return;   
 236              		.loc 3 22 17 discriminator 1 view .LVU47
 237 0024 8542     		cmp	r5, r0
 238 0026 F2D1     		bne	.L17
 239 0028 F0E7     		b	.L11
 240              		.cfi_endproc
 241              	.LFE230:
 243              		.section	.text.tty_write,"ax",%progbits
 244              		.align	1
 245              		.syntax unified
 246              		.thumb
 247              		.thumb_func
 249              	tty_write:
 250              	.LVL19:
 251              	.LFB1034:
   1:/mnt/c/Users/31740/Desktop/newcore/lib/printk.c **** #include <linux/kernel.h>
   2:/mnt/c/Users/31740/Desktop/newcore/lib/printk.c **** #include <linux/init.h>
   3:/mnt/c/Users/31740/Desktop/newcore/lib/printk.c **** #include <linux/fs.h>
   4:/mnt/c/Users/31740/Desktop/newcore/lib/printk.c **** #include <linux/stdarg.h>
   5:/mnt/c/Users/31740/Desktop/newcore/lib/printk.c **** #include <linux/string.h>
   6:/mnt/c/Users/31740/Desktop/newcore/lib/printk.c **** #include <linux/stddef.h>
ARM GAS  /tmp/ccul6OL2.s 			page 7


   7:/mnt/c/Users/31740/Desktop/newcore/lib/printk.c **** #include <linux/init.h>
   8:/mnt/c/Users/31740/Desktop/newcore/lib/printk.c **** #include <linux/time.h>
   9:/mnt/c/Users/31740/Desktop/newcore/lib/printk.c **** #include <linux/spinlock.h>
  10:/mnt/c/Users/31740/Desktop/newcore/lib/printk.c **** #include <generated/autoconf.h>
  11:/mnt/c/Users/31740/Desktop/newcore/lib/printk.c **** 
  12:/mnt/c/Users/31740/Desktop/newcore/lib/printk.c **** struct file* tty_device = NULL;
  13:/mnt/c/Users/31740/Desktop/newcore/lib/printk.c **** struct spinlock printk_spinlock;
  14:/mnt/c/Users/31740/Desktop/newcore/lib/printk.c **** 
  15:/mnt/c/Users/31740/Desktop/newcore/lib/printk.c **** int printk_service_init(void) {
  16:/mnt/c/Users/31740/Desktop/newcore/lib/printk.c ****     tty_device = filp_open(CONFIG_PRINTTK_USE_TTY_DEVICE, O_RDWR, 0);
  17:/mnt/c/Users/31740/Desktop/newcore/lib/printk.c ****     if (IS_ERR(tty_device)) {
  18:/mnt/c/Users/31740/Desktop/newcore/lib/printk.c ****         early_printk("tty device:%s open failed\n",CONFIG_PRINTTK_USE_TTY_DEVICE);
  19:/mnt/c/Users/31740/Desktop/newcore/lib/printk.c ****         return -1;
  20:/mnt/c/Users/31740/Desktop/newcore/lib/printk.c ****     }
  21:/mnt/c/Users/31740/Desktop/newcore/lib/printk.c ****     spin_lock_init(&printk_spinlock);
  22:/mnt/c/Users/31740/Desktop/newcore/lib/printk.c ****     return 0;
  23:/mnt/c/Users/31740/Desktop/newcore/lib/printk.c **** }
  24:/mnt/c/Users/31740/Desktop/newcore/lib/printk.c **** 
  25:/mnt/c/Users/31740/Desktop/newcore/lib/printk.c **** static void tty_write(const char *buf) {
 252              		.loc 1 25 40 is_stmt 1 view -0
 253              		.cfi_startproc
 254              		@ args = 0, pretend = 0, frame = 0
 255              		@ frame_needed = 0, uses_anonymous_args = 0
 256              		.loc 1 25 40 is_stmt 0 view .LVU49
 257 0000 38B5     		push	{r3, r4, r5, lr}
 258              	.LCFI4:
 259              		.cfi_def_cfa_offset 16
 260              		.cfi_offset 3, -16
 261              		.cfi_offset 4, -12
 262              		.cfi_offset 5, -8
 263              		.cfi_offset 14, -4
 264 0002 0446     		mov	r4, r0
  26:/mnt/c/Users/31740/Desktop/newcore/lib/printk.c ****     if (tty_device != NULL)
 265              		.loc 1 26 5 is_stmt 1 view .LVU50
 266              		.loc 1 26 20 is_stmt 0 view .LVU51
 267 0004 074B     		ldr	r3, .L22
 268 0006 1D68     		ldr	r5, [r3]
 269              		.loc 1 26 8 view .LVU52
 270 0008 4DB1     		cbz	r5, .L19
  27:/mnt/c/Users/31740/Desktop/newcore/lib/printk.c ****         kernel_write(tty_device, buf, strlen(buf), &tty_device->f_pos);
 271              		.loc 1 27 9 is_stmt 1 view .LVU53
 272 000a FFF7FEFF 		bl	strlen
 273              	.LVL20:
 274              		.loc 1 27 9 is_stmt 0 view .LVU54
 275 000e 0246     		mov	r2, r0
 276              		.loc 1 27 9 discriminator 1 view .LVU55
 277 0010 05F15003 		add	r3, r5, #80
 278 0014 2146     		mov	r1, r4
 279 0016 2846     		mov	r0, r5
 280 0018 FFF7FEFF 		bl	kernel_write
 281              	.LVL21:
 282              	.L18:
  28:/mnt/c/Users/31740/Desktop/newcore/lib/printk.c ****     else 
  29:/mnt/c/Users/31740/Desktop/newcore/lib/printk.c ****         early_printk(buf);     
  30:/mnt/c/Users/31740/Desktop/newcore/lib/printk.c **** }
 283              		.loc 1 30 1 view .LVU56
 284 001c 38BD     		pop	{r3, r4, r5, pc}
ARM GAS  /tmp/ccul6OL2.s 			page 8


 285              	.LVL22:
 286              	.L19:
  29:/mnt/c/Users/31740/Desktop/newcore/lib/printk.c **** }
 287              		.loc 1 29 9 is_stmt 1 view .LVU57
 288 001e FFF7FEFF 		bl	early_printk
 289              	.LVL23:
 290              		.loc 1 30 1 is_stmt 0 view .LVU58
 291 0022 FBE7     		b	.L18
 292              	.L23:
 293              		.align	2
 294              	.L22:
 295 0024 00000000 		.word	tty_device
 296              		.cfi_endproc
 297              	.LFE1034:
 299              		.section	.rodata.printk.str1.4,"aMS",%progbits,1
 300              		.align	2
 301              	.LC0:
 302 0000 0D5B2020 		.ascii	"\015[   %u.%06u] %s \000"
 302      2025752E 
 302      25303675 
 302      5D202573 
 302      2000
 303 0012 0000     		.align	2
 304              	.LC1:
 305 0014 0D5B2020 		.ascii	"\015[   %u.%06u]\000"
 305      2025752E 
 305      25303675 
 305      5D00
 306              		.section	.text.printk,"ax",%progbits
 307              		.align	1
 308              		.global	printk
 309              		.syntax unified
 310              		.thumb
 311              		.thumb_func
 313              	printk:
 314              	.LVL24:
 315              	.LFB1035:
  31:/mnt/c/Users/31740/Desktop/newcore/lib/printk.c **** 
  32:/mnt/c/Users/31740/Desktop/newcore/lib/printk.c **** static char printk_buf[512];
  33:/mnt/c/Users/31740/Desktop/newcore/lib/printk.c **** 
  34:/mnt/c/Users/31740/Desktop/newcore/lib/printk.c **** int printk_log_level_threshold = 7;  
  35:/mnt/c/Users/31740/Desktop/newcore/lib/printk.c **** int printk_show_log_level      = 1;  
  36:/mnt/c/Users/31740/Desktop/newcore/lib/printk.c **** 
  37:/mnt/c/Users/31740/Desktop/newcore/lib/printk.c **** 
  38:/mnt/c/Users/31740/Desktop/newcore/lib/printk.c **** static const char *log_level_str[] = {
  39:/mnt/c/Users/31740/Desktop/newcore/lib/printk.c ****     "<0>", "<1>", "<2>", "<3>", "<4>", "<5>", "<6>", "<7>"
  40:/mnt/c/Users/31740/Desktop/newcore/lib/printk.c **** };
  41:/mnt/c/Users/31740/Desktop/newcore/lib/printk.c **** 
  42:/mnt/c/Users/31740/Desktop/newcore/lib/printk.c **** void printk(int level, const char *fmt, ...){
 316              		.loc 1 42 45 is_stmt 1 view -0
 317              		.cfi_startproc
 318              		@ args = 4, pretend = 12, frame = 8
 319              		@ frame_needed = 0, uses_anonymous_args = 1
 320              		.loc 1 42 45 is_stmt 0 view .LVU60
 321 0000 0EB4     		push	{r1, r2, r3}
 322              	.LCFI5:
 323              		.cfi_def_cfa_offset 12
ARM GAS  /tmp/ccul6OL2.s 			page 9


 324              		.cfi_offset 1, -12
 325              		.cfi_offset 2, -8
 326              		.cfi_offset 3, -4
 327 0002 10B5     		push	{r4, lr}
 328              	.LCFI6:
 329              		.cfi_def_cfa_offset 20
 330              		.cfi_offset 4, -20
 331              		.cfi_offset 14, -16
 332 0004 85B0     		sub	sp, sp, #20
 333              	.LCFI7:
 334              		.cfi_def_cfa_offset 40
  43:/mnt/c/Users/31740/Desktop/newcore/lib/printk.c ****     if(level < 0 || level > printk_log_level_threshold){
 335              		.loc 1 43 5 is_stmt 1 view .LVU61
 336              		.loc 1 43 7 is_stmt 0 view .LVU62
 337 0006 041E     		subs	r4, r0, #0
 338 0008 03DB     		blt	.L24
 339              		.loc 1 43 27 discriminator 1 view .LVU63
 340 000a 244B     		ldr	r3, .L34
 341 000c 1B68     		ldr	r3, [r3]
 342              		.loc 1 43 18 discriminator 1 view .LVU64
 343 000e A342     		cmp	r3, r4
 344 0010 04DA     		bge	.L32
 345              	.LVL25:
 346              	.L24:
  44:/mnt/c/Users/31740/Desktop/newcore/lib/printk.c ****        return;
  45:/mnt/c/Users/31740/Desktop/newcore/lib/printk.c ****     }
  46:/mnt/c/Users/31740/Desktop/newcore/lib/printk.c ****     spin_lock(&printk_spinlock);
  47:/mnt/c/Users/31740/Desktop/newcore/lib/printk.c ****     va_list args;
  48:/mnt/c/Users/31740/Desktop/newcore/lib/printk.c ****     time64_t now = jiffies;
  49:/mnt/c/Users/31740/Desktop/newcore/lib/printk.c ****     uint32_t sec = now / HZ;
  50:/mnt/c/Users/31740/Desktop/newcore/lib/printk.c ****     uint32_t nsec = now % HZ ;
  51:/mnt/c/Users/31740/Desktop/newcore/lib/printk.c ****     if (now != 0){ 
  52:/mnt/c/Users/31740/Desktop/newcore/lib/printk.c ****         if(printk_show_log_level == 1)
  53:/mnt/c/Users/31740/Desktop/newcore/lib/printk.c ****         snprintf(printk_buf, sizeof(printk_buf), "\r[   %u.%06u] %s ", sec, nsec * (1000000/HZ),log
  54:/mnt/c/Users/31740/Desktop/newcore/lib/printk.c ****         else 
  55:/mnt/c/Users/31740/Desktop/newcore/lib/printk.c ****         snprintf(printk_buf, sizeof(printk_buf), "\r[   %u.%06u]", sec, nsec * (1000000/HZ));      
  56:/mnt/c/Users/31740/Desktop/newcore/lib/printk.c ****         tty_write(printk_buf);        
  57:/mnt/c/Users/31740/Desktop/newcore/lib/printk.c ****     }
  58:/mnt/c/Users/31740/Desktop/newcore/lib/printk.c ****     va_start(args, fmt);
  59:/mnt/c/Users/31740/Desktop/newcore/lib/printk.c ****     vsnprintf(printk_buf, sizeof(printk_buf), fmt, args);
  60:/mnt/c/Users/31740/Desktop/newcore/lib/printk.c ****     va_end(args);
  61:/mnt/c/Users/31740/Desktop/newcore/lib/printk.c **** 
  62:/mnt/c/Users/31740/Desktop/newcore/lib/printk.c ****     tty_write(printk_buf);
  63:/mnt/c/Users/31740/Desktop/newcore/lib/printk.c ****     spin_unlock(&printk_spinlock);
  64:/mnt/c/Users/31740/Desktop/newcore/lib/printk.c **** }
 347              		.loc 1 64 1 view .LVU65
 348 0012 05B0     		add	sp, sp, #20
 349              	.LCFI8:
 350              		.cfi_remember_state
 351              		.cfi_def_cfa_offset 20
 352              		@ sp needed
 353 0014 BDE81040 		pop	{r4, lr}
 354              	.LCFI9:
 355              		.cfi_restore 14
 356              		.cfi_restore 4
 357              		.cfi_def_cfa_offset 12
 358 0018 03B0     		add	sp, sp, #12
ARM GAS  /tmp/ccul6OL2.s 			page 10


 359              	.LCFI10:
 360              		.cfi_restore 3
 361              		.cfi_restore 2
 362              		.cfi_restore 1
 363              		.cfi_def_cfa_offset 0
 364 001a 7047     		bx	lr
 365              	.LVL26:
 366              	.L32:
 367              	.LCFI11:
 368              		.cfi_restore_state
  46:/mnt/c/Users/31740/Desktop/newcore/lib/printk.c ****     va_list args;
 369              		.loc 1 46 5 is_stmt 1 view .LVU66
 370 001c 2048     		ldr	r0, .L34+4
 371              	.LVL27:
  46:/mnt/c/Users/31740/Desktop/newcore/lib/printk.c ****     va_list args;
 372              		.loc 1 46 5 is_stmt 0 view .LVU67
 373 001e FFF7FEFF 		bl	spin_lock
 374              	.LVL28:
  47:/mnt/c/Users/31740/Desktop/newcore/lib/printk.c ****     time64_t now = jiffies;
 375              		.loc 1 47 5 is_stmt 1 view .LVU68
  48:/mnt/c/Users/31740/Desktop/newcore/lib/printk.c ****     uint32_t sec = now / HZ;
 376              		.loc 1 48 5 view .LVU69
  48:/mnt/c/Users/31740/Desktop/newcore/lib/printk.c ****     uint32_t sec = now / HZ;
 377              		.loc 1 48 20 is_stmt 0 view .LVU70
 378 0022 FFF7FEFF 		bl	ktime_get
 379              	.LVL29:
  49:/mnt/c/Users/31740/Desktop/newcore/lib/printk.c ****     uint32_t nsec = now % HZ ;
 380              		.loc 1 49 5 is_stmt 1 view .LVU71
  49:/mnt/c/Users/31740/Desktop/newcore/lib/printk.c ****     uint32_t nsec = now % HZ ;
 381              		.loc 1 49 24 is_stmt 0 view .LVU72
 382 0026 1F4B     		ldr	r3, .L34+8
 383 0028 1A68     		ldr	r2, [r3]
  49:/mnt/c/Users/31740/Desktop/newcore/lib/printk.c ****     uint32_t nsec = now % HZ ;
 384              		.loc 1 49 14 view .LVU73
 385 002a B0FBF2F3 		udiv	r3, r0, r2
 386              	.LVL30:
  50:/mnt/c/Users/31740/Desktop/newcore/lib/printk.c ****     if (now != 0){ 
 387              		.loc 1 50 5 is_stmt 1 view .LVU74
  50:/mnt/c/Users/31740/Desktop/newcore/lib/printk.c ****     if (now != 0){ 
 388              		.loc 1 50 14 is_stmt 0 view .LVU75
 389 002e 02FB130C 		mls	ip, r2, r3, r0
 390              	.LVL31:
  51:/mnt/c/Users/31740/Desktop/newcore/lib/printk.c ****         if(printk_show_log_level == 1)
 391              		.loc 1 51 5 is_stmt 1 view .LVU76
  51:/mnt/c/Users/31740/Desktop/newcore/lib/printk.c ****         if(printk_show_log_level == 1)
 392              		.loc 1 51 8 is_stmt 0 view .LVU77
 393 0032 90B1     		cbz	r0, .L28
  52:/mnt/c/Users/31740/Desktop/newcore/lib/printk.c ****         snprintf(printk_buf, sizeof(printk_buf), "\r[   %u.%06u] %s ", sec, nsec * (1000000/HZ),log
 394              		.loc 1 52 9 is_stmt 1 view .LVU78
  52:/mnt/c/Users/31740/Desktop/newcore/lib/printk.c ****         snprintf(printk_buf, sizeof(printk_buf), "\r[   %u.%06u] %s ", sec, nsec * (1000000/HZ),log
 395              		.loc 1 52 34 is_stmt 0 view .LVU79
 396 0034 1C49     		ldr	r1, .L34+12
 397 0036 0968     		ldr	r1, [r1]
  52:/mnt/c/Users/31740/Desktop/newcore/lib/printk.c ****         snprintf(printk_buf, sizeof(printk_buf), "\r[   %u.%06u] %s ", sec, nsec * (1000000/HZ),log
 398              		.loc 1 52 11 view .LVU80
 399 0038 0129     		cmp	r1, #1
 400 003a 1ED0     		beq	.L33
ARM GAS  /tmp/ccul6OL2.s 			page 11


  55:/mnt/c/Users/31740/Desktop/newcore/lib/printk.c ****         tty_write(printk_buf);        
 401              		.loc 1 55 9 is_stmt 1 view .LVU81
  55:/mnt/c/Users/31740/Desktop/newcore/lib/printk.c ****         tty_write(printk_buf);        
 402              		.loc 1 55 88 is_stmt 0 view .LVU82
 403 003c 1B49     		ldr	r1, .L34+16
 404 003e B1FBF2F2 		udiv	r2, r1, r2
  55:/mnt/c/Users/31740/Desktop/newcore/lib/printk.c ****         tty_write(printk_buf);        
 405              		.loc 1 55 9 view .LVU83
 406 0042 0CFB02F2 		mul	r2, ip, r2
 407 0046 0092     		str	r2, [sp]
 408 0048 194A     		ldr	r2, .L34+20
 409 004a 4FF40071 		mov	r1, #512
 410 004e 1948     		ldr	r0, .L34+24
 411              	.LVL32:
  55:/mnt/c/Users/31740/Desktop/newcore/lib/printk.c ****         tty_write(printk_buf);        
 412              		.loc 1 55 9 view .LVU84
 413 0050 FFF7FEFF 		bl	snprintf
 414              	.LVL33:
 415              	.L30:
  56:/mnt/c/Users/31740/Desktop/newcore/lib/printk.c ****     }
 416              		.loc 1 56 9 is_stmt 1 view .LVU85
 417 0054 1748     		ldr	r0, .L34+24
 418 0056 FFF7FEFF 		bl	tty_write
 419              	.LVL34:
 420              	.L28:
  58:/mnt/c/Users/31740/Desktop/newcore/lib/printk.c ****     vsnprintf(printk_buf, sizeof(printk_buf), fmt, args);
 421              		.loc 1 58 5 view .LVU86
 422 005a 08AB     		add	r3, sp, #32
 423 005c 0393     		str	r3, [sp, #12]
  59:/mnt/c/Users/31740/Desktop/newcore/lib/printk.c ****     va_end(args);
 424              		.loc 1 59 5 view .LVU87
 425 005e 154C     		ldr	r4, .L34+24
 426              	.LVL35:
  59:/mnt/c/Users/31740/Desktop/newcore/lib/printk.c ****     va_end(args);
 427              		.loc 1 59 5 is_stmt 0 view .LVU88
 428 0060 079A     		ldr	r2, [sp, #28]
 429 0062 4FF40071 		mov	r1, #512
 430 0066 2046     		mov	r0, r4
 431 0068 FFF7FEFF 		bl	vsnprintf
 432              	.LVL36:
  60:/mnt/c/Users/31740/Desktop/newcore/lib/printk.c **** 
 433              		.loc 1 60 5 is_stmt 1 view .LVU89
  62:/mnt/c/Users/31740/Desktop/newcore/lib/printk.c ****     spin_unlock(&printk_spinlock);
 434              		.loc 1 62 5 view .LVU90
 435 006c 2046     		mov	r0, r4
 436 006e FFF7FEFF 		bl	tty_write
 437              	.LVL37:
  63:/mnt/c/Users/31740/Desktop/newcore/lib/printk.c **** }
 438              		.loc 1 63 5 view .LVU91
 439 0072 0B48     		ldr	r0, .L34+4
 440 0074 FFF7FEFF 		bl	spin_unlock
 441              	.LVL38:
 442 0078 CBE7     		b	.L24
 443              	.LVL39:
 444              	.L33:
  53:/mnt/c/Users/31740/Desktop/newcore/lib/printk.c ****         else 
 445              		.loc 1 53 9 view .LVU92
ARM GAS  /tmp/ccul6OL2.s 			page 12


  53:/mnt/c/Users/31740/Desktop/newcore/lib/printk.c ****         else 
 446              		.loc 1 53 92 is_stmt 0 view .LVU93
 447 007a 0C49     		ldr	r1, .L34+16
 448 007c B1FBF2F2 		udiv	r2, r1, r2
  53:/mnt/c/Users/31740/Desktop/newcore/lib/printk.c ****         else 
 449              		.loc 1 53 9 view .LVU94
 450 0080 0D49     		ldr	r1, .L34+28
 451 0082 51F82410 		ldr	r1, [r1, r4, lsl #2]
 452 0086 0191     		str	r1, [sp, #4]
 453 0088 0CFB02F2 		mul	r2, ip, r2
 454 008c 0092     		str	r2, [sp]
 455 008e 0B4A     		ldr	r2, .L34+32
 456 0090 4FF40071 		mov	r1, #512
 457 0094 0748     		ldr	r0, .L34+24
 458              	.LVL40:
  53:/mnt/c/Users/31740/Desktop/newcore/lib/printk.c ****         else 
 459              		.loc 1 53 9 view .LVU95
 460 0096 FFF7FEFF 		bl	snprintf
 461              	.LVL41:
  53:/mnt/c/Users/31740/Desktop/newcore/lib/printk.c ****         else 
 462              		.loc 1 53 9 view .LVU96
 463 009a DBE7     		b	.L30
 464              	.L35:
 465              		.align	2
 466              	.L34:
 467 009c 00000000 		.word	printk_log_level_threshold
 468 00a0 00000000 		.word	printk_spinlock
 469 00a4 00000000 		.word	HZ
 470 00a8 00000000 		.word	printk_show_log_level
 471 00ac 40420F00 		.word	1000000
 472 00b0 14000000 		.word	.LC1
 473 00b4 00000000 		.word	printk_buf
 474 00b8 00000000 		.word	log_level_str
 475 00bc 00000000 		.word	.LC0
 476              		.cfi_endproc
 477              	.LFE1035:
 479              		.section	.rodata.printk_service_init.str1.4,"aMS",%progbits,1
 480              		.align	2
 481              	.LC2:
 482 0000 2F646576 		.ascii	"/dev/ttyS0\000"
 482      2F747479 
 482      533000
 483 000b 00       		.align	2
 484              	.LC3:
 485 000c 74747920 		.ascii	"tty device:%s open failed\012\000"
 485      64657669 
 485      63653A25 
 485      73206F70 
 485      656E2066 
 486              		.section	.text.printk_service_init,"ax",%progbits
 487              		.align	1
 488              		.global	printk_service_init
 489              		.syntax unified
 490              		.thumb
 491              		.thumb_func
 493              	printk_service_init:
 494              	.LFB1033:
ARM GAS  /tmp/ccul6OL2.s 			page 13


  15:/mnt/c/Users/31740/Desktop/newcore/lib/printk.c ****     tty_device = filp_open(CONFIG_PRINTTK_USE_TTY_DEVICE, O_RDWR, 0);
 495              		.loc 1 15 31 is_stmt 1 view -0
 496              		.cfi_startproc
 497              		@ args = 0, pretend = 0, frame = 0
 498              		@ frame_needed = 0, uses_anonymous_args = 0
 499 0000 10B5     		push	{r4, lr}
 500              	.LCFI12:
 501              		.cfi_def_cfa_offset 8
 502              		.cfi_offset 4, -8
 503              		.cfi_offset 14, -4
  16:/mnt/c/Users/31740/Desktop/newcore/lib/printk.c ****     if (IS_ERR(tty_device)) {
 504              		.loc 1 16 5 view .LVU98
  16:/mnt/c/Users/31740/Desktop/newcore/lib/printk.c ****     if (IS_ERR(tty_device)) {
 505              		.loc 1 16 18 is_stmt 0 view .LVU99
 506 0002 0022     		movs	r2, #0
 507 0004 0221     		movs	r1, #2
 508 0006 0B48     		ldr	r0, .L41
 509 0008 FFF7FEFF 		bl	filp_open
 510              	.LVL42:
  16:/mnt/c/Users/31740/Desktop/newcore/lib/printk.c ****     if (IS_ERR(tty_device)) {
 511              		.loc 1 16 16 discriminator 1 view .LVU100
 512 000c 0A4B     		ldr	r3, .L41+4
 513 000e 1860     		str	r0, [r3]
  17:/mnt/c/Users/31740/Desktop/newcore/lib/printk.c ****         early_printk("tty device:%s open failed\n",CONFIG_PRINTTK_USE_TTY_DEVICE);
 514              		.loc 1 17 5 is_stmt 1 view .LVU101
 515              	.LVL43:
 516              	.LBB4:
 517              	.LBI4:
 518              		.file 4 "/mnt/c/Users/31740/Desktop/newcore/include/linux/err.h"
   1:/mnt/c/Users/31740/Desktop/newcore/include/linux/err.h **** /* SPDX-License-Identifier: GPL-2.0 */
   2:/mnt/c/Users/31740/Desktop/newcore/include/linux/err.h **** #ifndef _LINUX_ERR_H
   3:/mnt/c/Users/31740/Desktop/newcore/include/linux/err.h **** #define _LINUX_ERR_H
   4:/mnt/c/Users/31740/Desktop/newcore/include/linux/err.h **** 
   5:/mnt/c/Users/31740/Desktop/newcore/include/linux/err.h **** #include <linux/compiler_attributes.h>
   6:/mnt/c/Users/31740/Desktop/newcore/include/linux/err.h **** #include <linux/compiler.h>
   7:/mnt/c/Users/31740/Desktop/newcore/include/linux/err.h **** #include <linux/types.h>
   8:/mnt/c/Users/31740/Desktop/newcore/include/linux/err.h **** 
   9:/mnt/c/Users/31740/Desktop/newcore/include/linux/err.h **** #include <asm/errno.h>
  10:/mnt/c/Users/31740/Desktop/newcore/include/linux/err.h **** 
  11:/mnt/c/Users/31740/Desktop/newcore/include/linux/err.h **** /*
  12:/mnt/c/Users/31740/Desktop/newcore/include/linux/err.h ****  * Kernel pointers have redundant information, so we can use a
  13:/mnt/c/Users/31740/Desktop/newcore/include/linux/err.h ****  * scheme where we can return either an error code or a normal
  14:/mnt/c/Users/31740/Desktop/newcore/include/linux/err.h ****  * pointer with the same return value.
  15:/mnt/c/Users/31740/Desktop/newcore/include/linux/err.h ****  *
  16:/mnt/c/Users/31740/Desktop/newcore/include/linux/err.h ****  * This should be a per-architecture thing, to allow different
  17:/mnt/c/Users/31740/Desktop/newcore/include/linux/err.h ****  * error and pointer decisions.
  18:/mnt/c/Users/31740/Desktop/newcore/include/linux/err.h ****  */
  19:/mnt/c/Users/31740/Desktop/newcore/include/linux/err.h **** #define MAX_ERRNO	4095
  20:/mnt/c/Users/31740/Desktop/newcore/include/linux/err.h **** 
  21:/mnt/c/Users/31740/Desktop/newcore/include/linux/err.h **** #ifndef __ASSEMBLY__
  22:/mnt/c/Users/31740/Desktop/newcore/include/linux/err.h **** 
  23:/mnt/c/Users/31740/Desktop/newcore/include/linux/err.h **** /**
  24:/mnt/c/Users/31740/Desktop/newcore/include/linux/err.h ****  * IS_ERR_VALUE - Detect an error pointer.
  25:/mnt/c/Users/31740/Desktop/newcore/include/linux/err.h ****  * @x: The pointer to check.
  26:/mnt/c/Users/31740/Desktop/newcore/include/linux/err.h ****  *
  27:/mnt/c/Users/31740/Desktop/newcore/include/linux/err.h ****  * Like IS_ERR(), but does not generate a compiler warning if result is unused.
  28:/mnt/c/Users/31740/Desktop/newcore/include/linux/err.h ****  */
ARM GAS  /tmp/ccul6OL2.s 			page 14


  29:/mnt/c/Users/31740/Desktop/newcore/include/linux/err.h **** 
  30:/mnt/c/Users/31740/Desktop/newcore/include/linux/err.h **** #ifndef unlikely
  31:/mnt/c/Users/31740/Desktop/newcore/include/linux/err.h **** #  define unlikely(x) __builtin_expect(!!(x), 0)
  32:/mnt/c/Users/31740/Desktop/newcore/include/linux/err.h **** #endif
  33:/mnt/c/Users/31740/Desktop/newcore/include/linux/err.h **** 
  34:/mnt/c/Users/31740/Desktop/newcore/include/linux/err.h **** #ifndef likely
  35:/mnt/c/Users/31740/Desktop/newcore/include/linux/err.h **** #  define likely(x) __builtin_expect(!!(x), 1)
  36:/mnt/c/Users/31740/Desktop/newcore/include/linux/err.h **** #endif
  37:/mnt/c/Users/31740/Desktop/newcore/include/linux/err.h **** 
  38:/mnt/c/Users/31740/Desktop/newcore/include/linux/err.h **** #define IS_ERR_VALUE(x) unlikely((unsigned long)(void *)(x) >= (unsigned long)-MAX_ERRNO)
  39:/mnt/c/Users/31740/Desktop/newcore/include/linux/err.h **** 
  40:/mnt/c/Users/31740/Desktop/newcore/include/linux/err.h **** /**
  41:/mnt/c/Users/31740/Desktop/newcore/include/linux/err.h ****  * ERR_PTR - Create an error pointer.
  42:/mnt/c/Users/31740/Desktop/newcore/include/linux/err.h ****  * @error: A negative error code.
  43:/mnt/c/Users/31740/Desktop/newcore/include/linux/err.h ****  *
  44:/mnt/c/Users/31740/Desktop/newcore/include/linux/err.h ****  * Encodes @error into a pointer value. Users should consider the result
  45:/mnt/c/Users/31740/Desktop/newcore/include/linux/err.h ****  * opaque and not assume anything about how the error is encoded.
  46:/mnt/c/Users/31740/Desktop/newcore/include/linux/err.h ****  *
  47:/mnt/c/Users/31740/Desktop/newcore/include/linux/err.h ****  * Return: A pointer with @error encoded within its value.
  48:/mnt/c/Users/31740/Desktop/newcore/include/linux/err.h ****  */
  49:/mnt/c/Users/31740/Desktop/newcore/include/linux/err.h **** static inline void * __must_check ERR_PTR(long error)
  50:/mnt/c/Users/31740/Desktop/newcore/include/linux/err.h **** {
  51:/mnt/c/Users/31740/Desktop/newcore/include/linux/err.h **** 	return (void *) error;
  52:/mnt/c/Users/31740/Desktop/newcore/include/linux/err.h **** }
  53:/mnt/c/Users/31740/Desktop/newcore/include/linux/err.h **** 
  54:/mnt/c/Users/31740/Desktop/newcore/include/linux/err.h **** /* Return the pointer in the percpu address space. */
  55:/mnt/c/Users/31740/Desktop/newcore/include/linux/err.h **** #define ERR_PTR_PCPU(error) ((void __percpu *)(unsigned long)ERR_PTR(error))
  56:/mnt/c/Users/31740/Desktop/newcore/include/linux/err.h **** 
  57:/mnt/c/Users/31740/Desktop/newcore/include/linux/err.h **** /**
  58:/mnt/c/Users/31740/Desktop/newcore/include/linux/err.h ****  * PTR_ERR - Extract the error code from an error pointer.
  59:/mnt/c/Users/31740/Desktop/newcore/include/linux/err.h ****  * @ptr: An error pointer.
  60:/mnt/c/Users/31740/Desktop/newcore/include/linux/err.h ****  * Return: The error code within @ptr.
  61:/mnt/c/Users/31740/Desktop/newcore/include/linux/err.h ****  */
  62:/mnt/c/Users/31740/Desktop/newcore/include/linux/err.h **** static inline long __must_check PTR_ERR(__force const void *ptr)
  63:/mnt/c/Users/31740/Desktop/newcore/include/linux/err.h **** {
  64:/mnt/c/Users/31740/Desktop/newcore/include/linux/err.h **** 	return (long) ptr;
  65:/mnt/c/Users/31740/Desktop/newcore/include/linux/err.h **** }
  66:/mnt/c/Users/31740/Desktop/newcore/include/linux/err.h **** 
  67:/mnt/c/Users/31740/Desktop/newcore/include/linux/err.h **** /* Read an error pointer from the percpu address space. */
  68:/mnt/c/Users/31740/Desktop/newcore/include/linux/err.h **** #define PTR_ERR_PCPU(ptr) (PTR_ERR((const void *)(__force const unsigned long)(ptr)))
  69:/mnt/c/Users/31740/Desktop/newcore/include/linux/err.h **** 
  70:/mnt/c/Users/31740/Desktop/newcore/include/linux/err.h **** /**
  71:/mnt/c/Users/31740/Desktop/newcore/include/linux/err.h ****  * IS_ERR - Detect an error pointer.
  72:/mnt/c/Users/31740/Desktop/newcore/include/linux/err.h ****  * @ptr: The pointer to check.
  73:/mnt/c/Users/31740/Desktop/newcore/include/linux/err.h ****  * Return: true if @ptr is an error pointer, false otherwise.
  74:/mnt/c/Users/31740/Desktop/newcore/include/linux/err.h ****  */
  75:/mnt/c/Users/31740/Desktop/newcore/include/linux/err.h **** static inline bool __must_check IS_ERR(__force const void *ptr)
 519              		.loc 4 75 33 view .LVU102
 520              	.LBB5:
  76:/mnt/c/Users/31740/Desktop/newcore/include/linux/err.h **** {
  77:/mnt/c/Users/31740/Desktop/newcore/include/linux/err.h **** 	return IS_ERR_VALUE((unsigned long)ptr);
 521              		.loc 4 77 2 view .LVU103
 522              		.loc 4 77 9 is_stmt 0 view .LVU104
 523 0010 10F5805F 		cmn	r0, #4096
 524 0014 94BF     		ite	ls
 525 0016 0024     		movls	r4, #0
 526 0018 0124     		movhi	r4, #1
ARM GAS  /tmp/ccul6OL2.s 			page 15


 527              	.LVL44:
 528              		.loc 4 77 9 view .LVU105
 529              	.LBE5:
 530              	.LBE4:
  17:/mnt/c/Users/31740/Desktop/newcore/lib/printk.c ****         early_printk("tty device:%s open failed\n",CONFIG_PRINTTK_USE_TTY_DEVICE);
 531              		.loc 1 17 8 discriminator 1 view .LVU106
 532 001a 24B9     		cbnz	r4, .L40
  21:/mnt/c/Users/31740/Desktop/newcore/lib/printk.c ****     return 0;
 533              		.loc 1 21 5 is_stmt 1 view .LVU107
 534 001c 0748     		ldr	r0, .L41+8
 535 001e FFF7FEFF 		bl	spin_lock_init
 536              	.LVL45:
  22:/mnt/c/Users/31740/Desktop/newcore/lib/printk.c **** }
 537              		.loc 1 22 5 view .LVU108
 538              	.L36:
  23:/mnt/c/Users/31740/Desktop/newcore/lib/printk.c **** 
 539              		.loc 1 23 1 is_stmt 0 view .LVU109
 540 0022 2046     		mov	r0, r4
 541 0024 10BD     		pop	{r4, pc}
 542              	.L40:
  18:/mnt/c/Users/31740/Desktop/newcore/lib/printk.c ****         return -1;
 543              		.loc 1 18 9 is_stmt 1 view .LVU110
 544 0026 0349     		ldr	r1, .L41
 545 0028 0548     		ldr	r0, .L41+12
 546 002a FFF7FEFF 		bl	early_printk
 547              	.LVL46:
  19:/mnt/c/Users/31740/Desktop/newcore/lib/printk.c ****     }
 548              		.loc 1 19 9 view .LVU111
  19:/mnt/c/Users/31740/Desktop/newcore/lib/printk.c ****     }
 549              		.loc 1 19 16 is_stmt 0 view .LVU112
 550 002e 4FF0FF34 		mov	r4, #-1
 551 0032 F6E7     		b	.L36
 552              	.L42:
 553              		.align	2
 554              	.L41:
 555 0034 00000000 		.word	.LC2
 556 0038 00000000 		.word	tty_device
 557 003c 00000000 		.word	printk_spinlock
 558 0040 0C000000 		.word	.LC3
 559              		.cfi_endproc
 560              	.LFE1033:
 562              		.section	.rodata.minimal_printk.str1.4,"aMS",%progbits,1
 563              		.align	2
 564              	.LC4:
 565 0000 257300   		.ascii	"%s\000"
 566              		.section	.text.minimal_printk,"ax",%progbits
 567              		.align	1
 568              		.weak	minimal_printk
 569              		.syntax unified
 570              		.thumb
 571              		.thumb_func
 573              	minimal_printk:
 574              	.LVL47:
 575              	.LFB1036:
  65:/mnt/c/Users/31740/Desktop/newcore/lib/printk.c **** EXPORT_SYMBOL(printk);
  66:/mnt/c/Users/31740/Desktop/newcore/lib/printk.c **** 
  67:/mnt/c/Users/31740/Desktop/newcore/lib/printk.c **** 
ARM GAS  /tmp/ccul6OL2.s 			page 16


  68:/mnt/c/Users/31740/Desktop/newcore/lib/printk.c **** static char minimal_buf[1024];
  69:/mnt/c/Users/31740/Desktop/newcore/lib/printk.c **** void __weak minimal_printk(const char *fmt, va_list args) {
 576              		.loc 1 69 59 is_stmt 1 view -0
 577              		.cfi_startproc
 578              		@ args = 0, pretend = 0, frame = 0
 579              		@ frame_needed = 0, uses_anonymous_args = 0
 580              		.loc 1 69 59 is_stmt 0 view .LVU114
 581 0000 10B5     		push	{r4, lr}
 582              	.LCFI13:
 583              		.cfi_def_cfa_offset 8
 584              		.cfi_offset 4, -8
 585              		.cfi_offset 14, -4
 586 0002 0246     		mov	r2, r0
 587 0004 0B46     		mov	r3, r1
  70:/mnt/c/Users/31740/Desktop/newcore/lib/printk.c ****     vsnprintf(minimal_buf, sizeof(minimal_buf), fmt, args);
 588              		.loc 1 70 5 is_stmt 1 view .LVU115
 589 0006 054C     		ldr	r4, .L45
 590 0008 4FF48061 		mov	r1, #1024
 591              	.LVL48:
 592              		.loc 1 70 5 is_stmt 0 view .LVU116
 593 000c 2046     		mov	r0, r4
 594              	.LVL49:
 595              		.loc 1 70 5 view .LVU117
 596 000e FFF7FEFF 		bl	vsnprintf
 597              	.LVL50:
  71:/mnt/c/Users/31740/Desktop/newcore/lib/printk.c ****     early_printk("%s", minimal_buf);
 598              		.loc 1 71 5 is_stmt 1 view .LVU118
 599 0012 2146     		mov	r1, r4
 600 0014 0248     		ldr	r0, .L45+4
 601 0016 FFF7FEFF 		bl	early_printk
 602              	.LVL51:
  72:/mnt/c/Users/31740/Desktop/newcore/lib/printk.c **** }
 603              		.loc 1 72 1 is_stmt 0 view .LVU119
 604 001a 10BD     		pop	{r4, pc}
 605              	.L46:
 606              		.align	2
 607              	.L45:
 608 001c 00000000 		.word	minimal_buf
 609 0020 00000000 		.word	.LC4
 610              		.cfi_endproc
 611              	.LFE1036:
 613              		.section	.rodata.early_putchar.str1.4,"aMS",%progbits,1
 614              		.align	2
 615              	.LC5:
 616 0000 256300   		.ascii	"%c\000"
 617              		.section	.text.early_putchar,"ax",%progbits
 618              		.align	1
 619              		.weak	early_putchar
 620              		.syntax unified
 621              		.thumb
 622              		.thumb_func
 624              	early_putchar:
 625              	.LVL52:
 626              	.LFB1037:
  73:/mnt/c/Users/31740/Desktop/newcore/lib/printk.c **** void __weak early_putchar(char c) {
 627              		.loc 1 73 35 is_stmt 1 view -0
 628              		.cfi_startproc
ARM GAS  /tmp/ccul6OL2.s 			page 17


 629              		@ args = 0, pretend = 0, frame = 0
 630              		@ frame_needed = 0, uses_anonymous_args = 0
 631              		.loc 1 73 35 is_stmt 0 view .LVU121
 632 0000 08B5     		push	{r3, lr}
 633              	.LCFI14:
 634              		.cfi_def_cfa_offset 8
 635              		.cfi_offset 3, -8
 636              		.cfi_offset 14, -4
 637 0002 0146     		mov	r1, r0
  74:/mnt/c/Users/31740/Desktop/newcore/lib/printk.c ****     early_printk("%c", c);
 638              		.loc 1 74 5 is_stmt 1 view .LVU122
 639 0004 0148     		ldr	r0, .L49
 640              	.LVL53:
 641              		.loc 1 74 5 is_stmt 0 view .LVU123
 642 0006 FFF7FEFF 		bl	early_printk
 643              	.LVL54:
  75:/mnt/c/Users/31740/Desktop/newcore/lib/printk.c **** }
 644              		.loc 1 75 1 view .LVU124
 645 000a 08BD     		pop	{r3, pc}
 646              	.L50:
 647              		.align	2
 648              	.L49:
 649 000c 00000000 		.word	.LC5
 650              		.cfi_endproc
 651              	.LFE1037:
 653              		.section	.rodata.str1.4,"aMS",%progbits,1
 654              		.align	2
 655              	.LC6:
 656 0000 6561726C 		.ascii	"early_printk\000"
 656      795F7072 
 656      696E746B 
 656      00
 657 000d 000000   		.align	2
 658              	.LC7:
 659 0010 00       		.ascii	"\000"
 660              		.section	.export_table,"aw"
 661              		.align	2
 664              	early_printk_export_struct:
 665 0000 00000000 		.word	.LC6
 666 0004 10000000 		.word	.LC7
 667 0008 00000000 		.word	early_printk
 668              		.section	.bss.minimal_buf,"aw",%nobits
 669              		.align	2
 672              	minimal_buf:
 673 0000 00000000 		.space	1024
 673      00000000 
 673      00000000 
 673      00000000 
 673      00000000 
 674              		.section	.rodata.str1.4
 675 0011 000000   		.align	2
 676              	.LC8:
 677 0014 7072696E 		.ascii	"printk\000"
 677      746B00
 678              		.section	.export_table
 679              		.align	2
 682              	printk_export_struct:
ARM GAS  /tmp/ccul6OL2.s 			page 18


 683 000c 14000000 		.word	.LC8
 684 0010 10000000 		.word	.LC7
 685 0014 00000000 		.word	printk
 686              		.section	.rodata.str1.4
 687 001b 00       		.align	2
 688              	.LC9:
 689 001c 3C303E00 		.ascii	"<0>\000"
 690              		.align	2
 691              	.LC10:
 692 0020 3C313E00 		.ascii	"<1>\000"
 693              		.align	2
 694              	.LC11:
 695 0024 3C323E00 		.ascii	"<2>\000"
 696              		.align	2
 697              	.LC12:
 698 0028 3C333E00 		.ascii	"<3>\000"
 699              		.align	2
 700              	.LC13:
 701 002c 3C343E00 		.ascii	"<4>\000"
 702              		.align	2
 703              	.LC14:
 704 0030 3C353E00 		.ascii	"<5>\000"
 705              		.align	2
 706              	.LC15:
 707 0034 3C363E00 		.ascii	"<6>\000"
 708              		.align	2
 709              	.LC16:
 710 0038 3C373E00 		.ascii	"<7>\000"
 711              		.section	.rodata.log_level_str,"a"
 712              		.align	2
 715              	log_level_str:
 716 0000 1C000000 		.word	.LC9
 717 0004 20000000 		.word	.LC10
 718 0008 24000000 		.word	.LC11
 719 000c 28000000 		.word	.LC12
 720 0010 2C000000 		.word	.LC13
 721 0014 30000000 		.word	.LC14
 722 0018 34000000 		.word	.LC15
 723 001c 38000000 		.word	.LC16
 724              		.global	printk_show_log_level
 725              		.section	.data.printk_show_log_level,"aw"
 726              		.align	2
 729              	printk_show_log_level:
 730 0000 01000000 		.word	1
 731              		.global	printk_log_level_threshold
 732              		.section	.data.printk_log_level_threshold,"aw"
 733              		.align	2
 736              	printk_log_level_threshold:
 737 0000 07000000 		.word	7
 738              		.section	.bss.printk_buf,"aw",%nobits
 739              		.align	2
 742              	printk_buf:
 743 0000 00000000 		.space	512
 743      00000000 
 743      00000000 
 743      00000000 
 743      00000000 
ARM GAS  /tmp/ccul6OL2.s 			page 19


 744              		.global	printk_spinlock
 745              		.section	.bss.printk_spinlock,"aw",%nobits
 746              		.align	2
 749              	printk_spinlock:
 750 0000 00000000 		.space	16
 750      00000000 
 750      00000000 
 750      00000000 
 751              		.global	tty_device
 752              		.section	.bss.tty_device,"aw",%nobits
 753              		.align	2
 756              	tty_device:
 757 0000 00000000 		.space	4
 758              		.text
 759              	.Letext0:
 760              		.file 5 "/mnt/c/Users/31740/Desktop/newcore/include/linux/stdarg.h"
 761              		.file 6 "/mnt/c/Users/31740/Desktop/newcore/include/asm-generic/int-l64.h"
 762              		.file 7 "/mnt/c/Users/31740/Desktop/newcore/include/asm-generic/posix_types.h"
 763              		.file 8 "/mnt/c/Users/31740/Desktop/newcore/include/uapi/linux/types.h"
 764              		.file 9 "/mnt/c/Users/31740/Desktop/newcore/include/linux/types.h"
 765              		.file 10 "/mnt/c/Users/31740/Desktop/newcore/include/linux/export.h"
 766              		.file 11 "/mnt/c/Users/31740/Desktop/newcore/include/linux/errseq.h"
 767              		.file 12 "/mnt/c/Users/31740/Desktop/newcore/include/linux/time64.h"
 768              		.file 13 "/mnt/c/Users/31740/Desktop/newcore/arch/arm_m/include/asm/sched.h"
 769              		.file 14 "/mnt/c/Users/31740/Desktop/newcore/include/linux/sched.h"
 770              		.file 15 "/mnt/c/Users/31740/Desktop/newcore/include/linux/spinlock_types_raw.h"
 771              		.file 16 "/mnt/c/Users/31740/Desktop/newcore/include/linux/spinlock_types.h"
 772              		.file 17 "/mnt/c/Users/31740/Desktop/newcore/include/linux/rbtree_types.h"
 773              		.file 18 "/mnt/c/Users/31740/Desktop/newcore/include/linux/uidgid_types.h"
 774              		.file 19 "/mnt/c/Users/31740/Desktop/newcore/include/linux/projid.h"
 775              		.file 20 "/mnt/c/Users/31740/Desktop/newcore/include/linux/fs.h"
 776              		.file 21 "/mnt/c/Users/31740/Desktop/newcore/include/linux/mnt_idmapping.h"
 777              		.file 22 "/mnt/c/Users/31740/Desktop/newcore/include/linux/mutex.h"
 778              		.file 23 "/mnt/c/Users/31740/Desktop/newcore/include/linux/uio.h"
 779              		.file 24 "/mnt/c/Users/31740/Desktop/newcore/include/linux/migrate_mode.h"
 780              		.file 25 "/mnt/c/Users/31740/Desktop/newcore/include/linux/wait.h"
 781              		.file 26 "/mnt/c/Users/31740/Desktop/newcore/include/linux/xarray.h"
 782              		.file 27 "/mnt/c/Users/31740/Desktop/newcore/include/linux/rw_hint.h"
 783              		.file 28 "/mnt/c/Users/31740/Desktop/newcore/include/linux/reciprocal_div.h"
 784              		.file 29 "/mnt/c/Users/31740/Desktop/newcore/include/linux/slab.h"
 785              		.file 30 "/mnt/c/Users/31740/Desktop/newcore/include/linux/mm_type.h"
 786              		.file 31 "/mnt/c/Users/31740/Desktop/newcore/include/linux/bvec.h"
 787              		.file 32 "/mnt/c/Users/31740/Desktop/newcore/include/linux/blk_types.h"
 788              		.file 33 "/mnt/c/Users/31740/Desktop/newcore/include/linux/blkdev.h"
 789              		.file 34 "/mnt/c/Users/31740/Desktop/newcore/include/linux/bio.h"
 790              		.file 35 "/mnt/c/Users/31740/Desktop/newcore/include/linux/mempool_super_haper.h"
 791              		.file 36 "/mnt/c/Users/31740/Desktop/newcore/include/linux/mempool.h"
 792              		.file 37 "/mnt/c/Users/31740/Desktop/newcore/include/linux/lockdep_types.h"
 793              		.file 38 "/mnt/c/Users/31740/Desktop/newcore/include/linux/workqueue_types.h"
 794              		.file 39 "/mnt/c/Users/31740/Desktop/newcore/include/linux/blk-mq.h"
 795              		.file 40 "/mnt/c/Users/31740/Desktop/newcore/include/linux/dcache.h"
 796              		.file 41 "/mnt/c/Users/31740/Desktop/newcore/include/uapi/linux/pr.h"
 797              		.file 42 "/mnt/c/Users/31740/Desktop/newcore/include/linux/pr.h"
 798              		.file 43 "/mnt/c/Users/31740/Desktop/newcore/include/linux/hdreg.h"
 799              		.file 44 "/mnt/c/Users/31740/Desktop/newcore/include/linux/lockref.h"
 800              		.file 45 "/mnt/c/Users/31740/Desktop/newcore/include/linux/path.h"
 801              		.file 46 "/mnt/c/Users/31740/Desktop/newcore/include/linux/statfs.h"
ARM GAS  /tmp/ccul6OL2.s 			page 20


 802              		.file 47 "/mnt/c/Users/31740/Desktop/newcore/include/linux/stat.h"
 803              		.file 48 "/mnt/c/Users/31740/Desktop/newcore/arch/arm_m/include/asm/string.h"
 804              		.file 49 "/mnt/c/Users/31740/Desktop/newcore/include/linux/sprintf.h"
 805              		.file 50 "/mnt/c/Users/31740/Desktop/newcore/include/linux/time.h"
 806              		.file 51 "/mnt/c/Users/31740/Desktop/newcore/include/linux/printk.h"
 807              		.file 52 "<built-in>"
ARM GAS  /tmp/ccul6OL2.s 			page 21


DEFINED SYMBOLS
                            *ABS*:00000000 printk.c
     /tmp/ccul6OL2.s:21     .text.__spin_init:00000000 $t
     /tmp/ccul6OL2.s:26     .text.__spin_init:00000000 __spin_init
     /tmp/ccul6OL2.s:46     .text.__spin_unlock:00000000 $t
     /tmp/ccul6OL2.s:51     .text.__spin_unlock:00000000 __spin_unlock
     /tmp/ccul6OL2.s:69     .text.spin_lock_init:00000000 $t
     /tmp/ccul6OL2.s:74     .text.spin_lock_init:00000000 spin_lock_init
     /tmp/ccul6OL2.s:97     .text.spin_unlock:00000000 $t
     /tmp/ccul6OL2.s:102    .text.spin_unlock:00000000 spin_unlock
     /tmp/ccul6OL2.s:124    .text.__spin_lock:00000000 $t
     /tmp/ccul6OL2.s:129    .text.__spin_lock:00000000 __spin_lock
     /tmp/ccul6OL2.s:179    .text.spin_lock:00000000 $t
     /tmp/ccul6OL2.s:184    .text.spin_lock:00000000 spin_lock
     /tmp/ccul6OL2.s:244    .text.tty_write:00000000 $t
     /tmp/ccul6OL2.s:249    .text.tty_write:00000000 tty_write
     /tmp/ccul6OL2.s:295    .text.tty_write:00000024 $d
     /tmp/ccul6OL2.s:756    .bss.tty_device:00000000 tty_device
     /tmp/ccul6OL2.s:300    .rodata.printk.str1.4:00000000 $d
     /tmp/ccul6OL2.s:307    .text.printk:00000000 $t
     /tmp/ccul6OL2.s:313    .text.printk:00000000 printk
     /tmp/ccul6OL2.s:467    .text.printk:0000009c $d
     /tmp/ccul6OL2.s:736    .data.printk_log_level_threshold:00000000 printk_log_level_threshold
     /tmp/ccul6OL2.s:749    .bss.printk_spinlock:00000000 printk_spinlock
     /tmp/ccul6OL2.s:729    .data.printk_show_log_level:00000000 printk_show_log_level
     /tmp/ccul6OL2.s:742    .bss.printk_buf:00000000 printk_buf
     /tmp/ccul6OL2.s:715    .rodata.log_level_str:00000000 log_level_str
     /tmp/ccul6OL2.s:480    .rodata.printk_service_init.str1.4:00000000 $d
     /tmp/ccul6OL2.s:487    .text.printk_service_init:00000000 $t
     /tmp/ccul6OL2.s:493    .text.printk_service_init:00000000 printk_service_init
     /tmp/ccul6OL2.s:555    .text.printk_service_init:00000034 $d
     /tmp/ccul6OL2.s:563    .rodata.minimal_printk.str1.4:00000000 $d
     /tmp/ccul6OL2.s:567    .text.minimal_printk:00000000 $t
     /tmp/ccul6OL2.s:573    .text.minimal_printk:00000000 minimal_printk
     /tmp/ccul6OL2.s:608    .text.minimal_printk:0000001c $d
     /tmp/ccul6OL2.s:672    .bss.minimal_buf:00000000 minimal_buf
     /tmp/ccul6OL2.s:614    .rodata.early_putchar.str1.4:00000000 $d
     /tmp/ccul6OL2.s:618    .text.early_putchar:00000000 $t
     /tmp/ccul6OL2.s:624    .text.early_putchar:00000000 early_putchar
     /tmp/ccul6OL2.s:649    .text.early_putchar:0000000c $d
     /tmp/ccul6OL2.s:654    .rodata.str1.4:00000000 $d
     /tmp/ccul6OL2.s:661    .export_table:00000000 $d
     /tmp/ccul6OL2.s:664    .export_table:00000000 early_printk_export_struct
     /tmp/ccul6OL2.s:669    .bss.minimal_buf:00000000 $d
     /tmp/ccul6OL2.s:682    .export_table:0000000c printk_export_struct
     /tmp/ccul6OL2.s:712    .rodata.log_level_str:00000000 $d
     /tmp/ccul6OL2.s:726    .data.printk_show_log_level:00000000 $d
     /tmp/ccul6OL2.s:733    .data.printk_log_level_threshold:00000000 $d
     /tmp/ccul6OL2.s:739    .bss.printk_buf:00000000 $d
     /tmp/ccul6OL2.s:746    .bss.printk_spinlock:00000000 $d
     /tmp/ccul6OL2.s:753    .bss.tty_device:00000000 $d

UNDEFINED SYMBOLS
stop_all_scheduler
start_all_scheduler
get_current_task
__delay
ARM GAS  /tmp/ccul6OL2.s 			page 22


strlen
kernel_write
early_printk
ktime_get
snprintf
vsnprintf
HZ
filp_open
