ARM GAS  /tmp/ccLI8FrA.s 			page 1


   1              		.cpu cortex-m33
   2              		.arch armv8-m.main
   3              		.fpu fpv4-sp-d16
   4              		.arch_extension dsp
   5              		.eabi_attribute 27, 1
   6              		.eabi_attribute 28, 1
   7              		.eabi_attribute 20, 1
   8              		.eabi_attribute 21, 1
   9              		.eabi_attribute 23, 3
  10              		.eabi_attribute 24, 1
  11              		.eabi_attribute 25, 1
  12              		.eabi_attribute 26, 1
  13              		.eabi_attribute 30, 1
  14              		.eabi_attribute 34, 1
  15              		.eabi_attribute 18, 4
  16              		.file	"rp2350_tick.c"
  17              		.text
  18              	.Ltext0:
  19              		.cfi_sections	.debug_frame
  20              		.file 1 "/mnt/c/Users/31740/Documents/codes/newcore-rp2350/drivers/tick/rp2350/rp2350_tick.c"
  21              		.section	.text.SysTick_init,"ax",%progbits
  22              		.align	1
  23              		.global	SysTick_init
  24              		.syntax unified
  25              		.thumb
  26              		.thumb_func
  28              	SysTick_init:
  29              	.LFB152:
   1:/mnt/c/Users/31740/Documents/codes/newcore-rp2350/drivers/tick/rp2350/rp2350_tick.c **** #include <linux/kernel.h>
   2:/mnt/c/Users/31740/Documents/codes/newcore-rp2350/drivers/tick/rp2350/rp2350_tick.c **** #include <hardware/systick.h>
   3:/mnt/c/Users/31740/Documents/codes/newcore-rp2350/drivers/tick/rp2350/rp2350_tick.c **** 
   4:/mnt/c/Users/31740/Documents/codes/newcore-rp2350/drivers/tick/rp2350/rp2350_tick.c **** 
   5:/mnt/c/Users/31740/Documents/codes/newcore-rp2350/drivers/tick/rp2350/rp2350_tick.c **** #define M0PLUS_SYST_CSR_ENABLE_BITS   _u(0x00000001)
   6:/mnt/c/Users/31740/Documents/codes/newcore-rp2350/drivers/tick/rp2350/rp2350_tick.c **** #define M0PLUS_SYST_CSR_TICKINT_BITS   _u(0x00000002)
   7:/mnt/c/Users/31740/Documents/codes/newcore-rp2350/drivers/tick/rp2350/rp2350_tick.c **** #define M0PLUS_SYST_CSR_CLKSOURCE_BITS   _u(0x00000004)
   8:/mnt/c/Users/31740/Documents/codes/newcore-rp2350/drivers/tick/rp2350/rp2350_tick.c **** 
   9:/mnt/c/Users/31740/Documents/codes/newcore-rp2350/drivers/tick/rp2350/rp2350_tick.c **** void SysTick_init(void)
  10:/mnt/c/Users/31740/Documents/codes/newcore-rp2350/drivers/tick/rp2350/rp2350_tick.c **** {
  30              		.loc 1 10 1 view -0
  31              		.cfi_startproc
  32              		@ args = 0, pretend = 0, frame = 0
  33              		@ frame_needed = 0, uses_anonymous_args = 0
  34              		@ link register save eliminated.
  11:/mnt/c/Users/31740/Documents/codes/newcore-rp2350/drivers/tick/rp2350/rp2350_tick.c ****     systick_hw->rvr = (150*1000*1000 / 1000 - 1);
  35              		.loc 1 11 5 view .LVU1
  36              		.loc 1 11 21 is_stmt 0 view .LVU2
  37 0000 4FF0E023 		mov	r3, #-536813568
  38 0004 034A     		ldr	r2, .L2
  39 0006 5A61     		str	r2, [r3, #20]
  12:/mnt/c/Users/31740/Documents/codes/newcore-rp2350/drivers/tick/rp2350/rp2350_tick.c ****     systick_hw->cvr = 0;
  40              		.loc 1 12 5 is_stmt 1 view .LVU3
  41              		.loc 1 12 21 is_stmt 0 view .LVU4
  42 0008 0022     		movs	r2, #0
  43 000a 9A61     		str	r2, [r3, #24]
  13:/mnt/c/Users/31740/Documents/codes/newcore-rp2350/drivers/tick/rp2350/rp2350_tick.c ****     systick_hw->csr = M0PLUS_SYST_CSR_ENABLE_BITS | 
  44              		.loc 1 13 5 is_stmt 1 view .LVU5
  45              		.loc 1 13 21 is_stmt 0 view .LVU6
ARM GAS  /tmp/ccLI8FrA.s 			page 2


  46 000c 0722     		movs	r2, #7
  47 000e 1A61     		str	r2, [r3, #16]
  14:/mnt/c/Users/31740/Documents/codes/newcore-rp2350/drivers/tick/rp2350/rp2350_tick.c ****                       M0PLUS_SYST_CSR_TICKINT_BITS | 
  15:/mnt/c/Users/31740/Documents/codes/newcore-rp2350/drivers/tick/rp2350/rp2350_tick.c ****                       M0PLUS_SYST_CSR_CLKSOURCE_BITS;
  16:/mnt/c/Users/31740/Documents/codes/newcore-rp2350/drivers/tick/rp2350/rp2350_tick.c **** }
  48              		.loc 1 16 1 view .LVU7
  49 0010 7047     		bx	lr
  50              	.L3:
  51 0012 00BF     		.align	2
  52              	.L2:
  53 0014 EF490200 		.word	149999
  54              		.cfi_endproc
  55              	.LFE152:
  57              		.section	.text.SysTick_Handler,"ax",%progbits
  58              		.align	1
  59              		.global	SysTick_Handler
  60              		.syntax unified
  61              		.thumb
  62              		.thumb_func
  64              	SysTick_Handler:
  65              	.LFB153:
  17:/mnt/c/Users/31740/Documents/codes/newcore-rp2350/drivers/tick/rp2350/rp2350_tick.c **** 
  18:/mnt/c/Users/31740/Documents/codes/newcore-rp2350/drivers/tick/rp2350/rp2350_tick.c **** extern void sys_tick_hander(void);
  19:/mnt/c/Users/31740/Documents/codes/newcore-rp2350/drivers/tick/rp2350/rp2350_tick.c **** void SysTick_Handler(void){
  66              		.loc 1 19 27 is_stmt 1 view -0
  67              		.cfi_startproc
  68              		@ args = 0, pretend = 0, frame = 0
  69              		@ frame_needed = 0, uses_anonymous_args = 0
  70 0000 08B5     		push	{r3, lr}
  71              	.LCFI0:
  72              		.cfi_def_cfa_offset 8
  73              		.cfi_offset 3, -8
  74              		.cfi_offset 14, -4
  20:/mnt/c/Users/31740/Documents/codes/newcore-rp2350/drivers/tick/rp2350/rp2350_tick.c ****     sys_tick_hander();
  75              		.loc 1 20 5 view .LVU9
  76 0002 FFF7FEFF 		bl	sys_tick_hander
  77              	.LVL0:
  21:/mnt/c/Users/31740/Documents/codes/newcore-rp2350/drivers/tick/rp2350/rp2350_tick.c **** } 
  78              		.loc 1 21 1 is_stmt 0 view .LVU10
  79 0006 08BD     		pop	{r3, pc}
  80              		.cfi_endproc
  81              	.LFE153:
  83              		.text
  84              	.Letext0:
  85              		.file 2 "/mnt/c/Users/31740/Documents/codes/newcore-rp2350/include/linux/types.h"
  86              		.file 3 "/mnt/c/Users/31740/Documents/codes/newcore-rp2350/arch/arm_m/mach-raspberrypi/rp2350/incl
  87              		.file 4 "/mnt/c/Users/31740/Documents/codes/newcore-rp2350/arch/arm_m/mach-raspberrypi/rp2350/incl
  88              		.file 5 "/mnt/c/Users/31740/Documents/codes/newcore-rp2350/include/asm-generic/int-l64.h"
ARM GAS  /tmp/ccLI8FrA.s 			page 3


DEFINED SYMBOLS
                            *ABS*:00000000 rp2350_tick.c
     /tmp/ccLI8FrA.s:22     .text.SysTick_init:00000000 $t
     /tmp/ccLI8FrA.s:28     .text.SysTick_init:00000000 SysTick_init
     /tmp/ccLI8FrA.s:53     .text.SysTick_init:00000014 $d
     /tmp/ccLI8FrA.s:58     .text.SysTick_Handler:00000000 $t
     /tmp/ccLI8FrA.s:64     .text.SysTick_Handler:00000000 SysTick_Handler

UNDEFINED SYMBOLS
sys_tick_hander
