ARM GAS  /tmp/cc8RbfOb.s 			page 1


   1              		.cpu cortex-m4
   2              		.arch armv7e-m
   3              		.fpu fpv4-sp-d16
   4              		.eabi_attribute 27, 1
   5              		.eabi_attribute 28, 1
   6              		.eabi_attribute 20, 1
   7              		.eabi_attribute 21, 1
   8              		.eabi_attribute 23, 3
   9              		.eabi_attribute 24, 1
  10              		.eabi_attribute 25, 1
  11              		.eabi_attribute 26, 1
  12              		.eabi_attribute 30, 1
  13              		.eabi_attribute 34, 1
  14              		.eabi_attribute 18, 4
  15              		.file	"sys_loader.c"
  16              		.text
  17              	.Ltext0:
  18              		.cfi_sections	.debug_frame
  19              		.file 1 "/mnt/c/Users/31740/Desktop/newcore/lib/sys/sys_loader.c"
  20              		.section	.text.sys_execve,"ax",%progbits
  21              		.align	1
  22              		.global	sys_execve
  23              		.syntax unified
  24              		.thumb
  25              		.thumb_func
  27              	sys_execve:
  28              	.LVL0:
  29              	.LFB1:
   1:/mnt/c/Users/31740/Desktop/newcore/lib/sys/sys_loader.c **** #include <linux/export.h>
   2:/mnt/c/Users/31740/Desktop/newcore/lib/sys/sys_loader.c **** 
   3:/mnt/c/Users/31740/Desktop/newcore/lib/sys/sys_loader.c **** int loader_user_app(char* file_path,void* argv);
   4:/mnt/c/Users/31740/Desktop/newcore/lib/sys/sys_loader.c **** 
   5:/mnt/c/Users/31740/Desktop/newcore/lib/sys/sys_loader.c **** int sys_execve(const char __user *file_path, void __user *argv){
  30              		.loc 1 5 64 view -0
  31              		.cfi_startproc
  32              		@ args = 0, pretend = 0, frame = 0
  33              		@ frame_needed = 0, uses_anonymous_args = 0
  34              		.loc 1 5 64 is_stmt 0 view .LVU1
  35 0000 08B5     		push	{r3, lr}
  36              	.LCFI0:
  37              		.cfi_def_cfa_offset 8
  38              		.cfi_offset 3, -8
  39              		.cfi_offset 14, -4
   6:/mnt/c/Users/31740/Desktop/newcore/lib/sys/sys_loader.c ****     return loader_user_app(file_path,argv);
  40              		.loc 1 6 5 is_stmt 1 view .LVU2
  41              		.loc 1 6 12 is_stmt 0 view .LVU3
  42 0002 FFF7FEFF 		bl	loader_user_app
  43              	.LVL1:
   7:/mnt/c/Users/31740/Desktop/newcore/lib/sys/sys_loader.c **** }
  44              		.loc 1 7 1 view .LVU4
  45 0006 08BD     		pop	{r3, pc}
  46              		.cfi_endproc
  47              	.LFE1:
  49              		.section	.rodata.str1.4,"aMS",%progbits,1
  50              		.align	2
  51              	.LC0:
  52 0000 7379735F 		.ascii	"sys_execve\000"
ARM GAS  /tmp/cc8RbfOb.s 			page 2


  52      65786563 
  52      766500
  53 000b 00       		.align	2
  54              	.LC1:
  55 000c 00       		.ascii	"\000"
  56              		.section	.export_table,"aw"
  57              		.align	2
  60              	sys_execve_export_struct:
  61 0000 00000000 		.word	.LC0
  62 0004 0C000000 		.word	.LC1
  63 0008 00000000 		.word	sys_execve
  64              		.text
  65              	.Letext0:
  66              		.file 2 "/mnt/c/Users/31740/Desktop/newcore/include/linux/export.h"
ARM GAS  /tmp/cc8RbfOb.s 			page 3


DEFINED SYMBOLS
                            *ABS*:00000000 sys_loader.c
     /tmp/cc8RbfOb.s:21     .text.sys_execve:00000000 $t
     /tmp/cc8RbfOb.s:27     .text.sys_execve:00000000 sys_execve
     /tmp/cc8RbfOb.s:50     .rodata.str1.4:00000000 $d
     /tmp/cc8RbfOb.s:57     .export_table:00000000 $d
     /tmp/cc8RbfOb.s:60     .export_table:00000000 sys_execve_export_struct

UNDEFINED SYMBOLS
loader_user_app
