ARM GAS  /tmp/ccgIjNre.s 			page 1


   1              		.cpu cortex-m33
   2              		.arch armv8-m.main
   3              		.fpu fpv4-sp-d16
   4              		.arch_extension dsp
   5              		.eabi_attribute 27, 1
   6              		.eabi_attribute 28, 1
   7              		.eabi_attribute 20, 1
   8              		.eabi_attribute 21, 1
   9              		.eabi_attribute 23, 3
  10              		.eabi_attribute 24, 1
  11              		.eabi_attribute 25, 1
  12              		.eabi_attribute 26, 1
  13              		.eabi_attribute 30, 1
  14              		.eabi_attribute 34, 1
  15              		.eabi_attribute 18, 4
  16              		.file	"sys_time.c"
  17              		.text
  18              	.Ltext0:
  19              		.cfi_sections	.debug_frame
  20              		.file 1 "/mnt/c/Users/31740/Documents/codes/newcore-rp2350/lib/sys/sys_time.c"
  21              		.section	.text.msleep,"ax",%progbits
  22              		.align	1
  23              		.syntax unified
  24              		.thumb
  25              		.thumb_func
  27              	msleep:
  28              	.LVL0:
  29              	.LFB109:
  30              		.file 2 "/mnt/c/Users/31740/Documents/codes/newcore-rp2350/include/linux/delay.h"
   1:/mnt/c/Users/31740/Documents/codes/newcore-rp2350/include/linux/delay.h **** #ifndef __DELAY_H_
   2:/mnt/c/Users/31740/Documents/codes/newcore-rp2350/include/linux/delay.h **** #define __DELAY_H_
   3:/mnt/c/Users/31740/Documents/codes/newcore-rp2350/include/linux/delay.h **** 
   4:/mnt/c/Users/31740/Documents/codes/newcore-rp2350/include/linux/delay.h **** #include <linux/time.h>
   5:/mnt/c/Users/31740/Documents/codes/newcore-rp2350/include/linux/delay.h **** #include <linux/sched.h>
   6:/mnt/c/Users/31740/Documents/codes/newcore-rp2350/include/linux/delay.h **** 
   7:/mnt/c/Users/31740/Documents/codes/newcore-rp2350/include/linux/delay.h **** static void msleep(uint32_t time){
  31              		.loc 2 7 34 view -0
  32              		.cfi_startproc
  33              		@ args = 0, pretend = 0, frame = 0
  34              		@ frame_needed = 0, uses_anonymous_args = 0
  35              		.loc 2 7 34 is_stmt 0 view .LVU1
  36 0000 08B5     		push	{r3, lr}
  37              	.LCFI0:
  38              		.cfi_def_cfa_offset 8
  39              		.cfi_offset 3, -8
  40              		.cfi_offset 14, -4
   8:/mnt/c/Users/31740/Documents/codes/newcore-rp2350/include/linux/delay.h ****     __delay(time*HZ/1000);
  41              		.loc 2 8 5 is_stmt 1 view .LVU2
  42              		.loc 2 8 17 is_stmt 0 view .LVU3
  43 0002 054B     		ldr	r3, .L3
  44 0004 1B68     		ldr	r3, [r3]
  45 0006 03FB00F0 		mul	r0, r3, r0
  46              	.LVL1:
  47              		.loc 2 8 5 view .LVU4
  48 000a 044B     		ldr	r3, .L3+4
  49 000c A3FB0030 		umull	r3, r0, r3, r0
  50 0010 8009     		lsrs	r0, r0, #6
ARM GAS  /tmp/ccgIjNre.s 			page 2


  51 0012 FFF7FEFF 		bl	__delay
  52              	.LVL2:
   9:/mnt/c/Users/31740/Documents/codes/newcore-rp2350/include/linux/delay.h **** }
  53              		.loc 2 9 1 view .LVU5
  54 0016 08BD     		pop	{r3, pc}
  55              	.L4:
  56              		.align	2
  57              	.L3:
  58 0018 00000000 		.word	HZ
  59 001c D34D6210 		.word	274877907
  60              		.cfi_endproc
  61              	.LFE109:
  63              		.section	.text.sys_nanosleep_time32,"ax",%progbits
  64              		.align	1
  65              		.global	sys_nanosleep_time32
  66              		.syntax unified
  67              		.thumb
  68              		.thumb_func
  70              	sys_nanosleep_time32:
  71              	.LVL3:
  72              	.LFB110:
   1:/mnt/c/Users/31740/Documents/codes/newcore-rp2350/lib/sys/sys_time.c **** #include <linux/delay.h>
   2:/mnt/c/Users/31740/Documents/codes/newcore-rp2350/lib/sys/sys_time.c **** #include <linux/export.h>
   3:/mnt/c/Users/31740/Documents/codes/newcore-rp2350/lib/sys/sys_time.c **** void sys_nanosleep_time32(uint32_t time){
  73              		.loc 1 3 41 is_stmt 1 view -0
  74              		.cfi_startproc
  75              		@ args = 0, pretend = 0, frame = 0
  76              		@ frame_needed = 0, uses_anonymous_args = 0
  77              		.loc 1 3 41 is_stmt 0 view .LVU7
  78 0000 08B5     		push	{r3, lr}
  79              	.LCFI1:
  80              		.cfi_def_cfa_offset 8
  81              		.cfi_offset 3, -8
  82              		.cfi_offset 14, -4
   4:/mnt/c/Users/31740/Documents/codes/newcore-rp2350/lib/sys/sys_time.c ****     msleep(time/1000);
  83              		.loc 1 4 5 is_stmt 1 view .LVU8
  84 0002 034B     		ldr	r3, .L7
  85 0004 A3FB0030 		umull	r3, r0, r3, r0
  86              	.LVL4:
  87              		.loc 1 4 5 is_stmt 0 view .LVU9
  88 0008 8009     		lsrs	r0, r0, #6
  89 000a FFF7FEFF 		bl	msleep
  90              	.LVL5:
   5:/mnt/c/Users/31740/Documents/codes/newcore-rp2350/lib/sys/sys_time.c **** }
  91              		.loc 1 5 1 view .LVU10
  92 000e 08BD     		pop	{r3, pc}
  93              	.L8:
  94              		.align	2
  95              	.L7:
  96 0010 D34D6210 		.word	274877907
  97              		.cfi_endproc
  98              	.LFE110:
 100              		.section	.rodata.str1.4,"aMS",%progbits,1
 101              		.align	2
 102              	.LC0:
 103 0000 7379735F 		.ascii	"sys_nanosleep_time32\000"
 103      6E616E6F 
ARM GAS  /tmp/ccgIjNre.s 			page 3


 103      736C6565 
 103      705F7469 
 103      6D653332 
 104 0015 000000   		.align	2
 105              	.LC1:
 106 0018 00       		.ascii	"\000"
 107              		.section	.export_table,"aw"
 108              		.align	2
 111              	sys_nanosleep_time32_export_struct:
 112 0000 00000000 		.word	.LC0
 113 0004 18000000 		.word	.LC1
 114 0008 00000000 		.word	sys_nanosleep_time32
 115              		.text
 116              	.Letext0:
 117              		.file 3 "/mnt/c/Users/31740/Documents/codes/newcore-rp2350/include/linux/export.h"
 118              		.file 4 "/mnt/c/Users/31740/Documents/codes/newcore-rp2350/include/asm-generic/int-l64.h"
 119              		.file 5 "/mnt/c/Users/31740/Documents/codes/newcore-rp2350/include/linux/types.h"
 120              		.file 6 "/mnt/c/Users/31740/Documents/codes/newcore-rp2350/include/linux/time.h"
 121              		.file 7 "/mnt/c/Users/31740/Documents/codes/newcore-rp2350/include/linux/sched.h"
ARM GAS  /tmp/ccgIjNre.s 			page 4


DEFINED SYMBOLS
                            *ABS*:00000000 sys_time.c
     /tmp/ccgIjNre.s:22     .text.msleep:00000000 $t
     /tmp/ccgIjNre.s:27     .text.msleep:00000000 msleep
     /tmp/ccgIjNre.s:58     .text.msleep:00000018 $d
     /tmp/ccgIjNre.s:64     .text.sys_nanosleep_time32:00000000 $t
     /tmp/ccgIjNre.s:70     .text.sys_nanosleep_time32:00000000 sys_nanosleep_time32
     /tmp/ccgIjNre.s:96     .text.sys_nanosleep_time32:00000010 $d
     /tmp/ccgIjNre.s:101    .rodata.str1.4:00000000 $d
     /tmp/ccgIjNre.s:108    .export_table:00000000 $d
     /tmp/ccgIjNre.s:111    .export_table:00000000 sys_nanosleep_time32_export_struct

UNDEFINED SYMBOLS
__delay
HZ
