ARM GAS  /tmp/ccf04qp5.s 			page 1


   1              		.cpu cortex-m4
   2              		.arch armv7e-m
   3              		.fpu fpv4-sp-d16
   4              		.eabi_attribute 27, 1
   5              		.eabi_attribute 28, 1
   6              		.eabi_attribute 20, 1
   7              		.eabi_attribute 21, 1
   8              		.eabi_attribute 23, 3
   9              		.eabi_attribute 24, 1
  10              		.eabi_attribute 25, 1
  11              		.eabi_attribute 26, 1
  12              		.eabi_attribute 30, 1
  13              		.eabi_attribute 34, 1
  14              		.eabi_attribute 18, 4
  15              		.file	"sys_base.c"
  16              		.text
  17              	.Ltext0:
  18              		.cfi_sections	.debug_frame
  19              		.file 1 "/mnt/c/Users/31740/Desktop/newcore/lib/sys/sys_base.c"
  20              		.section	.text.sys_restart_syscall,"ax",%progbits
  21              		.align	1
  22              		.syntax unified
  23              		.thumb
  24              		.thumb_func
  26              	sys_restart_syscall:
  27              	.LFB1:
   1:/mnt/c/Users/31740/Desktop/newcore/lib/sys/sys_base.c **** #include <linux/export.h>
   2:/mnt/c/Users/31740/Desktop/newcore/lib/sys/sys_base.c **** 
   3:/mnt/c/Users/31740/Desktop/newcore/lib/sys/sys_base.c **** extern void Reset_Handler();
   4:/mnt/c/Users/31740/Desktop/newcore/lib/sys/sys_base.c **** static sys_restart_syscall(){
  28              		.loc 1 4 29 view -0
  29              		.cfi_startproc
  30              		@ args = 0, pretend = 0, frame = 0
  31              		@ frame_needed = 0, uses_anonymous_args = 0
  32 0000 08B5     		push	{r3, lr}
  33              	.LCFI0:
  34              		.cfi_def_cfa_offset 8
  35              		.cfi_offset 3, -8
  36              		.cfi_offset 14, -4
   5:/mnt/c/Users/31740/Desktop/newcore/lib/sys/sys_base.c ****     Reset_Handler();
  37              		.loc 1 5 5 view .LVU1
  38 0002 FFF7FEFF 		bl	Reset_Handler
  39              	.LVL0:
   6:/mnt/c/Users/31740/Desktop/newcore/lib/sys/sys_base.c **** }
  40              		.loc 1 6 1 is_stmt 0 view .LVU2
  41 0006 08BD     		pop	{r3, pc}
  42              		.cfi_endproc
  43              	.LFE1:
  45              		.section	.rodata.str1.4,"aMS",%progbits,1
  46              		.align	2
  47              	.LC0:
  48 0000 7379735F 		.ascii	"sys_restart_syscall\000"
  48      72657374 
  48      6172745F 
  48      73797363 
  48      616C6C00 
  49              		.align	2
ARM GAS  /tmp/ccf04qp5.s 			page 2


  50              	.LC1:
  51 0014 00       		.ascii	"\000"
  52              		.section	.export_table,"aw"
  53              		.align	2
  56              	sys_restart_syscall_export_struct:
  57 0000 00000000 		.word	.LC0
  58 0004 14000000 		.word	.LC1
  59 0008 00000000 		.word	sys_restart_syscall
  60              		.text
  61              	.Letext0:
  62              		.file 2 "/mnt/c/Users/31740/Desktop/newcore/include/linux/export.h"
ARM GAS  /tmp/ccf04qp5.s 			page 3


DEFINED SYMBOLS
                            *ABS*:00000000 sys_base.c
     /tmp/ccf04qp5.s:21     .text.sys_restart_syscall:00000000 $t
     /tmp/ccf04qp5.s:26     .text.sys_restart_syscall:00000000 sys_restart_syscall
     /tmp/ccf04qp5.s:46     .rodata.str1.4:00000000 $d
     /tmp/ccf04qp5.s:53     .export_table:00000000 $d
     /tmp/ccf04qp5.s:56     .export_table:00000000 sys_restart_syscall_export_struct

UNDEFINED SYMBOLS
Reset_Handler
