ARM GAS  /tmp/ccpt6xx3.s 			page 1


   1              		.cpu cortex-m33
   2              		.arch armv8-m.main
   3              		.fpu fpv4-sp-d16
   4              		.arch_extension dsp
   5              		.eabi_attribute 27, 1
   6              		.eabi_attribute 28, 1
   7              		.eabi_attribute 20, 1
   8              		.eabi_attribute 21, 1
   9              		.eabi_attribute 23, 3
  10              		.eabi_attribute 24, 1
  11              		.eabi_attribute 25, 1
  12              		.eabi_attribute 26, 1
  13              		.eabi_attribute 30, 1
  14              		.eabi_attribute 34, 1
  15              		.eabi_attribute 18, 4
  16              		.file	"syscall.c"
  17              		.text
  18              	.Ltext0:
  19              		.cfi_sections	.debug_frame
  20              		.file 1 "/mnt/c/Users/31740/Documents/codes/newcore-rp2350/arch/arm_m/kernel/syscall/syscall.c"
  21              		.section	.text.__system_call,"ax",%progbits
  22              		.align	1
  23              		.global	__system_call
  24              		.syntax unified
  25              		.thumb
  26              		.thumb_func
  28              	__system_call:
  29              	.LVL0:
  30              	.LFB148:
   1:/mnt/c/Users/31740/Documents/codes/newcore-rp2350/arch/arm_m/kernel/syscall/syscall.c **** #include <linux/kernel.h>
   2:/mnt/c/Users/31740/Documents/codes/newcore-rp2350/arch/arm_m/kernel/syscall/syscall.c **** #include <linux/compiler.h>
   3:/mnt/c/Users/31740/Documents/codes/newcore-rp2350/arch/arm_m/kernel/syscall/syscall.c **** #include <linux/types.h>
   4:/mnt/c/Users/31740/Documents/codes/newcore-rp2350/arch/arm_m/kernel/syscall/syscall.c **** 
   5:/mnt/c/Users/31740/Documents/codes/newcore-rp2350/arch/arm_m/kernel/syscall/syscall.c **** 
   6:/mnt/c/Users/31740/Documents/codes/newcore-rp2350/arch/arm_m/kernel/syscall/syscall.c **** struct systemcall {
   7:/mnt/c/Users/31740/Documents/codes/newcore-rp2350/arch/arm_m/kernel/syscall/syscall.c ****     uint32_t r3;
   8:/mnt/c/Users/31740/Documents/codes/newcore-rp2350/arch/arm_m/kernel/syscall/syscall.c ****     uint32_t r4;
   9:/mnt/c/Users/31740/Documents/codes/newcore-rp2350/arch/arm_m/kernel/syscall/syscall.c ****     uint32_t r5;
  10:/mnt/c/Users/31740/Documents/codes/newcore-rp2350/arch/arm_m/kernel/syscall/syscall.c ****     uint32_t r7;
  11:/mnt/c/Users/31740/Documents/codes/newcore-rp2350/arch/arm_m/kernel/syscall/syscall.c **** }__attribute__((packed));
  12:/mnt/c/Users/31740/Documents/codes/newcore-rp2350/arch/arm_m/kernel/syscall/syscall.c **** 
  13:/mnt/c/Users/31740/Documents/codes/newcore-rp2350/arch/arm_m/kernel/syscall/syscall.c **** int __system_call(int sys_no, int arg0, int arg1, int arg2, int arg3, int arg4, int arg5)
  14:/mnt/c/Users/31740/Documents/codes/newcore-rp2350/arch/arm_m/kernel/syscall/syscall.c **** {
  31              		.loc 1 14 1 view -0
  32              		.cfi_startproc
  33              		@ args = 12, pretend = 0, frame = 16
  34              		@ frame_needed = 0, uses_anonymous_args = 0
  35              		@ link register save eliminated.
  36              		.loc 1 14 1 is_stmt 0 view .LVU1
  37 0000 10B4     		push	{r4}
  38              	.LCFI0:
  39              		.cfi_def_cfa_offset 4
  40              		.cfi_offset 4, -4
  41 0002 85B0     		sub	sp, sp, #20
  42              	.LCFI1:
  43              		.cfi_def_cfa_offset 24
  44 0004 0446     		mov	r4, r0
ARM GAS  /tmp/ccpt6xx3.s 			page 2


  15:/mnt/c/Users/31740/Documents/codes/newcore-rp2350/arch/arm_m/kernel/syscall/syscall.c ****     register int r0 __asm("r0") = arg0;
  45              		.loc 1 15 5 is_stmt 1 view .LVU2
  46              		.loc 1 15 18 is_stmt 0 view .LVU3
  47 0006 0846     		mov	r0, r1
  48              	.LVL1:
  16:/mnt/c/Users/31740/Documents/codes/newcore-rp2350/arch/arm_m/kernel/syscall/syscall.c ****     register int r1 __asm("r1") = arg1;
  49              		.loc 1 16 5 is_stmt 1 view .LVU4
  50              		.loc 1 16 18 is_stmt 0 view .LVU5
  51 0008 1146     		mov	r1, r2
  52              	.LVL2:
  17:/mnt/c/Users/31740/Documents/codes/newcore-rp2350/arch/arm_m/kernel/syscall/syscall.c ****     register int r2 __asm("r2") = arg2;
  53              		.loc 1 17 5 is_stmt 1 view .LVU6
  54              		.loc 1 17 18 is_stmt 0 view .LVU7
  55 000a 1A46     		mov	r2, r3
  56              	.LVL3:
  18:/mnt/c/Users/31740/Documents/codes/newcore-rp2350/arch/arm_m/kernel/syscall/syscall.c **** 
  19:/mnt/c/Users/31740/Documents/codes/newcore-rp2350/arch/arm_m/kernel/syscall/syscall.c ****     struct systemcall syscall_argvs = {
  57              		.loc 1 19 5 is_stmt 1 view .LVU8
  58              		.loc 1 19 23 is_stmt 0 view .LVU9
  59 000c 069B     		ldr	r3, [sp, #24]
  60              	.LVL4:
  61              		.loc 1 19 23 view .LVU10
  62 000e 0093     		str	r3, [sp]
  63 0010 079B     		ldr	r3, [sp, #28]
  64 0012 0193     		str	r3, [sp, #4]
  65 0014 089B     		ldr	r3, [sp, #32]
  66 0016 0293     		str	r3, [sp, #8]
  67 0018 0394     		str	r4, [sp, #12]
  20:/mnt/c/Users/31740/Documents/codes/newcore-rp2350/arch/arm_m/kernel/syscall/syscall.c ****         .r3 = arg3,
  21:/mnt/c/Users/31740/Documents/codes/newcore-rp2350/arch/arm_m/kernel/syscall/syscall.c ****         .r4 = arg4,
  22:/mnt/c/Users/31740/Documents/codes/newcore-rp2350/arch/arm_m/kernel/syscall/syscall.c ****         .r5 = arg5,
  23:/mnt/c/Users/31740/Documents/codes/newcore-rp2350/arch/arm_m/kernel/syscall/syscall.c ****         .r7 = sys_no,
  24:/mnt/c/Users/31740/Documents/codes/newcore-rp2350/arch/arm_m/kernel/syscall/syscall.c ****     };
  25:/mnt/c/Users/31740/Documents/codes/newcore-rp2350/arch/arm_m/kernel/syscall/syscall.c ****     register int r3 __asm("r3") = &syscall_argvs;
  68              		.loc 1 25 5 is_stmt 1 view .LVU11
  69              		.loc 1 25 18 is_stmt 0 view .LVU12
  70 001a 6B46     		mov	r3, sp
  26:/mnt/c/Users/31740/Documents/codes/newcore-rp2350/arch/arm_m/kernel/syscall/syscall.c **** 
  27:/mnt/c/Users/31740/Documents/codes/newcore-rp2350/arch/arm_m/kernel/syscall/syscall.c ****     __asm__ volatile (
  71              		.loc 1 27 5 is_stmt 1 view .LVU13
  72              		.syntax unified
  73              	@ 27 "/mnt/c/Users/31740/Documents/codes/newcore-rp2350/arch/arm_m/kernel/syscall/syscall.c" 1
  74 001c 00DF     		svc 0
  75              	@ 0 "" 2
  76              	.LVL5:
  28:/mnt/c/Users/31740/Documents/codes/newcore-rp2350/arch/arm_m/kernel/syscall/syscall.c ****         "svc 0"  
  29:/mnt/c/Users/31740/Documents/codes/newcore-rp2350/arch/arm_m/kernel/syscall/syscall.c ****         : "=r" (r0)
  30:/mnt/c/Users/31740/Documents/codes/newcore-rp2350/arch/arm_m/kernel/syscall/syscall.c ****         : "r" (r0), "r" (r1), "r" (r2), "r" (r3)
  31:/mnt/c/Users/31740/Documents/codes/newcore-rp2350/arch/arm_m/kernel/syscall/syscall.c ****         : "memory"
  32:/mnt/c/Users/31740/Documents/codes/newcore-rp2350/arch/arm_m/kernel/syscall/syscall.c ****     );
  33:/mnt/c/Users/31740/Documents/codes/newcore-rp2350/arch/arm_m/kernel/syscall/syscall.c **** 
  34:/mnt/c/Users/31740/Documents/codes/newcore-rp2350/arch/arm_m/kernel/syscall/syscall.c ****     return r0;
  77              		.loc 1 34 5 view .LVU14
  35:/mnt/c/Users/31740/Documents/codes/newcore-rp2350/arch/arm_m/kernel/syscall/syscall.c **** }
  78              		.loc 1 35 1 is_stmt 0 view .LVU15
  79              		.thumb
  80              		.syntax unified
ARM GAS  /tmp/ccpt6xx3.s 			page 3


  81 001e 05B0     		add	sp, sp, #20
  82              	.LCFI2:
  83              		.cfi_def_cfa_offset 4
  84              		@ sp needed
  85 0020 5DF8044B 		ldr	r4, [sp], #4
  86              	.LCFI3:
  87              		.cfi_restore 4
  88              		.cfi_def_cfa_offset 0
  89              	.LVL6:
  90              		.loc 1 35 1 view .LVU16
  91 0024 7047     		bx	lr
  92              		.cfi_endproc
  93              	.LFE148:
  95              		.section	.text.SVC_Handler_C,"ax",%progbits
  96              		.align	1
  97              		.global	SVC_Handler_C
  98              		.syntax unified
  99              		.thumb
 100              		.thumb_func
 102              	SVC_Handler_C:
 103              	.LVL7:
 104              	.LFB149:
  36:/mnt/c/Users/31740/Documents/codes/newcore-rp2350/arch/arm_m/kernel/syscall/syscall.c **** 
  37:/mnt/c/Users/31740/Documents/codes/newcore-rp2350/arch/arm_m/kernel/syscall/syscall.c **** extern int system_call(int sys_no,void* arg0,void* arg1,void* arg2,void* arg3,void* arg4,void* arg5
  38:/mnt/c/Users/31740/Documents/codes/newcore-rp2350/arch/arm_m/kernel/syscall/syscall.c **** 
  39:/mnt/c/Users/31740/Documents/codes/newcore-rp2350/arch/arm_m/kernel/syscall/syscall.c **** typedef struct {
  40:/mnt/c/Users/31740/Documents/codes/newcore-rp2350/arch/arm_m/kernel/syscall/syscall.c ****     uint32_t r0;  
  41:/mnt/c/Users/31740/Documents/codes/newcore-rp2350/arch/arm_m/kernel/syscall/syscall.c ****     uint32_t r1;  
  42:/mnt/c/Users/31740/Documents/codes/newcore-rp2350/arch/arm_m/kernel/syscall/syscall.c ****     uint32_t r2; 
  43:/mnt/c/Users/31740/Documents/codes/newcore-rp2350/arch/arm_m/kernel/syscall/syscall.c ****     uint32_t r3;  
  44:/mnt/c/Users/31740/Documents/codes/newcore-rp2350/arch/arm_m/kernel/syscall/syscall.c ****     uint32_t r12;
  45:/mnt/c/Users/31740/Documents/codes/newcore-rp2350/arch/arm_m/kernel/syscall/syscall.c ****     uint32_t lr;
  46:/mnt/c/Users/31740/Documents/codes/newcore-rp2350/arch/arm_m/kernel/syscall/syscall.c ****     uint32_t pc;
  47:/mnt/c/Users/31740/Documents/codes/newcore-rp2350/arch/arm_m/kernel/syscall/syscall.c ****     uint32_t psr;
  48:/mnt/c/Users/31740/Documents/codes/newcore-rp2350/arch/arm_m/kernel/syscall/syscall.c **** } ExceptionStackFrame;
  49:/mnt/c/Users/31740/Documents/codes/newcore-rp2350/arch/arm_m/kernel/syscall/syscall.c **** 
  50:/mnt/c/Users/31740/Documents/codes/newcore-rp2350/arch/arm_m/kernel/syscall/syscall.c **** void SVC_Handler_C(ExceptionStackFrame *frame)
  51:/mnt/c/Users/31740/Documents/codes/newcore-rp2350/arch/arm_m/kernel/syscall/syscall.c **** {
 105              		.loc 1 51 1 is_stmt 1 view -0
 106              		.cfi_startproc
 107              		@ args = 0, pretend = 0, frame = 0
 108              		@ frame_needed = 0, uses_anonymous_args = 0
 109              		.loc 1 51 1 is_stmt 0 view .LVU18
 110 0000 10B5     		push	{r4, lr}
 111              	.LCFI4:
 112              		.cfi_def_cfa_offset 8
 113              		.cfi_offset 4, -8
 114              		.cfi_offset 14, -4
 115 0002 84B0     		sub	sp, sp, #16
 116              	.LCFI5:
 117              		.cfi_def_cfa_offset 24
 118 0004 0446     		mov	r4, r0
  52:/mnt/c/Users/31740/Documents/codes/newcore-rp2350/arch/arm_m/kernel/syscall/syscall.c ****     struct systemcall* syscall_argvs = frame->r3;
 119              		.loc 1 52 5 is_stmt 1 view .LVU19
 120              		.loc 1 52 45 is_stmt 0 view .LVU20
 121 0006 C368     		ldr	r3, [r0, #12]
 122              	.LVL8:
ARM GAS  /tmp/ccpt6xx3.s 			page 4


  53:/mnt/c/Users/31740/Documents/codes/newcore-rp2350/arch/arm_m/kernel/syscall/syscall.c ****     
  54:/mnt/c/Users/31740/Documents/codes/newcore-rp2350/arch/arm_m/kernel/syscall/syscall.c ****     frame->r0 = system_call(syscall_argvs->r7,
 123              		.loc 1 54 5 is_stmt 1 view .LVU21
 124              		.loc 1 54 42 is_stmt 0 view .LVU22
 125 0008 D868     		ldr	r0, [r3, #12]	@ unaligned
 126              	.LVL9:
  55:/mnt/c/Users/31740/Documents/codes/newcore-rp2350/arch/arm_m/kernel/syscall/syscall.c ****                             frame->r0,
  56:/mnt/c/Users/31740/Documents/codes/newcore-rp2350/arch/arm_m/kernel/syscall/syscall.c ****                             frame->r1, 
  57:/mnt/c/Users/31740/Documents/codes/newcore-rp2350/arch/arm_m/kernel/syscall/syscall.c ****                             frame->r2,
  58:/mnt/c/Users/31740/Documents/codes/newcore-rp2350/arch/arm_m/kernel/syscall/syscall.c ****                             syscall_argvs->r3,
 127              		.loc 1 58 42 view .LVU23
 128 000a 1A68     		ldr	r2, [r3]	@ unaligned
  59:/mnt/c/Users/31740/Documents/codes/newcore-rp2350/arch/arm_m/kernel/syscall/syscall.c ****                             syscall_argvs->r4,
 129              		.loc 1 59 42 view .LVU24
 130 000c 5968     		ldr	r1, [r3, #4]	@ unaligned
  60:/mnt/c/Users/31740/Documents/codes/newcore-rp2350/arch/arm_m/kernel/syscall/syscall.c ****                             syscall_argvs->r5);            
 131              		.loc 1 60 42 view .LVU25
 132 000e 9B68     		ldr	r3, [r3, #8]	@ unaligned
 133              	.LVL10:
  54:/mnt/c/Users/31740/Documents/codes/newcore-rp2350/arch/arm_m/kernel/syscall/syscall.c ****                             frame->r0,
 134              		.loc 1 54 17 view .LVU26
 135 0010 0293     		str	r3, [sp, #8]
 136              	.LVL11:
  54:/mnt/c/Users/31740/Documents/codes/newcore-rp2350/arch/arm_m/kernel/syscall/syscall.c ****                             frame->r0,
 137              		.loc 1 54 17 view .LVU27
 138 0012 0191     		str	r1, [sp, #4]
 139 0014 0092     		str	r2, [sp]
 140 0016 A368     		ldr	r3, [r4, #8]
 141 0018 6268     		ldr	r2, [r4, #4]
 142 001a 2168     		ldr	r1, [r4]
 143 001c FFF7FEFF 		bl	system_call
 144              	.LVL12:
  54:/mnt/c/Users/31740/Documents/codes/newcore-rp2350/arch/arm_m/kernel/syscall/syscall.c ****                             frame->r0,
 145              		.loc 1 54 15 discriminator 1 view .LVU28
 146 0020 2060     		str	r0, [r4]
  61:/mnt/c/Users/31740/Documents/codes/newcore-rp2350/arch/arm_m/kernel/syscall/syscall.c **** }
 147              		.loc 1 61 1 view .LVU29
 148 0022 04B0     		add	sp, sp, #16
 149              	.LCFI6:
 150              		.cfi_def_cfa_offset 8
 151              		@ sp needed
 152 0024 10BD     		pop	{r4, pc}
 153              		.loc 1 61 1 view .LVU30
 154              		.cfi_endproc
 155              	.LFE149:
 157              		.section	.text.SVC_Handler,"ax",%progbits
 158              		.align	1
 159              		.global	SVC_Handler
 160              		.syntax unified
 161              		.thumb
 162              		.thumb_func
 164              	SVC_Handler:
 165              	.LFB150:
  62:/mnt/c/Users/31740/Documents/codes/newcore-rp2350/arch/arm_m/kernel/syscall/syscall.c **** 
  63:/mnt/c/Users/31740/Documents/codes/newcore-rp2350/arch/arm_m/kernel/syscall/syscall.c **** 
  64:/mnt/c/Users/31740/Documents/codes/newcore-rp2350/arch/arm_m/kernel/syscall/syscall.c **** 
  65:/mnt/c/Users/31740/Documents/codes/newcore-rp2350/arch/arm_m/kernel/syscall/syscall.c **** void SVC_Handler(void)
ARM GAS  /tmp/ccpt6xx3.s 			page 5


  66:/mnt/c/Users/31740/Documents/codes/newcore-rp2350/arch/arm_m/kernel/syscall/syscall.c **** {
 166              		.loc 1 66 1 is_stmt 1 view -0
 167              		.cfi_startproc
 168              		@ args = 0, pretend = 0, frame = 0
 169              		@ frame_needed = 0, uses_anonymous_args = 0
 170              		@ link register save eliminated.
  67:/mnt/c/Users/31740/Documents/codes/newcore-rp2350/arch/arm_m/kernel/syscall/syscall.c ****     __asm__ volatile (
 171              		.loc 1 67 5 view .LVU32
 172              		.syntax unified
 173              	@ 67 "/mnt/c/Users/31740/Documents/codes/newcore-rp2350/arch/arm_m/kernel/syscall/syscall.c" 1
 174 0000 1EF0040F 		TST lr, #4
 175 0004 0CBF     	ITE EQ
 176 0006 EFF30880 	MRSEQ r0, MSP
 177 000a EFF30980 	MRSNE r0, PSP
 178 000e FFF7FEBF 	B SVC_Handler_C
 179              	
 180              	@ 0 "" 2
  68:/mnt/c/Users/31740/Documents/codes/newcore-rp2350/arch/arm_m/kernel/syscall/syscall.c ****         "TST lr, #4\n"
  69:/mnt/c/Users/31740/Documents/codes/newcore-rp2350/arch/arm_m/kernel/syscall/syscall.c ****         "ITE EQ\n"
  70:/mnt/c/Users/31740/Documents/codes/newcore-rp2350/arch/arm_m/kernel/syscall/syscall.c ****         "MRSEQ r0, MSP\n"
  71:/mnt/c/Users/31740/Documents/codes/newcore-rp2350/arch/arm_m/kernel/syscall/syscall.c ****         "MRSNE r0, PSP\n"
  72:/mnt/c/Users/31740/Documents/codes/newcore-rp2350/arch/arm_m/kernel/syscall/syscall.c ****         "B SVC_Handler_C\n"
  73:/mnt/c/Users/31740/Documents/codes/newcore-rp2350/arch/arm_m/kernel/syscall/syscall.c ****     );
  74:/mnt/c/Users/31740/Documents/codes/newcore-rp2350/arch/arm_m/kernel/syscall/syscall.c **** }
 181              		.loc 1 74 1 is_stmt 0 view .LVU33
 182              		.thumb
 183              		.syntax unified
 184 0012 7047     		bx	lr
 185              		.cfi_endproc
 186              	.LFE150:
 188              		.text
 189              	.Letext0:
 190              		.file 2 "/mnt/c/Users/31740/Documents/codes/newcore-rp2350/include/linux/types.h"
 191              		.file 3 "/mnt/c/Users/31740/Documents/codes/newcore-rp2350/include/asm-generic/int-l64.h"
ARM GAS  /tmp/ccpt6xx3.s 			page 6


DEFINED SYMBOLS
                            *ABS*:00000000 syscall.c
     /tmp/ccpt6xx3.s:22     .text.__system_call:00000000 $t
     /tmp/ccpt6xx3.s:28     .text.__system_call:00000000 __system_call
     /tmp/ccpt6xx3.s:96     .text.SVC_Handler_C:00000000 $t
     /tmp/ccpt6xx3.s:102    .text.SVC_Handler_C:00000000 SVC_Handler_C
     /tmp/ccpt6xx3.s:158    .text.SVC_Handler:00000000 $t
     /tmp/ccpt6xx3.s:164    .text.SVC_Handler:00000000 SVC_Handler

UNDEFINED SYMBOLS
system_call
