ARM GAS  /tmp/ccxL4pM7.s 			page 1


   1              		.cpu cortex-m4
   2              		.arch armv7e-m
   3              		.fpu fpv4-sp-d16
   4              		.eabi_attribute 27, 1
   5              		.eabi_attribute 28, 1
   6              		.eabi_attribute 20, 1
   7              		.eabi_attribute 21, 1
   8              		.eabi_attribute 23, 3
   9              		.eabi_attribute 24, 1
  10              		.eabi_attribute 25, 1
  11              		.eabi_attribute 26, 1
  12              		.eabi_attribute 30, 1
  13              		.eabi_attribute 34, 1
  14              		.eabi_attribute 18, 4
  15              		.file	"syscall-mcpu=cortex-m4.c"
  16              		.text
  17              	.Ltext0:
  18              		.cfi_sections	.debug_frame
  19              		.file 1 "arch/arm_m/kernel/syscall/syscall-mcpu=cortex-m4.c"
  20              		.section	.text.__system_call,"ax",%progbits
  21              		.align	1
  22              		.global	__system_call
  23              		.syntax unified
  24              		.thumb
  25              		.thumb_func
  27              	__system_call:
  28              	.LVL0:
  29              	.LFB148:
   1:arch/arm_m/kernel/syscall/syscall-mcpu=cortex-m4.c **** #include <linux/kernel.h>
   2:arch/arm_m/kernel/syscall/syscall-mcpu=cortex-m4.c **** #include <linux/compiler.h>
   3:arch/arm_m/kernel/syscall/syscall-mcpu=cortex-m4.c **** #include <linux/types.h>
   4:arch/arm_m/kernel/syscall/syscall-mcpu=cortex-m4.c **** 
   5:arch/arm_m/kernel/syscall/syscall-mcpu=cortex-m4.c **** 
   6:arch/arm_m/kernel/syscall/syscall-mcpu=cortex-m4.c **** struct systemcall {
   7:arch/arm_m/kernel/syscall/syscall-mcpu=cortex-m4.c ****     uint32_t r3;
   8:arch/arm_m/kernel/syscall/syscall-mcpu=cortex-m4.c ****     uint32_t r4;
   9:arch/arm_m/kernel/syscall/syscall-mcpu=cortex-m4.c ****     uint32_t r5;
  10:arch/arm_m/kernel/syscall/syscall-mcpu=cortex-m4.c ****     uint32_t r7;
  11:arch/arm_m/kernel/syscall/syscall-mcpu=cortex-m4.c **** }__attribute__((packed));
  12:arch/arm_m/kernel/syscall/syscall-mcpu=cortex-m4.c **** 
  13:arch/arm_m/kernel/syscall/syscall-mcpu=cortex-m4.c **** int __system_call(int sys_no, int arg0, int arg1, int arg2, int arg3, int arg4, int arg5)
  14:arch/arm_m/kernel/syscall/syscall-mcpu=cortex-m4.c **** {
  30              		.loc 1 14 1 view -0
  31              		.cfi_startproc
  32              		@ args = 12, pretend = 0, frame = 16
  33              		@ frame_needed = 0, uses_anonymous_args = 0
  34              		@ link register save eliminated.
  35              		.loc 1 14 1 is_stmt 0 view .LVU1
  36 0000 10B4     		push	{r4}
  37              	.LCFI0:
  38              		.cfi_def_cfa_offset 4
  39              		.cfi_offset 4, -4
  40 0002 85B0     		sub	sp, sp, #20
  41              	.LCFI1:
  42              		.cfi_def_cfa_offset 24
  43 0004 0446     		mov	r4, r0
  15:arch/arm_m/kernel/syscall/syscall-mcpu=cortex-m4.c ****     register int r0 __asm("r0") = arg0;
ARM GAS  /tmp/ccxL4pM7.s 			page 2


  44              		.loc 1 15 5 is_stmt 1 view .LVU2
  45              		.loc 1 15 18 is_stmt 0 view .LVU3
  46 0006 0846     		mov	r0, r1
  47              	.LVL1:
  16:arch/arm_m/kernel/syscall/syscall-mcpu=cortex-m4.c ****     register int r1 __asm("r1") = arg1;
  48              		.loc 1 16 5 is_stmt 1 view .LVU4
  49              		.loc 1 16 18 is_stmt 0 view .LVU5
  50 0008 1146     		mov	r1, r2
  51              	.LVL2:
  17:arch/arm_m/kernel/syscall/syscall-mcpu=cortex-m4.c ****     register int r2 __asm("r2") = arg2;
  52              		.loc 1 17 5 is_stmt 1 view .LVU6
  53              		.loc 1 17 18 is_stmt 0 view .LVU7
  54 000a 1A46     		mov	r2, r3
  55              	.LVL3:
  18:arch/arm_m/kernel/syscall/syscall-mcpu=cortex-m4.c **** 
  19:arch/arm_m/kernel/syscall/syscall-mcpu=cortex-m4.c ****     struct systemcall syscall_argvs = {
  56              		.loc 1 19 5 is_stmt 1 view .LVU8
  57              		.loc 1 19 23 is_stmt 0 view .LVU9
  58 000c 069B     		ldr	r3, [sp, #24]
  59              	.LVL4:
  60              		.loc 1 19 23 view .LVU10
  61 000e 0093     		str	r3, [sp]
  62 0010 079B     		ldr	r3, [sp, #28]
  63 0012 0193     		str	r3, [sp, #4]
  64 0014 089B     		ldr	r3, [sp, #32]
  65 0016 0293     		str	r3, [sp, #8]
  66 0018 0394     		str	r4, [sp, #12]
  20:arch/arm_m/kernel/syscall/syscall-mcpu=cortex-m4.c ****         .r3 = arg3,
  21:arch/arm_m/kernel/syscall/syscall-mcpu=cortex-m4.c ****         .r4 = arg4,
  22:arch/arm_m/kernel/syscall/syscall-mcpu=cortex-m4.c ****         .r5 = arg5,
  23:arch/arm_m/kernel/syscall/syscall-mcpu=cortex-m4.c ****         .r7 = sys_no,
  24:arch/arm_m/kernel/syscall/syscall-mcpu=cortex-m4.c ****     };
  25:arch/arm_m/kernel/syscall/syscall-mcpu=cortex-m4.c ****     register int r3 __asm("r3") = &syscall_argvs;
  67              		.loc 1 25 5 is_stmt 1 view .LVU11
  68              		.loc 1 25 18 is_stmt 0 view .LVU12
  69 001a 6B46     		mov	r3, sp
  26:arch/arm_m/kernel/syscall/syscall-mcpu=cortex-m4.c **** 
  27:arch/arm_m/kernel/syscall/syscall-mcpu=cortex-m4.c ****     __asm__ volatile (
  70              		.loc 1 27 5 is_stmt 1 view .LVU13
  71              		.syntax unified
  72              	@ 27 "arch/arm_m/kernel/syscall/syscall-mcpu=cortex-m4.c" 1
  73 001c 00DF     		svc 0
  74              	@ 0 "" 2
  75              	.LVL5:
  28:arch/arm_m/kernel/syscall/syscall-mcpu=cortex-m4.c ****         "svc 0"  
  29:arch/arm_m/kernel/syscall/syscall-mcpu=cortex-m4.c ****         : "=r" (r0)
  30:arch/arm_m/kernel/syscall/syscall-mcpu=cortex-m4.c ****         : "r" (r0), "r" (r1), "r" (r2), "r" (r3)
  31:arch/arm_m/kernel/syscall/syscall-mcpu=cortex-m4.c ****         : "memory"
  32:arch/arm_m/kernel/syscall/syscall-mcpu=cortex-m4.c ****     );
  33:arch/arm_m/kernel/syscall/syscall-mcpu=cortex-m4.c **** 
  34:arch/arm_m/kernel/syscall/syscall-mcpu=cortex-m4.c ****     return r0;
  76              		.loc 1 34 5 view .LVU14
  35:arch/arm_m/kernel/syscall/syscall-mcpu=cortex-m4.c **** }
  77              		.loc 1 35 1 is_stmt 0 view .LVU15
  78              		.thumb
  79              		.syntax unified
  80 001e 05B0     		add	sp, sp, #20
ARM GAS  /tmp/ccxL4pM7.s 			page 3


  81              	.LCFI2:
  82              		.cfi_def_cfa_offset 4
  83              		@ sp needed
  84 0020 5DF8044B 		ldr	r4, [sp], #4
  85              	.LCFI3:
  86              		.cfi_restore 4
  87              		.cfi_def_cfa_offset 0
  88              	.LVL6:
  89              		.loc 1 35 1 view .LVU16
  90 0024 7047     		bx	lr
  91              		.cfi_endproc
  92              	.LFE148:
  94              		.section	.text.SVC_Handler_C,"ax",%progbits
  95              		.align	1
  96              		.global	SVC_Handler_C
  97              		.syntax unified
  98              		.thumb
  99              		.thumb_func
 101              	SVC_Handler_C:
 102              	.LVL7:
 103              	.LFB149:
  36:arch/arm_m/kernel/syscall/syscall-mcpu=cortex-m4.c **** 
  37:arch/arm_m/kernel/syscall/syscall-mcpu=cortex-m4.c **** extern int system_call(int sys_no,void* arg0,void* arg1,void* arg2,void* arg3,void* arg4,void* arg5
  38:arch/arm_m/kernel/syscall/syscall-mcpu=cortex-m4.c **** 
  39:arch/arm_m/kernel/syscall/syscall-mcpu=cortex-m4.c **** typedef struct {
  40:arch/arm_m/kernel/syscall/syscall-mcpu=cortex-m4.c ****     uint32_t r0;  
  41:arch/arm_m/kernel/syscall/syscall-mcpu=cortex-m4.c ****     uint32_t r1;  
  42:arch/arm_m/kernel/syscall/syscall-mcpu=cortex-m4.c ****     uint32_t r2; 
  43:arch/arm_m/kernel/syscall/syscall-mcpu=cortex-m4.c ****     uint32_t r3;  
  44:arch/arm_m/kernel/syscall/syscall-mcpu=cortex-m4.c ****     uint32_t r12;
  45:arch/arm_m/kernel/syscall/syscall-mcpu=cortex-m4.c ****     uint32_t lr;
  46:arch/arm_m/kernel/syscall/syscall-mcpu=cortex-m4.c ****     uint32_t pc;
  47:arch/arm_m/kernel/syscall/syscall-mcpu=cortex-m4.c ****     uint32_t psr;
  48:arch/arm_m/kernel/syscall/syscall-mcpu=cortex-m4.c **** } ExceptionStackFrame;
  49:arch/arm_m/kernel/syscall/syscall-mcpu=cortex-m4.c **** 
  50:arch/arm_m/kernel/syscall/syscall-mcpu=cortex-m4.c **** void SVC_Handler_C(ExceptionStackFrame *frame)
  51:arch/arm_m/kernel/syscall/syscall-mcpu=cortex-m4.c **** {
 104              		.loc 1 51 1 is_stmt 1 view -0
 105              		.cfi_startproc
 106              		@ args = 0, pretend = 0, frame = 0
 107              		@ frame_needed = 0, uses_anonymous_args = 0
 108              		.loc 1 51 1 is_stmt 0 view .LVU18
 109 0000 10B5     		push	{r4, lr}
 110              	.LCFI4:
 111              		.cfi_def_cfa_offset 8
 112              		.cfi_offset 4, -8
 113              		.cfi_offset 14, -4
 114 0002 84B0     		sub	sp, sp, #16
 115              	.LCFI5:
 116              		.cfi_def_cfa_offset 24
 117 0004 0446     		mov	r4, r0
  52:arch/arm_m/kernel/syscall/syscall-mcpu=cortex-m4.c ****     struct systemcall* syscall_argvs = frame->r3;
 118              		.loc 1 52 5 is_stmt 1 view .LVU19
 119              		.loc 1 52 45 is_stmt 0 view .LVU20
 120 0006 C368     		ldr	r3, [r0, #12]
 121              	.LVL8:
  53:arch/arm_m/kernel/syscall/syscall-mcpu=cortex-m4.c ****     
ARM GAS  /tmp/ccxL4pM7.s 			page 4


  54:arch/arm_m/kernel/syscall/syscall-mcpu=cortex-m4.c ****     frame->r0 = system_call(syscall_argvs->r7,
 122              		.loc 1 54 5 is_stmt 1 view .LVU21
 123              		.loc 1 54 42 is_stmt 0 view .LVU22
 124 0008 D868     		ldr	r0, [r3, #12]	@ unaligned
 125              	.LVL9:
  55:arch/arm_m/kernel/syscall/syscall-mcpu=cortex-m4.c ****                             frame->r0,
  56:arch/arm_m/kernel/syscall/syscall-mcpu=cortex-m4.c ****                             frame->r1, 
  57:arch/arm_m/kernel/syscall/syscall-mcpu=cortex-m4.c ****                             frame->r2,
  58:arch/arm_m/kernel/syscall/syscall-mcpu=cortex-m4.c ****                             syscall_argvs->r3,
 126              		.loc 1 58 42 view .LVU23
 127 000a 1A68     		ldr	r2, [r3]	@ unaligned
  59:arch/arm_m/kernel/syscall/syscall-mcpu=cortex-m4.c ****                             syscall_argvs->r4,
 128              		.loc 1 59 42 view .LVU24
 129 000c 5968     		ldr	r1, [r3, #4]	@ unaligned
  60:arch/arm_m/kernel/syscall/syscall-mcpu=cortex-m4.c ****                             syscall_argvs->r5);            
 130              		.loc 1 60 42 view .LVU25
 131 000e 9B68     		ldr	r3, [r3, #8]	@ unaligned
 132              	.LVL10:
  54:arch/arm_m/kernel/syscall/syscall-mcpu=cortex-m4.c ****                             frame->r0,
 133              		.loc 1 54 17 view .LVU26
 134 0010 0293     		str	r3, [sp, #8]
 135              	.LVL11:
  54:arch/arm_m/kernel/syscall/syscall-mcpu=cortex-m4.c ****                             frame->r0,
 136              		.loc 1 54 17 view .LVU27
 137 0012 0191     		str	r1, [sp, #4]
 138 0014 0092     		str	r2, [sp]
 139 0016 A368     		ldr	r3, [r4, #8]
 140 0018 6268     		ldr	r2, [r4, #4]
 141 001a 2168     		ldr	r1, [r4]
 142 001c FFF7FEFF 		bl	system_call
 143              	.LVL12:
  54:arch/arm_m/kernel/syscall/syscall-mcpu=cortex-m4.c ****                             frame->r0,
 144              		.loc 1 54 15 discriminator 1 view .LVU28
 145 0020 2060     		str	r0, [r4]
  61:arch/arm_m/kernel/syscall/syscall-mcpu=cortex-m4.c **** }
 146              		.loc 1 61 1 view .LVU29
 147 0022 04B0     		add	sp, sp, #16
 148              	.LCFI6:
 149              		.cfi_def_cfa_offset 8
 150              		@ sp needed
 151 0024 10BD     		pop	{r4, pc}
 152              		.loc 1 61 1 view .LVU30
 153              		.cfi_endproc
 154              	.LFE149:
 156              		.section	.text.SVC_Handler,"ax",%progbits
 157              		.align	1
 158              		.global	SVC_Handler
 159              		.syntax unified
 160              		.thumb
 161              		.thumb_func
 163              	SVC_Handler:
 164              	.LFB150:
  62:arch/arm_m/kernel/syscall/syscall-mcpu=cortex-m4.c **** 
  63:arch/arm_m/kernel/syscall/syscall-mcpu=cortex-m4.c **** void SVC_Handler(void)
  64:arch/arm_m/kernel/syscall/syscall-mcpu=cortex-m4.c **** {
 165              		.loc 1 64 1 is_stmt 1 view -0
 166              		.cfi_startproc
ARM GAS  /tmp/ccxL4pM7.s 			page 5


 167              		@ args = 0, pretend = 0, frame = 0
 168              		@ frame_needed = 0, uses_anonymous_args = 0
 169              		@ link register save eliminated.
  65:arch/arm_m/kernel/syscall/syscall-mcpu=cortex-m4.c ****     __asm__ volatile (
 170              		.loc 1 65 5 view .LVU32
 171              		.syntax unified
 172              	@ 65 "arch/arm_m/kernel/syscall/syscall-mcpu=cortex-m4.c" 1
 173 0000 1EF0040F 		TST lr, #4
 174 0004 0CBF     	ITE EQ
 175 0006 EFF30880 	MRSEQ r0, MSP
 176 000a EFF30980 	MRSNE r0, PSP
 177 000e FFF7FEBF 	B SVC_Handler_C
 178              	
 179              	@ 0 "" 2
  66:arch/arm_m/kernel/syscall/syscall-mcpu=cortex-m4.c ****         "TST lr, #4\n"
  67:arch/arm_m/kernel/syscall/syscall-mcpu=cortex-m4.c ****         "ITE EQ\n"
  68:arch/arm_m/kernel/syscall/syscall-mcpu=cortex-m4.c ****         "MRSEQ r0, MSP\n"
  69:arch/arm_m/kernel/syscall/syscall-mcpu=cortex-m4.c ****         "MRSNE r0, PSP\n"
  70:arch/arm_m/kernel/syscall/syscall-mcpu=cortex-m4.c ****         "B SVC_Handler_C\n"
  71:arch/arm_m/kernel/syscall/syscall-mcpu=cortex-m4.c ****     );
  72:arch/arm_m/kernel/syscall/syscall-mcpu=cortex-m4.c **** }
 180              		.loc 1 72 1 is_stmt 0 view .LVU33
 181              		.thumb
 182              		.syntax unified
 183 0012 7047     		bx	lr
 184              		.cfi_endproc
 185              	.LFE150:
 187              		.text
 188              	.Letext0:
 189              		.file 2 "./include/linux/types.h"
 190              		.file 3 "./include/asm-generic/int-l64.h"
ARM GAS  /tmp/ccxL4pM7.s 			page 6


DEFINED SYMBOLS
                            *ABS*:00000000 syscall-mcpu=cortex-m4.c
     /tmp/ccxL4pM7.s:21     .text.__system_call:00000000 $t
     /tmp/ccxL4pM7.s:27     .text.__system_call:00000000 __system_call
     /tmp/ccxL4pM7.s:95     .text.SVC_Handler_C:00000000 $t
     /tmp/ccxL4pM7.s:101    .text.SVC_Handler_C:00000000 SVC_Handler_C
     /tmp/ccxL4pM7.s:157    .text.SVC_Handler:00000000 $t
     /tmp/ccxL4pM7.s:163    .text.SVC_Handler:00000000 SVC_Handler

UNDEFINED SYMBOLS
system_call
