ARM GAS  /tmp/ccxYOS9e.s 			page 1


   1              		.cpu cortex-m4
   2              		.arch armv7e-m
   3              		.fpu fpv4-sp-d16
   4              		.eabi_attribute 27, 1
   5              		.eabi_attribute 28, 1
   6              		.eabi_attribute 20, 1
   7              		.eabi_attribute 21, 1
   8              		.eabi_attribute 23, 3
   9              		.eabi_attribute 24, 1
  10              		.eabi_attribute 25, 1
  11              		.eabi_attribute 26, 1
  12              		.eabi_attribute 30, 1
  13              		.eabi_attribute 34, 1
  14              		.eabi_attribute 18, 4
  15              		.file	"time.c"
  16              		.text
  17              	.Ltext0:
  18              		.cfi_sections	.debug_frame
  19              		.file 1 "./lib/time.c"
  20              		.section	.text.ktime_get,"ax",%progbits
  21              		.align	1
  22              		.global	ktime_get
  23              		.syntax unified
  24              		.thumb
  25              		.thumb_func
  27              	ktime_get:
  28              	.LFB109:
   1:./lib/time.c  **** #include <linux/time64.h>
   2:./lib/time.c  **** #include <generated/autoconf.h>
   3:./lib/time.c  **** #include <linux/sched.h>
   4:./lib/time.c  **** 
   5:./lib/time.c  **** static time64_t time = 0;
   6:./lib/time.c  **** 
   7:./lib/time.c  **** unsigned int HZ = CONFIG_SYSTEM_TICK_FREQUENCY;
   8:./lib/time.c  **** 
   9:./lib/time.c  **** time64_t ktime_get(){
  29              		.loc 1 9 21 view -0
  30              		.cfi_startproc
  31              		@ args = 0, pretend = 0, frame = 0
  32              		@ frame_needed = 0, uses_anonymous_args = 0
  33              		@ link register save eliminated.
  10:./lib/time.c  ****     return time;
  34              		.loc 1 10 5 view .LVU1
  11:./lib/time.c  **** }
  35              		.loc 1 11 1 is_stmt 0 view .LVU2
  36 0000 014B     		ldr	r3, .L2
  37 0002 1868     		ldr	r0, [r3]
  38 0004 7047     		bx	lr
  39              	.L3:
  40 0006 00BF     		.align	2
  41              	.L2:
  42 0008 00000000 		.word	time
  43              		.cfi_endproc
  44              	.LFE109:
  46              		.section	.text.sys_tick_hander,"ax",%progbits
  47              		.align	1
  48              		.global	sys_tick_hander
ARM GAS  /tmp/ccxYOS9e.s 			page 2


  49              		.syntax unified
  50              		.thumb
  51              		.thumb_func
  53              	sys_tick_hander:
  54              	.LFB110:
  12:./lib/time.c  **** 
  13:./lib/time.c  **** 
  14:./lib/time.c  **** void sys_tick_hander(void) {
  55              		.loc 1 14 28 is_stmt 1 view -0
  56              		.cfi_startproc
  57              		@ args = 0, pretend = 0, frame = 0
  58              		@ frame_needed = 0, uses_anonymous_args = 0
  59 0000 08B5     		push	{r3, lr}
  60              	.LCFI0:
  61              		.cfi_def_cfa_offset 8
  62              		.cfi_offset 3, -8
  63              		.cfi_offset 14, -4
  15:./lib/time.c  ****     time++;
  64              		.loc 1 15 5 view .LVU4
  65              		.loc 1 15 9 is_stmt 0 view .LVU5
  66 0002 034A     		ldr	r2, .L6
  67 0004 1368     		ldr	r3, [r2]
  68 0006 0133     		adds	r3, r3, #1
  69 0008 1360     		str	r3, [r2]
  16:./lib/time.c  ****     sched();
  70              		.loc 1 16 5 is_stmt 1 view .LVU6
  71 000a FFF7FEFF 		bl	sched
  72              	.LVL0:
  17:./lib/time.c  **** }
  73              		.loc 1 17 1 is_stmt 0 view .LVU7
  74 000e 08BD     		pop	{r3, pc}
  75              	.L7:
  76              		.align	2
  77              	.L6:
  78 0010 00000000 		.word	time
  79              		.cfi_endproc
  80              	.LFE110:
  82              		.global	HZ
  83              		.section	.data.HZ,"aw"
  84              		.align	2
  87              	HZ:
  88 0000 C8000000 		.word	200
  89              		.section	.bss.time,"aw",%nobits
  90              		.align	2
  93              	time:
  94 0000 00000000 		.space	4
  95              		.text
  96              	.Letext0:
  97              		.file 2 "./include/asm-generic/int-l64.h"
  98              		.file 3 "./include/linux/time64.h"
  99              		.file 4 "./include/linux/time.h"
 100              		.file 5 "./include/linux/sched.h"
ARM GAS  /tmp/ccxYOS9e.s 			page 3


DEFINED SYMBOLS
                            *ABS*:00000000 time.c
     /tmp/ccxYOS9e.s:21     .text.ktime_get:00000000 $t
     /tmp/ccxYOS9e.s:27     .text.ktime_get:00000000 ktime_get
     /tmp/ccxYOS9e.s:42     .text.ktime_get:00000008 $d
     /tmp/ccxYOS9e.s:93     .bss.time:00000000 time
     /tmp/ccxYOS9e.s:47     .text.sys_tick_hander:00000000 $t
     /tmp/ccxYOS9e.s:53     .text.sys_tick_hander:00000000 sys_tick_hander
     /tmp/ccxYOS9e.s:78     .text.sys_tick_hander:00000010 $d
     /tmp/ccxYOS9e.s:87     .data.HZ:00000000 HZ
     /tmp/ccxYOS9e.s:84     .data.HZ:00000000 $d
     /tmp/ccxYOS9e.s:90     .bss.time:00000000 $d

UNDEFINED SYMBOLS
sched
