ARM GAS  /tmp/ccz88ICY.s 			page 1


   1              		.cpu cortex-m4
   2              		.arch armv7e-m
   3              		.fpu fpv4-sp-d16
   4              		.eabi_attribute 27, 1
   5              		.eabi_attribute 28, 1
   6              		.eabi_attribute 20, 1
   7              		.eabi_attribute 21, 1
   8              		.eabi_attribute 23, 3
   9              		.eabi_attribute 24, 1
  10              		.eabi_attribute 25, 1
  11              		.eabi_attribute 26, 1
  12              		.eabi_attribute 30, 1
  13              		.eabi_attribute 34, 1
  14              		.eabi_attribute 18, 4
  15              		.file	"time_loop.c"
  16              		.text
  17              	.Ltext0:
  18              		.cfi_sections	.debug_frame
  19              		.file 1 "/mnt/c/Users/31740/Desktop/newcore/lib/time_loop.c"
  20              	.Letext0:
  21              		.file 2 "/mnt/c/Users/31740/Desktop/newcore/include/asm-generic/int-l64.h"
  22              		.file 3 "/mnt/c/Users/31740/Desktop/newcore/include/asm-generic/posix_types.h"
  23              		.file 4 "/mnt/c/Users/31740/Desktop/newcore/include/linux/types.h"
  24              		.file 5 "/mnt/c/Users/31740/Desktop/newcore/include/linux/time64.h"
  25              		.file 6 "/mnt/c/Users/31740/Desktop/newcore/arch/arm_m/include/asm/sched.h"
  26              		.file 7 "/mnt/c/Users/31740/Desktop/newcore/include/linux/sched.h"
ARM GAS  /tmp/ccz88ICY.s 			page 2


DEFINED SYMBOLS
                            *ABS*:00000000 time_loop.c

NO UNDEFINED SYMBOLS
