ARM GAS  /tmp/ccm5zieg.s 			page 1


   1              		.cpu cortex-m7
   2              		.arch armv7e-m
   3              		.fpu fpv5-d16
   4              		.eabi_attribute 28, 1
   5              		.eabi_attribute 20, 1
   6              		.eabi_attribute 21, 1
   7              		.eabi_attribute 23, 3
   8              		.eabi_attribute 24, 1
   9              		.eabi_attribute 25, 1
  10              		.eabi_attribute 26, 1
  11              		.eabi_attribute 30, 1
  12              		.eabi_attribute 34, 1
  13              		.eabi_attribute 18, 4
  14              		.file	"stm32h7xx_hal_msp.c"
  15              		.text
  16              	.Ltext0:
  17              		.cfi_sections	.debug_frame
  18              		.file 1 "Core/Src/stm32h7xx_hal_msp.c"
  19              		.section	.text.HAL_FMC_MspInit,"ax",%progbits
  20              		.align	1
  21              		.syntax unified
  22              		.thumb
  23              		.thumb_func
  25              	HAL_FMC_MspInit:
  26              	.LFB147:
   1:Core/Src/stm32h7xx_hal_msp.c **** /* USER CODE BEGIN Header */
   2:Core/Src/stm32h7xx_hal_msp.c **** /**
   3:Core/Src/stm32h7xx_hal_msp.c ****   ******************************************************************************
   4:Core/Src/stm32h7xx_hal_msp.c ****   * @file         stm32h7xx_hal_msp.c
   5:Core/Src/stm32h7xx_hal_msp.c ****   * @brief        This file provides code for the MSP Initialization
   6:Core/Src/stm32h7xx_hal_msp.c ****   *               and de-Initialization codes.
   7:Core/Src/stm32h7xx_hal_msp.c ****   ******************************************************************************
   8:Core/Src/stm32h7xx_hal_msp.c ****   * @attention
   9:Core/Src/stm32h7xx_hal_msp.c ****   *
  10:Core/Src/stm32h7xx_hal_msp.c ****   * Copyright (c) 2025 STMicroelectronics.
  11:Core/Src/stm32h7xx_hal_msp.c ****   * All rights reserved.
  12:Core/Src/stm32h7xx_hal_msp.c ****   *
  13:Core/Src/stm32h7xx_hal_msp.c ****   * This software is licensed under terms that can be found in the LICENSE file
  14:Core/Src/stm32h7xx_hal_msp.c ****   * in the root directory of this software component.
  15:Core/Src/stm32h7xx_hal_msp.c ****   * If no LICENSE file comes with this software, it is provided AS-IS.
  16:Core/Src/stm32h7xx_hal_msp.c ****   *
  17:Core/Src/stm32h7xx_hal_msp.c ****   ******************************************************************************
  18:Core/Src/stm32h7xx_hal_msp.c ****   */
  19:Core/Src/stm32h7xx_hal_msp.c **** /* USER CODE END Header */
  20:Core/Src/stm32h7xx_hal_msp.c **** 
  21:Core/Src/stm32h7xx_hal_msp.c **** /* Includes ------------------------------------------------------------------*/
  22:Core/Src/stm32h7xx_hal_msp.c **** #include "main.h"
  23:Core/Src/stm32h7xx_hal_msp.c **** /* USER CODE BEGIN Includes */
  24:Core/Src/stm32h7xx_hal_msp.c **** 
  25:Core/Src/stm32h7xx_hal_msp.c **** /* USER CODE END Includes */
  26:Core/Src/stm32h7xx_hal_msp.c **** 
  27:Core/Src/stm32h7xx_hal_msp.c **** /* Private typedef -----------------------------------------------------------*/
  28:Core/Src/stm32h7xx_hal_msp.c **** /* USER CODE BEGIN TD */
  29:Core/Src/stm32h7xx_hal_msp.c **** 
  30:Core/Src/stm32h7xx_hal_msp.c **** /* USER CODE END TD */
  31:Core/Src/stm32h7xx_hal_msp.c **** 
  32:Core/Src/stm32h7xx_hal_msp.c **** /* Private define ------------------------------------------------------------*/
ARM GAS  /tmp/ccm5zieg.s 			page 2


  33:Core/Src/stm32h7xx_hal_msp.c **** /* USER CODE BEGIN Define */
  34:Core/Src/stm32h7xx_hal_msp.c **** 
  35:Core/Src/stm32h7xx_hal_msp.c **** /* USER CODE END Define */
  36:Core/Src/stm32h7xx_hal_msp.c **** 
  37:Core/Src/stm32h7xx_hal_msp.c **** /* Private macro -------------------------------------------------------------*/
  38:Core/Src/stm32h7xx_hal_msp.c **** /* USER CODE BEGIN Macro */
  39:Core/Src/stm32h7xx_hal_msp.c **** 
  40:Core/Src/stm32h7xx_hal_msp.c **** /* USER CODE END Macro */
  41:Core/Src/stm32h7xx_hal_msp.c **** 
  42:Core/Src/stm32h7xx_hal_msp.c **** /* Private variables ---------------------------------------------------------*/
  43:Core/Src/stm32h7xx_hal_msp.c **** /* USER CODE BEGIN PV */
  44:Core/Src/stm32h7xx_hal_msp.c **** 
  45:Core/Src/stm32h7xx_hal_msp.c **** /* USER CODE END PV */
  46:Core/Src/stm32h7xx_hal_msp.c **** 
  47:Core/Src/stm32h7xx_hal_msp.c **** /* Private function prototypes -----------------------------------------------*/
  48:Core/Src/stm32h7xx_hal_msp.c **** /* USER CODE BEGIN PFP */
  49:Core/Src/stm32h7xx_hal_msp.c **** 
  50:Core/Src/stm32h7xx_hal_msp.c **** /* USER CODE END PFP */
  51:Core/Src/stm32h7xx_hal_msp.c **** 
  52:Core/Src/stm32h7xx_hal_msp.c **** /* External functions --------------------------------------------------------*/
  53:Core/Src/stm32h7xx_hal_msp.c **** /* USER CODE BEGIN ExternalFunctions */
  54:Core/Src/stm32h7xx_hal_msp.c **** 
  55:Core/Src/stm32h7xx_hal_msp.c **** /* USER CODE END ExternalFunctions */
  56:Core/Src/stm32h7xx_hal_msp.c **** 
  57:Core/Src/stm32h7xx_hal_msp.c **** /* USER CODE BEGIN 0 */
  58:Core/Src/stm32h7xx_hal_msp.c **** 
  59:Core/Src/stm32h7xx_hal_msp.c **** /* USER CODE END 0 */
  60:Core/Src/stm32h7xx_hal_msp.c **** /**
  61:Core/Src/stm32h7xx_hal_msp.c ****   * Initializes the Global MSP.
  62:Core/Src/stm32h7xx_hal_msp.c ****   */
  63:Core/Src/stm32h7xx_hal_msp.c **** void HAL_MspInit(void)
  64:Core/Src/stm32h7xx_hal_msp.c **** {
  65:Core/Src/stm32h7xx_hal_msp.c **** 
  66:Core/Src/stm32h7xx_hal_msp.c ****   /* USER CODE BEGIN MspInit 0 */
  67:Core/Src/stm32h7xx_hal_msp.c **** 
  68:Core/Src/stm32h7xx_hal_msp.c ****   /* USER CODE END MspInit 0 */
  69:Core/Src/stm32h7xx_hal_msp.c **** 
  70:Core/Src/stm32h7xx_hal_msp.c ****   __HAL_RCC_SYSCFG_CLK_ENABLE();
  71:Core/Src/stm32h7xx_hal_msp.c **** 
  72:Core/Src/stm32h7xx_hal_msp.c ****   /* System interrupt init*/
  73:Core/Src/stm32h7xx_hal_msp.c **** 
  74:Core/Src/stm32h7xx_hal_msp.c ****   /* USER CODE BEGIN MspInit 1 */
  75:Core/Src/stm32h7xx_hal_msp.c **** 
  76:Core/Src/stm32h7xx_hal_msp.c ****   /* USER CODE END MspInit 1 */
  77:Core/Src/stm32h7xx_hal_msp.c **** }
  78:Core/Src/stm32h7xx_hal_msp.c **** 
  79:Core/Src/stm32h7xx_hal_msp.c **** /**
  80:Core/Src/stm32h7xx_hal_msp.c **** * @brief UART MSP Initialization
  81:Core/Src/stm32h7xx_hal_msp.c **** * This function configures the hardware resources used in this example
  82:Core/Src/stm32h7xx_hal_msp.c **** * @param huart: UART handle pointer
  83:Core/Src/stm32h7xx_hal_msp.c **** * @retval None
  84:Core/Src/stm32h7xx_hal_msp.c **** */
  85:Core/Src/stm32h7xx_hal_msp.c **** void HAL_UART_MspInit(UART_HandleTypeDef* huart)
  86:Core/Src/stm32h7xx_hal_msp.c **** {
  87:Core/Src/stm32h7xx_hal_msp.c ****   GPIO_InitTypeDef GPIO_InitStruct = {0};
  88:Core/Src/stm32h7xx_hal_msp.c ****   RCC_PeriphCLKInitTypeDef PeriphClkInitStruct = {0};
  89:Core/Src/stm32h7xx_hal_msp.c ****   if(huart->Instance==USART1)
ARM GAS  /tmp/ccm5zieg.s 			page 3


  90:Core/Src/stm32h7xx_hal_msp.c ****   {
  91:Core/Src/stm32h7xx_hal_msp.c ****   /* USER CODE BEGIN USART1_MspInit 0 */
  92:Core/Src/stm32h7xx_hal_msp.c **** 
  93:Core/Src/stm32h7xx_hal_msp.c ****   /* USER CODE END USART1_MspInit 0 */
  94:Core/Src/stm32h7xx_hal_msp.c **** 
  95:Core/Src/stm32h7xx_hal_msp.c ****   /** Initializes the peripherals clock
  96:Core/Src/stm32h7xx_hal_msp.c ****   */
  97:Core/Src/stm32h7xx_hal_msp.c ****     PeriphClkInitStruct.PeriphClockSelection = RCC_PERIPHCLK_USART1;
  98:Core/Src/stm32h7xx_hal_msp.c ****     PeriphClkInitStruct.Usart16ClockSelection = RCC_USART16CLKSOURCE_D2PCLK2;
  99:Core/Src/stm32h7xx_hal_msp.c ****     if (HAL_RCCEx_PeriphCLKConfig(&PeriphClkInitStruct) != HAL_OK)
 100:Core/Src/stm32h7xx_hal_msp.c ****     {
 101:Core/Src/stm32h7xx_hal_msp.c ****       Error_Handler();
 102:Core/Src/stm32h7xx_hal_msp.c ****     }
 103:Core/Src/stm32h7xx_hal_msp.c **** 
 104:Core/Src/stm32h7xx_hal_msp.c ****     /* Peripheral clock enable */
 105:Core/Src/stm32h7xx_hal_msp.c ****     __HAL_RCC_USART1_CLK_ENABLE();
 106:Core/Src/stm32h7xx_hal_msp.c **** 
 107:Core/Src/stm32h7xx_hal_msp.c ****     __HAL_RCC_GPIOA_CLK_ENABLE();
 108:Core/Src/stm32h7xx_hal_msp.c ****     /**USART1 GPIO Configuration
 109:Core/Src/stm32h7xx_hal_msp.c ****     PA10     ------> USART1_RX
 110:Core/Src/stm32h7xx_hal_msp.c ****     PA9     ------> USART1_TX
 111:Core/Src/stm32h7xx_hal_msp.c ****     */
 112:Core/Src/stm32h7xx_hal_msp.c ****     GPIO_InitStruct.Pin = GPIO_PIN_10|GPIO_PIN_9;
 113:Core/Src/stm32h7xx_hal_msp.c ****     GPIO_InitStruct.Mode = GPIO_MODE_AF_PP;
 114:Core/Src/stm32h7xx_hal_msp.c ****     GPIO_InitStruct.Pull = GPIO_NOPULL;
 115:Core/Src/stm32h7xx_hal_msp.c ****     GPIO_InitStruct.Speed = GPIO_SPEED_FREQ_LOW;
 116:Core/Src/stm32h7xx_hal_msp.c ****     GPIO_InitStruct.Alternate = GPIO_AF7_USART1;
 117:Core/Src/stm32h7xx_hal_msp.c ****     HAL_GPIO_Init(GPIOA, &GPIO_InitStruct);
 118:Core/Src/stm32h7xx_hal_msp.c **** 
 119:Core/Src/stm32h7xx_hal_msp.c ****   /* USER CODE BEGIN USART1_MspInit 1 */
 120:Core/Src/stm32h7xx_hal_msp.c **** 
 121:Core/Src/stm32h7xx_hal_msp.c ****   /* USER CODE END USART1_MspInit 1 */
 122:Core/Src/stm32h7xx_hal_msp.c **** 
 123:Core/Src/stm32h7xx_hal_msp.c ****   }
 124:Core/Src/stm32h7xx_hal_msp.c **** 
 125:Core/Src/stm32h7xx_hal_msp.c **** }
 126:Core/Src/stm32h7xx_hal_msp.c **** 
 127:Core/Src/stm32h7xx_hal_msp.c **** /**
 128:Core/Src/stm32h7xx_hal_msp.c **** * @brief UART MSP De-Initialization
 129:Core/Src/stm32h7xx_hal_msp.c **** * This function freeze the hardware resources used in this example
 130:Core/Src/stm32h7xx_hal_msp.c **** * @param huart: UART handle pointer
 131:Core/Src/stm32h7xx_hal_msp.c **** * @retval None
 132:Core/Src/stm32h7xx_hal_msp.c **** */
 133:Core/Src/stm32h7xx_hal_msp.c **** void HAL_UART_MspDeInit(UART_HandleTypeDef* huart)
 134:Core/Src/stm32h7xx_hal_msp.c **** {
 135:Core/Src/stm32h7xx_hal_msp.c ****   if(huart->Instance==USART1)
 136:Core/Src/stm32h7xx_hal_msp.c ****   {
 137:Core/Src/stm32h7xx_hal_msp.c ****   /* USER CODE BEGIN USART1_MspDeInit 0 */
 138:Core/Src/stm32h7xx_hal_msp.c **** 
 139:Core/Src/stm32h7xx_hal_msp.c ****   /* USER CODE END USART1_MspDeInit 0 */
 140:Core/Src/stm32h7xx_hal_msp.c ****     /* Peripheral clock disable */
 141:Core/Src/stm32h7xx_hal_msp.c ****     __HAL_RCC_USART1_CLK_DISABLE();
 142:Core/Src/stm32h7xx_hal_msp.c **** 
 143:Core/Src/stm32h7xx_hal_msp.c ****     /**USART1 GPIO Configuration
 144:Core/Src/stm32h7xx_hal_msp.c ****     PA10     ------> USART1_RX
 145:Core/Src/stm32h7xx_hal_msp.c ****     PA9     ------> USART1_TX
 146:Core/Src/stm32h7xx_hal_msp.c ****     */
ARM GAS  /tmp/ccm5zieg.s 			page 4


 147:Core/Src/stm32h7xx_hal_msp.c ****     HAL_GPIO_DeInit(GPIOA, GPIO_PIN_10|GPIO_PIN_9);
 148:Core/Src/stm32h7xx_hal_msp.c **** 
 149:Core/Src/stm32h7xx_hal_msp.c ****   /* USER CODE BEGIN USART1_MspDeInit 1 */
 150:Core/Src/stm32h7xx_hal_msp.c **** 
 151:Core/Src/stm32h7xx_hal_msp.c ****   /* USER CODE END USART1_MspDeInit 1 */
 152:Core/Src/stm32h7xx_hal_msp.c ****   }
 153:Core/Src/stm32h7xx_hal_msp.c **** 
 154:Core/Src/stm32h7xx_hal_msp.c **** }
 155:Core/Src/stm32h7xx_hal_msp.c **** 
 156:Core/Src/stm32h7xx_hal_msp.c **** static uint32_t FMC_Initialized = 0;
 157:Core/Src/stm32h7xx_hal_msp.c **** 
 158:Core/Src/stm32h7xx_hal_msp.c **** static void HAL_FMC_MspInit(void){
  27              		.loc 1 158 34 view -0
  28              		.cfi_startproc
  29              		@ args = 0, pretend = 0, frame = 224
  30              		@ frame_needed = 0, uses_anonymous_args = 0
  31 0000 F0B5     		push	{r4, r5, r6, r7, lr}
  32              	.LCFI0:
  33              		.cfi_def_cfa_offset 20
  34              		.cfi_offset 4, -20
  35              		.cfi_offset 5, -16
  36              		.cfi_offset 6, -12
  37              		.cfi_offset 7, -8
  38              		.cfi_offset 14, -4
  39 0002 B9B0     		sub	sp, sp, #228
  40              	.LCFI1:
  41              		.cfi_def_cfa_offset 248
 159:Core/Src/stm32h7xx_hal_msp.c ****   /* USER CODE BEGIN FMC_MspInit 0 */
 160:Core/Src/stm32h7xx_hal_msp.c **** 
 161:Core/Src/stm32h7xx_hal_msp.c ****   /* USER CODE END FMC_MspInit 0 */
 162:Core/Src/stm32h7xx_hal_msp.c ****   GPIO_InitTypeDef GPIO_InitStruct ={0};
  42              		.loc 1 162 3 view .LVU1
  43              		.loc 1 162 20 is_stmt 0 view .LVU2
  44 0004 0023     		movs	r3, #0
  45 0006 3393     		str	r3, [sp, #204]
  46 0008 3493     		str	r3, [sp, #208]
  47 000a 3593     		str	r3, [sp, #212]
  48 000c 3693     		str	r3, [sp, #216]
  49 000e 3793     		str	r3, [sp, #220]
 163:Core/Src/stm32h7xx_hal_msp.c ****   if (FMC_Initialized) {
  50              		.loc 1 163 3 is_stmt 1 view .LVU3
  51              		.loc 1 163 7 is_stmt 0 view .LVU4
  52 0010 304B     		ldr	r3, .L8
  53 0012 1B68     		ldr	r3, [r3]
  54              		.loc 1 163 6 view .LVU5
  55 0014 0BB1     		cbz	r3, .L6
  56              	.L1:
 164:Core/Src/stm32h7xx_hal_msp.c ****     return;
 165:Core/Src/stm32h7xx_hal_msp.c ****   }
 166:Core/Src/stm32h7xx_hal_msp.c ****   FMC_Initialized = 1;
 167:Core/Src/stm32h7xx_hal_msp.c ****   RCC_PeriphCLKInitTypeDef PeriphClkInitStruct = {0};
 168:Core/Src/stm32h7xx_hal_msp.c **** 
 169:Core/Src/stm32h7xx_hal_msp.c ****   /** Initializes the peripherals clock
 170:Core/Src/stm32h7xx_hal_msp.c ****   */
 171:Core/Src/stm32h7xx_hal_msp.c ****     PeriphClkInitStruct.PeriphClockSelection = RCC_PERIPHCLK_FMC;
 172:Core/Src/stm32h7xx_hal_msp.c ****     PeriphClkInitStruct.FmcClockSelection = RCC_FMCCLKSOURCE_D1HCLK;
 173:Core/Src/stm32h7xx_hal_msp.c ****     if (HAL_RCCEx_PeriphCLKConfig(&PeriphClkInitStruct) != HAL_OK)
ARM GAS  /tmp/ccm5zieg.s 			page 5


 174:Core/Src/stm32h7xx_hal_msp.c ****     {
 175:Core/Src/stm32h7xx_hal_msp.c ****       Error_Handler();
 176:Core/Src/stm32h7xx_hal_msp.c ****     }
 177:Core/Src/stm32h7xx_hal_msp.c **** 
 178:Core/Src/stm32h7xx_hal_msp.c ****   /* Peripheral clock enable */
 179:Core/Src/stm32h7xx_hal_msp.c ****   __HAL_RCC_FMC_CLK_ENABLE();
 180:Core/Src/stm32h7xx_hal_msp.c **** 
 181:Core/Src/stm32h7xx_hal_msp.c ****   /** FMC GPIO Configuration
 182:Core/Src/stm32h7xx_hal_msp.c ****   PE1   ------> FMC_NBL1
 183:Core/Src/stm32h7xx_hal_msp.c ****   PE0   ------> FMC_NBL0
 184:Core/Src/stm32h7xx_hal_msp.c ****   PG15   ------> FMC_SDNCAS
 185:Core/Src/stm32h7xx_hal_msp.c ****   PD0   ------> FMC_D2
 186:Core/Src/stm32h7xx_hal_msp.c ****   PD1   ------> FMC_D3
 187:Core/Src/stm32h7xx_hal_msp.c ****   PG8   ------> FMC_SDCLK
 188:Core/Src/stm32h7xx_hal_msp.c ****   PF2   ------> FMC_A2
 189:Core/Src/stm32h7xx_hal_msp.c ****   PF1   ------> FMC_A1
 190:Core/Src/stm32h7xx_hal_msp.c ****   PF0   ------> FMC_A0
 191:Core/Src/stm32h7xx_hal_msp.c ****   PG5   ------> FMC_BA1
 192:Core/Src/stm32h7xx_hal_msp.c ****   PF3   ------> FMC_A3
 193:Core/Src/stm32h7xx_hal_msp.c ****   PG4   ------> FMC_BA0
 194:Core/Src/stm32h7xx_hal_msp.c ****   PG2   ------> FMC_A12
 195:Core/Src/stm32h7xx_hal_msp.c ****   PF5   ------> FMC_A5
 196:Core/Src/stm32h7xx_hal_msp.c ****   PF4   ------> FMC_A4
 197:Core/Src/stm32h7xx_hal_msp.c ****   PC0   ------> FMC_SDNWE
 198:Core/Src/stm32h7xx_hal_msp.c ****   PC2   ------> FMC_SDNE0
 199:Core/Src/stm32h7xx_hal_msp.c ****   PC3   ------> FMC_SDCKE0
 200:Core/Src/stm32h7xx_hal_msp.c ****   PE10   ------> FMC_D7
 201:Core/Src/stm32h7xx_hal_msp.c ****   PF13   ------> FMC_A7
 202:Core/Src/stm32h7xx_hal_msp.c ****   PF14   ------> FMC_A8
 203:Core/Src/stm32h7xx_hal_msp.c ****   PE9   ------> FMC_D6
 204:Core/Src/stm32h7xx_hal_msp.c ****   PE11   ------> FMC_D8
 205:Core/Src/stm32h7xx_hal_msp.c ****   PD15   ------> FMC_D1
 206:Core/Src/stm32h7xx_hal_msp.c ****   PD14   ------> FMC_D0
 207:Core/Src/stm32h7xx_hal_msp.c ****   PF12   ------> FMC_A6
 208:Core/Src/stm32h7xx_hal_msp.c ****   PF15   ------> FMC_A9
 209:Core/Src/stm32h7xx_hal_msp.c ****   PE12   ------> FMC_D9
 210:Core/Src/stm32h7xx_hal_msp.c ****   PE15   ------> FMC_D12
 211:Core/Src/stm32h7xx_hal_msp.c ****   PF11   ------> FMC_SDNRAS
 212:Core/Src/stm32h7xx_hal_msp.c ****   PG0   ------> FMC_A10
 213:Core/Src/stm32h7xx_hal_msp.c ****   PE8   ------> FMC_D5
 214:Core/Src/stm32h7xx_hal_msp.c ****   PE13   ------> FMC_D10
 215:Core/Src/stm32h7xx_hal_msp.c ****   PD10   ------> FMC_D15
 216:Core/Src/stm32h7xx_hal_msp.c ****   PD9   ------> FMC_D14
 217:Core/Src/stm32h7xx_hal_msp.c ****   PG1   ------> FMC_A11
 218:Core/Src/stm32h7xx_hal_msp.c ****   PE7   ------> FMC_D4
 219:Core/Src/stm32h7xx_hal_msp.c ****   PE14   ------> FMC_D11
 220:Core/Src/stm32h7xx_hal_msp.c ****   PD8   ------> FMC_D13
 221:Core/Src/stm32h7xx_hal_msp.c ****   */
 222:Core/Src/stm32h7xx_hal_msp.c ****   GPIO_InitStruct.Pin = GPIO_PIN_1|GPIO_PIN_0|GPIO_PIN_10|GPIO_PIN_9
 223:Core/Src/stm32h7xx_hal_msp.c ****                           |GPIO_PIN_11|GPIO_PIN_12|GPIO_PIN_15|GPIO_PIN_8
 224:Core/Src/stm32h7xx_hal_msp.c ****                           |GPIO_PIN_13|GPIO_PIN_7|GPIO_PIN_14;
 225:Core/Src/stm32h7xx_hal_msp.c ****   GPIO_InitStruct.Mode = GPIO_MODE_AF_PP;
 226:Core/Src/stm32h7xx_hal_msp.c ****   GPIO_InitStruct.Pull = GPIO_NOPULL;
 227:Core/Src/stm32h7xx_hal_msp.c ****   GPIO_InitStruct.Speed = GPIO_SPEED_FREQ_VERY_HIGH;
 228:Core/Src/stm32h7xx_hal_msp.c ****   GPIO_InitStruct.Alternate = GPIO_AF12_FMC;
 229:Core/Src/stm32h7xx_hal_msp.c ****   HAL_GPIO_Init(GPIOE, &GPIO_InitStruct);
 230:Core/Src/stm32h7xx_hal_msp.c **** 
ARM GAS  /tmp/ccm5zieg.s 			page 6


 231:Core/Src/stm32h7xx_hal_msp.c ****   GPIO_InitStruct.Pin = GPIO_PIN_15|GPIO_PIN_8|GPIO_PIN_5|GPIO_PIN_4
 232:Core/Src/stm32h7xx_hal_msp.c ****                           |GPIO_PIN_2|GPIO_PIN_0|GPIO_PIN_1;
 233:Core/Src/stm32h7xx_hal_msp.c ****   GPIO_InitStruct.Mode = GPIO_MODE_AF_PP;
 234:Core/Src/stm32h7xx_hal_msp.c ****   GPIO_InitStruct.Pull = GPIO_NOPULL;
 235:Core/Src/stm32h7xx_hal_msp.c ****   GPIO_InitStruct.Speed = GPIO_SPEED_FREQ_VERY_HIGH;
 236:Core/Src/stm32h7xx_hal_msp.c ****   GPIO_InitStruct.Alternate = GPIO_AF12_FMC;
 237:Core/Src/stm32h7xx_hal_msp.c ****   HAL_GPIO_Init(GPIOG, &GPIO_InitStruct);
 238:Core/Src/stm32h7xx_hal_msp.c **** 
 239:Core/Src/stm32h7xx_hal_msp.c ****   GPIO_InitStruct.Pin = GPIO_PIN_0|GPIO_PIN_1|GPIO_PIN_15|GPIO_PIN_14
 240:Core/Src/stm32h7xx_hal_msp.c ****                           |GPIO_PIN_10|GPIO_PIN_9|GPIO_PIN_8;
 241:Core/Src/stm32h7xx_hal_msp.c ****   GPIO_InitStruct.Mode = GPIO_MODE_AF_PP;
 242:Core/Src/stm32h7xx_hal_msp.c ****   GPIO_InitStruct.Pull = GPIO_NOPULL;
 243:Core/Src/stm32h7xx_hal_msp.c ****   GPIO_InitStruct.Speed = GPIO_SPEED_FREQ_VERY_HIGH;
 244:Core/Src/stm32h7xx_hal_msp.c ****   GPIO_InitStruct.Alternate = GPIO_AF12_FMC;
 245:Core/Src/stm32h7xx_hal_msp.c ****   HAL_GPIO_Init(GPIOD, &GPIO_InitStruct);
 246:Core/Src/stm32h7xx_hal_msp.c **** 
 247:Core/Src/stm32h7xx_hal_msp.c ****   GPIO_InitStruct.Pin = GPIO_PIN_2|GPIO_PIN_1|GPIO_PIN_0|GPIO_PIN_3
 248:Core/Src/stm32h7xx_hal_msp.c ****                           |GPIO_PIN_5|GPIO_PIN_4|GPIO_PIN_13|GPIO_PIN_14
 249:Core/Src/stm32h7xx_hal_msp.c ****                           |GPIO_PIN_12|GPIO_PIN_15|GPIO_PIN_11;
 250:Core/Src/stm32h7xx_hal_msp.c ****   GPIO_InitStruct.Mode = GPIO_MODE_AF_PP;
 251:Core/Src/stm32h7xx_hal_msp.c ****   GPIO_InitStruct.Pull = GPIO_NOPULL;
 252:Core/Src/stm32h7xx_hal_msp.c ****   GPIO_InitStruct.Speed = GPIO_SPEED_FREQ_VERY_HIGH;
 253:Core/Src/stm32h7xx_hal_msp.c ****   GPIO_InitStruct.Alternate = GPIO_AF12_FMC;
 254:Core/Src/stm32h7xx_hal_msp.c ****   HAL_GPIO_Init(GPIOF, &GPIO_InitStruct);
 255:Core/Src/stm32h7xx_hal_msp.c **** 
 256:Core/Src/stm32h7xx_hal_msp.c ****   GPIO_InitStruct.Pin = GPIO_PIN_0|GPIO_PIN_2|GPIO_PIN_3;
 257:Core/Src/stm32h7xx_hal_msp.c ****   GPIO_InitStruct.Mode = GPIO_MODE_AF_PP;
 258:Core/Src/stm32h7xx_hal_msp.c ****   GPIO_InitStruct.Pull = GPIO_NOPULL;
 259:Core/Src/stm32h7xx_hal_msp.c ****   GPIO_InitStruct.Speed = GPIO_SPEED_FREQ_VERY_HIGH;
 260:Core/Src/stm32h7xx_hal_msp.c ****   GPIO_InitStruct.Alternate = GPIO_AF12_FMC;
 261:Core/Src/stm32h7xx_hal_msp.c ****   HAL_GPIO_Init(GPIOC, &GPIO_InitStruct);
 262:Core/Src/stm32h7xx_hal_msp.c **** 
 263:Core/Src/stm32h7xx_hal_msp.c ****   /* USER CODE BEGIN FMC_MspInit 1 */
 264:Core/Src/stm32h7xx_hal_msp.c **** 
 265:Core/Src/stm32h7xx_hal_msp.c ****   /* USER CODE END FMC_MspInit 1 */
 266:Core/Src/stm32h7xx_hal_msp.c **** }
  57              		.loc 1 266 1 view .LVU6
  58 0016 39B0     		add	sp, sp, #228
  59              	.LCFI2:
  60              		.cfi_remember_state
  61              		.cfi_def_cfa_offset 20
  62              		@ sp needed
  63 0018 F0BD     		pop	{r4, r5, r6, r7, pc}
  64              	.L6:
  65              	.LCFI3:
  66              		.cfi_restore_state
 166:Core/Src/stm32h7xx_hal_msp.c ****   RCC_PeriphCLKInitTypeDef PeriphClkInitStruct = {0};
  67              		.loc 1 166 3 is_stmt 1 view .LVU7
 166:Core/Src/stm32h7xx_hal_msp.c ****   RCC_PeriphCLKInitTypeDef PeriphClkInitStruct = {0};
  68              		.loc 1 166 19 is_stmt 0 view .LVU8
  69 001a 2E4B     		ldr	r3, .L8
  70 001c 0122     		movs	r2, #1
  71 001e 1A60     		str	r2, [r3]
 167:Core/Src/stm32h7xx_hal_msp.c **** 
  72              		.loc 1 167 3 is_stmt 1 view .LVU9
 167:Core/Src/stm32h7xx_hal_msp.c **** 
  73              		.loc 1 167 28 is_stmt 0 view .LVU10
ARM GAS  /tmp/ccm5zieg.s 			page 7


  74 0020 C022     		movs	r2, #192
  75 0022 0021     		movs	r1, #0
  76 0024 02A8     		add	r0, sp, #8
  77 0026 FFF7FEFF 		bl	memset
  78              	.LVL0:
 171:Core/Src/stm32h7xx_hal_msp.c ****     PeriphClkInitStruct.FmcClockSelection = RCC_FMCCLKSOURCE_D1HCLK;
  79              		.loc 1 171 5 is_stmt 1 view .LVU11
 171:Core/Src/stm32h7xx_hal_msp.c ****     PeriphClkInitStruct.FmcClockSelection = RCC_FMCCLKSOURCE_D1HCLK;
  80              		.loc 1 171 46 is_stmt 0 view .LVU12
  81 002a 4FF08072 		mov	r2, #16777216
  82 002e 0023     		movs	r3, #0
  83 0030 CDE90223 		strd	r2, [sp, #8]
 172:Core/Src/stm32h7xx_hal_msp.c ****     if (HAL_RCCEx_PeriphCLKConfig(&PeriphClkInitStruct) != HAL_OK)
  84              		.loc 1 172 5 is_stmt 1 view .LVU13
 173:Core/Src/stm32h7xx_hal_msp.c ****     {
  85              		.loc 1 173 5 view .LVU14
 173:Core/Src/stm32h7xx_hal_msp.c ****     {
  86              		.loc 1 173 9 is_stmt 0 view .LVU15
  87 0034 02A8     		add	r0, sp, #8
  88 0036 FFF7FEFF 		bl	HAL_RCCEx_PeriphCLKConfig
  89              	.LVL1:
 173:Core/Src/stm32h7xx_hal_msp.c ****     {
  90              		.loc 1 173 8 discriminator 1 view .LVU16
  91 003a 0028     		cmp	r0, #0
  92 003c 47D1     		bne	.L7
  93              	.L4:
 179:Core/Src/stm32h7xx_hal_msp.c **** 
  94              		.loc 1 179 3 is_stmt 1 view .LVU17
  95              	.LBB2:
 179:Core/Src/stm32h7xx_hal_msp.c **** 
  96              		.loc 1 179 3 view .LVU18
 179:Core/Src/stm32h7xx_hal_msp.c **** 
  97              		.loc 1 179 3 view .LVU19
  98 003e 264B     		ldr	r3, .L8+4
  99 0040 D3F8D420 		ldr	r2, [r3, #212]
 100 0044 42F48052 		orr	r2, r2, #4096
 101 0048 C3F8D420 		str	r2, [r3, #212]
 179:Core/Src/stm32h7xx_hal_msp.c **** 
 102              		.loc 1 179 3 view .LVU20
 103 004c D3F8D430 		ldr	r3, [r3, #212]
 104 0050 03F48053 		and	r3, r3, #4096
 105 0054 0193     		str	r3, [sp, #4]
 179:Core/Src/stm32h7xx_hal_msp.c **** 
 106              		.loc 1 179 3 view .LVU21
 107 0056 019B     		ldr	r3, [sp, #4]
 108              	.LBE2:
 179:Core/Src/stm32h7xx_hal_msp.c **** 
 109              		.loc 1 179 3 view .LVU22
 222:Core/Src/stm32h7xx_hal_msp.c ****                           |GPIO_PIN_11|GPIO_PIN_12|GPIO_PIN_15|GPIO_PIN_8
 110              		.loc 1 222 3 view .LVU23
 222:Core/Src/stm32h7xx_hal_msp.c ****                           |GPIO_PIN_11|GPIO_PIN_12|GPIO_PIN_15|GPIO_PIN_8
 111              		.loc 1 222 23 is_stmt 0 view .LVU24
 112 0058 4FF68373 		movw	r3, #65411
 113 005c 3393     		str	r3, [sp, #204]
 225:Core/Src/stm32h7xx_hal_msp.c ****   GPIO_InitStruct.Pull = GPIO_NOPULL;
 114              		.loc 1 225 3 is_stmt 1 view .LVU25
 225:Core/Src/stm32h7xx_hal_msp.c ****   GPIO_InitStruct.Pull = GPIO_NOPULL;
ARM GAS  /tmp/ccm5zieg.s 			page 8


 115              		.loc 1 225 24 is_stmt 0 view .LVU26
 116 005e 0227     		movs	r7, #2
 117 0060 3497     		str	r7, [sp, #208]
 226:Core/Src/stm32h7xx_hal_msp.c ****   GPIO_InitStruct.Speed = GPIO_SPEED_FREQ_VERY_HIGH;
 118              		.loc 1 226 3 is_stmt 1 view .LVU27
 226:Core/Src/stm32h7xx_hal_msp.c ****   GPIO_InitStruct.Speed = GPIO_SPEED_FREQ_VERY_HIGH;
 119              		.loc 1 226 24 is_stmt 0 view .LVU28
 120 0062 0026     		movs	r6, #0
 121 0064 3596     		str	r6, [sp, #212]
 227:Core/Src/stm32h7xx_hal_msp.c ****   GPIO_InitStruct.Alternate = GPIO_AF12_FMC;
 122              		.loc 1 227 3 is_stmt 1 view .LVU29
 227:Core/Src/stm32h7xx_hal_msp.c ****   GPIO_InitStruct.Alternate = GPIO_AF12_FMC;
 123              		.loc 1 227 25 is_stmt 0 view .LVU30
 124 0066 0325     		movs	r5, #3
 125 0068 3695     		str	r5, [sp, #216]
 228:Core/Src/stm32h7xx_hal_msp.c ****   HAL_GPIO_Init(GPIOE, &GPIO_InitStruct);
 126              		.loc 1 228 3 is_stmt 1 view .LVU31
 228:Core/Src/stm32h7xx_hal_msp.c ****   HAL_GPIO_Init(GPIOE, &GPIO_InitStruct);
 127              		.loc 1 228 29 is_stmt 0 view .LVU32
 128 006a 0C24     		movs	r4, #12
 129 006c 3794     		str	r4, [sp, #220]
 229:Core/Src/stm32h7xx_hal_msp.c **** 
 130              		.loc 1 229 3 is_stmt 1 view .LVU33
 131 006e 33A9     		add	r1, sp, #204
 132 0070 1A48     		ldr	r0, .L8+8
 133 0072 FFF7FEFF 		bl	HAL_GPIO_Init
 134              	.LVL2:
 231:Core/Src/stm32h7xx_hal_msp.c ****                           |GPIO_PIN_2|GPIO_PIN_0|GPIO_PIN_1;
 135              		.loc 1 231 3 view .LVU34
 231:Core/Src/stm32h7xx_hal_msp.c ****                           |GPIO_PIN_2|GPIO_PIN_0|GPIO_PIN_1;
 136              		.loc 1 231 23 is_stmt 0 view .LVU35
 137 0076 48F23713 		movw	r3, #33079
 138 007a 3393     		str	r3, [sp, #204]
 233:Core/Src/stm32h7xx_hal_msp.c ****   GPIO_InitStruct.Pull = GPIO_NOPULL;
 139              		.loc 1 233 3 is_stmt 1 view .LVU36
 233:Core/Src/stm32h7xx_hal_msp.c ****   GPIO_InitStruct.Pull = GPIO_NOPULL;
 140              		.loc 1 233 24 is_stmt 0 view .LVU37
 141 007c 3497     		str	r7, [sp, #208]
 234:Core/Src/stm32h7xx_hal_msp.c ****   GPIO_InitStruct.Speed = GPIO_SPEED_FREQ_VERY_HIGH;
 142              		.loc 1 234 3 is_stmt 1 view .LVU38
 234:Core/Src/stm32h7xx_hal_msp.c ****   GPIO_InitStruct.Speed = GPIO_SPEED_FREQ_VERY_HIGH;
 143              		.loc 1 234 24 is_stmt 0 view .LVU39
 144 007e 3596     		str	r6, [sp, #212]
 235:Core/Src/stm32h7xx_hal_msp.c ****   GPIO_InitStruct.Alternate = GPIO_AF12_FMC;
 145              		.loc 1 235 3 is_stmt 1 view .LVU40
 235:Core/Src/stm32h7xx_hal_msp.c ****   GPIO_InitStruct.Alternate = GPIO_AF12_FMC;
 146              		.loc 1 235 25 is_stmt 0 view .LVU41
 147 0080 3695     		str	r5, [sp, #216]
 236:Core/Src/stm32h7xx_hal_msp.c ****   HAL_GPIO_Init(GPIOG, &GPIO_InitStruct);
 148              		.loc 1 236 3 is_stmt 1 view .LVU42
 236:Core/Src/stm32h7xx_hal_msp.c ****   HAL_GPIO_Init(GPIOG, &GPIO_InitStruct);
 149              		.loc 1 236 29 is_stmt 0 view .LVU43
 150 0082 3794     		str	r4, [sp, #220]
 237:Core/Src/stm32h7xx_hal_msp.c **** 
 151              		.loc 1 237 3 is_stmt 1 view .LVU44
 152 0084 33A9     		add	r1, sp, #204
 153 0086 1648     		ldr	r0, .L8+12
ARM GAS  /tmp/ccm5zieg.s 			page 9


 154 0088 FFF7FEFF 		bl	HAL_GPIO_Init
 155              	.LVL3:
 239:Core/Src/stm32h7xx_hal_msp.c ****                           |GPIO_PIN_10|GPIO_PIN_9|GPIO_PIN_8;
 156              		.loc 1 239 3 view .LVU45
 239:Core/Src/stm32h7xx_hal_msp.c ****                           |GPIO_PIN_10|GPIO_PIN_9|GPIO_PIN_8;
 157              		.loc 1 239 23 is_stmt 0 view .LVU46
 158 008c 4CF20373 		movw	r3, #50947
 159 0090 3393     		str	r3, [sp, #204]
 241:Core/Src/stm32h7xx_hal_msp.c ****   GPIO_InitStruct.Pull = GPIO_NOPULL;
 160              		.loc 1 241 3 is_stmt 1 view .LVU47
 241:Core/Src/stm32h7xx_hal_msp.c ****   GPIO_InitStruct.Pull = GPIO_NOPULL;
 161              		.loc 1 241 24 is_stmt 0 view .LVU48
 162 0092 3497     		str	r7, [sp, #208]
 242:Core/Src/stm32h7xx_hal_msp.c ****   GPIO_InitStruct.Speed = GPIO_SPEED_FREQ_VERY_HIGH;
 163              		.loc 1 242 3 is_stmt 1 view .LVU49
 242:Core/Src/stm32h7xx_hal_msp.c ****   GPIO_InitStruct.Speed = GPIO_SPEED_FREQ_VERY_HIGH;
 164              		.loc 1 242 24 is_stmt 0 view .LVU50
 165 0094 3596     		str	r6, [sp, #212]
 243:Core/Src/stm32h7xx_hal_msp.c ****   GPIO_InitStruct.Alternate = GPIO_AF12_FMC;
 166              		.loc 1 243 3 is_stmt 1 view .LVU51
 243:Core/Src/stm32h7xx_hal_msp.c ****   GPIO_InitStruct.Alternate = GPIO_AF12_FMC;
 167              		.loc 1 243 25 is_stmt 0 view .LVU52
 168 0096 3695     		str	r5, [sp, #216]
 244:Core/Src/stm32h7xx_hal_msp.c ****   HAL_GPIO_Init(GPIOD, &GPIO_InitStruct);
 169              		.loc 1 244 3 is_stmt 1 view .LVU53
 244:Core/Src/stm32h7xx_hal_msp.c ****   HAL_GPIO_Init(GPIOD, &GPIO_InitStruct);
 170              		.loc 1 244 29 is_stmt 0 view .LVU54
 171 0098 3794     		str	r4, [sp, #220]
 245:Core/Src/stm32h7xx_hal_msp.c **** 
 172              		.loc 1 245 3 is_stmt 1 view .LVU55
 173 009a 33A9     		add	r1, sp, #204
 174 009c 1148     		ldr	r0, .L8+16
 175 009e FFF7FEFF 		bl	HAL_GPIO_Init
 176              	.LVL4:
 247:Core/Src/stm32h7xx_hal_msp.c ****                           |GPIO_PIN_5|GPIO_PIN_4|GPIO_PIN_13|GPIO_PIN_14
 177              		.loc 1 247 3 view .LVU56
 247:Core/Src/stm32h7xx_hal_msp.c ****                           |GPIO_PIN_5|GPIO_PIN_4|GPIO_PIN_13|GPIO_PIN_14
 178              		.loc 1 247 23 is_stmt 0 view .LVU57
 179 00a2 4FF63F03 		movw	r3, #63551
 180 00a6 3393     		str	r3, [sp, #204]
 250:Core/Src/stm32h7xx_hal_msp.c ****   GPIO_InitStruct.Pull = GPIO_NOPULL;
 181              		.loc 1 250 3 is_stmt 1 view .LVU58
 250:Core/Src/stm32h7xx_hal_msp.c ****   GPIO_InitStruct.Pull = GPIO_NOPULL;
 182              		.loc 1 250 24 is_stmt 0 view .LVU59
 183 00a8 3497     		str	r7, [sp, #208]
 251:Core/Src/stm32h7xx_hal_msp.c ****   GPIO_InitStruct.Speed = GPIO_SPEED_FREQ_VERY_HIGH;
 184              		.loc 1 251 3 is_stmt 1 view .LVU60
 251:Core/Src/stm32h7xx_hal_msp.c ****   GPIO_InitStruct.Speed = GPIO_SPEED_FREQ_VERY_HIGH;
 185              		.loc 1 251 24 is_stmt 0 view .LVU61
 186 00aa 3596     		str	r6, [sp, #212]
 252:Core/Src/stm32h7xx_hal_msp.c ****   GPIO_InitStruct.Alternate = GPIO_AF12_FMC;
 187              		.loc 1 252 3 is_stmt 1 view .LVU62
 252:Core/Src/stm32h7xx_hal_msp.c ****   GPIO_InitStruct.Alternate = GPIO_AF12_FMC;
 188              		.loc 1 252 25 is_stmt 0 view .LVU63
 189 00ac 3695     		str	r5, [sp, #216]
 253:Core/Src/stm32h7xx_hal_msp.c ****   HAL_GPIO_Init(GPIOF, &GPIO_InitStruct);
 190              		.loc 1 253 3 is_stmt 1 view .LVU64
ARM GAS  /tmp/ccm5zieg.s 			page 10


 253:Core/Src/stm32h7xx_hal_msp.c ****   HAL_GPIO_Init(GPIOF, &GPIO_InitStruct);
 191              		.loc 1 253 29 is_stmt 0 view .LVU65
 192 00ae 3794     		str	r4, [sp, #220]
 254:Core/Src/stm32h7xx_hal_msp.c **** 
 193              		.loc 1 254 3 is_stmt 1 view .LVU66
 194 00b0 33A9     		add	r1, sp, #204
 195 00b2 0D48     		ldr	r0, .L8+20
 196 00b4 FFF7FEFF 		bl	HAL_GPIO_Init
 197              	.LVL5:
 256:Core/Src/stm32h7xx_hal_msp.c ****   GPIO_InitStruct.Mode = GPIO_MODE_AF_PP;
 198              		.loc 1 256 3 view .LVU67
 256:Core/Src/stm32h7xx_hal_msp.c ****   GPIO_InitStruct.Mode = GPIO_MODE_AF_PP;
 199              		.loc 1 256 23 is_stmt 0 view .LVU68
 200 00b8 0D23     		movs	r3, #13
 201 00ba 3393     		str	r3, [sp, #204]
 257:Core/Src/stm32h7xx_hal_msp.c ****   GPIO_InitStruct.Pull = GPIO_NOPULL;
 202              		.loc 1 257 3 is_stmt 1 view .LVU69
 257:Core/Src/stm32h7xx_hal_msp.c ****   GPIO_InitStruct.Pull = GPIO_NOPULL;
 203              		.loc 1 257 24 is_stmt 0 view .LVU70
 204 00bc 3497     		str	r7, [sp, #208]
 258:Core/Src/stm32h7xx_hal_msp.c ****   GPIO_InitStruct.Speed = GPIO_SPEED_FREQ_VERY_HIGH;
 205              		.loc 1 258 3 is_stmt 1 view .LVU71
 258:Core/Src/stm32h7xx_hal_msp.c ****   GPIO_InitStruct.Speed = GPIO_SPEED_FREQ_VERY_HIGH;
 206              		.loc 1 258 24 is_stmt 0 view .LVU72
 207 00be 3596     		str	r6, [sp, #212]
 259:Core/Src/stm32h7xx_hal_msp.c ****   GPIO_InitStruct.Alternate = GPIO_AF12_FMC;
 208              		.loc 1 259 3 is_stmt 1 view .LVU73
 259:Core/Src/stm32h7xx_hal_msp.c ****   GPIO_InitStruct.Alternate = GPIO_AF12_FMC;
 209              		.loc 1 259 25 is_stmt 0 view .LVU74
 210 00c0 3695     		str	r5, [sp, #216]
 260:Core/Src/stm32h7xx_hal_msp.c ****   HAL_GPIO_Init(GPIOC, &GPIO_InitStruct);
 211              		.loc 1 260 3 is_stmt 1 view .LVU75
 260:Core/Src/stm32h7xx_hal_msp.c ****   HAL_GPIO_Init(GPIOC, &GPIO_InitStruct);
 212              		.loc 1 260 29 is_stmt 0 view .LVU76
 213 00c2 3794     		str	r4, [sp, #220]
 261:Core/Src/stm32h7xx_hal_msp.c **** 
 214              		.loc 1 261 3 is_stmt 1 view .LVU77
 215 00c4 33A9     		add	r1, sp, #204
 216 00c6 0948     		ldr	r0, .L8+24
 217 00c8 FFF7FEFF 		bl	HAL_GPIO_Init
 218              	.LVL6:
 219 00cc A3E7     		b	.L1
 220              	.L7:
 175:Core/Src/stm32h7xx_hal_msp.c ****     }
 221              		.loc 1 175 7 view .LVU78
 222 00ce FFF7FEFF 		bl	Error_Handler
 223              	.LVL7:
 224 00d2 B4E7     		b	.L4
 225              	.L9:
 226              		.align	2
 227              	.L8:
 228 00d4 00000000 		.word	FMC_Initialized
 229 00d8 00440258 		.word	1476543488
 230 00dc 00100258 		.word	1476530176
 231 00e0 00180258 		.word	1476532224
 232 00e4 000C0258 		.word	1476529152
 233 00e8 00140258 		.word	1476531200
ARM GAS  /tmp/ccm5zieg.s 			page 11


 234 00ec 00080258 		.word	1476528128
 235              		.cfi_endproc
 236              	.LFE147:
 238              		.section	.text.HAL_FMC_MspDeInit,"ax",%progbits
 239              		.align	1
 240              		.syntax unified
 241              		.thumb
 242              		.thumb_func
 244              	HAL_FMC_MspDeInit:
 245              	.LFB149:
 267:Core/Src/stm32h7xx_hal_msp.c **** 
 268:Core/Src/stm32h7xx_hal_msp.c **** void HAL_SDRAM_MspInit(SDRAM_HandleTypeDef* hsdram){
 269:Core/Src/stm32h7xx_hal_msp.c ****   /* USER CODE BEGIN SDRAM_MspInit 0 */
 270:Core/Src/stm32h7xx_hal_msp.c **** 
 271:Core/Src/stm32h7xx_hal_msp.c ****   /* USER CODE END SDRAM_MspInit 0 */
 272:Core/Src/stm32h7xx_hal_msp.c ****   HAL_FMC_MspInit();
 273:Core/Src/stm32h7xx_hal_msp.c ****   /* USER CODE BEGIN SDRAM_MspInit 1 */
 274:Core/Src/stm32h7xx_hal_msp.c **** 
 275:Core/Src/stm32h7xx_hal_msp.c ****   /* USER CODE END SDRAM_MspInit 1 */
 276:Core/Src/stm32h7xx_hal_msp.c **** }
 277:Core/Src/stm32h7xx_hal_msp.c **** 
 278:Core/Src/stm32h7xx_hal_msp.c **** static uint32_t FMC_DeInitialized = 0;
 279:Core/Src/stm32h7xx_hal_msp.c **** 
 280:Core/Src/stm32h7xx_hal_msp.c **** static void HAL_FMC_MspDeInit(void){
 246              		.loc 1 280 36 view -0
 247              		.cfi_startproc
 248              		@ args = 0, pretend = 0, frame = 0
 249              		@ frame_needed = 0, uses_anonymous_args = 0
 250 0000 08B5     		push	{r3, lr}
 251              	.LCFI4:
 252              		.cfi_def_cfa_offset 8
 253              		.cfi_offset 3, -8
 254              		.cfi_offset 14, -4
 281:Core/Src/stm32h7xx_hal_msp.c ****   /* USER CODE BEGIN FMC_MspDeInit 0 */
 282:Core/Src/stm32h7xx_hal_msp.c **** 
 283:Core/Src/stm32h7xx_hal_msp.c ****   /* USER CODE END FMC_MspDeInit 0 */
 284:Core/Src/stm32h7xx_hal_msp.c ****   if (FMC_DeInitialized) {
 255              		.loc 1 284 3 view .LVU80
 256              		.loc 1 284 7 is_stmt 0 view .LVU81
 257 0002 134B     		ldr	r3, .L14
 258 0004 1B68     		ldr	r3, [r3]
 259              		.loc 1 284 6 view .LVU82
 260 0006 03B1     		cbz	r3, .L13
 261              	.L10:
 285:Core/Src/stm32h7xx_hal_msp.c ****     return;
 286:Core/Src/stm32h7xx_hal_msp.c ****   }
 287:Core/Src/stm32h7xx_hal_msp.c ****   FMC_DeInitialized = 1;
 288:Core/Src/stm32h7xx_hal_msp.c ****   /* Peripheral clock enable */
 289:Core/Src/stm32h7xx_hal_msp.c ****   __HAL_RCC_FMC_CLK_DISABLE();
 290:Core/Src/stm32h7xx_hal_msp.c **** 
 291:Core/Src/stm32h7xx_hal_msp.c ****   /** FMC GPIO Configuration
 292:Core/Src/stm32h7xx_hal_msp.c ****   PE1   ------> FMC_NBL1
 293:Core/Src/stm32h7xx_hal_msp.c ****   PE0   ------> FMC_NBL0
 294:Core/Src/stm32h7xx_hal_msp.c ****   PG15   ------> FMC_SDNCAS
 295:Core/Src/stm32h7xx_hal_msp.c ****   PD0   ------> FMC_D2
 296:Core/Src/stm32h7xx_hal_msp.c ****   PD1   ------> FMC_D3
 297:Core/Src/stm32h7xx_hal_msp.c ****   PG8   ------> FMC_SDCLK
ARM GAS  /tmp/ccm5zieg.s 			page 12


 298:Core/Src/stm32h7xx_hal_msp.c ****   PF2   ------> FMC_A2
 299:Core/Src/stm32h7xx_hal_msp.c ****   PF1   ------> FMC_A1
 300:Core/Src/stm32h7xx_hal_msp.c ****   PF0   ------> FMC_A0
 301:Core/Src/stm32h7xx_hal_msp.c ****   PG5   ------> FMC_BA1
 302:Core/Src/stm32h7xx_hal_msp.c ****   PF3   ------> FMC_A3
 303:Core/Src/stm32h7xx_hal_msp.c ****   PG4   ------> FMC_BA0
 304:Core/Src/stm32h7xx_hal_msp.c ****   PG2   ------> FMC_A12
 305:Core/Src/stm32h7xx_hal_msp.c ****   PF5   ------> FMC_A5
 306:Core/Src/stm32h7xx_hal_msp.c ****   PF4   ------> FMC_A4
 307:Core/Src/stm32h7xx_hal_msp.c ****   PC0   ------> FMC_SDNWE
 308:Core/Src/stm32h7xx_hal_msp.c ****   PC2   ------> FMC_SDNE0
 309:Core/Src/stm32h7xx_hal_msp.c ****   PC3   ------> FMC_SDCKE0
 310:Core/Src/stm32h7xx_hal_msp.c ****   PE10   ------> FMC_D7
 311:Core/Src/stm32h7xx_hal_msp.c ****   PF13   ------> FMC_A7
 312:Core/Src/stm32h7xx_hal_msp.c ****   PF14   ------> FMC_A8
 313:Core/Src/stm32h7xx_hal_msp.c ****   PE9   ------> FMC_D6
 314:Core/Src/stm32h7xx_hal_msp.c ****   PE11   ------> FMC_D8
 315:Core/Src/stm32h7xx_hal_msp.c ****   PD15   ------> FMC_D1
 316:Core/Src/stm32h7xx_hal_msp.c ****   PD14   ------> FMC_D0
 317:Core/Src/stm32h7xx_hal_msp.c ****   PF12   ------> FMC_A6
 318:Core/Src/stm32h7xx_hal_msp.c ****   PF15   ------> FMC_A9
 319:Core/Src/stm32h7xx_hal_msp.c ****   PE12   ------> FMC_D9
 320:Core/Src/stm32h7xx_hal_msp.c ****   PE15   ------> FMC_D12
 321:Core/Src/stm32h7xx_hal_msp.c ****   PF11   ------> FMC_SDNRAS
 322:Core/Src/stm32h7xx_hal_msp.c ****   PG0   ------> FMC_A10
 323:Core/Src/stm32h7xx_hal_msp.c ****   PE8   ------> FMC_D5
 324:Core/Src/stm32h7xx_hal_msp.c ****   PE13   ------> FMC_D10
 325:Core/Src/stm32h7xx_hal_msp.c ****   PD10   ------> FMC_D15
 326:Core/Src/stm32h7xx_hal_msp.c ****   PD9   ------> FMC_D14
 327:Core/Src/stm32h7xx_hal_msp.c ****   PG1   ------> FMC_A11
 328:Core/Src/stm32h7xx_hal_msp.c ****   PE7   ------> FMC_D4
 329:Core/Src/stm32h7xx_hal_msp.c ****   PE14   ------> FMC_D11
 330:Core/Src/stm32h7xx_hal_msp.c ****   PD8   ------> FMC_D13
 331:Core/Src/stm32h7xx_hal_msp.c ****   */
 332:Core/Src/stm32h7xx_hal_msp.c ****   HAL_GPIO_DeInit(GPIOE, GPIO_PIN_1|GPIO_PIN_0|GPIO_PIN_10|GPIO_PIN_9
 333:Core/Src/stm32h7xx_hal_msp.c ****                           |GPIO_PIN_11|GPIO_PIN_12|GPIO_PIN_15|GPIO_PIN_8
 334:Core/Src/stm32h7xx_hal_msp.c ****                           |GPIO_PIN_13|GPIO_PIN_7|GPIO_PIN_14);
 335:Core/Src/stm32h7xx_hal_msp.c **** 
 336:Core/Src/stm32h7xx_hal_msp.c ****   HAL_GPIO_DeInit(GPIOG, GPIO_PIN_15|GPIO_PIN_8|GPIO_PIN_5|GPIO_PIN_4
 337:Core/Src/stm32h7xx_hal_msp.c ****                           |GPIO_PIN_2|GPIO_PIN_0|GPIO_PIN_1);
 338:Core/Src/stm32h7xx_hal_msp.c **** 
 339:Core/Src/stm32h7xx_hal_msp.c ****   HAL_GPIO_DeInit(GPIOD, GPIO_PIN_0|GPIO_PIN_1|GPIO_PIN_15|GPIO_PIN_14
 340:Core/Src/stm32h7xx_hal_msp.c ****                           |GPIO_PIN_10|GPIO_PIN_9|GPIO_PIN_8);
 341:Core/Src/stm32h7xx_hal_msp.c **** 
 342:Core/Src/stm32h7xx_hal_msp.c ****   HAL_GPIO_DeInit(GPIOF, GPIO_PIN_2|GPIO_PIN_1|GPIO_PIN_0|GPIO_PIN_3
 343:Core/Src/stm32h7xx_hal_msp.c ****                           |GPIO_PIN_5|GPIO_PIN_4|GPIO_PIN_13|GPIO_PIN_14
 344:Core/Src/stm32h7xx_hal_msp.c ****                           |GPIO_PIN_12|GPIO_PIN_15|GPIO_PIN_11);
 345:Core/Src/stm32h7xx_hal_msp.c **** 
 346:Core/Src/stm32h7xx_hal_msp.c ****   HAL_GPIO_DeInit(GPIOC, GPIO_PIN_0|GPIO_PIN_2|GPIO_PIN_3);
 347:Core/Src/stm32h7xx_hal_msp.c **** 
 348:Core/Src/stm32h7xx_hal_msp.c ****   /* USER CODE BEGIN FMC_MspDeInit 1 */
 349:Core/Src/stm32h7xx_hal_msp.c **** 
 350:Core/Src/stm32h7xx_hal_msp.c ****   /* USER CODE END FMC_MspDeInit 1 */
 351:Core/Src/stm32h7xx_hal_msp.c **** }
 262              		.loc 1 351 1 view .LVU83
 263 0008 08BD     		pop	{r3, pc}
 264              	.L13:
ARM GAS  /tmp/ccm5zieg.s 			page 13


 287:Core/Src/stm32h7xx_hal_msp.c ****   /* Peripheral clock enable */
 265              		.loc 1 287 3 is_stmt 1 view .LVU84
 287:Core/Src/stm32h7xx_hal_msp.c ****   /* Peripheral clock enable */
 266              		.loc 1 287 21 is_stmt 0 view .LVU85
 267 000a 114B     		ldr	r3, .L14
 268 000c 0122     		movs	r2, #1
 269 000e 1A60     		str	r2, [r3]
 289:Core/Src/stm32h7xx_hal_msp.c **** 
 270              		.loc 1 289 3 is_stmt 1 view .LVU86
 271 0010 104A     		ldr	r2, .L14+4
 272 0012 D2F8D430 		ldr	r3, [r2, #212]
 273 0016 23F48053 		bic	r3, r3, #4096
 274 001a C2F8D430 		str	r3, [r2, #212]
 332:Core/Src/stm32h7xx_hal_msp.c ****                           |GPIO_PIN_11|GPIO_PIN_12|GPIO_PIN_15|GPIO_PIN_8
 275              		.loc 1 332 3 view .LVU87
 276 001e 4FF68371 		movw	r1, #65411
 277 0022 0D48     		ldr	r0, .L14+8
 278 0024 FFF7FEFF 		bl	HAL_GPIO_DeInit
 279              	.LVL8:
 336:Core/Src/stm32h7xx_hal_msp.c ****                           |GPIO_PIN_2|GPIO_PIN_0|GPIO_PIN_1);
 280              		.loc 1 336 3 view .LVU88
 281 0028 48F23711 		movw	r1, #33079
 282 002c 0B48     		ldr	r0, .L14+12
 283 002e FFF7FEFF 		bl	HAL_GPIO_DeInit
 284              	.LVL9:
 339:Core/Src/stm32h7xx_hal_msp.c ****                           |GPIO_PIN_10|GPIO_PIN_9|GPIO_PIN_8);
 285              		.loc 1 339 3 view .LVU89
 286 0032 4CF20371 		movw	r1, #50947
 287 0036 0A48     		ldr	r0, .L14+16
 288 0038 FFF7FEFF 		bl	HAL_GPIO_DeInit
 289              	.LVL10:
 342:Core/Src/stm32h7xx_hal_msp.c ****                           |GPIO_PIN_5|GPIO_PIN_4|GPIO_PIN_13|GPIO_PIN_14
 290              		.loc 1 342 3 view .LVU90
 291 003c 4FF63F01 		movw	r1, #63551
 292 0040 0848     		ldr	r0, .L14+20
 293 0042 FFF7FEFF 		bl	HAL_GPIO_DeInit
 294              	.LVL11:
 346:Core/Src/stm32h7xx_hal_msp.c **** 
 295              		.loc 1 346 3 view .LVU91
 296 0046 0D21     		movs	r1, #13
 297 0048 0748     		ldr	r0, .L14+24
 298 004a FFF7FEFF 		bl	HAL_GPIO_DeInit
 299              	.LVL12:
 300 004e DBE7     		b	.L10
 301              	.L15:
 302              		.align	2
 303              	.L14:
 304 0050 00000000 		.word	FMC_DeInitialized
 305 0054 00440258 		.word	1476543488
 306 0058 00100258 		.word	1476530176
 307 005c 00180258 		.word	1476532224
 308 0060 000C0258 		.word	1476529152
 309 0064 00140258 		.word	1476531200
 310 0068 00080258 		.word	1476528128
 311              		.cfi_endproc
 312              	.LFE149:
 314              		.section	.text.HAL_MspInit,"ax",%progbits
ARM GAS  /tmp/ccm5zieg.s 			page 14


 315              		.align	1
 316              		.global	HAL_MspInit
 317              		.syntax unified
 318              		.thumb
 319              		.thumb_func
 321              	HAL_MspInit:
 322              	.LFB144:
  64:Core/Src/stm32h7xx_hal_msp.c **** 
 323              		.loc 1 64 1 view -0
 324              		.cfi_startproc
 325              		@ args = 0, pretend = 0, frame = 8
 326              		@ frame_needed = 0, uses_anonymous_args = 0
 327              		@ link register save eliminated.
 328 0000 82B0     		sub	sp, sp, #8
 329              	.LCFI5:
 330              		.cfi_def_cfa_offset 8
  70:Core/Src/stm32h7xx_hal_msp.c **** 
 331              		.loc 1 70 3 view .LVU93
 332              	.LBB3:
  70:Core/Src/stm32h7xx_hal_msp.c **** 
 333              		.loc 1 70 3 view .LVU94
  70:Core/Src/stm32h7xx_hal_msp.c **** 
 334              		.loc 1 70 3 view .LVU95
 335 0002 074B     		ldr	r3, .L18
 336 0004 D3F8F420 		ldr	r2, [r3, #244]
 337 0008 42F00202 		orr	r2, r2, #2
 338 000c C3F8F420 		str	r2, [r3, #244]
  70:Core/Src/stm32h7xx_hal_msp.c **** 
 339              		.loc 1 70 3 view .LVU96
 340 0010 D3F8F430 		ldr	r3, [r3, #244]
 341 0014 03F00203 		and	r3, r3, #2
 342 0018 0193     		str	r3, [sp, #4]
  70:Core/Src/stm32h7xx_hal_msp.c **** 
 343              		.loc 1 70 3 view .LVU97
 344 001a 019B     		ldr	r3, [sp, #4]
 345              	.LBE3:
  70:Core/Src/stm32h7xx_hal_msp.c **** 
 346              		.loc 1 70 3 view .LVU98
  77:Core/Src/stm32h7xx_hal_msp.c **** 
 347              		.loc 1 77 1 is_stmt 0 view .LVU99
 348 001c 02B0     		add	sp, sp, #8
 349              	.LCFI6:
 350              		.cfi_def_cfa_offset 0
 351              		@ sp needed
 352 001e 7047     		bx	lr
 353              	.L19:
 354              		.align	2
 355              	.L18:
 356 0020 00440258 		.word	1476543488
 357              		.cfi_endproc
 358              	.LFE144:
 360              		.section	.text.HAL_UART_MspInit,"ax",%progbits
 361              		.align	1
 362              		.global	HAL_UART_MspInit
 363              		.syntax unified
 364              		.thumb
 365              		.thumb_func
ARM GAS  /tmp/ccm5zieg.s 			page 15


 367              	HAL_UART_MspInit:
 368              	.LVL13:
 369              	.LFB145:
  86:Core/Src/stm32h7xx_hal_msp.c ****   GPIO_InitTypeDef GPIO_InitStruct = {0};
 370              		.loc 1 86 1 is_stmt 1 view -0
 371              		.cfi_startproc
 372              		@ args = 0, pretend = 0, frame = 224
 373              		@ frame_needed = 0, uses_anonymous_args = 0
  86:Core/Src/stm32h7xx_hal_msp.c ****   GPIO_InitTypeDef GPIO_InitStruct = {0};
 374              		.loc 1 86 1 is_stmt 0 view .LVU101
 375 0000 10B5     		push	{r4, lr}
 376              	.LCFI7:
 377              		.cfi_def_cfa_offset 8
 378              		.cfi_offset 4, -8
 379              		.cfi_offset 14, -4
 380 0002 B8B0     		sub	sp, sp, #224
 381              	.LCFI8:
 382              		.cfi_def_cfa_offset 232
 383 0004 0446     		mov	r4, r0
  87:Core/Src/stm32h7xx_hal_msp.c ****   RCC_PeriphCLKInitTypeDef PeriphClkInitStruct = {0};
 384              		.loc 1 87 3 is_stmt 1 view .LVU102
  87:Core/Src/stm32h7xx_hal_msp.c ****   RCC_PeriphCLKInitTypeDef PeriphClkInitStruct = {0};
 385              		.loc 1 87 20 is_stmt 0 view .LVU103
 386 0006 0021     		movs	r1, #0
 387 0008 3391     		str	r1, [sp, #204]
 388 000a 3491     		str	r1, [sp, #208]
 389 000c 3591     		str	r1, [sp, #212]
 390 000e 3691     		str	r1, [sp, #216]
 391 0010 3791     		str	r1, [sp, #220]
  88:Core/Src/stm32h7xx_hal_msp.c ****   if(huart->Instance==USART1)
 392              		.loc 1 88 3 is_stmt 1 view .LVU104
  88:Core/Src/stm32h7xx_hal_msp.c ****   if(huart->Instance==USART1)
 393              		.loc 1 88 28 is_stmt 0 view .LVU105
 394 0012 C022     		movs	r2, #192
 395 0014 02A8     		add	r0, sp, #8
 396              	.LVL14:
  88:Core/Src/stm32h7xx_hal_msp.c ****   if(huart->Instance==USART1)
 397              		.loc 1 88 28 view .LVU106
 398 0016 FFF7FEFF 		bl	memset
 399              	.LVL15:
  89:Core/Src/stm32h7xx_hal_msp.c ****   {
 400              		.loc 1 89 3 is_stmt 1 view .LVU107
  89:Core/Src/stm32h7xx_hal_msp.c ****   {
 401              		.loc 1 89 11 is_stmt 0 view .LVU108
 402 001a 2268     		ldr	r2, [r4]
  89:Core/Src/stm32h7xx_hal_msp.c ****   {
 403              		.loc 1 89 5 view .LVU109
 404 001c 1B4B     		ldr	r3, .L26
 405 001e 9A42     		cmp	r2, r3
 406 0020 01D0     		beq	.L24
 407              	.L20:
 125:Core/Src/stm32h7xx_hal_msp.c **** 
 408              		.loc 1 125 1 view .LVU110
 409 0022 38B0     		add	sp, sp, #224
 410              	.LCFI9:
 411              		.cfi_remember_state
 412              		.cfi_def_cfa_offset 8
ARM GAS  /tmp/ccm5zieg.s 			page 16


 413              		@ sp needed
 414 0024 10BD     		pop	{r4, pc}
 415              	.LVL16:
 416              	.L24:
 417              	.LCFI10:
 418              		.cfi_restore_state
  97:Core/Src/stm32h7xx_hal_msp.c ****     PeriphClkInitStruct.Usart16ClockSelection = RCC_USART16CLKSOURCE_D2PCLK2;
 419              		.loc 1 97 5 is_stmt 1 view .LVU111
  97:Core/Src/stm32h7xx_hal_msp.c ****     PeriphClkInitStruct.Usart16ClockSelection = RCC_USART16CLKSOURCE_D2PCLK2;
 420              		.loc 1 97 46 is_stmt 0 view .LVU112
 421 0026 0122     		movs	r2, #1
 422 0028 0023     		movs	r3, #0
 423 002a CDE90223 		strd	r2, [sp, #8]
  98:Core/Src/stm32h7xx_hal_msp.c ****     if (HAL_RCCEx_PeriphCLKConfig(&PeriphClkInitStruct) != HAL_OK)
 424              		.loc 1 98 5 is_stmt 1 view .LVU113
  99:Core/Src/stm32h7xx_hal_msp.c ****     {
 425              		.loc 1 99 5 view .LVU114
  99:Core/Src/stm32h7xx_hal_msp.c ****     {
 426              		.loc 1 99 9 is_stmt 0 view .LVU115
 427 002e 02A8     		add	r0, sp, #8
 428 0030 FFF7FEFF 		bl	HAL_RCCEx_PeriphCLKConfig
 429              	.LVL17:
  99:Core/Src/stm32h7xx_hal_msp.c ****     {
 430              		.loc 1 99 8 discriminator 1 view .LVU116
 431 0034 38BB     		cbnz	r0, .L25
 432              	.L22:
 105:Core/Src/stm32h7xx_hal_msp.c **** 
 433              		.loc 1 105 5 is_stmt 1 view .LVU117
 434              	.LBB4:
 105:Core/Src/stm32h7xx_hal_msp.c **** 
 435              		.loc 1 105 5 view .LVU118
 105:Core/Src/stm32h7xx_hal_msp.c **** 
 436              		.loc 1 105 5 view .LVU119
 437 0036 164B     		ldr	r3, .L26+4
 438 0038 D3F8F020 		ldr	r2, [r3, #240]
 439 003c 42F01002 		orr	r2, r2, #16
 440 0040 C3F8F020 		str	r2, [r3, #240]
 105:Core/Src/stm32h7xx_hal_msp.c **** 
 441              		.loc 1 105 5 view .LVU120
 442 0044 D3F8F020 		ldr	r2, [r3, #240]
 443 0048 02F01002 		and	r2, r2, #16
 444 004c 0092     		str	r2, [sp]
 105:Core/Src/stm32h7xx_hal_msp.c **** 
 445              		.loc 1 105 5 view .LVU121
 446 004e 009A     		ldr	r2, [sp]
 447              	.LBE4:
 105:Core/Src/stm32h7xx_hal_msp.c **** 
 448              		.loc 1 105 5 view .LVU122
 107:Core/Src/stm32h7xx_hal_msp.c ****     /**USART1 GPIO Configuration
 449              		.loc 1 107 5 view .LVU123
 450              	.LBB5:
 107:Core/Src/stm32h7xx_hal_msp.c ****     /**USART1 GPIO Configuration
 451              		.loc 1 107 5 view .LVU124
 107:Core/Src/stm32h7xx_hal_msp.c ****     /**USART1 GPIO Configuration
 452              		.loc 1 107 5 view .LVU125
 453 0050 D3F8E020 		ldr	r2, [r3, #224]
 454 0054 42F00102 		orr	r2, r2, #1
ARM GAS  /tmp/ccm5zieg.s 			page 17


 455 0058 C3F8E020 		str	r2, [r3, #224]
 107:Core/Src/stm32h7xx_hal_msp.c ****     /**USART1 GPIO Configuration
 456              		.loc 1 107 5 view .LVU126
 457 005c D3F8E030 		ldr	r3, [r3, #224]
 458 0060 03F00103 		and	r3, r3, #1
 459 0064 0193     		str	r3, [sp, #4]
 107:Core/Src/stm32h7xx_hal_msp.c ****     /**USART1 GPIO Configuration
 460              		.loc 1 107 5 view .LVU127
 461 0066 019B     		ldr	r3, [sp, #4]
 462              	.LBE5:
 107:Core/Src/stm32h7xx_hal_msp.c ****     /**USART1 GPIO Configuration
 463              		.loc 1 107 5 view .LVU128
 112:Core/Src/stm32h7xx_hal_msp.c ****     GPIO_InitStruct.Mode = GPIO_MODE_AF_PP;
 464              		.loc 1 112 5 view .LVU129
 112:Core/Src/stm32h7xx_hal_msp.c ****     GPIO_InitStruct.Mode = GPIO_MODE_AF_PP;
 465              		.loc 1 112 25 is_stmt 0 view .LVU130
 466 0068 4FF4C063 		mov	r3, #1536
 467 006c 3393     		str	r3, [sp, #204]
 113:Core/Src/stm32h7xx_hal_msp.c ****     GPIO_InitStruct.Pull = GPIO_NOPULL;
 468              		.loc 1 113 5 is_stmt 1 view .LVU131
 113:Core/Src/stm32h7xx_hal_msp.c ****     GPIO_InitStruct.Pull = GPIO_NOPULL;
 469              		.loc 1 113 26 is_stmt 0 view .LVU132
 470 006e 0223     		movs	r3, #2
 471 0070 3493     		str	r3, [sp, #208]
 114:Core/Src/stm32h7xx_hal_msp.c ****     GPIO_InitStruct.Speed = GPIO_SPEED_FREQ_LOW;
 472              		.loc 1 114 5 is_stmt 1 view .LVU133
 114:Core/Src/stm32h7xx_hal_msp.c ****     GPIO_InitStruct.Speed = GPIO_SPEED_FREQ_LOW;
 473              		.loc 1 114 26 is_stmt 0 view .LVU134
 474 0072 0023     		movs	r3, #0
 475 0074 3593     		str	r3, [sp, #212]
 115:Core/Src/stm32h7xx_hal_msp.c ****     GPIO_InitStruct.Alternate = GPIO_AF7_USART1;
 476              		.loc 1 115 5 is_stmt 1 view .LVU135
 115:Core/Src/stm32h7xx_hal_msp.c ****     GPIO_InitStruct.Alternate = GPIO_AF7_USART1;
 477              		.loc 1 115 27 is_stmt 0 view .LVU136
 478 0076 3693     		str	r3, [sp, #216]
 116:Core/Src/stm32h7xx_hal_msp.c ****     HAL_GPIO_Init(GPIOA, &GPIO_InitStruct);
 479              		.loc 1 116 5 is_stmt 1 view .LVU137
 116:Core/Src/stm32h7xx_hal_msp.c ****     HAL_GPIO_Init(GPIOA, &GPIO_InitStruct);
 480              		.loc 1 116 31 is_stmt 0 view .LVU138
 481 0078 0723     		movs	r3, #7
 482 007a 3793     		str	r3, [sp, #220]
 117:Core/Src/stm32h7xx_hal_msp.c **** 
 483              		.loc 1 117 5 is_stmt 1 view .LVU139
 484 007c 33A9     		add	r1, sp, #204
 485 007e 0548     		ldr	r0, .L26+8
 486 0080 FFF7FEFF 		bl	HAL_GPIO_Init
 487              	.LVL18:
 125:Core/Src/stm32h7xx_hal_msp.c **** 
 488              		.loc 1 125 1 is_stmt 0 view .LVU140
 489 0084 CDE7     		b	.L20
 490              	.L25:
 101:Core/Src/stm32h7xx_hal_msp.c ****     }
 491              		.loc 1 101 7 is_stmt 1 view .LVU141
 492 0086 FFF7FEFF 		bl	Error_Handler
 493              	.LVL19:
 494 008a D4E7     		b	.L22
 495              	.L27:
ARM GAS  /tmp/ccm5zieg.s 			page 18


 496              		.align	2
 497              	.L26:
 498 008c 00100140 		.word	1073811456
 499 0090 00440258 		.word	1476543488
 500 0094 00000258 		.word	1476526080
 501              		.cfi_endproc
 502              	.LFE145:
 504              		.section	.text.HAL_UART_MspDeInit,"ax",%progbits
 505              		.align	1
 506              		.global	HAL_UART_MspDeInit
 507              		.syntax unified
 508              		.thumb
 509              		.thumb_func
 511              	HAL_UART_MspDeInit:
 512              	.LVL20:
 513              	.LFB146:
 134:Core/Src/stm32h7xx_hal_msp.c ****   if(huart->Instance==USART1)
 514              		.loc 1 134 1 view -0
 515              		.cfi_startproc
 516              		@ args = 0, pretend = 0, frame = 0
 517              		@ frame_needed = 0, uses_anonymous_args = 0
 134:Core/Src/stm32h7xx_hal_msp.c ****   if(huart->Instance==USART1)
 518              		.loc 1 134 1 is_stmt 0 view .LVU143
 519 0000 08B5     		push	{r3, lr}
 520              	.LCFI11:
 521              		.cfi_def_cfa_offset 8
 522              		.cfi_offset 3, -8
 523              		.cfi_offset 14, -4
 135:Core/Src/stm32h7xx_hal_msp.c ****   {
 524              		.loc 1 135 3 is_stmt 1 view .LVU144
 135:Core/Src/stm32h7xx_hal_msp.c ****   {
 525              		.loc 1 135 11 is_stmt 0 view .LVU145
 526 0002 0268     		ldr	r2, [r0]
 135:Core/Src/stm32h7xx_hal_msp.c ****   {
 527              		.loc 1 135 5 view .LVU146
 528 0004 084B     		ldr	r3, .L32
 529 0006 9A42     		cmp	r2, r3
 530 0008 00D0     		beq	.L31
 531              	.LVL21:
 532              	.L28:
 154:Core/Src/stm32h7xx_hal_msp.c **** 
 533              		.loc 1 154 1 view .LVU147
 534 000a 08BD     		pop	{r3, pc}
 535              	.LVL22:
 536              	.L31:
 141:Core/Src/stm32h7xx_hal_msp.c **** 
 537              		.loc 1 141 5 is_stmt 1 view .LVU148
 538 000c 074A     		ldr	r2, .L32+4
 539 000e D2F8F030 		ldr	r3, [r2, #240]
 540 0012 23F01003 		bic	r3, r3, #16
 541 0016 C2F8F030 		str	r3, [r2, #240]
 147:Core/Src/stm32h7xx_hal_msp.c **** 
 542              		.loc 1 147 5 view .LVU149
 543 001a 4FF4C061 		mov	r1, #1536
 544 001e 0448     		ldr	r0, .L32+8
 545              	.LVL23:
 147:Core/Src/stm32h7xx_hal_msp.c **** 
ARM GAS  /tmp/ccm5zieg.s 			page 19


 546              		.loc 1 147 5 is_stmt 0 view .LVU150
 547 0020 FFF7FEFF 		bl	HAL_GPIO_DeInit
 548              	.LVL24:
 154:Core/Src/stm32h7xx_hal_msp.c **** 
 549              		.loc 1 154 1 view .LVU151
 550 0024 F1E7     		b	.L28
 551              	.L33:
 552 0026 00BF     		.align	2
 553              	.L32:
 554 0028 00100140 		.word	1073811456
 555 002c 00440258 		.word	1476543488
 556 0030 00000258 		.word	1476526080
 557              		.cfi_endproc
 558              	.LFE146:
 560              		.section	.text.HAL_SDRAM_MspInit,"ax",%progbits
 561              		.align	1
 562              		.global	HAL_SDRAM_MspInit
 563              		.syntax unified
 564              		.thumb
 565              		.thumb_func
 567              	HAL_SDRAM_MspInit:
 568              	.LVL25:
 569              	.LFB148:
 268:Core/Src/stm32h7xx_hal_msp.c ****   /* USER CODE BEGIN SDRAM_MspInit 0 */
 570              		.loc 1 268 52 is_stmt 1 view -0
 571              		.cfi_startproc
 572              		@ args = 0, pretend = 0, frame = 0
 573              		@ frame_needed = 0, uses_anonymous_args = 0
 268:Core/Src/stm32h7xx_hal_msp.c ****   /* USER CODE BEGIN SDRAM_MspInit 0 */
 574              		.loc 1 268 52 is_stmt 0 view .LVU153
 575 0000 08B5     		push	{r3, lr}
 576              	.LCFI12:
 577              		.cfi_def_cfa_offset 8
 578              		.cfi_offset 3, -8
 579              		.cfi_offset 14, -4
 272:Core/Src/stm32h7xx_hal_msp.c ****   /* USER CODE BEGIN SDRAM_MspInit 1 */
 580              		.loc 1 272 3 is_stmt 1 view .LVU154
 581 0002 FFF7FEFF 		bl	HAL_FMC_MspInit
 582              	.LVL26:
 276:Core/Src/stm32h7xx_hal_msp.c **** 
 583              		.loc 1 276 1 is_stmt 0 view .LVU155
 584 0006 08BD     		pop	{r3, pc}
 585              		.cfi_endproc
 586              	.LFE148:
 588              		.section	.text.HAL_SDRAM_MspDeInit,"ax",%progbits
 589              		.align	1
 590              		.global	HAL_SDRAM_MspDeInit
 591              		.syntax unified
 592              		.thumb
 593              		.thumb_func
 595              	HAL_SDRAM_MspDeInit:
 596              	.LVL27:
 597              	.LFB150:
 352:Core/Src/stm32h7xx_hal_msp.c **** 
 353:Core/Src/stm32h7xx_hal_msp.c **** void HAL_SDRAM_MspDeInit(SDRAM_HandleTypeDef* hsdram){
 598              		.loc 1 353 54 is_stmt 1 view -0
 599              		.cfi_startproc
ARM GAS  /tmp/ccm5zieg.s 			page 20


 600              		@ args = 0, pretend = 0, frame = 0
 601              		@ frame_needed = 0, uses_anonymous_args = 0
 602              		.loc 1 353 54 is_stmt 0 view .LVU157
 603 0000 08B5     		push	{r3, lr}
 604              	.LCFI13:
 605              		.cfi_def_cfa_offset 8
 606              		.cfi_offset 3, -8
 607              		.cfi_offset 14, -4
 354:Core/Src/stm32h7xx_hal_msp.c ****   /* USER CODE BEGIN SDRAM_MspDeInit 0 */
 355:Core/Src/stm32h7xx_hal_msp.c **** 
 356:Core/Src/stm32h7xx_hal_msp.c ****   /* USER CODE END SDRAM_MspDeInit 0 */
 357:Core/Src/stm32h7xx_hal_msp.c ****   HAL_FMC_MspDeInit();
 608              		.loc 1 357 3 is_stmt 1 view .LVU158
 609 0002 FFF7FEFF 		bl	HAL_FMC_MspDeInit
 610              	.LVL28:
 358:Core/Src/stm32h7xx_hal_msp.c ****   /* USER CODE BEGIN SDRAM_MspDeInit 1 */
 359:Core/Src/stm32h7xx_hal_msp.c **** 
 360:Core/Src/stm32h7xx_hal_msp.c ****   /* USER CODE END SDRAM_MspDeInit 1 */
 361:Core/Src/stm32h7xx_hal_msp.c **** }
 611              		.loc 1 361 1 is_stmt 0 view .LVU159
 612 0006 08BD     		pop	{r3, pc}
 613              		.cfi_endproc
 614              	.LFE150:
 616              		.section	.bss.FMC_DeInitialized,"aw",%nobits
 617              		.align	2
 620              	FMC_DeInitialized:
 621 0000 00000000 		.space	4
 622              		.section	.bss.FMC_Initialized,"aw",%nobits
 623              		.align	2
 626              	FMC_Initialized:
 627 0000 00000000 		.space	4
 628              		.text
 629              	.Letext0:
 630              		.file 2 "/usr/lib/gcc/arm-none-eabi/13.2.1/include/stdint.h"
 631              		.file 3 "Drivers/CMSIS/Device/ST/STM32H7xx/Include/stm32h743xx.h"
 632              		.file 4 "Drivers/STM32H7xx_HAL_Driver/Inc/stm32h7xx_hal_def.h"
 633              		.file 5 "Drivers/STM32H7xx_HAL_Driver/Inc/stm32h7xx_hal_rcc_ex.h"
 634              		.file 6 "Drivers/STM32H7xx_HAL_Driver/Inc/stm32h7xx_hal_gpio.h"
 635              		.file 7 "Drivers/STM32H7xx_HAL_Driver/Inc/stm32h7xx_hal_dma.h"
 636              		.file 8 "Drivers/STM32H7xx_HAL_Driver/Inc/stm32h7xx_hal_mdma.h"
 637              		.file 9 "Drivers/STM32H7xx_HAL_Driver/Inc/stm32h7xx_ll_fmc.h"
 638              		.file 10 "Drivers/STM32H7xx_HAL_Driver/Inc/stm32h7xx_hal_sdram.h"
 639              		.file 11 "Drivers/STM32H7xx_HAL_Driver/Inc/stm32h7xx_hal_uart.h"
 640              		.file 12 "Core/Inc/main.h"
 641              		.file 13 "<built-in>"
ARM GAS  /tmp/ccm5zieg.s 			page 21


DEFINED SYMBOLS
                            *ABS*:00000000 stm32h7xx_hal_msp.c
     /tmp/ccm5zieg.s:20     .text.HAL_FMC_MspInit:00000000 $t
     /tmp/ccm5zieg.s:25     .text.HAL_FMC_MspInit:00000000 HAL_FMC_MspInit
     /tmp/ccm5zieg.s:228    .text.HAL_FMC_MspInit:000000d4 $d
     /tmp/ccm5zieg.s:626    .bss.FMC_Initialized:00000000 FMC_Initialized
     /tmp/ccm5zieg.s:239    .text.HAL_FMC_MspDeInit:00000000 $t
     /tmp/ccm5zieg.s:244    .text.HAL_FMC_MspDeInit:00000000 HAL_FMC_MspDeInit
     /tmp/ccm5zieg.s:304    .text.HAL_FMC_MspDeInit:00000050 $d
     /tmp/ccm5zieg.s:620    .bss.FMC_DeInitialized:00000000 FMC_DeInitialized
     /tmp/ccm5zieg.s:315    .text.HAL_MspInit:00000000 $t
     /tmp/ccm5zieg.s:321    .text.HAL_MspInit:00000000 HAL_MspInit
     /tmp/ccm5zieg.s:356    .text.HAL_MspInit:00000020 $d
     /tmp/ccm5zieg.s:361    .text.HAL_UART_MspInit:00000000 $t
     /tmp/ccm5zieg.s:367    .text.HAL_UART_MspInit:00000000 HAL_UART_MspInit
     /tmp/ccm5zieg.s:498    .text.HAL_UART_MspInit:0000008c $d
     /tmp/ccm5zieg.s:505    .text.HAL_UART_MspDeInit:00000000 $t
     /tmp/ccm5zieg.s:511    .text.HAL_UART_MspDeInit:00000000 HAL_UART_MspDeInit
     /tmp/ccm5zieg.s:554    .text.HAL_UART_MspDeInit:00000028 $d
     /tmp/ccm5zieg.s:561    .text.HAL_SDRAM_MspInit:00000000 $t
     /tmp/ccm5zieg.s:567    .text.HAL_SDRAM_MspInit:00000000 HAL_SDRAM_MspInit
     /tmp/ccm5zieg.s:589    .text.HAL_SDRAM_MspDeInit:00000000 $t
     /tmp/ccm5zieg.s:595    .text.HAL_SDRAM_MspDeInit:00000000 HAL_SDRAM_MspDeInit
     /tmp/ccm5zieg.s:617    .bss.FMC_DeInitialized:00000000 $d
     /tmp/ccm5zieg.s:623    .bss.FMC_Initialized:00000000 $d

UNDEFINED SYMBOLS
memset
HAL_RCCEx_PeriphCLKConfig
HAL_GPIO_Init
Error_Handler
HAL_GPIO_DeInit
